[0.123s] DEBUG:colcon:Command line arguments: ['/usr/bin/colcon', 'build']
[0.123s] DEBUG:colcon:Parsed command line arguments: Namespace(log_base=None, log_level=None, verb_name='build', build_base='build', install_base='install', merge_install=False, symlink_install=False, test_result_base=None, continue_on_error=False, executor='parallel', parallel_workers=8, event_handlers=None, ignore_user_meta=False, metas=['./colcon.meta'], base_paths=['.'], packages_ignore=None, packages_ignore_regex=None, paths=None, packages_up_to=None, packages_up_to_regex=None, packages_above=None, packages_above_and_dependencies=None, packages_above_depth=None, packages_select_by_dep=None, packages_skip_by_dep=None, packages_skip_up_to=None, packages_select_build_failed=False, packages_skip_build_finished=False, packages_select_test_failures=False, packages_skip_test_passed=False, packages_select=None, packages_skip=None, packages_select_regex=None, packages_skip_regex=None, packages_start=None, packages_end=None, allow_overriding=[], cmake_args=None, cmake_target=None, cmake_target_skip_unavailable=False, cmake_clean_cache=False, cmake_clean_first=False, cmake_force_configure=False, ament_cmake_args=None, catkin_cmake_args=None, catkin_skip_building_tests=False, verb_parser=<colcon_defaults.argument_parser.defaults.DefaultArgumentsDecorator object at 0x7fd84adcaaa0>, verb_extension=<colcon_core.verb.build.BuildVerb object at 0x7fd84af43ee0>, main=<bound method BuildVerb.main of <colcon_core.verb.build.BuildVerb object at 0x7fd84af43ee0>>)
[0.316s] Level 1:colcon.colcon_core.package_discovery:discover_packages(colcon_meta) check parameters
[0.316s] Level 1:colcon.colcon_core.package_discovery:discover_packages(recursive) check parameters
[0.316s] Level 1:colcon.colcon_core.package_discovery:discover_packages(ignore) check parameters
[0.316s] Level 1:colcon.colcon_core.package_discovery:discover_packages(path) check parameters
[0.316s] Level 1:colcon.colcon_core.package_discovery:discover_packages(colcon_meta) discover
[0.316s] Level 1:colcon.colcon_core.package_discovery:discover_packages(recursive) discover
[0.316s] INFO:colcon.colcon_core.package_discovery:Crawling recursively for packages in '/home/ray/autonomous_robot'
[0.316s] Level 1:colcon.colcon_core.package_identification:_identify(.) by extensions ['ignore', 'ignore_ament_install']
[0.316s] Level 1:colcon.colcon_core.package_identification:_identify(.) by extension 'ignore'
[0.316s] Level 1:colcon.colcon_core.package_identification:_identify(.) by extension 'ignore_ament_install'
[0.316s] Level 1:colcon.colcon_core.package_identification:_identify(.) by extensions ['colcon_pkg']
[0.316s] Level 1:colcon.colcon_core.package_identification:_identify(.) by extension 'colcon_pkg'
[0.317s] Level 1:colcon.colcon_core.package_identification:_identify(.) by extensions ['colcon_meta']
[0.317s] Level 1:colcon.colcon_core.package_identification:_identify(.) by extension 'colcon_meta'
[0.317s] Level 1:colcon.colcon_core.package_identification:_identify(.) by extensions ['ros']
[0.317s] Level 1:colcon.colcon_core.package_identification:_identify(.) by extension 'ros'
[0.327s] Level 1:colcon.colcon_core.package_identification:_identify(.) by extensions ['cmake', 'python']
[0.327s] Level 1:colcon.colcon_core.package_identification:_identify(.) by extension 'cmake'
[0.328s] Level 1:colcon.colcon_core.package_identification:_identify(.) by extension 'python'
[0.328s] Level 1:colcon.colcon_core.package_identification:_identify(.) by extensions ['python_setup_py']
[0.328s] Level 1:colcon.colcon_core.package_identification:_identify(.) by extension 'python_setup_py'
[0.328s] Level 1:colcon.colcon_core.package_identification:_identify(amr_testing) by extensions ['ignore', 'ignore_ament_install']
[0.328s] Level 1:colcon.colcon_core.package_identification:_identify(amr_testing) by extension 'ignore'
[0.328s] Level 1:colcon.colcon_core.package_identification:_identify(amr_testing) by extension 'ignore_ament_install'
[0.328s] Level 1:colcon.colcon_core.package_identification:_identify(amr_testing) by extensions ['colcon_pkg']
[0.328s] Level 1:colcon.colcon_core.package_identification:_identify(amr_testing) by extension 'colcon_pkg'
[0.328s] Level 1:colcon.colcon_core.package_identification:_identify(amr_testing) by extensions ['colcon_meta']
[0.328s] Level 1:colcon.colcon_core.package_identification:_identify(amr_testing) by extension 'colcon_meta'
[0.328s] Level 1:colcon.colcon_core.package_identification:_identify(amr_testing) by extensions ['ros']
[0.328s] Level 1:colcon.colcon_core.package_identification:_identify(amr_testing) by extension 'ros'
[0.328s] Level 1:colcon.colcon_core.package_identification:_identify(amr_testing) by extensions ['cmake', 'python']
[0.328s] Level 1:colcon.colcon_core.package_identification:_identify(amr_testing) by extension 'cmake'
[0.328s] Level 1:colcon.colcon_core.package_identification:_identify(amr_testing) by extension 'python'
[0.328s] Level 1:colcon.colcon_core.package_identification:_identify(amr_testing) by extensions ['python_setup_py']
[0.328s] Level 1:colcon.colcon_core.package_identification:_identify(amr_testing) by extension 'python_setup_py'
[0.328s] Level 1:colcon.colcon_core.package_identification:_identify(amr_testing/build) by extensions ['ignore', 'ignore_ament_install']
[0.328s] Level 1:colcon.colcon_core.package_identification:_identify(amr_testing/build) by extension 'ignore'
[0.328s] Level 1:colcon.colcon_core.package_identification:_identify(amr_testing/build) ignored
[0.329s] Level 1:colcon.colcon_core.package_identification:_identify(amr_testing/install) by extensions ['ignore', 'ignore_ament_install']
[0.329s] Level 1:colcon.colcon_core.package_identification:_identify(amr_testing/install) by extension 'ignore'
[0.329s] Level 1:colcon.colcon_core.package_identification:_identify(amr_testing/install) ignored
[0.329s] Level 1:colcon.colcon_core.package_identification:_identify(amr_testing/log) by extensions ['ignore', 'ignore_ament_install']
[0.329s] Level 1:colcon.colcon_core.package_identification:_identify(amr_testing/log) by extension 'ignore'
[0.329s] Level 1:colcon.colcon_core.package_identification:_identify(amr_testing/log) ignored
[0.329s] Level 1:colcon.colcon_core.package_identification:_identify(amr_testing/src) by extensions ['ignore', 'ignore_ament_install']
[0.329s] Level 1:colcon.colcon_core.package_identification:_identify(amr_testing/src) by extension 'ignore'
[0.329s] Level 1:colcon.colcon_core.package_identification:_identify(amr_testing/src) by extension 'ignore_ament_install'
[0.329s] Level 1:colcon.colcon_core.package_identification:_identify(amr_testing/src) by extensions ['colcon_pkg']
[0.329s] Level 1:colcon.colcon_core.package_identification:_identify(amr_testing/src) by extension 'colcon_pkg'
[0.329s] Level 1:colcon.colcon_core.package_identification:_identify(amr_testing/src) by extensions ['colcon_meta']
[0.329s] Level 1:colcon.colcon_core.package_identification:_identify(amr_testing/src) by extension 'colcon_meta'
[0.329s] Level 1:colcon.colcon_core.package_identification:_identify(amr_testing/src) by extensions ['ros']
[0.329s] Level 1:colcon.colcon_core.package_identification:_identify(amr_testing/src) by extension 'ros'
[0.329s] Level 1:colcon.colcon_core.package_identification:_identify(amr_testing/src) by extensions ['cmake', 'python']
[0.329s] Level 1:colcon.colcon_core.package_identification:_identify(amr_testing/src) by extension 'cmake'
[0.329s] Level 1:colcon.colcon_core.package_identification:_identify(amr_testing/src) by extension 'python'
[0.330s] Level 1:colcon.colcon_core.package_identification:_identify(amr_testing/src) by extensions ['python_setup_py']
[0.330s] Level 1:colcon.colcon_core.package_identification:_identify(amr_testing/src) by extension 'python_setup_py'
[0.330s] Level 1:colcon.colcon_core.package_identification:_identify(build) by extensions ['ignore', 'ignore_ament_install']
[0.330s] Level 1:colcon.colcon_core.package_identification:_identify(build) by extension 'ignore'
[0.330s] Level 1:colcon.colcon_core.package_identification:_identify(build) ignored
[0.330s] Level 1:colcon.colcon_core.package_identification:_identify(install) by extensions ['ignore', 'ignore_ament_install']
[0.330s] Level 1:colcon.colcon_core.package_identification:_identify(install) by extension 'ignore'
[0.330s] Level 1:colcon.colcon_core.package_identification:_identify(install) ignored
[0.330s] Level 1:colcon.colcon_core.package_identification:_identify(log) by extensions ['ignore', 'ignore_ament_install']
[0.330s] Level 1:colcon.colcon_core.package_identification:_identify(log) by extension 'ignore'
[0.330s] Level 1:colcon.colcon_core.package_identification:_identify(log) ignored
[0.330s] Level 1:colcon.colcon_core.package_identification:_identify(myamr_bringup) by extensions ['ignore', 'ignore_ament_install']
[0.330s] Level 1:colcon.colcon_core.package_identification:_identify(myamr_bringup) by extension 'ignore'
[0.330s] Level 1:colcon.colcon_core.package_identification:_identify(myamr_bringup) by extension 'ignore_ament_install'
[0.330s] Level 1:colcon.colcon_core.package_identification:_identify(myamr_bringup) by extensions ['colcon_pkg']
[0.330s] Level 1:colcon.colcon_core.package_identification:_identify(myamr_bringup) by extension 'colcon_pkg'
[0.330s] Level 1:colcon.colcon_core.package_identification:_identify(myamr_bringup) by extensions ['colcon_meta']
[0.330s] Level 1:colcon.colcon_core.package_identification:_identify(myamr_bringup) by extension 'colcon_meta'
[0.330s] Level 1:colcon.colcon_core.package_identification:_identify(myamr_bringup) by extensions ['ros']
[0.331s] Level 1:colcon.colcon_core.package_identification:_identify(myamr_bringup) by extension 'ros'
[0.344s] DEBUG:colcon.colcon_core.package_identification:Package 'myamr_bringup' with type 'ros.ament_cmake' and name 'myamr_bringup'
[0.344s] Level 1:colcon.colcon_core.package_identification:_identify(myamr_controller) by extensions ['ignore', 'ignore_ament_install']
[0.345s] Level 1:colcon.colcon_core.package_identification:_identify(myamr_controller) by extension 'ignore'
[0.345s] Level 1:colcon.colcon_core.package_identification:_identify(myamr_controller) by extension 'ignore_ament_install'
[0.345s] Level 1:colcon.colcon_core.package_identification:_identify(myamr_controller) by extensions ['colcon_pkg']
[0.345s] Level 1:colcon.colcon_core.package_identification:_identify(myamr_controller) by extension 'colcon_pkg'
[0.345s] Level 1:colcon.colcon_core.package_identification:_identify(myamr_controller) by extensions ['colcon_meta']
[0.345s] Level 1:colcon.colcon_core.package_identification:_identify(myamr_controller) by extension 'colcon_meta'
[0.345s] Level 1:colcon.colcon_core.package_identification:_identify(myamr_controller) by extensions ['ros']
[0.345s] Level 1:colcon.colcon_core.package_identification:_identify(myamr_controller) by extension 'ros'
[0.347s] DEBUG:colcon.colcon_core.package_identification:Package 'myamr_controller' with type 'ros.ament_cmake' and name 'myamr_controller'
[0.347s] Level 1:colcon.colcon_core.package_identification:_identify(myamr_description) by extensions ['ignore', 'ignore_ament_install']
[0.347s] Level 1:colcon.colcon_core.package_identification:_identify(myamr_description) by extension 'ignore'
[0.347s] Level 1:colcon.colcon_core.package_identification:_identify(myamr_description) by extension 'ignore_ament_install'
[0.347s] Level 1:colcon.colcon_core.package_identification:_identify(myamr_description) by extensions ['colcon_pkg']
[0.347s] Level 1:colcon.colcon_core.package_identification:_identify(myamr_description) by extension 'colcon_pkg'
[0.347s] Level 1:colcon.colcon_core.package_identification:_identify(myamr_description) by extensions ['colcon_meta']
[0.347s] Level 1:colcon.colcon_core.package_identification:_identify(myamr_description) by extension 'colcon_meta'
[0.347s] Level 1:colcon.colcon_core.package_identification:_identify(myamr_description) by extensions ['ros']
[0.347s] Level 1:colcon.colcon_core.package_identification:_identify(myamr_description) by extension 'ros'
[0.350s] DEBUG:colcon.colcon_core.package_identification:Package 'myamr_description' with type 'ros.ament_cmake' and name 'myamr_description'
[0.350s] Level 1:colcon.colcon_core.package_identification:_identify(myamr_localization) by extensions ['ignore', 'ignore_ament_install']
[0.350s] Level 1:colcon.colcon_core.package_identification:_identify(myamr_localization) by extension 'ignore'
[0.350s] Level 1:colcon.colcon_core.package_identification:_identify(myamr_localization) by extension 'ignore_ament_install'
[0.350s] Level 1:colcon.colcon_core.package_identification:_identify(myamr_localization) by extensions ['colcon_pkg']
[0.351s] Level 1:colcon.colcon_core.package_identification:_identify(myamr_localization) by extension 'colcon_pkg'
[0.351s] Level 1:colcon.colcon_core.package_identification:_identify(myamr_localization) by extensions ['colcon_meta']
[0.351s] Level 1:colcon.colcon_core.package_identification:_identify(myamr_localization) by extension 'colcon_meta'
[0.351s] Level 1:colcon.colcon_core.package_identification:_identify(myamr_localization) by extensions ['ros']
[0.351s] Level 1:colcon.colcon_core.package_identification:_identify(myamr_localization) by extension 'ros'
[0.352s] DEBUG:colcon.colcon_core.package_identification:Package 'myamr_localization' with type 'ros.ament_cmake' and name 'myamr_localization'
[0.352s] Level 1:colcon.colcon_core.package_identification:_identify(myamr_mapping) by extensions ['ignore', 'ignore_ament_install']
[0.352s] Level 1:colcon.colcon_core.package_identification:_identify(myamr_mapping) by extension 'ignore'
[0.353s] Level 1:colcon.colcon_core.package_identification:_identify(myamr_mapping) by extension 'ignore_ament_install'
[0.353s] Level 1:colcon.colcon_core.package_identification:_identify(myamr_mapping) by extensions ['colcon_pkg']
[0.353s] Level 1:colcon.colcon_core.package_identification:_identify(myamr_mapping) by extension 'colcon_pkg'
[0.353s] Level 1:colcon.colcon_core.package_identification:_identify(myamr_mapping) by extensions ['colcon_meta']
[0.353s] Level 1:colcon.colcon_core.package_identification:_identify(myamr_mapping) by extension 'colcon_meta'
[0.353s] Level 1:colcon.colcon_core.package_identification:_identify(myamr_mapping) by extensions ['ros']
[0.353s] Level 1:colcon.colcon_core.package_identification:_identify(myamr_mapping) by extension 'ros'
[0.354s] DEBUG:colcon.colcon_core.package_identification:Package 'myamr_mapping' with type 'ros.ament_cmake' and name 'myamr_mapping'
[0.354s] Level 1:colcon.colcon_core.package_identification:_identify(myamr_motion) by extensions ['ignore', 'ignore_ament_install']
[0.354s] Level 1:colcon.colcon_core.package_identification:_identify(myamr_motion) by extension 'ignore'
[0.354s] Level 1:colcon.colcon_core.package_identification:_identify(myamr_motion) by extension 'ignore_ament_install'
[0.354s] Level 1:colcon.colcon_core.package_identification:_identify(myamr_motion) by extensions ['colcon_pkg']
[0.354s] Level 1:colcon.colcon_core.package_identification:_identify(myamr_motion) by extension 'colcon_pkg'
[0.355s] Level 1:colcon.colcon_core.package_identification:_identify(myamr_motion) by extensions ['colcon_meta']
[0.355s] Level 1:colcon.colcon_core.package_identification:_identify(myamr_motion) by extension 'colcon_meta'
[0.355s] Level 1:colcon.colcon_core.package_identification:_identify(myamr_motion) by extensions ['ros']
[0.355s] Level 1:colcon.colcon_core.package_identification:_identify(myamr_motion) by extension 'ros'
[0.355s] DEBUG:colcon.colcon_core.package_identification:Package 'myamr_motion' with type 'ros.ament_python' and name 'myamr_motion'
[0.355s] Level 1:colcon.colcon_core.package_identification:_identify(myamr_planning) by extensions ['ignore', 'ignore_ament_install']
[0.355s] Level 1:colcon.colcon_core.package_identification:_identify(myamr_planning) by extension 'ignore'
[0.356s] Level 1:colcon.colcon_core.package_identification:_identify(myamr_planning) by extension 'ignore_ament_install'
[0.356s] Level 1:colcon.colcon_core.package_identification:_identify(myamr_planning) by extensions ['colcon_pkg']
[0.356s] Level 1:colcon.colcon_core.package_identification:_identify(myamr_planning) by extension 'colcon_pkg'
[0.356s] Level 1:colcon.colcon_core.package_identification:_identify(myamr_planning) by extensions ['colcon_meta']
[0.356s] Level 1:colcon.colcon_core.package_identification:_identify(myamr_planning) by extension 'colcon_meta'
[0.356s] Level 1:colcon.colcon_core.package_identification:_identify(myamr_planning) by extensions ['ros']
[0.356s] Level 1:colcon.colcon_core.package_identification:_identify(myamr_planning) by extension 'ros'
[0.357s] DEBUG:colcon.colcon_core.package_identification:Package 'myamr_planning' with type 'ros.ament_python' and name 'myamr_planning'
[0.357s] Level 1:colcon.colcon_core.package_identification:_identify(myamr_utils) by extensions ['ignore', 'ignore_ament_install']
[0.357s] Level 1:colcon.colcon_core.package_identification:_identify(myamr_utils) by extension 'ignore'
[0.357s] Level 1:colcon.colcon_core.package_identification:_identify(myamr_utils) by extension 'ignore_ament_install'
[0.357s] Level 1:colcon.colcon_core.package_identification:_identify(myamr_utils) by extensions ['colcon_pkg']
[0.357s] Level 1:colcon.colcon_core.package_identification:_identify(myamr_utils) by extension 'colcon_pkg'
[0.357s] Level 1:colcon.colcon_core.package_identification:_identify(myamr_utils) by extensions ['colcon_meta']
[0.357s] Level 1:colcon.colcon_core.package_identification:_identify(myamr_utils) by extension 'colcon_meta'
[0.357s] Level 1:colcon.colcon_core.package_identification:_identify(myamr_utils) by extensions ['ros']
[0.357s] Level 1:colcon.colcon_core.package_identification:_identify(myamr_utils) by extension 'ros'
[0.360s] DEBUG:colcon.colcon_core.package_identification:Package 'myamr_utils' with type 'ros.ament_cmake' and name 'myamr_utils'
[0.360s] Level 1:colcon.colcon_core.package_discovery:discover_packages(recursive) using defaults
[0.360s] Level 1:colcon.colcon_core.package_discovery:discover_packages(ignore) discover
[0.360s] Level 1:colcon.colcon_core.package_discovery:discover_packages(ignore) using defaults
[0.360s] Level 1:colcon.colcon_core.package_discovery:discover_packages(path) discover
[0.360s] Level 1:colcon.colcon_core.package_discovery:discover_packages(path) using defaults
[0.391s] Level 1:colcon.colcon_core.package_discovery:discover_packages(prefix_path) check parameters
[0.391s] Level 1:colcon.colcon_core.package_discovery:discover_packages(prefix_path) discover
[0.395s] DEBUG:colcon.colcon_installed_package_information.package_discovery:Found 12 installed packages in /home/ray/turtlebot3_ws/install
[0.395s] DEBUG:colcon.colcon_installed_package_information.package_discovery:Found 1 installed packages in /home/ray/autonomous_tb3_ws/install
[0.396s] DEBUG:colcon.colcon_installed_package_information.package_discovery:Found 1 installed packages in /home/ray/autonomous_tb3_ws/src/install
[0.398s] DEBUG:colcon.colcon_installed_package_information.package_discovery:Found 411 installed packages in /opt/ros/humble
[0.400s] Level 1:colcon.colcon_core.package_discovery:discover_packages(prefix_path) using defaults
[0.457s] Level 5:colcon.colcon_core.verb:set package 'myamr_controller' build argument 'cmake_args' from command line to 'None'
[0.457s] Level 5:colcon.colcon_core.verb:set package 'myamr_controller' build argument 'cmake_target' from command line to 'None'
[0.457s] Level 5:colcon.colcon_core.verb:set package 'myamr_controller' build argument 'cmake_target_skip_unavailable' from command line to 'False'
[0.457s] Level 5:colcon.colcon_core.verb:set package 'myamr_controller' build argument 'cmake_clean_cache' from command line to 'False'
[0.457s] Level 5:colcon.colcon_core.verb:set package 'myamr_controller' build argument 'cmake_clean_first' from command line to 'False'
[0.457s] Level 5:colcon.colcon_core.verb:set package 'myamr_controller' build argument 'cmake_force_configure' from command line to 'False'
[0.457s] Level 5:colcon.colcon_core.verb:set package 'myamr_controller' build argument 'ament_cmake_args' from command line to 'None'
[0.457s] Level 5:colcon.colcon_core.verb:set package 'myamr_controller' build argument 'catkin_cmake_args' from command line to 'None'
[0.458s] Level 5:colcon.colcon_core.verb:set package 'myamr_controller' build argument 'catkin_skip_building_tests' from command line to 'False'
[0.458s] DEBUG:colcon.colcon_core.verb:Building package 'myamr_controller' with the following arguments: {'ament_cmake_args': None, 'build_base': '/home/ray/autonomous_robot/build/myamr_controller', 'catkin_cmake_args': None, 'catkin_skip_building_tests': False, 'cmake_args': None, 'cmake_clean_cache': False, 'cmake_clean_first': False, 'cmake_force_configure': False, 'cmake_target': None, 'cmake_target_skip_unavailable': False, 'install_base': '/home/ray/autonomous_robot/install/myamr_controller', 'merge_install': False, 'path': '/home/ray/autonomous_robot/myamr_controller', 'symlink_install': False, 'test_result_base': None}
[0.458s] Level 5:colcon.colcon_core.verb:set package 'myamr_description' build argument 'cmake_args' from command line to 'None'
[0.458s] Level 5:colcon.colcon_core.verb:set package 'myamr_description' build argument 'cmake_target' from command line to 'None'
[0.458s] Level 5:colcon.colcon_core.verb:set package 'myamr_description' build argument 'cmake_target_skip_unavailable' from command line to 'False'
[0.458s] Level 5:colcon.colcon_core.verb:set package 'myamr_description' build argument 'cmake_clean_cache' from command line to 'False'
[0.458s] Level 5:colcon.colcon_core.verb:set package 'myamr_description' build argument 'cmake_clean_first' from command line to 'False'
[0.458s] Level 5:colcon.colcon_core.verb:set package 'myamr_description' build argument 'cmake_force_configure' from command line to 'False'
[0.458s] Level 5:colcon.colcon_core.verb:set package 'myamr_description' build argument 'ament_cmake_args' from command line to 'None'
[0.458s] Level 5:colcon.colcon_core.verb:set package 'myamr_description' build argument 'catkin_cmake_args' from command line to 'None'
[0.458s] Level 5:colcon.colcon_core.verb:set package 'myamr_description' build argument 'catkin_skip_building_tests' from command line to 'False'
[0.458s] DEBUG:colcon.colcon_core.verb:Building package 'myamr_description' with the following arguments: {'ament_cmake_args': None, 'build_base': '/home/ray/autonomous_robot/build/myamr_description', 'catkin_cmake_args': None, 'catkin_skip_building_tests': False, 'cmake_args': None, 'cmake_clean_cache': False, 'cmake_clean_first': False, 'cmake_force_configure': False, 'cmake_target': None, 'cmake_target_skip_unavailable': False, 'install_base': '/home/ray/autonomous_robot/install/myamr_description', 'merge_install': False, 'path': '/home/ray/autonomous_robot/myamr_description', 'symlink_install': False, 'test_result_base': None}
[0.459s] Level 5:colcon.colcon_core.verb:set package 'myamr_localization' build argument 'cmake_args' from command line to 'None'
[0.459s] Level 5:colcon.colcon_core.verb:set package 'myamr_localization' build argument 'cmake_target' from command line to 'None'
[0.459s] Level 5:colcon.colcon_core.verb:set package 'myamr_localization' build argument 'cmake_target_skip_unavailable' from command line to 'False'
[0.459s] Level 5:colcon.colcon_core.verb:set package 'myamr_localization' build argument 'cmake_clean_cache' from command line to 'False'
[0.459s] Level 5:colcon.colcon_core.verb:set package 'myamr_localization' build argument 'cmake_clean_first' from command line to 'False'
[0.459s] Level 5:colcon.colcon_core.verb:set package 'myamr_localization' build argument 'cmake_force_configure' from command line to 'False'
[0.459s] Level 5:colcon.colcon_core.verb:set package 'myamr_localization' build argument 'ament_cmake_args' from command line to 'None'
[0.459s] Level 5:colcon.colcon_core.verb:set package 'myamr_localization' build argument 'catkin_cmake_args' from command line to 'None'
[0.459s] Level 5:colcon.colcon_core.verb:set package 'myamr_localization' build argument 'catkin_skip_building_tests' from command line to 'False'
[0.459s] DEBUG:colcon.colcon_core.verb:Building package 'myamr_localization' with the following arguments: {'ament_cmake_args': None, 'build_base': '/home/ray/autonomous_robot/build/myamr_localization', 'catkin_cmake_args': None, 'catkin_skip_building_tests': False, 'cmake_args': None, 'cmake_clean_cache': False, 'cmake_clean_first': False, 'cmake_force_configure': False, 'cmake_target': None, 'cmake_target_skip_unavailable': False, 'install_base': '/home/ray/autonomous_robot/install/myamr_localization', 'merge_install': False, 'path': '/home/ray/autonomous_robot/myamr_localization', 'symlink_install': False, 'test_result_base': None}
[0.459s] Level 5:colcon.colcon_core.verb:set package 'myamr_mapping' build argument 'cmake_args' from command line to 'None'
[0.459s] Level 5:colcon.colcon_core.verb:set package 'myamr_mapping' build argument 'cmake_target' from command line to 'None'
[0.460s] Level 5:colcon.colcon_core.verb:set package 'myamr_mapping' build argument 'cmake_target_skip_unavailable' from command line to 'False'
[0.460s] Level 5:colcon.colcon_core.verb:set package 'myamr_mapping' build argument 'cmake_clean_cache' from command line to 'False'
[0.460s] Level 5:colcon.colcon_core.verb:set package 'myamr_mapping' build argument 'cmake_clean_first' from command line to 'False'
[0.460s] Level 5:colcon.colcon_core.verb:set package 'myamr_mapping' build argument 'cmake_force_configure' from command line to 'False'
[0.460s] Level 5:colcon.colcon_core.verb:set package 'myamr_mapping' build argument 'ament_cmake_args' from command line to 'None'
[0.460s] Level 5:colcon.colcon_core.verb:set package 'myamr_mapping' build argument 'catkin_cmake_args' from command line to 'None'
[0.460s] Level 5:colcon.colcon_core.verb:set package 'myamr_mapping' build argument 'catkin_skip_building_tests' from command line to 'False'
[0.460s] DEBUG:colcon.colcon_core.verb:Building package 'myamr_mapping' with the following arguments: {'ament_cmake_args': None, 'build_base': '/home/ray/autonomous_robot/build/myamr_mapping', 'catkin_cmake_args': None, 'catkin_skip_building_tests': False, 'cmake_args': None, 'cmake_clean_cache': False, 'cmake_clean_first': False, 'cmake_force_configure': False, 'cmake_target': None, 'cmake_target_skip_unavailable': False, 'install_base': '/home/ray/autonomous_robot/install/myamr_mapping', 'merge_install': False, 'path': '/home/ray/autonomous_robot/myamr_mapping', 'symlink_install': False, 'test_result_base': None}
[0.460s] Level 5:colcon.colcon_core.verb:set package 'myamr_motion' build argument 'cmake_args' from command line to 'None'
[0.460s] Level 5:colcon.colcon_core.verb:set package 'myamr_motion' build argument 'cmake_target' from command line to 'None'
[0.460s] Level 5:colcon.colcon_core.verb:set package 'myamr_motion' build argument 'cmake_target_skip_unavailable' from command line to 'False'
[0.460s] Level 5:colcon.colcon_core.verb:set package 'myamr_motion' build argument 'cmake_clean_cache' from command line to 'False'
[0.460s] Level 5:colcon.colcon_core.verb:set package 'myamr_motion' build argument 'cmake_clean_first' from command line to 'False'
[0.460s] Level 5:colcon.colcon_core.verb:set package 'myamr_motion' build argument 'cmake_force_configure' from command line to 'False'
[0.460s] Level 5:colcon.colcon_core.verb:set package 'myamr_motion' build argument 'ament_cmake_args' from command line to 'None'
[0.460s] Level 5:colcon.colcon_core.verb:set package 'myamr_motion' build argument 'catkin_cmake_args' from command line to 'None'
[0.460s] Level 5:colcon.colcon_core.verb:set package 'myamr_motion' build argument 'catkin_skip_building_tests' from command line to 'False'
[0.460s] DEBUG:colcon.colcon_core.verb:Building package 'myamr_motion' with the following arguments: {'ament_cmake_args': None, 'build_base': '/home/ray/autonomous_robot/build/myamr_motion', 'catkin_cmake_args': None, 'catkin_skip_building_tests': False, 'cmake_args': None, 'cmake_clean_cache': False, 'cmake_clean_first': False, 'cmake_force_configure': False, 'cmake_target': None, 'cmake_target_skip_unavailable': False, 'install_base': '/home/ray/autonomous_robot/install/myamr_motion', 'merge_install': False, 'path': '/home/ray/autonomous_robot/myamr_motion', 'symlink_install': False, 'test_result_base': None}
[0.461s] Level 5:colcon.colcon_core.verb:set package 'myamr_planning' build argument 'cmake_args' from command line to 'None'
[0.461s] Level 5:colcon.colcon_core.verb:set package 'myamr_planning' build argument 'cmake_target' from command line to 'None'
[0.461s] Level 5:colcon.colcon_core.verb:set package 'myamr_planning' build argument 'cmake_target_skip_unavailable' from command line to 'False'
[0.461s] Level 5:colcon.colcon_core.verb:set package 'myamr_planning' build argument 'cmake_clean_cache' from command line to 'False'
[0.461s] Level 5:colcon.colcon_core.verb:set package 'myamr_planning' build argument 'cmake_clean_first' from command line to 'False'
[0.461s] Level 5:colcon.colcon_core.verb:set package 'myamr_planning' build argument 'cmake_force_configure' from command line to 'False'
[0.461s] Level 5:colcon.colcon_core.verb:set package 'myamr_planning' build argument 'ament_cmake_args' from command line to 'None'
[0.461s] Level 5:colcon.colcon_core.verb:set package 'myamr_planning' build argument 'catkin_cmake_args' from command line to 'None'
[0.461s] Level 5:colcon.colcon_core.verb:set package 'myamr_planning' build argument 'catkin_skip_building_tests' from command line to 'False'
[0.461s] DEBUG:colcon.colcon_core.verb:Building package 'myamr_planning' with the following arguments: {'ament_cmake_args': None, 'build_base': '/home/ray/autonomous_robot/build/myamr_planning', 'catkin_cmake_args': None, 'catkin_skip_building_tests': False, 'cmake_args': None, 'cmake_clean_cache': False, 'cmake_clean_first': False, 'cmake_force_configure': False, 'cmake_target': None, 'cmake_target_skip_unavailable': False, 'install_base': '/home/ray/autonomous_robot/install/myamr_planning', 'merge_install': False, 'path': '/home/ray/autonomous_robot/myamr_planning', 'symlink_install': False, 'test_result_base': None}
[0.462s] Level 5:colcon.colcon_core.verb:set package 'myamr_utils' build argument 'cmake_args' from command line to 'None'
[0.462s] Level 5:colcon.colcon_core.verb:set package 'myamr_utils' build argument 'cmake_target' from command line to 'None'
[0.462s] Level 5:colcon.colcon_core.verb:set package 'myamr_utils' build argument 'cmake_target_skip_unavailable' from command line to 'False'
[0.462s] Level 5:colcon.colcon_core.verb:set package 'myamr_utils' build argument 'cmake_clean_cache' from command line to 'False'
[0.462s] Level 5:colcon.colcon_core.verb:set package 'myamr_utils' build argument 'cmake_clean_first' from command line to 'False'
[0.462s] Level 5:colcon.colcon_core.verb:set package 'myamr_utils' build argument 'cmake_force_configure' from command line to 'False'
[0.462s] Level 5:colcon.colcon_core.verb:set package 'myamr_utils' build argument 'ament_cmake_args' from command line to 'None'
[0.462s] Level 5:colcon.colcon_core.verb:set package 'myamr_utils' build argument 'catkin_cmake_args' from command line to 'None'
[0.462s] Level 5:colcon.colcon_core.verb:set package 'myamr_utils' build argument 'catkin_skip_building_tests' from command line to 'False'
[0.462s] DEBUG:colcon.colcon_core.verb:Building package 'myamr_utils' with the following arguments: {'ament_cmake_args': None, 'build_base': '/home/ray/autonomous_robot/build/myamr_utils', 'catkin_cmake_args': None, 'catkin_skip_building_tests': False, 'cmake_args': None, 'cmake_clean_cache': False, 'cmake_clean_first': False, 'cmake_force_configure': False, 'cmake_target': None, 'cmake_target_skip_unavailable': False, 'install_base': '/home/ray/autonomous_robot/install/myamr_utils', 'merge_install': False, 'path': '/home/ray/autonomous_robot/myamr_utils', 'symlink_install': False, 'test_result_base': None}
[0.462s] Level 5:colcon.colcon_core.verb:set package 'myamr_bringup' build argument 'cmake_args' from command line to 'None'
[0.462s] Level 5:colcon.colcon_core.verb:set package 'myamr_bringup' build argument 'cmake_target' from command line to 'None'
[0.462s] Level 5:colcon.colcon_core.verb:set package 'myamr_bringup' build argument 'cmake_target_skip_unavailable' from command line to 'False'
[0.462s] Level 5:colcon.colcon_core.verb:set package 'myamr_bringup' build argument 'cmake_clean_cache' from command line to 'False'
[0.462s] Level 5:colcon.colcon_core.verb:set package 'myamr_bringup' build argument 'cmake_clean_first' from command line to 'False'
[0.462s] Level 5:colcon.colcon_core.verb:set package 'myamr_bringup' build argument 'cmake_force_configure' from command line to 'False'
[0.462s] Level 5:colcon.colcon_core.verb:set package 'myamr_bringup' build argument 'ament_cmake_args' from command line to 'None'
[0.463s] Level 5:colcon.colcon_core.verb:set package 'myamr_bringup' build argument 'catkin_cmake_args' from command line to 'None'
[0.463s] Level 5:colcon.colcon_core.verb:set package 'myamr_bringup' build argument 'catkin_skip_building_tests' from command line to 'False'
[0.463s] DEBUG:colcon.colcon_core.verb:Building package 'myamr_bringup' with the following arguments: {'ament_cmake_args': None, 'build_base': '/home/ray/autonomous_robot/build/myamr_bringup', 'catkin_cmake_args': None, 'catkin_skip_building_tests': False, 'cmake_args': None, 'cmake_clean_cache': False, 'cmake_clean_first': False, 'cmake_force_configure': False, 'cmake_target': None, 'cmake_target_skip_unavailable': False, 'install_base': '/home/ray/autonomous_robot/install/myamr_bringup', 'merge_install': False, 'path': '/home/ray/autonomous_robot/myamr_bringup', 'symlink_install': False, 'test_result_base': None}
[0.463s] INFO:colcon.colcon_core.executor:Executing jobs using 'parallel' executor
[0.464s] DEBUG:colcon.colcon_parallel_executor.executor.parallel:run_until_complete
[0.464s] INFO:colcon.colcon_ros.task.ament_cmake.build:Building ROS package in '/home/ray/autonomous_robot/myamr_controller' with build type 'ament_cmake'
[0.465s] INFO:colcon.colcon_cmake.task.cmake.build:Building CMake package in '/home/ray/autonomous_robot/myamr_controller'
[0.467s] INFO:colcon.colcon_core.plugin_system:Skipping extension 'colcon_core.shell.bat': Not used on non-Windows systems
[0.468s] INFO:colcon.colcon_core.shell:Skip shell extension 'powershell' for command environment: Not usable outside of PowerShell
[0.468s] DEBUG:colcon.colcon_core.shell:Skip shell extension 'dsv' for command environment
[0.472s] INFO:colcon.colcon_ros.task.ament_cmake.build:Building ROS package in '/home/ray/autonomous_robot/myamr_description' with build type 'ament_cmake'
[0.473s] INFO:colcon.colcon_cmake.task.cmake.build:Building CMake package in '/home/ray/autonomous_robot/myamr_description'
[0.473s] INFO:colcon.colcon_core.shell:Skip shell extension 'powershell' for command environment: Not usable outside of PowerShell
[0.473s] DEBUG:colcon.colcon_core.shell:Skip shell extension 'dsv' for command environment
[0.477s] INFO:colcon.colcon_ros.task.ament_cmake.build:Building ROS package in '/home/ray/autonomous_robot/myamr_localization' with build type 'ament_cmake'
[0.478s] INFO:colcon.colcon_cmake.task.cmake.build:Building CMake package in '/home/ray/autonomous_robot/myamr_localization'
[0.478s] INFO:colcon.colcon_core.shell:Skip shell extension 'powershell' for command environment: Not usable outside of PowerShell
[0.478s] DEBUG:colcon.colcon_core.shell:Skip shell extension 'dsv' for command environment
[0.482s] INFO:colcon.colcon_ros.task.ament_cmake.build:Building ROS package in '/home/ray/autonomous_robot/myamr_mapping' with build type 'ament_cmake'
[0.483s] INFO:colcon.colcon_cmake.task.cmake.build:Building CMake package in '/home/ray/autonomous_robot/myamr_mapping'
[0.483s] INFO:colcon.colcon_core.shell:Skip shell extension 'powershell' for command environment: Not usable outside of PowerShell
[0.483s] DEBUG:colcon.colcon_core.shell:Skip shell extension 'dsv' for command environment
[0.487s] INFO:colcon.colcon_ros.task.ament_python.build:Building ROS package in '/home/ray/autonomous_robot/myamr_motion' with build type 'ament_python'
[0.488s] Level 1:colcon.colcon_core.shell:create_environment_hook('myamr_motion', 'ament_prefix_path')
[0.488s] INFO:colcon.colcon_core.shell:Creating environment hook '/home/ray/autonomous_robot/install/myamr_motion/share/myamr_motion/hook/ament_prefix_path.ps1'
[0.489s] INFO:colcon.colcon_core.shell:Creating environment descriptor '/home/ray/autonomous_robot/install/myamr_motion/share/myamr_motion/hook/ament_prefix_path.dsv'
[0.489s] INFO:colcon.colcon_core.shell:Creating environment hook '/home/ray/autonomous_robot/install/myamr_motion/share/myamr_motion/hook/ament_prefix_path.sh'
[0.490s] INFO:colcon.colcon_core.shell:Skip shell extension 'powershell' for command environment: Not usable outside of PowerShell
[0.490s] DEBUG:colcon.colcon_core.shell:Skip shell extension 'dsv' for command environment
[0.495s] INFO:colcon.colcon_ros.task.ament_python.build:Building ROS package in '/home/ray/autonomous_robot/myamr_planning' with build type 'ament_python'
[0.495s] Level 1:colcon.colcon_core.shell:create_environment_hook('myamr_planning', 'ament_prefix_path')
[0.495s] INFO:colcon.colcon_core.shell:Creating environment hook '/home/ray/autonomous_robot/install/myamr_planning/share/myamr_planning/hook/ament_prefix_path.ps1'
[0.496s] INFO:colcon.colcon_core.shell:Creating environment descriptor '/home/ray/autonomous_robot/install/myamr_planning/share/myamr_planning/hook/ament_prefix_path.dsv'
[0.496s] INFO:colcon.colcon_core.shell:Creating environment hook '/home/ray/autonomous_robot/install/myamr_planning/share/myamr_planning/hook/ament_prefix_path.sh'
[0.497s] INFO:colcon.colcon_core.shell:Skip shell extension 'powershell' for command environment: Not usable outside of PowerShell
[0.497s] DEBUG:colcon.colcon_core.shell:Skip shell extension 'dsv' for command environment
[0.501s] INFO:colcon.colcon_ros.task.ament_cmake.build:Building ROS package in '/home/ray/autonomous_robot/myamr_utils' with build type 'ament_cmake'
[0.501s] INFO:colcon.colcon_cmake.task.cmake.build:Building CMake package in '/home/ray/autonomous_robot/myamr_utils'
[0.502s] INFO:colcon.colcon_core.shell:Skip shell extension 'powershell' for command environment: Not usable outside of PowerShell
[0.502s] DEBUG:colcon.colcon_core.shell:Skip shell extension 'dsv' for command environment
[0.514s] DEBUG:colcon.colcon_core.event_handler.log_command:Invoking command in '/home/ray/autonomous_robot/build/myamr_controller': CMAKE_PREFIX_PATH=${CMAKE_PREFIX_PATH}:/home/ray/autonomous_tb3_ws/install/autonomous_tb3:/home/ray/turtlebot3_ws/install/turtlebot3_teleop:/home/ray/turtlebot3_ws/install/turtlebot3_example:/home/ray/turtlebot3_ws/install/my_robot_test:/home/ray/autonomous_tb3_ws/src/install/autonomous_tb3:/opt/ros/humble /usr/bin/cmake --build /home/ray/autonomous_robot/build/myamr_controller -- -j8 -l8
[0.517s] DEBUG:colcon.colcon_core.event_handler.log_command:Invoking command in '/home/ray/autonomous_robot/build/myamr_description': CMAKE_PREFIX_PATH=${CMAKE_PREFIX_PATH}:/home/ray/autonomous_tb3_ws/install/autonomous_tb3:/home/ray/turtlebot3_ws/install/turtlebot3_teleop:/home/ray/turtlebot3_ws/install/turtlebot3_example:/home/ray/turtlebot3_ws/install/my_robot_test:/home/ray/autonomous_tb3_ws/src/install/autonomous_tb3:/opt/ros/humble /usr/bin/cmake --build /home/ray/autonomous_robot/build/myamr_description -- -j8 -l8
[0.521s] DEBUG:colcon.colcon_core.event_handler.log_command:Invoking command in '/home/ray/autonomous_robot/build/myamr_localization': CMAKE_PREFIX_PATH=${CMAKE_PREFIX_PATH}:/home/ray/autonomous_tb3_ws/install/autonomous_tb3:/home/ray/turtlebot3_ws/install/turtlebot3_teleop:/home/ray/turtlebot3_ws/install/turtlebot3_example:/home/ray/turtlebot3_ws/install/my_robot_test:/home/ray/autonomous_tb3_ws/src/install/autonomous_tb3:/opt/ros/humble /usr/bin/cmake --build /home/ray/autonomous_robot/build/myamr_localization -- -j8 -l8
[0.524s] DEBUG:colcon.colcon_core.event_handler.log_command:Invoking command in '/home/ray/autonomous_robot/build/myamr_mapping': CMAKE_PREFIX_PATH=${CMAKE_PREFIX_PATH}:/home/ray/autonomous_tb3_ws/install/autonomous_tb3:/home/ray/turtlebot3_ws/install/turtlebot3_teleop:/home/ray/turtlebot3_ws/install/turtlebot3_example:/home/ray/turtlebot3_ws/install/my_robot_test:/home/ray/autonomous_tb3_ws/src/install/autonomous_tb3:/opt/ros/humble /usr/bin/cmake --build /home/ray/autonomous_robot/build/myamr_mapping -- -j8 -l8
[0.986s] INFO:colcon.colcon_core.task.python.build:Building Python package in '/home/ray/autonomous_robot/myamr_motion'
[0.987s] INFO:colcon.colcon_core.shell:Skip shell extension 'powershell' for command environment: Not usable outside of PowerShell
[0.987s] DEBUG:colcon.colcon_core.shell:Skip shell extension 'dsv' for command environment
[1.290s] INFO:colcon.colcon_core.task.python.build:Building Python package in '/home/ray/autonomous_robot/myamr_planning'
[1.291s] INFO:colcon.colcon_core.shell:Skip shell extension 'powershell' for command environment: Not usable outside of PowerShell
[1.291s] DEBUG:colcon.colcon_core.shell:Skip shell extension 'dsv' for command environment
[1.305s] DEBUG:colcon.colcon_core.event_handler.log_command:Invoking command in '/home/ray/autonomous_robot/build/myamr_utils': CMAKE_PREFIX_PATH=${CMAKE_PREFIX_PATH}:/home/ray/autonomous_tb3_ws/install/autonomous_tb3:/home/ray/turtlebot3_ws/install/turtlebot3_teleop:/home/ray/turtlebot3_ws/install/turtlebot3_example:/home/ray/turtlebot3_ws/install/my_robot_test:/home/ray/autonomous_tb3_ws/src/install/autonomous_tb3:/opt/ros/humble /usr/bin/cmake --build /home/ray/autonomous_robot/build/myamr_utils -- -j8 -l8
[1.306s] DEBUG:colcon.colcon_core.event_handler.log_command:Invoked command in '/home/ray/autonomous_robot/build/myamr_controller' returned '0': CMAKE_PREFIX_PATH=${CMAKE_PREFIX_PATH}:/home/ray/autonomous_tb3_ws/install/autonomous_tb3:/home/ray/turtlebot3_ws/install/turtlebot3_teleop:/home/ray/turtlebot3_ws/install/turtlebot3_example:/home/ray/turtlebot3_ws/install/my_robot_test:/home/ray/autonomous_tb3_ws/src/install/autonomous_tb3:/opt/ros/humble /usr/bin/cmake --build /home/ray/autonomous_robot/build/myamr_controller -- -j8 -l8
[1.317s] DEBUG:colcon.colcon_core.event_handler.log_command:Invoking command in '/home/ray/autonomous_robot/build/myamr_controller': CMAKE_PREFIX_PATH=${CMAKE_PREFIX_PATH}:/home/ray/autonomous_tb3_ws/install/autonomous_tb3:/home/ray/turtlebot3_ws/install/turtlebot3_teleop:/home/ray/turtlebot3_ws/install/turtlebot3_example:/home/ray/turtlebot3_ws/install/my_robot_test:/home/ray/autonomous_tb3_ws/src/install/autonomous_tb3:/opt/ros/humble /usr/bin/cmake --install /home/ray/autonomous_robot/build/myamr_controller
[1.318s] DEBUG:colcon.colcon_core.event_handler.log_command:Invoked command in '/home/ray/autonomous_robot/build/myamr_description' returned '0': CMAKE_PREFIX_PATH=${CMAKE_PREFIX_PATH}:/home/ray/autonomous_tb3_ws/install/autonomous_tb3:/home/ray/turtlebot3_ws/install/turtlebot3_teleop:/home/ray/turtlebot3_ws/install/turtlebot3_example:/home/ray/turtlebot3_ws/install/my_robot_test:/home/ray/autonomous_tb3_ws/src/install/autonomous_tb3:/opt/ros/humble /usr/bin/cmake --build /home/ray/autonomous_robot/build/myamr_description -- -j8 -l8
[1.320s] DEBUG:colcon.colcon_core.event_handler.log_command:Invoking command in '/home/ray/autonomous_robot/build/myamr_description': CMAKE_PREFIX_PATH=${CMAKE_PREFIX_PATH}:/home/ray/autonomous_tb3_ws/install/autonomous_tb3:/home/ray/turtlebot3_ws/install/turtlebot3_teleop:/home/ray/turtlebot3_ws/install/turtlebot3_example:/home/ray/turtlebot3_ws/install/my_robot_test:/home/ray/autonomous_tb3_ws/src/install/autonomous_tb3:/opt/ros/humble /usr/bin/cmake --install /home/ray/autonomous_robot/build/myamr_description
[1.321s] DEBUG:colcon.colcon_core.event_handler.log_command:Invoked command in '/home/ray/autonomous_robot/build/myamr_localization' returned '0': CMAKE_PREFIX_PATH=${CMAKE_PREFIX_PATH}:/home/ray/autonomous_tb3_ws/install/autonomous_tb3:/home/ray/turtlebot3_ws/install/turtlebot3_teleop:/home/ray/turtlebot3_ws/install/turtlebot3_example:/home/ray/turtlebot3_ws/install/my_robot_test:/home/ray/autonomous_tb3_ws/src/install/autonomous_tb3:/opt/ros/humble /usr/bin/cmake --build /home/ray/autonomous_robot/build/myamr_localization -- -j8 -l8
[1.324s] DEBUG:colcon.colcon_core.event_handler.log_command:Invoking command in '/home/ray/autonomous_robot/build/myamr_localization': CMAKE_PREFIX_PATH=${CMAKE_PREFIX_PATH}:/home/ray/autonomous_tb3_ws/install/autonomous_tb3:/home/ray/turtlebot3_ws/install/turtlebot3_teleop:/home/ray/turtlebot3_ws/install/turtlebot3_example:/home/ray/turtlebot3_ws/install/my_robot_test:/home/ray/autonomous_tb3_ws/src/install/autonomous_tb3:/opt/ros/humble /usr/bin/cmake --install /home/ray/autonomous_robot/build/myamr_localization
[1.324s] DEBUG:colcon.colcon_core.event_handler.log_command:Invoked command in '/home/ray/autonomous_robot/build/myamr_mapping' returned '0': CMAKE_PREFIX_PATH=${CMAKE_PREFIX_PATH}:/home/ray/autonomous_tb3_ws/install/autonomous_tb3:/home/ray/turtlebot3_ws/install/turtlebot3_teleop:/home/ray/turtlebot3_ws/install/turtlebot3_example:/home/ray/turtlebot3_ws/install/my_robot_test:/home/ray/autonomous_tb3_ws/src/install/autonomous_tb3:/opt/ros/humble /usr/bin/cmake --build /home/ray/autonomous_robot/build/myamr_mapping -- -j8 -l8
[1.327s] DEBUG:colcon.colcon_core.event_handler.log_command:Invoking command in '/home/ray/autonomous_robot/build/myamr_mapping': CMAKE_PREFIX_PATH=${CMAKE_PREFIX_PATH}:/home/ray/autonomous_tb3_ws/install/autonomous_tb3:/home/ray/turtlebot3_ws/install/turtlebot3_teleop:/home/ray/turtlebot3_ws/install/turtlebot3_example:/home/ray/turtlebot3_ws/install/my_robot_test:/home/ray/autonomous_tb3_ws/src/install/autonomous_tb3:/opt/ros/humble /usr/bin/cmake --install /home/ray/autonomous_robot/build/myamr_mapping
[1.417s] Level 1:colcon.colcon_core.environment:create_environment_scripts_only(myamr_localization)
[1.449s] Level 1:colcon.colcon_core.environment:checking '/home/ray/autonomous_robot/install/myamr_localization' for CMake module files
[1.457s] Level 1:colcon.colcon_core.environment:checking '/home/ray/autonomous_robot/install/myamr_localization' for CMake config files
[1.459s] Level 1:colcon.colcon_core.shell:create_environment_hook('myamr_localization', 'cmake_prefix_path')
[1.460s] INFO:colcon.colcon_core.shell:Creating environment hook '/home/ray/autonomous_robot/install/myamr_localization/share/myamr_localization/hook/cmake_prefix_path.ps1'
[1.460s] INFO:colcon.colcon_core.shell:Creating environment descriptor '/home/ray/autonomous_robot/install/myamr_localization/share/myamr_localization/hook/cmake_prefix_path.dsv'
[1.462s] INFO:colcon.colcon_core.shell:Creating environment hook '/home/ray/autonomous_robot/install/myamr_localization/share/myamr_localization/hook/cmake_prefix_path.sh'
[1.463s] Level 1:colcon.colcon_core.environment:checking '/home/ray/autonomous_robot/install/myamr_localization/lib'
[1.465s] Level 1:colcon.colcon_core.environment:checking '/home/ray/autonomous_robot/install/myamr_localization/bin'
[1.465s] Level 1:colcon.colcon_core.shell:create_environment_hook('myamr_localization', 'path')
[1.465s] INFO:colcon.colcon_core.shell:Creating environment hook '/home/ray/autonomous_robot/install/myamr_localization/share/myamr_localization/hook/path.ps1'
[1.468s] INFO:colcon.colcon_core.shell:Creating environment descriptor '/home/ray/autonomous_robot/install/myamr_localization/share/myamr_localization/hook/path.dsv'
[1.469s] INFO:colcon.colcon_core.shell:Creating environment hook '/home/ray/autonomous_robot/install/myamr_localization/share/myamr_localization/hook/path.sh'
[1.470s] Level 1:colcon.colcon_core.environment:checking '/home/ray/autonomous_robot/install/myamr_localization/lib/pkgconfig/myamr_localization.pc'
[1.470s] Level 1:colcon.colcon_core.environment:checking '/home/ray/autonomous_robot/install/myamr_localization/lib/python3.10/site-packages'
[1.471s] Level 1:colcon.colcon_core.environment:checking '/home/ray/autonomous_robot/install/myamr_localization/bin'
[1.471s] Level 1:colcon.colcon_core.shell:create_environment_hook('myamr_localization', 'pythonscriptspath')
[1.471s] INFO:colcon.colcon_core.shell:Creating environment hook '/home/ray/autonomous_robot/install/myamr_localization/share/myamr_localization/hook/pythonscriptspath.ps1'
[1.472s] INFO:colcon.colcon_core.shell:Creating environment descriptor '/home/ray/autonomous_robot/install/myamr_localization/share/myamr_localization/hook/pythonscriptspath.dsv'
[1.478s] INFO:colcon.colcon_core.shell:Creating environment hook '/home/ray/autonomous_robot/install/myamr_localization/share/myamr_localization/hook/pythonscriptspath.sh'
[1.482s] INFO:colcon.colcon_core.shell:Creating package script '/home/ray/autonomous_robot/install/myamr_localization/share/myamr_localization/package.ps1'
[1.485s] INFO:colcon.colcon_core.shell:Creating package descriptor '/home/ray/autonomous_robot/install/myamr_localization/share/myamr_localization/package.dsv'
[1.488s] DEBUG:colcon.colcon_core.event_handler.log_command:Invoked command in '/home/ray/autonomous_robot/build/myamr_localization' returned '0': CMAKE_PREFIX_PATH=${CMAKE_PREFIX_PATH}:/home/ray/autonomous_tb3_ws/install/autonomous_tb3:/home/ray/turtlebot3_ws/install/turtlebot3_teleop:/home/ray/turtlebot3_ws/install/turtlebot3_example:/home/ray/turtlebot3_ws/install/my_robot_test:/home/ray/autonomous_tb3_ws/src/install/autonomous_tb3:/opt/ros/humble /usr/bin/cmake --install /home/ray/autonomous_robot/build/myamr_localization
[1.489s] INFO:colcon.colcon_core.shell:Creating package script '/home/ray/autonomous_robot/install/myamr_localization/share/myamr_localization/package.sh'
[1.492s] INFO:colcon.colcon_core.shell:Creating package script '/home/ray/autonomous_robot/install/myamr_localization/share/myamr_localization/package.bash'
[1.494s] INFO:colcon.colcon_core.shell:Creating package script '/home/ray/autonomous_robot/install/myamr_localization/share/myamr_localization/package.zsh'
[1.495s] Level 1:colcon.colcon_core.environment:create_file_with_runtime_dependencies(/home/ray/autonomous_robot/install/myamr_localization/share/colcon-core/packages/myamr_localization)
[1.495s] Level 1:colcon.colcon_core.environment:create_environment_scripts_only(myamr_localization)
[1.496s] Level 1:colcon.colcon_core.environment:checking '/home/ray/autonomous_robot/install/myamr_localization' for CMake module files
[1.497s] Level 1:colcon.colcon_core.environment:checking '/home/ray/autonomous_robot/install/myamr_localization' for CMake config files
[1.497s] Level 1:colcon.colcon_core.shell:create_environment_hook('myamr_localization', 'cmake_prefix_path')
[1.497s] INFO:colcon.colcon_core.shell:Creating environment hook '/home/ray/autonomous_robot/install/myamr_localization/share/myamr_localization/hook/cmake_prefix_path.ps1'
[1.498s] INFO:colcon.colcon_core.shell:Creating environment descriptor '/home/ray/autonomous_robot/install/myamr_localization/share/myamr_localization/hook/cmake_prefix_path.dsv'
[1.498s] INFO:colcon.colcon_core.shell:Creating environment hook '/home/ray/autonomous_robot/install/myamr_localization/share/myamr_localization/hook/cmake_prefix_path.sh'
[1.499s] Level 1:colcon.colcon_core.environment:checking '/home/ray/autonomous_robot/install/myamr_localization/lib'
[1.499s] Level 1:colcon.colcon_core.environment:checking '/home/ray/autonomous_robot/install/myamr_localization/bin'
[1.499s] Level 1:colcon.colcon_core.shell:create_environment_hook('myamr_localization', 'path')
[1.499s] INFO:colcon.colcon_core.shell:Creating environment hook '/home/ray/autonomous_robot/install/myamr_localization/share/myamr_localization/hook/path.ps1'
[1.500s] INFO:colcon.colcon_core.shell:Creating environment descriptor '/home/ray/autonomous_robot/install/myamr_localization/share/myamr_localization/hook/path.dsv'
[1.500s] INFO:colcon.colcon_core.shell:Creating environment hook '/home/ray/autonomous_robot/install/myamr_localization/share/myamr_localization/hook/path.sh'
[1.501s] Level 1:colcon.colcon_core.environment:checking '/home/ray/autonomous_robot/install/myamr_localization/lib/pkgconfig/myamr_localization.pc'
[1.501s] Level 1:colcon.colcon_core.environment:checking '/home/ray/autonomous_robot/install/myamr_localization/lib/python3.10/site-packages'
[1.502s] Level 1:colcon.colcon_core.environment:checking '/home/ray/autonomous_robot/install/myamr_localization/bin'
[1.502s] Level 1:colcon.colcon_core.shell:create_environment_hook('myamr_localization', 'pythonscriptspath')
[1.502s] INFO:colcon.colcon_core.shell:Creating environment hook '/home/ray/autonomous_robot/install/myamr_localization/share/myamr_localization/hook/pythonscriptspath.ps1'
[1.503s] INFO:colcon.colcon_core.shell:Creating environment descriptor '/home/ray/autonomous_robot/install/myamr_localization/share/myamr_localization/hook/pythonscriptspath.dsv'
[1.503s] INFO:colcon.colcon_core.shell:Creating environment hook '/home/ray/autonomous_robot/install/myamr_localization/share/myamr_localization/hook/pythonscriptspath.sh'
[1.504s] INFO:colcon.colcon_core.shell:Creating package script '/home/ray/autonomous_robot/install/myamr_localization/share/myamr_localization/package.ps1'
[1.505s] INFO:colcon.colcon_core.shell:Creating package descriptor '/home/ray/autonomous_robot/install/myamr_localization/share/myamr_localization/package.dsv'
[1.506s] INFO:colcon.colcon_core.shell:Creating package script '/home/ray/autonomous_robot/install/myamr_localization/share/myamr_localization/package.sh'
[1.507s] INFO:colcon.colcon_core.shell:Creating package script '/home/ray/autonomous_robot/install/myamr_localization/share/myamr_localization/package.bash'
[1.507s] INFO:colcon.colcon_core.shell:Creating package script '/home/ray/autonomous_robot/install/myamr_localization/share/myamr_localization/package.zsh'
[1.508s] Level 1:colcon.colcon_core.environment:create_file_with_runtime_dependencies(/home/ray/autonomous_robot/install/myamr_localization/share/colcon-core/packages/myamr_localization)
[1.509s] Level 1:colcon.colcon_core.environment:create_environment_scripts_only(myamr_controller)
[1.510s] Level 1:colcon.colcon_core.environment:checking '/home/ray/autonomous_robot/install/myamr_controller' for CMake module files
[1.511s] Level 1:colcon.colcon_core.environment:checking '/home/ray/autonomous_robot/install/myamr_controller' for CMake config files
[1.511s] DEBUG:colcon.colcon_core.event_handler.log_command:Invoked command in '/home/ray/autonomous_robot/build/myamr_controller' returned '0': CMAKE_PREFIX_PATH=${CMAKE_PREFIX_PATH}:/home/ray/autonomous_tb3_ws/install/autonomous_tb3:/home/ray/turtlebot3_ws/install/turtlebot3_teleop:/home/ray/turtlebot3_ws/install/turtlebot3_example:/home/ray/turtlebot3_ws/install/my_robot_test:/home/ray/autonomous_tb3_ws/src/install/autonomous_tb3:/opt/ros/humble /usr/bin/cmake --install /home/ray/autonomous_robot/build/myamr_controller
[1.512s] Level 1:colcon.colcon_core.shell:create_environment_hook('myamr_controller', 'cmake_prefix_path')
[1.512s] INFO:colcon.colcon_core.shell:Creating environment hook '/home/ray/autonomous_robot/install/myamr_controller/share/myamr_controller/hook/cmake_prefix_path.ps1'
[1.513s] INFO:colcon.colcon_core.shell:Creating environment descriptor '/home/ray/autonomous_robot/install/myamr_controller/share/myamr_controller/hook/cmake_prefix_path.dsv'
[1.514s] INFO:colcon.colcon_core.shell:Creating environment hook '/home/ray/autonomous_robot/install/myamr_controller/share/myamr_controller/hook/cmake_prefix_path.sh'
[1.514s] Level 1:colcon.colcon_core.environment:checking '/home/ray/autonomous_robot/install/myamr_controller/lib'
[1.514s] Level 1:colcon.colcon_core.environment:checking '/home/ray/autonomous_robot/install/myamr_controller/bin'
[1.515s] Level 1:colcon.colcon_core.environment:checking '/home/ray/autonomous_robot/install/myamr_controller/lib/pkgconfig/myamr_controller.pc'
[1.515s] Level 1:colcon.colcon_core.environment:checking '/home/ray/autonomous_robot/install/myamr_controller/lib/python3.10/site-packages'
[1.515s] Level 1:colcon.colcon_core.environment:checking '/home/ray/autonomous_robot/install/myamr_controller/bin'
[1.515s] INFO:colcon.colcon_core.shell:Creating package script '/home/ray/autonomous_robot/install/myamr_controller/share/myamr_controller/package.ps1'
[1.516s] INFO:colcon.colcon_core.shell:Creating package descriptor '/home/ray/autonomous_robot/install/myamr_controller/share/myamr_controller/package.dsv'
[1.516s] INFO:colcon.colcon_core.shell:Creating package script '/home/ray/autonomous_robot/install/myamr_controller/share/myamr_controller/package.sh'
[1.517s] INFO:colcon.colcon_core.shell:Creating package script '/home/ray/autonomous_robot/install/myamr_controller/share/myamr_controller/package.bash'
[1.517s] INFO:colcon.colcon_core.shell:Creating package script '/home/ray/autonomous_robot/install/myamr_controller/share/myamr_controller/package.zsh'
[1.518s] Level 1:colcon.colcon_core.environment:create_file_with_runtime_dependencies(/home/ray/autonomous_robot/install/myamr_controller/share/colcon-core/packages/myamr_controller)
[1.519s] Level 1:colcon.colcon_core.environment:create_environment_scripts_only(myamr_controller)
[1.519s] Level 1:colcon.colcon_core.environment:checking '/home/ray/autonomous_robot/install/myamr_controller' for CMake module files
[1.519s] Level 1:colcon.colcon_core.environment:checking '/home/ray/autonomous_robot/install/myamr_controller' for CMake config files
[1.520s] Level 1:colcon.colcon_core.shell:create_environment_hook('myamr_controller', 'cmake_prefix_path')
[1.520s] INFO:colcon.colcon_core.shell:Creating environment hook '/home/ray/autonomous_robot/install/myamr_controller/share/myamr_controller/hook/cmake_prefix_path.ps1'
[1.520s] INFO:colcon.colcon_core.shell:Creating environment descriptor '/home/ray/autonomous_robot/install/myamr_controller/share/myamr_controller/hook/cmake_prefix_path.dsv'
[1.521s] INFO:colcon.colcon_core.shell:Creating environment hook '/home/ray/autonomous_robot/install/myamr_controller/share/myamr_controller/hook/cmake_prefix_path.sh'
[1.521s] Level 1:colcon.colcon_core.environment:checking '/home/ray/autonomous_robot/install/myamr_controller/lib'
[1.521s] Level 1:colcon.colcon_core.environment:checking '/home/ray/autonomous_robot/install/myamr_controller/bin'
[1.521s] Level 1:colcon.colcon_core.environment:checking '/home/ray/autonomous_robot/install/myamr_controller/lib/pkgconfig/myamr_controller.pc'
[1.522s] Level 1:colcon.colcon_core.environment:checking '/home/ray/autonomous_robot/install/myamr_controller/lib/python3.10/site-packages'
[1.522s] Level 1:colcon.colcon_core.environment:checking '/home/ray/autonomous_robot/install/myamr_controller/bin'
[1.523s] INFO:colcon.colcon_core.shell:Creating package script '/home/ray/autonomous_robot/install/myamr_controller/share/myamr_controller/package.ps1'
[1.523s] INFO:colcon.colcon_core.shell:Creating package descriptor '/home/ray/autonomous_robot/install/myamr_controller/share/myamr_controller/package.dsv'
[1.524s] INFO:colcon.colcon_core.shell:Creating package script '/home/ray/autonomous_robot/install/myamr_controller/share/myamr_controller/package.sh'
[1.524s] INFO:colcon.colcon_core.shell:Creating package script '/home/ray/autonomous_robot/install/myamr_controller/share/myamr_controller/package.bash'
[1.525s] INFO:colcon.colcon_core.shell:Creating package script '/home/ray/autonomous_robot/install/myamr_controller/share/myamr_controller/package.zsh'
[1.525s] Level 1:colcon.colcon_core.environment:create_file_with_runtime_dependencies(/home/ray/autonomous_robot/install/myamr_controller/share/colcon-core/packages/myamr_controller)
[1.526s] Level 1:colcon.colcon_core.environment:create_environment_scripts_only(myamr_description)
[1.527s] Level 1:colcon.colcon_core.environment:checking '/home/ray/autonomous_robot/install/myamr_description' for CMake module files
[1.528s] Level 1:colcon.colcon_core.environment:checking '/home/ray/autonomous_robot/install/myamr_description' for CMake config files
[1.528s] DEBUG:colcon.colcon_core.event_handler.log_command:Invoked command in '/home/ray/autonomous_robot/build/myamr_description' returned '0': CMAKE_PREFIX_PATH=${CMAKE_PREFIX_PATH}:/home/ray/autonomous_tb3_ws/install/autonomous_tb3:/home/ray/turtlebot3_ws/install/turtlebot3_teleop:/home/ray/turtlebot3_ws/install/turtlebot3_example:/home/ray/turtlebot3_ws/install/my_robot_test:/home/ray/autonomous_tb3_ws/src/install/autonomous_tb3:/opt/ros/humble /usr/bin/cmake --install /home/ray/autonomous_robot/build/myamr_description
[1.536s] Level 1:colcon.colcon_core.shell:create_environment_hook('myamr_description', 'cmake_prefix_path')
[1.536s] INFO:colcon.colcon_core.shell:Creating environment hook '/home/ray/autonomous_robot/install/myamr_description/share/myamr_description/hook/cmake_prefix_path.ps1'
[1.537s] INFO:colcon.colcon_core.shell:Creating environment descriptor '/home/ray/autonomous_robot/install/myamr_description/share/myamr_description/hook/cmake_prefix_path.dsv'
[1.537s] INFO:colcon.colcon_core.shell:Creating environment hook '/home/ray/autonomous_robot/install/myamr_description/share/myamr_description/hook/cmake_prefix_path.sh'
[1.538s] Level 1:colcon.colcon_core.environment:checking '/home/ray/autonomous_robot/install/myamr_description/bin'
[1.538s] Level 1:colcon.colcon_core.environment:checking '/home/ray/autonomous_robot/install/myamr_description/lib/pkgconfig/myamr_description.pc'
[1.538s] Level 1:colcon.colcon_core.environment:checking '/home/ray/autonomous_robot/install/myamr_description/lib/python3.10/site-packages'
[1.539s] Level 1:colcon.colcon_core.environment:checking '/home/ray/autonomous_robot/install/myamr_description/bin'
[1.539s] INFO:colcon.colcon_core.shell:Creating package script '/home/ray/autonomous_robot/install/myamr_description/share/myamr_description/package.ps1'
[1.540s] INFO:colcon.colcon_core.shell:Creating package descriptor '/home/ray/autonomous_robot/install/myamr_description/share/myamr_description/package.dsv'
[1.540s] INFO:colcon.colcon_core.shell:Creating package script '/home/ray/autonomous_robot/install/myamr_description/share/myamr_description/package.sh'
[1.541s] INFO:colcon.colcon_core.shell:Creating package script '/home/ray/autonomous_robot/install/myamr_description/share/myamr_description/package.bash'
[1.541s] INFO:colcon.colcon_core.shell:Creating package script '/home/ray/autonomous_robot/install/myamr_description/share/myamr_description/package.zsh'
[1.542s] Level 1:colcon.colcon_core.environment:create_file_with_runtime_dependencies(/home/ray/autonomous_robot/install/myamr_description/share/colcon-core/packages/myamr_description)
[1.542s] Level 1:colcon.colcon_core.environment:create_environment_scripts_only(myamr_description)
[1.543s] Level 1:colcon.colcon_core.environment:checking '/home/ray/autonomous_robot/install/myamr_description' for CMake module files
[1.543s] Level 1:colcon.colcon_core.environment:checking '/home/ray/autonomous_robot/install/myamr_description' for CMake config files
[1.548s] Level 1:colcon.colcon_core.shell:create_environment_hook('myamr_description', 'cmake_prefix_path')
[1.548s] INFO:colcon.colcon_core.shell:Creating environment hook '/home/ray/autonomous_robot/install/myamr_description/share/myamr_description/hook/cmake_prefix_path.ps1'
[1.548s] INFO:colcon.colcon_core.shell:Creating environment descriptor '/home/ray/autonomous_robot/install/myamr_description/share/myamr_description/hook/cmake_prefix_path.dsv'
[1.549s] INFO:colcon.colcon_core.shell:Creating environment hook '/home/ray/autonomous_robot/install/myamr_description/share/myamr_description/hook/cmake_prefix_path.sh'
[1.550s] Level 1:colcon.colcon_core.environment:checking '/home/ray/autonomous_robot/install/myamr_description/bin'
[1.550s] Level 1:colcon.colcon_core.environment:checking '/home/ray/autonomous_robot/install/myamr_description/lib/pkgconfig/myamr_description.pc'
[1.550s] Level 1:colcon.colcon_core.environment:checking '/home/ray/autonomous_robot/install/myamr_description/lib/python3.10/site-packages'
[1.550s] Level 1:colcon.colcon_core.environment:checking '/home/ray/autonomous_robot/install/myamr_description/bin'
[1.550s] INFO:colcon.colcon_core.shell:Creating package script '/home/ray/autonomous_robot/install/myamr_description/share/myamr_description/package.ps1'
[1.551s] INFO:colcon.colcon_core.shell:Creating package descriptor '/home/ray/autonomous_robot/install/myamr_description/share/myamr_description/package.dsv'
[1.551s] INFO:colcon.colcon_core.shell:Creating package script '/home/ray/autonomous_robot/install/myamr_description/share/myamr_description/package.sh'
[1.551s] INFO:colcon.colcon_core.shell:Creating package script '/home/ray/autonomous_robot/install/myamr_description/share/myamr_description/package.bash'
[1.552s] INFO:colcon.colcon_core.shell:Creating package script '/home/ray/autonomous_robot/install/myamr_description/share/myamr_description/package.zsh'
[1.552s] Level 1:colcon.colcon_core.environment:create_file_with_runtime_dependencies(/home/ray/autonomous_robot/install/myamr_description/share/colcon-core/packages/myamr_description)
[1.553s] Level 1:colcon.colcon_core.environment:create_environment_scripts_only(myamr_mapping)
[1.553s] Level 1:colcon.colcon_core.environment:checking '/home/ray/autonomous_robot/install/myamr_mapping' for CMake module files
[1.554s] DEBUG:colcon.colcon_core.event_handler.log_command:Invoked command in '/home/ray/autonomous_robot/build/myamr_mapping' returned '0': CMAKE_PREFIX_PATH=${CMAKE_PREFIX_PATH}:/home/ray/autonomous_tb3_ws/install/autonomous_tb3:/home/ray/turtlebot3_ws/install/turtlebot3_teleop:/home/ray/turtlebot3_ws/install/turtlebot3_example:/home/ray/turtlebot3_ws/install/my_robot_test:/home/ray/autonomous_tb3_ws/src/install/autonomous_tb3:/opt/ros/humble /usr/bin/cmake --install /home/ray/autonomous_robot/build/myamr_mapping
[1.554s] Level 1:colcon.colcon_core.environment:checking '/home/ray/autonomous_robot/install/myamr_mapping' for CMake config files
[1.555s] Level 1:colcon.colcon_core.shell:create_environment_hook('myamr_mapping', 'cmake_prefix_path')
[1.555s] INFO:colcon.colcon_core.shell:Creating environment hook '/home/ray/autonomous_robot/install/myamr_mapping/share/myamr_mapping/hook/cmake_prefix_path.ps1'
[1.555s] INFO:colcon.colcon_core.shell:Creating environment descriptor '/home/ray/autonomous_robot/install/myamr_mapping/share/myamr_mapping/hook/cmake_prefix_path.dsv'
[1.555s] INFO:colcon.colcon_core.shell:Creating environment hook '/home/ray/autonomous_robot/install/myamr_mapping/share/myamr_mapping/hook/cmake_prefix_path.sh'
[1.556s] Level 1:colcon.colcon_core.environment:checking '/home/ray/autonomous_robot/install/myamr_mapping/lib'
[1.556s] Level 1:colcon.colcon_core.environment:checking '/home/ray/autonomous_robot/install/myamr_mapping/bin'
[1.556s] Level 1:colcon.colcon_core.environment:checking '/home/ray/autonomous_robot/install/myamr_mapping/lib/pkgconfig/myamr_mapping.pc'
[1.556s] Level 1:colcon.colcon_core.environment:checking '/home/ray/autonomous_robot/install/myamr_mapping/lib/python3.10/site-packages'
[1.557s] Level 1:colcon.colcon_core.environment:checking '/home/ray/autonomous_robot/install/myamr_mapping/bin'
[1.557s] INFO:colcon.colcon_core.shell:Creating package script '/home/ray/autonomous_robot/install/myamr_mapping/share/myamr_mapping/package.ps1'
[1.558s] INFO:colcon.colcon_core.shell:Creating package descriptor '/home/ray/autonomous_robot/install/myamr_mapping/share/myamr_mapping/package.dsv'
[1.558s] INFO:colcon.colcon_core.shell:Creating package script '/home/ray/autonomous_robot/install/myamr_mapping/share/myamr_mapping/package.sh'
[1.558s] INFO:colcon.colcon_core.shell:Creating package script '/home/ray/autonomous_robot/install/myamr_mapping/share/myamr_mapping/package.bash'
[1.559s] INFO:colcon.colcon_core.shell:Creating package script '/home/ray/autonomous_robot/install/myamr_mapping/share/myamr_mapping/package.zsh'
[1.559s] Level 1:colcon.colcon_core.environment:create_file_with_runtime_dependencies(/home/ray/autonomous_robot/install/myamr_mapping/share/colcon-core/packages/myamr_mapping)
[1.559s] Level 1:colcon.colcon_core.environment:create_environment_scripts_only(myamr_mapping)
[1.560s] Level 1:colcon.colcon_core.environment:checking '/home/ray/autonomous_robot/install/myamr_mapping' for CMake module files
[1.560s] Level 1:colcon.colcon_core.environment:checking '/home/ray/autonomous_robot/install/myamr_mapping' for CMake config files
[1.561s] Level 1:colcon.colcon_core.shell:create_environment_hook('myamr_mapping', 'cmake_prefix_path')
[1.561s] INFO:colcon.colcon_core.shell:Creating environment hook '/home/ray/autonomous_robot/install/myamr_mapping/share/myamr_mapping/hook/cmake_prefix_path.ps1'
[1.562s] INFO:colcon.colcon_core.shell:Creating environment descriptor '/home/ray/autonomous_robot/install/myamr_mapping/share/myamr_mapping/hook/cmake_prefix_path.dsv'
[1.562s] INFO:colcon.colcon_core.shell:Creating environment hook '/home/ray/autonomous_robot/install/myamr_mapping/share/myamr_mapping/hook/cmake_prefix_path.sh'
[1.563s] Level 1:colcon.colcon_core.environment:checking '/home/ray/autonomous_robot/install/myamr_mapping/lib'
[1.563s] Level 1:colcon.colcon_core.environment:checking '/home/ray/autonomous_robot/install/myamr_mapping/bin'
[1.563s] Level 1:colcon.colcon_core.environment:checking '/home/ray/autonomous_robot/install/myamr_mapping/lib/pkgconfig/myamr_mapping.pc'
[1.563s] Level 1:colcon.colcon_core.environment:checking '/home/ray/autonomous_robot/install/myamr_mapping/lib/python3.10/site-packages'
[1.563s] Level 1:colcon.colcon_core.environment:checking '/home/ray/autonomous_robot/install/myamr_mapping/bin'
[1.563s] INFO:colcon.colcon_core.shell:Creating package script '/home/ray/autonomous_robot/install/myamr_mapping/share/myamr_mapping/package.ps1'
[1.564s] INFO:colcon.colcon_core.shell:Creating package descriptor '/home/ray/autonomous_robot/install/myamr_mapping/share/myamr_mapping/package.dsv'
[1.564s] INFO:colcon.colcon_core.shell:Creating package script '/home/ray/autonomous_robot/install/myamr_mapping/share/myamr_mapping/package.sh'
[1.565s] INFO:colcon.colcon_core.shell:Creating package script '/home/ray/autonomous_robot/install/myamr_mapping/share/myamr_mapping/package.bash'
[1.565s] INFO:colcon.colcon_core.shell:Creating package script '/home/ray/autonomous_robot/install/myamr_mapping/share/myamr_mapping/package.zsh'
[1.565s] Level 1:colcon.colcon_core.environment:create_file_with_runtime_dependencies(/home/ray/autonomous_robot/install/myamr_mapping/share/colcon-core/packages/myamr_mapping)
[1.566s] INFO:colcon.colcon_ros.task.ament_cmake.build:Building ROS package in '/home/ray/autonomous_robot/myamr_bringup' with build type 'ament_cmake'
[1.566s] INFO:colcon.colcon_cmake.task.cmake.build:Building CMake package in '/home/ray/autonomous_robot/myamr_bringup'
[1.566s] INFO:colcon.colcon_core.shell:Skip shell extension 'powershell' for command environment: Not usable outside of PowerShell
[1.566s] DEBUG:colcon.colcon_core.shell:Skip shell extension 'dsv' for command environment
[1.581s] DEBUG:colcon.colcon_core.event_handler.log_command:Invoking command in '/home/ray/autonomous_robot/build/myamr_bringup': AMENT_PREFIX_PATH=/home/ray/autonomous_robot/install/myamr_mapping:/home/ray/autonomous_robot/install/myamr_localization:/home/ray/autonomous_robot/install/myamr_description:/home/ray/autonomous_robot/install/myamr_controller:${AMENT_PREFIX_PATH} CMAKE_PREFIX_PATH=/home/ray/autonomous_robot/install/myamr_mapping:/home/ray/autonomous_robot/install/myamr_localization:/home/ray/autonomous_robot/install/myamr_description:/home/ray/autonomous_robot/install/myamr_controller:/home/ray/turtlebot3_ws/install/turtlebot3:/home/ray/turtlebot3_ws/install/turtlebot3_simulations:/home/ray/turtlebot3_ws/install/turtlebot3_bringup:/home/ray/turtlebot3_ws/install/turtlebot3_node:/home/ray/turtlebot3_ws/install/turtlebot3_navigation2:/home/ray/turtlebot3_ws/install/turtlebot3_gazebo:/home/ray/turtlebot3_ws/install/turtlebot3_fake_node:/home/ray/turtlebot3_ws/install/turtlebot3_description:/home/ray/turtlebot3_ws/install/turtlebot3_cartographer:/home/ray/autonomous_tb3_ws/install/autonomous_tb3:/home/ray/turtlebot3_ws/install/turtlebot3_teleop:/home/ray/turtlebot3_ws/install/turtlebot3_example:/home/ray/turtlebot3_ws/install/my_robot_test:/home/ray/autonomous_tb3_ws/src/install/autonomous_tb3:/opt/ros/humble PATH=/home/ray/autonomous_robot/install/myamr_localization/bin:${PATH} PYTHONPATH=/home/ray/autonomous_robot/install/myamr_mapping/local/lib/python3.10/dist-packages:/home/ray/autonomous_robot/install/myamr_localization/local/lib/python3.10/dist-packages:/home/ray/autonomous_robot/install/myamr_controller/local/lib/python3.10/dist-packages:${PYTHONPATH} /usr/bin/cmake --build /home/ray/autonomous_robot/build/myamr_bringup -- -j8 -l8
[1.620s] DEBUG:colcon.colcon_core.event_handler.log_command:Invoked command in '/home/ray/autonomous_robot/build/myamr_bringup' returned '0': AMENT_PREFIX_PATH=/home/ray/autonomous_robot/install/myamr_mapping:/home/ray/autonomous_robot/install/myamr_localization:/home/ray/autonomous_robot/install/myamr_description:/home/ray/autonomous_robot/install/myamr_controller:${AMENT_PREFIX_PATH} CMAKE_PREFIX_PATH=/home/ray/autonomous_robot/install/myamr_mapping:/home/ray/autonomous_robot/install/myamr_localization:/home/ray/autonomous_robot/install/myamr_description:/home/ray/autonomous_robot/install/myamr_controller:/home/ray/turtlebot3_ws/install/turtlebot3:/home/ray/turtlebot3_ws/install/turtlebot3_simulations:/home/ray/turtlebot3_ws/install/turtlebot3_bringup:/home/ray/turtlebot3_ws/install/turtlebot3_node:/home/ray/turtlebot3_ws/install/turtlebot3_navigation2:/home/ray/turtlebot3_ws/install/turtlebot3_gazebo:/home/ray/turtlebot3_ws/install/turtlebot3_fake_node:/home/ray/turtlebot3_ws/install/turtlebot3_description:/home/ray/turtlebot3_ws/install/turtlebot3_cartographer:/home/ray/autonomous_tb3_ws/install/autonomous_tb3:/home/ray/turtlebot3_ws/install/turtlebot3_teleop:/home/ray/turtlebot3_ws/install/turtlebot3_example:/home/ray/turtlebot3_ws/install/my_robot_test:/home/ray/autonomous_tb3_ws/src/install/autonomous_tb3:/opt/ros/humble PATH=/home/ray/autonomous_robot/install/myamr_localization/bin:${PATH} PYTHONPATH=/home/ray/autonomous_robot/install/myamr_mapping/local/lib/python3.10/dist-packages:/home/ray/autonomous_robot/install/myamr_localization/local/lib/python3.10/dist-packages:/home/ray/autonomous_robot/install/myamr_controller/local/lib/python3.10/dist-packages:${PYTHONPATH} /usr/bin/cmake --build /home/ray/autonomous_robot/build/myamr_bringup -- -j8 -l8
[1.622s] DEBUG:colcon.colcon_core.event_handler.log_command:Invoking command in '/home/ray/autonomous_robot/build/myamr_bringup': AMENT_PREFIX_PATH=/home/ray/autonomous_robot/install/myamr_mapping:/home/ray/autonomous_robot/install/myamr_localization:/home/ray/autonomous_robot/install/myamr_description:/home/ray/autonomous_robot/install/myamr_controller:${AMENT_PREFIX_PATH} CMAKE_PREFIX_PATH=/home/ray/autonomous_robot/install/myamr_mapping:/home/ray/autonomous_robot/install/myamr_localization:/home/ray/autonomous_robot/install/myamr_description:/home/ray/autonomous_robot/install/myamr_controller:/home/ray/turtlebot3_ws/install/turtlebot3:/home/ray/turtlebot3_ws/install/turtlebot3_simulations:/home/ray/turtlebot3_ws/install/turtlebot3_bringup:/home/ray/turtlebot3_ws/install/turtlebot3_node:/home/ray/turtlebot3_ws/install/turtlebot3_navigation2:/home/ray/turtlebot3_ws/install/turtlebot3_gazebo:/home/ray/turtlebot3_ws/install/turtlebot3_fake_node:/home/ray/turtlebot3_ws/install/turtlebot3_description:/home/ray/turtlebot3_ws/install/turtlebot3_cartographer:/home/ray/autonomous_tb3_ws/install/autonomous_tb3:/home/ray/turtlebot3_ws/install/turtlebot3_teleop:/home/ray/turtlebot3_ws/install/turtlebot3_example:/home/ray/turtlebot3_ws/install/my_robot_test:/home/ray/autonomous_tb3_ws/src/install/autonomous_tb3:/opt/ros/humble PATH=/home/ray/autonomous_robot/install/myamr_localization/bin:${PATH} PYTHONPATH=/home/ray/autonomous_robot/install/myamr_mapping/local/lib/python3.10/dist-packages:/home/ray/autonomous_robot/install/myamr_localization/local/lib/python3.10/dist-packages:/home/ray/autonomous_robot/install/myamr_controller/local/lib/python3.10/dist-packages:${PYTHONPATH} /usr/bin/cmake --install /home/ray/autonomous_robot/build/myamr_bringup
[1.633s] Level 1:colcon.colcon_core.environment:create_environment_scripts_only(myamr_bringup)
[1.633s] Level 1:colcon.colcon_core.environment:checking '/home/ray/autonomous_robot/install/myamr_bringup' for CMake module files
[1.634s] DEBUG:colcon.colcon_core.event_handler.log_command:Invoked command in '/home/ray/autonomous_robot/build/myamr_bringup' returned '0': AMENT_PREFIX_PATH=/home/ray/autonomous_robot/install/myamr_mapping:/home/ray/autonomous_robot/install/myamr_localization:/home/ray/autonomous_robot/install/myamr_description:/home/ray/autonomous_robot/install/myamr_controller:${AMENT_PREFIX_PATH} CMAKE_PREFIX_PATH=/home/ray/autonomous_robot/install/myamr_mapping:/home/ray/autonomous_robot/install/myamr_localization:/home/ray/autonomous_robot/install/myamr_description:/home/ray/autonomous_robot/install/myamr_controller:/home/ray/turtlebot3_ws/install/turtlebot3:/home/ray/turtlebot3_ws/install/turtlebot3_simulations:/home/ray/turtlebot3_ws/install/turtlebot3_bringup:/home/ray/turtlebot3_ws/install/turtlebot3_node:/home/ray/turtlebot3_ws/install/turtlebot3_navigation2:/home/ray/turtlebot3_ws/install/turtlebot3_gazebo:/home/ray/turtlebot3_ws/install/turtlebot3_fake_node:/home/ray/turtlebot3_ws/install/turtlebot3_description:/home/ray/turtlebot3_ws/install/turtlebot3_cartographer:/home/ray/autonomous_tb3_ws/install/autonomous_tb3:/home/ray/turtlebot3_ws/install/turtlebot3_teleop:/home/ray/turtlebot3_ws/install/turtlebot3_example:/home/ray/turtlebot3_ws/install/my_robot_test:/home/ray/autonomous_tb3_ws/src/install/autonomous_tb3:/opt/ros/humble PATH=/home/ray/autonomous_robot/install/myamr_localization/bin:${PATH} PYTHONPATH=/home/ray/autonomous_robot/install/myamr_mapping/local/lib/python3.10/dist-packages:/home/ray/autonomous_robot/install/myamr_localization/local/lib/python3.10/dist-packages:/home/ray/autonomous_robot/install/myamr_controller/local/lib/python3.10/dist-packages:${PYTHONPATH} /usr/bin/cmake --install /home/ray/autonomous_robot/build/myamr_bringup
[1.634s] Level 1:colcon.colcon_core.environment:checking '/home/ray/autonomous_robot/install/myamr_bringup' for CMake config files
[1.634s] Level 1:colcon.colcon_core.shell:create_environment_hook('myamr_bringup', 'cmake_prefix_path')
[1.634s] INFO:colcon.colcon_core.shell:Creating environment hook '/home/ray/autonomous_robot/install/myamr_bringup/share/myamr_bringup/hook/cmake_prefix_path.ps1'
[1.635s] INFO:colcon.colcon_core.shell:Creating environment descriptor '/home/ray/autonomous_robot/install/myamr_bringup/share/myamr_bringup/hook/cmake_prefix_path.dsv'
[1.635s] INFO:colcon.colcon_core.shell:Creating environment hook '/home/ray/autonomous_robot/install/myamr_bringup/share/myamr_bringup/hook/cmake_prefix_path.sh'
[1.636s] Level 1:colcon.colcon_core.environment:checking '/home/ray/autonomous_robot/install/myamr_bringup/bin'
[1.636s] Level 1:colcon.colcon_core.environment:checking '/home/ray/autonomous_robot/install/myamr_bringup/lib/pkgconfig/myamr_bringup.pc'
[1.636s] Level 1:colcon.colcon_core.environment:checking '/home/ray/autonomous_robot/install/myamr_bringup/lib/python3.10/site-packages'
[1.636s] Level 1:colcon.colcon_core.environment:checking '/home/ray/autonomous_robot/install/myamr_bringup/bin'
[1.636s] INFO:colcon.colcon_core.shell:Creating package script '/home/ray/autonomous_robot/install/myamr_bringup/share/myamr_bringup/package.ps1'
[1.637s] INFO:colcon.colcon_core.shell:Creating package descriptor '/home/ray/autonomous_robot/install/myamr_bringup/share/myamr_bringup/package.dsv'
[1.637s] INFO:colcon.colcon_core.shell:Creating package script '/home/ray/autonomous_robot/install/myamr_bringup/share/myamr_bringup/package.sh'
[1.637s] INFO:colcon.colcon_core.shell:Creating package script '/home/ray/autonomous_robot/install/myamr_bringup/share/myamr_bringup/package.bash'
[1.638s] INFO:colcon.colcon_core.shell:Creating package script '/home/ray/autonomous_robot/install/myamr_bringup/share/myamr_bringup/package.zsh'
[1.638s] Level 1:colcon.colcon_core.environment:create_file_with_runtime_dependencies(/home/ray/autonomous_robot/install/myamr_bringup/share/colcon-core/packages/myamr_bringup)
[1.638s] Level 1:colcon.colcon_core.environment:create_environment_scripts_only(myamr_bringup)
[1.639s] Level 1:colcon.colcon_core.environment:checking '/home/ray/autonomous_robot/install/myamr_bringup' for CMake module files
[1.639s] Level 1:colcon.colcon_core.environment:checking '/home/ray/autonomous_robot/install/myamr_bringup' for CMake config files
[1.639s] Level 1:colcon.colcon_core.shell:create_environment_hook('myamr_bringup', 'cmake_prefix_path')
[1.640s] INFO:colcon.colcon_core.shell:Creating environment hook '/home/ray/autonomous_robot/install/myamr_bringup/share/myamr_bringup/hook/cmake_prefix_path.ps1'
[1.640s] INFO:colcon.colcon_core.shell:Creating environment descriptor '/home/ray/autonomous_robot/install/myamr_bringup/share/myamr_bringup/hook/cmake_prefix_path.dsv'
[1.640s] INFO:colcon.colcon_core.shell:Creating environment hook '/home/ray/autonomous_robot/install/myamr_bringup/share/myamr_bringup/hook/cmake_prefix_path.sh'
[1.641s] Level 1:colcon.colcon_core.environment:checking '/home/ray/autonomous_robot/install/myamr_bringup/bin'
[1.641s] Level 1:colcon.colcon_core.environment:checking '/home/ray/autonomous_robot/install/myamr_bringup/lib/pkgconfig/myamr_bringup.pc'
[1.641s] Level 1:colcon.colcon_core.environment:checking '/home/ray/autonomous_robot/install/myamr_bringup/lib/python3.10/site-packages'
[1.642s] Level 1:colcon.colcon_core.environment:checking '/home/ray/autonomous_robot/install/myamr_bringup/bin'
[1.642s] INFO:colcon.colcon_core.shell:Creating package script '/home/ray/autonomous_robot/install/myamr_bringup/share/myamr_bringup/package.ps1'
[1.642s] INFO:colcon.colcon_core.shell:Creating package descriptor '/home/ray/autonomous_robot/install/myamr_bringup/share/myamr_bringup/package.dsv'
[1.643s] INFO:colcon.colcon_core.shell:Creating package script '/home/ray/autonomous_robot/install/myamr_bringup/share/myamr_bringup/package.sh'
[1.643s] INFO:colcon.colcon_core.shell:Creating package script '/home/ray/autonomous_robot/install/myamr_bringup/share/myamr_bringup/package.bash'
[1.643s] INFO:colcon.colcon_core.shell:Creating package script '/home/ray/autonomous_robot/install/myamr_bringup/share/myamr_bringup/package.zsh'
[1.644s] Level 1:colcon.colcon_core.environment:create_file_with_runtime_dependencies(/home/ray/autonomous_robot/install/myamr_bringup/share/colcon-core/packages/myamr_bringup)
[1.894s] DEBUG:colcon.colcon_core.event_handler.log_command:Invoked command in '/home/ray/autonomous_robot/build/myamr_utils' returned '0': CMAKE_PREFIX_PATH=${CMAKE_PREFIX_PATH}:/home/ray/autonomous_tb3_ws/install/autonomous_tb3:/home/ray/turtlebot3_ws/install/turtlebot3_teleop:/home/ray/turtlebot3_ws/install/turtlebot3_example:/home/ray/turtlebot3_ws/install/my_robot_test:/home/ray/autonomous_tb3_ws/src/install/autonomous_tb3:/opt/ros/humble /usr/bin/cmake --build /home/ray/autonomous_robot/build/myamr_utils -- -j8 -l8
[1.896s] DEBUG:colcon.colcon_core.event_handler.log_command:Invoking command in '/home/ray/autonomous_robot/build/myamr_utils': CMAKE_PREFIX_PATH=${CMAKE_PREFIX_PATH}:/home/ray/autonomous_tb3_ws/install/autonomous_tb3:/home/ray/turtlebot3_ws/install/turtlebot3_teleop:/home/ray/turtlebot3_ws/install/turtlebot3_example:/home/ray/turtlebot3_ws/install/my_robot_test:/home/ray/autonomous_tb3_ws/src/install/autonomous_tb3:/opt/ros/humble /usr/bin/cmake --install /home/ray/autonomous_robot/build/myamr_utils
[1.982s] Level 1:colcon.colcon_core.environment:create_environment_scripts_only(myamr_utils)
[1.982s] Level 1:colcon.colcon_core.environment:checking '/home/ray/autonomous_robot/install/myamr_utils' for CMake module files
[1.983s] DEBUG:colcon.colcon_core.event_handler.log_command:Invoked command in '/home/ray/autonomous_robot/build/myamr_utils' returned '0': CMAKE_PREFIX_PATH=${CMAKE_PREFIX_PATH}:/home/ray/autonomous_tb3_ws/install/autonomous_tb3:/home/ray/turtlebot3_ws/install/turtlebot3_teleop:/home/ray/turtlebot3_ws/install/turtlebot3_example:/home/ray/turtlebot3_ws/install/my_robot_test:/home/ray/autonomous_tb3_ws/src/install/autonomous_tb3:/opt/ros/humble /usr/bin/cmake --install /home/ray/autonomous_robot/build/myamr_utils
[1.984s] Level 1:colcon.colcon_core.environment:checking '/home/ray/autonomous_robot/install/myamr_utils' for CMake config files
[1.984s] Level 1:colcon.colcon_core.shell:create_environment_hook('myamr_utils', 'cmake_prefix_path')
[1.985s] INFO:colcon.colcon_core.shell:Creating environment hook '/home/ray/autonomous_robot/install/myamr_utils/share/myamr_utils/hook/cmake_prefix_path.ps1'
[1.986s] INFO:colcon.colcon_core.shell:Creating environment descriptor '/home/ray/autonomous_robot/install/myamr_utils/share/myamr_utils/hook/cmake_prefix_path.dsv'
[1.986s] INFO:colcon.colcon_core.shell:Creating environment hook '/home/ray/autonomous_robot/install/myamr_utils/share/myamr_utils/hook/cmake_prefix_path.sh'
[1.987s] Level 1:colcon.colcon_core.environment:checking '/home/ray/autonomous_robot/install/myamr_utils/lib'
[1.987s] Level 1:colcon.colcon_core.environment:checking '/home/ray/autonomous_robot/install/myamr_utils/bin'
[1.987s] Level 1:colcon.colcon_core.environment:checking '/home/ray/autonomous_robot/install/myamr_utils/lib/pkgconfig/myamr_utils.pc'
[1.988s] Level 1:colcon.colcon_core.environment:checking '/home/ray/autonomous_robot/install/myamr_utils/lib/python3.10/site-packages'
[1.988s] Level 1:colcon.colcon_core.environment:checking '/home/ray/autonomous_robot/install/myamr_utils/bin'
[1.988s] INFO:colcon.colcon_core.shell:Creating package script '/home/ray/autonomous_robot/install/myamr_utils/share/myamr_utils/package.ps1'
[1.989s] INFO:colcon.colcon_core.shell:Creating package descriptor '/home/ray/autonomous_robot/install/myamr_utils/share/myamr_utils/package.dsv'
[1.990s] INFO:colcon.colcon_core.shell:Creating package script '/home/ray/autonomous_robot/install/myamr_utils/share/myamr_utils/package.sh'
[1.990s] INFO:colcon.colcon_core.shell:Creating package script '/home/ray/autonomous_robot/install/myamr_utils/share/myamr_utils/package.bash'
[1.991s] INFO:colcon.colcon_core.shell:Creating package script '/home/ray/autonomous_robot/install/myamr_utils/share/myamr_utils/package.zsh'
[1.991s] Level 1:colcon.colcon_core.environment:create_file_with_runtime_dependencies(/home/ray/autonomous_robot/install/myamr_utils/share/colcon-core/packages/myamr_utils)
[1.992s] Level 1:colcon.colcon_core.environment:create_environment_scripts_only(myamr_utils)
[1.993s] Level 1:colcon.colcon_core.environment:checking '/home/ray/autonomous_robot/install/myamr_utils' for CMake module files
[1.994s] Level 1:colcon.colcon_core.environment:checking '/home/ray/autonomous_robot/install/myamr_utils' for CMake config files
[1.995s] Level 1:colcon.colcon_core.shell:create_environment_hook('myamr_utils', 'cmake_prefix_path')
[1.996s] INFO:colcon.colcon_core.shell:Creating environment hook '/home/ray/autonomous_robot/install/myamr_utils/share/myamr_utils/hook/cmake_prefix_path.ps1'
[1.997s] INFO:colcon.colcon_core.shell:Creating environment descriptor '/home/ray/autonomous_robot/install/myamr_utils/share/myamr_utils/hook/cmake_prefix_path.dsv'
[1.997s] INFO:colcon.colcon_core.shell:Creating environment hook '/home/ray/autonomous_robot/install/myamr_utils/share/myamr_utils/hook/cmake_prefix_path.sh'
[1.998s] Level 1:colcon.colcon_core.environment:checking '/home/ray/autonomous_robot/install/myamr_utils/lib'
[1.998s] Level 1:colcon.colcon_core.environment:checking '/home/ray/autonomous_robot/install/myamr_utils/bin'
[1.998s] Level 1:colcon.colcon_core.environment:checking '/home/ray/autonomous_robot/install/myamr_utils/lib/pkgconfig/myamr_utils.pc'
[1.998s] Level 1:colcon.colcon_core.environment:checking '/home/ray/autonomous_robot/install/myamr_utils/lib/python3.10/site-packages'
[1.999s] Level 1:colcon.colcon_core.environment:checking '/home/ray/autonomous_robot/install/myamr_utils/bin'
[1.999s] INFO:colcon.colcon_core.shell:Creating package script '/home/ray/autonomous_robot/install/myamr_utils/share/myamr_utils/package.ps1'
[2.000s] INFO:colcon.colcon_core.shell:Creating package descriptor '/home/ray/autonomous_robot/install/myamr_utils/share/myamr_utils/package.dsv'
[2.001s] INFO:colcon.colcon_core.shell:Creating package script '/home/ray/autonomous_robot/install/myamr_utils/share/myamr_utils/package.sh'
[2.001s] INFO:colcon.colcon_core.shell:Creating package script '/home/ray/autonomous_robot/install/myamr_utils/share/myamr_utils/package.bash'
[2.002s] INFO:colcon.colcon_core.shell:Creating package script '/home/ray/autonomous_robot/install/myamr_utils/share/myamr_utils/package.zsh'
[2.002s] Level 1:colcon.colcon_core.environment:create_file_with_runtime_dependencies(/home/ray/autonomous_robot/install/myamr_utils/share/colcon-core/packages/myamr_utils)
[2.011s] DEBUG:colcon.colcon_core.event_handler.log_command:Invoking command in '/home/ray/autonomous_robot/myamr_planning': PYTHONPATH=/home/ray/autonomous_robot/build/myamr_planning/prefix_override:/usr/lib/python3/dist-packages/colcon_core/task/python/colcon_distutils_commands:/home/ray/autonomous_robot/install/myamr_planning/lib/python3.10/site-packages:${PYTHONPATH} /usr/bin/python3 -W ignore:setup.py install is deprecated -W ignore:easy_install command is deprecated setup.py egg_info --egg-base ../build/myamr_planning build --build-base /home/ray/autonomous_robot/build/myamr_planning/build install --record /home/ray/autonomous_robot/build/myamr_planning/install.log --single-version-externally-managed install_data
[2.022s] DEBUG:colcon.colcon_core.event_handler.log_command:Invoking command in '/home/ray/autonomous_robot/myamr_motion': PYTHONPATH=/home/ray/autonomous_robot/build/myamr_motion/prefix_override:/usr/lib/python3/dist-packages/colcon_core/task/python/colcon_distutils_commands:/home/ray/autonomous_robot/install/myamr_motion/lib/python3.10/site-packages:${PYTHONPATH} /usr/bin/python3 -W ignore:setup.py install is deprecated -W ignore:easy_install command is deprecated setup.py egg_info --egg-base ../build/myamr_motion build --build-base /home/ray/autonomous_robot/build/myamr_motion/build install --record /home/ray/autonomous_robot/build/myamr_motion/install.log --single-version-externally-managed install_data
[2.500s] Level 1:colcon.colcon_core.environment:checking '/home/ray/autonomous_robot/install/myamr_motion' for CMake module files
[2.500s] DEBUG:colcon.colcon_core.event_handler.log_command:Invoked command in '/home/ray/autonomous_robot/myamr_motion' returned '0': PYTHONPATH=/home/ray/autonomous_robot/build/myamr_motion/prefix_override:/usr/lib/python3/dist-packages/colcon_core/task/python/colcon_distutils_commands:/home/ray/autonomous_robot/install/myamr_motion/lib/python3.10/site-packages:${PYTHONPATH} /usr/bin/python3 -W ignore:setup.py install is deprecated -W ignore:easy_install command is deprecated setup.py egg_info --egg-base ../build/myamr_motion build --build-base /home/ray/autonomous_robot/build/myamr_motion/build install --record /home/ray/autonomous_robot/build/myamr_motion/install.log --single-version-externally-managed install_data
[2.501s] Level 1:colcon.colcon_core.environment:checking '/home/ray/autonomous_robot/install/myamr_motion' for CMake config files
[2.501s] Level 1:colcon.colcon_core.environment:checking '/home/ray/autonomous_robot/install/myamr_motion/lib'
[2.501s] Level 1:colcon.colcon_core.environment:checking '/home/ray/autonomous_robot/install/myamr_motion/bin'
[2.501s] Level 1:colcon.colcon_core.environment:checking '/home/ray/autonomous_robot/install/myamr_motion/lib/pkgconfig/myamr_motion.pc'
[2.502s] Level 1:colcon.colcon_core.environment:checking '/home/ray/autonomous_robot/install/myamr_motion/lib/python3.10/site-packages'
[2.502s] Level 1:colcon.colcon_core.shell:create_environment_hook('myamr_motion', 'pythonpath')
[2.502s] INFO:colcon.colcon_core.shell:Creating environment hook '/home/ray/autonomous_robot/install/myamr_motion/share/myamr_motion/hook/pythonpath.ps1'
[2.502s] INFO:colcon.colcon_core.shell:Creating environment descriptor '/home/ray/autonomous_robot/install/myamr_motion/share/myamr_motion/hook/pythonpath.dsv'
[2.503s] INFO:colcon.colcon_core.shell:Creating environment hook '/home/ray/autonomous_robot/install/myamr_motion/share/myamr_motion/hook/pythonpath.sh'
[2.503s] Level 1:colcon.colcon_core.environment:checking '/home/ray/autonomous_robot/install/myamr_motion/bin'
[2.503s] Level 1:colcon.colcon_core.environment:create_environment_scripts_only(myamr_motion)
[2.504s] INFO:colcon.colcon_core.shell:Creating package script '/home/ray/autonomous_robot/install/myamr_motion/share/myamr_motion/package.ps1'
[2.504s] INFO:colcon.colcon_core.shell:Creating package descriptor '/home/ray/autonomous_robot/install/myamr_motion/share/myamr_motion/package.dsv'
[2.505s] INFO:colcon.colcon_core.shell:Creating package script '/home/ray/autonomous_robot/install/myamr_motion/share/myamr_motion/package.sh'
[2.505s] INFO:colcon.colcon_core.shell:Creating package script '/home/ray/autonomous_robot/install/myamr_motion/share/myamr_motion/package.bash'
[2.506s] INFO:colcon.colcon_core.shell:Creating package script '/home/ray/autonomous_robot/install/myamr_motion/share/myamr_motion/package.zsh'
[2.506s] Level 1:colcon.colcon_core.environment:create_file_with_runtime_dependencies(/home/ray/autonomous_robot/install/myamr_motion/share/colcon-core/packages/myamr_motion)
[2.532s] Level 1:colcon.colcon_core.environment:checking '/home/ray/autonomous_robot/install/myamr_planning' for CMake module files
[2.533s] DEBUG:colcon.colcon_core.event_handler.log_command:Invoked command in '/home/ray/autonomous_robot/myamr_planning' returned '0': PYTHONPATH=/home/ray/autonomous_robot/build/myamr_planning/prefix_override:/usr/lib/python3/dist-packages/colcon_core/task/python/colcon_distutils_commands:/home/ray/autonomous_robot/install/myamr_planning/lib/python3.10/site-packages:${PYTHONPATH} /usr/bin/python3 -W ignore:setup.py install is deprecated -W ignore:easy_install command is deprecated setup.py egg_info --egg-base ../build/myamr_planning build --build-base /home/ray/autonomous_robot/build/myamr_planning/build install --record /home/ray/autonomous_robot/build/myamr_planning/install.log --single-version-externally-managed install_data
[2.533s] Level 1:colcon.colcon_core.environment:checking '/home/ray/autonomous_robot/install/myamr_planning' for CMake config files
[2.534s] Level 1:colcon.colcon_core.environment:checking '/home/ray/autonomous_robot/install/myamr_planning/lib'
[2.534s] Level 1:colcon.colcon_core.environment:checking '/home/ray/autonomous_robot/install/myamr_planning/bin'
[2.534s] Level 1:colcon.colcon_core.environment:checking '/home/ray/autonomous_robot/install/myamr_planning/lib/pkgconfig/myamr_planning.pc'
[2.534s] Level 1:colcon.colcon_core.environment:checking '/home/ray/autonomous_robot/install/myamr_planning/lib/python3.10/site-packages'
[2.534s] Level 1:colcon.colcon_core.shell:create_environment_hook('myamr_planning', 'pythonpath')
[2.535s] INFO:colcon.colcon_core.shell:Creating environment hook '/home/ray/autonomous_robot/install/myamr_planning/share/myamr_planning/hook/pythonpath.ps1'
[2.535s] INFO:colcon.colcon_core.shell:Creating environment descriptor '/home/ray/autonomous_robot/install/myamr_planning/share/myamr_planning/hook/pythonpath.dsv'
[2.536s] INFO:colcon.colcon_core.shell:Creating environment hook '/home/ray/autonomous_robot/install/myamr_planning/share/myamr_planning/hook/pythonpath.sh'
[2.536s] Level 1:colcon.colcon_core.environment:checking '/home/ray/autonomous_robot/install/myamr_planning/bin'
[2.536s] Level 1:colcon.colcon_core.environment:create_environment_scripts_only(myamr_planning)
[2.537s] INFO:colcon.colcon_core.shell:Creating package script '/home/ray/autonomous_robot/install/myamr_planning/share/myamr_planning/package.ps1'
[2.537s] INFO:colcon.colcon_core.shell:Creating package descriptor '/home/ray/autonomous_robot/install/myamr_planning/share/myamr_planning/package.dsv'
[2.538s] INFO:colcon.colcon_core.shell:Creating package script '/home/ray/autonomous_robot/install/myamr_planning/share/myamr_planning/package.sh'
[2.538s] INFO:colcon.colcon_core.shell:Creating package script '/home/ray/autonomous_robot/install/myamr_planning/share/myamr_planning/package.bash'
[2.539s] INFO:colcon.colcon_core.shell:Creating package script '/home/ray/autonomous_robot/install/myamr_planning/share/myamr_planning/package.zsh'
[2.539s] Level 1:colcon.colcon_core.environment:create_file_with_runtime_dependencies(/home/ray/autonomous_robot/install/myamr_planning/share/colcon-core/packages/myamr_planning)
[2.539s] DEBUG:colcon.colcon_parallel_executor.executor.parallel:closing loop
[2.540s] DEBUG:colcon.colcon_parallel_executor.executor.parallel:loop closed
[2.540s] DEBUG:colcon.colcon_parallel_executor.executor.parallel:run_until_complete finished with '0'
[2.540s] DEBUG:colcon.colcon_core.event_reactor:joining thread
[2.548s] INFO:colcon.colcon_core.plugin_system:Skipping extension 'colcon_notification.desktop_notification.terminal_notifier': Not used on non-Darwin systems
[2.548s] INFO:colcon.colcon_core.plugin_system:Skipping extension 'colcon_notification.desktop_notification.win32': Not used on non-Windows systems
[2.548s] INFO:colcon.colcon_notification.desktop_notification:Sending desktop notification using 'notify2'
[2.572s] DEBUG:colcon.colcon_core.event_reactor:joined thread
[2.573s] INFO:colcon.colcon_core.shell:Creating prefix script '/home/ray/autonomous_robot/install/local_setup.ps1'
[2.575s] INFO:colcon.colcon_core.shell:Creating prefix util module '/home/ray/autonomous_robot/install/_local_setup_util_ps1.py'
[2.578s] INFO:colcon.colcon_core.shell:Creating prefix chain script '/home/ray/autonomous_robot/install/setup.ps1'
[2.580s] INFO:colcon.colcon_core.shell:Creating prefix script '/home/ray/autonomous_robot/install/local_setup.sh'
[2.581s] INFO:colcon.colcon_core.shell:Creating prefix util module '/home/ray/autonomous_robot/install/_local_setup_util_sh.py'
[2.582s] INFO:colcon.colcon_core.shell:Creating prefix chain script '/home/ray/autonomous_robot/install/setup.sh'
[2.585s] INFO:colcon.colcon_core.shell:Creating prefix script '/home/ray/autonomous_robot/install/local_setup.bash'
[2.586s] INFO:colcon.colcon_core.shell:Creating prefix chain script '/home/ray/autonomous_robot/install/setup.bash'
[2.589s] INFO:colcon.colcon_core.shell:Creating prefix script '/home/ray/autonomous_robot/install/local_setup.zsh'
[2.590s] INFO:colcon.colcon_core.shell:Creating prefix chain script '/home/ray/autonomous_robot/install/setup.zsh'
