running egg_info
writing ../build/myamr_motion/myamr_motion.egg-info/PKG-INFO
writing dependency_links to ../build/myamr_motion/myamr_motion.egg-info/dependency_links.txt
writing entry points to ../build/myamr_motion/myamr_motion.egg-info/entry_points.txt
writing requirements to ../build/myamr_motion/myamr_motion.egg-info/requires.txt
writing top-level names to ../build/myamr_motion/myamr_motion.egg-info/top_level.txt
reading manifest file '../build/myamr_motion/myamr_motion.egg-info/SOURCES.txt'
writing manifest file '../build/myamr_motion/myamr_motion.egg-info/SOURCES.txt'
running build
running build_py
copying myamr_motion/pd_motion_planner.py -> /home/ray/autonomous_robot/build/myamr_motion/build/lib/myamr_motion
running install
running install_lib
copying /home/ray/autonomous_robot/build/myamr_motion/build/lib/myamr_motion/pd_motion_planner.py -> /home/ray/autonomous_robot/install/myamr_motion/lib/python3.10/site-packages/myamr_motion
byte-compiling /home/ray/autonomous_robot/install/myamr_motion/lib/python3.10/site-packages/myamr_motion/pd_motion_planner.py to pd_motion_planner.cpython-310.pyc
running install_data
running install_egg_info
removing '/home/ray/autonomous_robot/install/myamr_motion/lib/python3.10/site-packages/myamr_motion-0.0.0-py3.10.egg-info' (and everything under it)
Copying ../build/myamr_motion/myamr_motion.egg-info to /home/ray/autonomous_robot/install/myamr_motion/lib/python3.10/site-packages/myamr_motion-0.0.0-py3.10.egg-info
running install_scripts
Installing pd_motion_planner script to /home/ray/autonomous_robot/install/myamr_motion/lib/myamr_motion
writing list of installed files to '/home/ray/autonomous_robot/build/myamr_motion/install.log'
