[0.244s] Invoking command in '/home/ray/autonomous_robot/build/myrobot_controller': CMAKE_PREFIX_PATH=${CMAKE_PREFIX_PATH}:/home/ray/autonomous_robot/install/myamr_files:/home/ray/autonomous_tb3_ws/install/autonomous_tb3:/home/ray/turtlebot3_ws/install/turtlebot3_teleop:/home/ray/turtlebot3_ws/install/turtlebot3_example:/home/ray/turtlebot3_ws/install/my_robot_test:/home/ray/autonomous_tb3_ws/src/install/autonomous_tb3:/opt/ros/humble /usr/bin/cmake /home/ray/autonomous_robot/src/myrobot_controller -DCMAKE_INSTALL_PREFIX=/home/ray/autonomous_robot/install/myrobot_controller
[0.256s] -- Found ament_cmake: 1.3.11 (/opt/ros/humble/share/ament_cmake/cmake)
[0.472s] -- Configuring done
[0.474s] -- Generating done
[0.475s] -- Build files have been written to: /home/ray/autonomous_robot/build/myrobot_controller
[0.478s] Invoked command in '/home/ray/autonomous_robot/build/myrobot_controller' returned '0': CMAKE_PREFIX_PATH=${CMAKE_PREFIX_PATH}:/home/ray/autonomous_robot/install/myamr_files:/home/ray/autonomous_tb3_ws/install/autonomous_tb3:/home/ray/turtlebot3_ws/install/turtlebot3_teleop:/home/ray/turtlebot3_ws/install/turtlebot3_example:/home/ray/turtlebot3_ws/install/my_robot_test:/home/ray/autonomous_tb3_ws/src/install/autonomous_tb3:/opt/ros/humble /usr/bin/cmake /home/ray/autonomous_robot/src/myrobot_controller -DCMAKE_INSTALL_PREFIX=/home/ray/autonomous_robot/install/myrobot_controller
[0.480s] Invoking command in '/home/ray/autonomous_robot/build/myrobot_controller': CMAKE_PREFIX_PATH=${CMAKE_PREFIX_PATH}:/home/ray/autonomous_robot/install/myamr_files:/home/ray/autonomous_tb3_ws/install/autonomous_tb3:/home/ray/turtlebot3_ws/install/turtlebot3_teleop:/home/ray/turtlebot3_ws/install/turtlebot3_example:/home/ray/turtlebot3_ws/install/my_robot_test:/home/ray/autonomous_tb3_ws/src/install/autonomous_tb3:/opt/ros/humble /usr/bin/cmake --build /home/ray/autonomous_robot/build/myrobot_controller -- -j8 -l8
[0.517s] Invoked command in '/home/ray/autonomous_robot/build/myrobot_controller' returned '0': CMAKE_PREFIX_PATH=${CMAKE_PREFIX_PATH}:/home/ray/autonomous_robot/install/myamr_files:/home/ray/autonomous_tb3_ws/install/autonomous_tb3:/home/ray/turtlebot3_ws/install/turtlebot3_teleop:/home/ray/turtlebot3_ws/install/turtlebot3_example:/home/ray/turtlebot3_ws/install/my_robot_test:/home/ray/autonomous_tb3_ws/src/install/autonomous_tb3:/opt/ros/humble /usr/bin/cmake --build /home/ray/autonomous_robot/build/myrobot_controller -- -j8 -l8
[0.519s] Invoking command in '/home/ray/autonomous_robot/build/myrobot_controller': CMAKE_PREFIX_PATH=${CMAKE_PREFIX_PATH}:/home/ray/autonomous_robot/install/myamr_files:/home/ray/autonomous_tb3_ws/install/autonomous_tb3:/home/ray/turtlebot3_ws/install/turtlebot3_teleop:/home/ray/turtlebot3_ws/install/turtlebot3_example:/home/ray/turtlebot3_ws/install/my_robot_test:/home/ray/autonomous_tb3_ws/src/install/autonomous_tb3:/opt/ros/humble /usr/bin/cmake --install /home/ray/autonomous_robot/build/myrobot_controller
[0.527s] -- Install configuration: ""
[0.527s] -- Installing: /home/ray/autonomous_robot/install/myrobot_controller/share/myrobot_controller/config
[0.527s] -- Installing: /home/ray/autonomous_robot/install/myrobot_controller/share/myrobot_controller/config/myrobot_controllers.yaml
[0.527s] -- Installing: /home/ray/autonomous_robot/install/myrobot_controller/share/myrobot_controller/launch
[0.527s] -- Installing: /home/ray/autonomous_robot/install/myrobot_controller/share/myrobot_controller/launch/controller.launch.py
[0.527s] -- Installing: /home/ray/autonomous_robot/install/myrobot_controller/share/ament_index/resource_index/package_run_dependencies/myrobot_controller
[0.528s] -- Installing: /home/ray/autonomous_robot/install/myrobot_controller/share/ament_index/resource_index/parent_prefix_path/myrobot_controller
[0.528s] -- Installing: /home/ray/autonomous_robot/install/myrobot_controller/share/myrobot_controller/environment/ament_prefix_path.sh
[0.528s] -- Installing: /home/ray/autonomous_robot/install/myrobot_controller/share/myrobot_controller/environment/ament_prefix_path.dsv
[0.528s] -- Installing: /home/ray/autonomous_robot/install/myrobot_controller/share/myrobot_controller/environment/path.sh
[0.528s] -- Installing: /home/ray/autonomous_robot/install/myrobot_controller/share/myrobot_controller/environment/path.dsv
[0.528s] -- Installing: /home/ray/autonomous_robot/install/myrobot_controller/share/myrobot_controller/local_setup.bash
[0.529s] -- Installing: /home/ray/autonomous_robot/install/myrobot_controller/share/myrobot_controller/local_setup.sh
[0.529s] -- Installing: /home/ray/autonomous_robot/install/myrobot_controller/share/myrobot_controller/local_setup.zsh
[0.529s] -- Installing: /home/ray/autonomous_robot/install/myrobot_controller/share/myrobot_controller/local_setup.dsv
[0.529s] -- Installing: /home/ray/autonomous_robot/install/myrobot_controller/share/myrobot_controller/package.dsv
[0.529s] -- Installing: /home/ray/autonomous_robot/install/myrobot_controller/share/ament_index/resource_index/packages/myrobot_controller
[0.529s] -- Installing: /home/ray/autonomous_robot/install/myrobot_controller/share/myrobot_controller/cmake/myrobot_controllerConfig.cmake
[0.530s] -- Installing: /home/ray/autonomous_robot/install/myrobot_controller/share/myrobot_controller/cmake/myrobot_controllerConfig-version.cmake
[0.530s] -- Installing: /home/ray/autonomous_robot/install/myrobot_controller/share/myrobot_controller/package.xml
[0.533s] Invoked command in '/home/ray/autonomous_robot/build/myrobot_controller' returned '0': CMAKE_PREFIX_PATH=${CMAKE_PREFIX_PATH}:/home/ray/autonomous_robot/install/myamr_files:/home/ray/autonomous_tb3_ws/install/autonomous_tb3:/home/ray/turtlebot3_ws/install/turtlebot3_teleop:/home/ray/turtlebot3_ws/install/turtlebot3_example:/home/ray/turtlebot3_ws/install/my_robot_test:/home/ray/autonomous_tb3_ws/src/install/autonomous_tb3:/opt/ros/humble /usr/bin/cmake --install /home/ray/autonomous_robot/build/myrobot_controller
