[0.019s] Invoking command in '/home/ray/autonomous_robot/build/myamr_controller': CMAKE_PREFIX_PATH=${CMAKE_PREFIX_PATH}:/home/ray/autonomous_tb3_ws/install/autonomous_tb3:/home/ray/turtlebot3_ws/install/turtlebot3_teleop:/home/ray/turtlebot3_ws/install/turtlebot3_example:/home/ray/turtlebot3_ws/install/my_robot_test:/home/ray/autonomous_tb3_ws/src/install/autonomous_tb3:/opt/ros/humble /usr/bin/cmake --build /home/ray/autonomous_robot/build/myamr_controller -- -j8 -l8
[0.057s] -- Found ament_cmake: 1.3.11 (/opt/ros/humble/share/ament_cmake/cmake)
[0.169s] -- Found rclcpp: 16.0.12 (/opt/ros/humble/share/rclcpp/cmake)
[0.197s] -- Found rosidl_generator_c: 3.1.6 (/opt/ros/humble/share/rosidl_generator_c/cmake)
[0.200s] -- Found rosidl_adapter: 3.1.6 (/opt/ros/humble/share/rosidl_adapter/cmake)
[0.206s] -- Found rosidl_generator_cpp: 3.1.6 (/opt/ros/humble/share/rosidl_generator_cpp/cmake)
[0.214s] -- Using all available rosidl_typesupport_c: rosidl_typesupport_fastrtps_c;rosidl_typesupport_introspection_c
[0.223s] -- Using all available rosidl_typesupport_cpp: rosidl_typesupport_fastrtps_cpp;rosidl_typesupport_introspection_cpp
[0.248s] -- Found rmw_implementation_cmake: 6.1.2 (/opt/ros/humble/share/rmw_implementation_cmake/cmake)
[0.250s] -- Found rmw_fastrtps_cpp: 6.2.7 (/opt/ros/humble/share/rmw_fastrtps_cpp/cmake)
[0.342s] -- Using RMW implementation 'rmw_fastrtps_cpp' as default
[0.386s] -- Found rclpy: 3.3.16 (/opt/ros/humble/share/rclpy/cmake)
[0.386s] -- Found geometry_msgs: 4.9.0 (/opt/ros/humble/share/geometry_msgs/cmake)
[0.415s] -- Found sensor_msgs: 4.9.0 (/opt/ros/humble/share/sensor_msgs/cmake)
[0.441s] -- Found nav_msgs: 4.9.0 (/opt/ros/humble/share/nav_msgs/cmake)
[0.442s] -- Found tf2_ros: 0.25.13 (/opt/ros/humble/share/tf2_ros/cmake)
[0.641s] -- Configuring done
[0.651s] -- Generating done
[0.655s] -- Build files have been written to: /home/ray/autonomous_robot/build/myamr_controller
[0.682s] [35m[1mConsolidate compiler generated dependencies of target twist_relay[0m
[0.693s] [100%] Built target twist_relay
[0.694s] [100%] Built target ament_cmake_python_copy_myamr_controller
[0.937s] running egg_info
[0.938s] writing myamr_controller.egg-info/PKG-INFO
[0.938s] writing dependency_links to myamr_controller.egg-info/dependency_links.txt
[0.938s] writing top-level names to myamr_controller.egg-info/top_level.txt
[0.941s] reading manifest file 'myamr_controller.egg-info/SOURCES.txt'
[0.942s] writing manifest file 'myamr_controller.egg-info/SOURCES.txt'
[0.974s] [100%] Built target ament_cmake_python_build_myamr_controller_egg
[0.984s] Invoked command in '/home/ray/autonomous_robot/build/myamr_controller' returned '0': CMAKE_PREFIX_PATH=${CMAKE_PREFIX_PATH}:/home/ray/autonomous_tb3_ws/install/autonomous_tb3:/home/ray/turtlebot3_ws/install/turtlebot3_teleop:/home/ray/turtlebot3_ws/install/turtlebot3_example:/home/ray/turtlebot3_ws/install/my_robot_test:/home/ray/autonomous_tb3_ws/src/install/autonomous_tb3:/opt/ros/humble /usr/bin/cmake --build /home/ray/autonomous_robot/build/myamr_controller -- -j8 -l8
[0.985s] Invoking command in '/home/ray/autonomous_robot/build/myamr_controller': CMAKE_PREFIX_PATH=${CMAKE_PREFIX_PATH}:/home/ray/autonomous_tb3_ws/install/autonomous_tb3:/home/ray/turtlebot3_ws/install/turtlebot3_teleop:/home/ray/turtlebot3_ws/install/turtlebot3_example:/home/ray/turtlebot3_ws/install/my_robot_test:/home/ray/autonomous_tb3_ws/src/install/autonomous_tb3:/opt/ros/humble /usr/bin/cmake --install /home/ray/autonomous_robot/build/myamr_controller
[0.992s] -- Install configuration: ""
[0.992s] -- Up-to-date: /home/ray/autonomous_robot/install/myamr_controller/share/myamr_controller/environment/pythonpath.sh
[0.992s] -- Installing: /home/ray/autonomous_robot/install/myamr_controller/share/myamr_controller/environment/pythonpath.dsv
[0.992s] -- Up-to-date: /home/ray/autonomous_robot/install/myamr_controller/local/lib/python3.10/dist-packages/myamr_controller-0.0.0-py3.10.egg-info
[0.992s] -- Installing: /home/ray/autonomous_robot/install/myamr_controller/local/lib/python3.10/dist-packages/myamr_controller-0.0.0-py3.10.egg-info/SOURCES.txt
[0.992s] -- Installing: /home/ray/autonomous_robot/install/myamr_controller/local/lib/python3.10/dist-packages/myamr_controller-0.0.0-py3.10.egg-info/PKG-INFO
[0.992s] -- Installing: /home/ray/autonomous_robot/install/myamr_controller/local/lib/python3.10/dist-packages/myamr_controller-0.0.0-py3.10.egg-info/dependency_links.txt
[0.993s] -- Installing: /home/ray/autonomous_robot/install/myamr_controller/local/lib/python3.10/dist-packages/myamr_controller-0.0.0-py3.10.egg-info/top_level.txt
[0.993s] -- Up-to-date: /home/ray/autonomous_robot/install/myamr_controller/local/lib/python3.10/dist-packages/myamr_controller
[0.993s] -- Up-to-date: /home/ray/autonomous_robot/install/myamr_controller/local/lib/python3.10/dist-packages/myamr_controller/simple_controller.py
[0.993s] -- Up-to-date: /home/ray/autonomous_robot/install/myamr_controller/local/lib/python3.10/dist-packages/myamr_controller/twist_relay.py
[0.993s] -- Up-to-date: /home/ray/autonomous_robot/install/myamr_controller/local/lib/python3.10/dist-packages/myamr_controller/noisy_controller.py
[0.993s] -- Up-to-date: /home/ray/autonomous_robot/install/myamr_controller/local/lib/python3.10/dist-packages/myamr_controller/__init__.py
[1.039s] Listing '/home/ray/autonomous_robot/install/myamr_controller/local/lib/python3.10/dist-packages/myamr_controller'...
[1.044s] -- Up-to-date: /home/ray/autonomous_robot/install/myamr_controller/include/include
[1.044s] -- Up-to-date: /home/ray/autonomous_robot/install/myamr_controller/include/include/bumperbot_controller
[1.044s] -- Up-to-date: /home/ray/autonomous_robot/install/myamr_controller/include/include/bumperbot_controller/noisy_controller.hpp
[1.044s] -- Up-to-date: /home/ray/autonomous_robot/install/myamr_controller/include/include/bumperbot_controller/simple_controller.hpp
[1.049s] -- Up-to-date: /home/ray/autonomous_robot/install/myamr_controller/lib/myamr_controller/twist_relay
[1.049s] -- Up-to-date: /home/ray/autonomous_robot/install/myamr_controller/share/myamr_controller/launch
[1.049s] -- Up-to-date: /home/ray/autonomous_robot/install/myamr_controller/share/myamr_controller/launch/joystick_teleop.launch.py
[1.049s] -- Up-to-date: /home/ray/autonomous_robot/install/myamr_controller/share/myamr_controller/launch/controller.launch.py
[1.049s] -- Up-to-date: /home/ray/autonomous_robot/install/myamr_controller/share/myamr_controller/config
[1.050s] -- Up-to-date: /home/ray/autonomous_robot/install/myamr_controller/share/myamr_controller/config/joy_teleop.yaml
[1.050s] -- Up-to-date: /home/ray/autonomous_robot/install/myamr_controller/share/myamr_controller/config/joy_config.yaml
[1.050s] -- Up-to-date: /home/ray/autonomous_robot/install/myamr_controller/share/myamr_controller/config/twist_mux_joy.yaml
[1.050s] -- Up-to-date: /home/ray/autonomous_robot/install/myamr_controller/share/myamr_controller/config/myamr_controllers.yaml
[1.051s] -- Up-to-date: /home/ray/autonomous_robot/install/myamr_controller/share/myamr_controller/config/twist_mux_locks.yaml
[1.051s] -- Up-to-date: /home/ray/autonomous_robot/install/myamr_controller/share/myamr_controller/config/twist_mux_topics.yaml
[1.051s] -- Up-to-date: /home/ray/autonomous_robot/install/myamr_controller/lib/myamr_controller/twist_relay.py
[1.051s] -- Up-to-date: /home/ray/autonomous_robot/install/myamr_controller/share/ament_index/resource_index/package_run_dependencies/myamr_controller
[1.051s] -- Up-to-date: /home/ray/autonomous_robot/install/myamr_controller/share/ament_index/resource_index/parent_prefix_path/myamr_controller
[1.051s] -- Up-to-date: /home/ray/autonomous_robot/install/myamr_controller/share/myamr_controller/environment/ament_prefix_path.sh
[1.051s] -- Installing: /home/ray/autonomous_robot/install/myamr_controller/share/myamr_controller/environment/ament_prefix_path.dsv
[1.051s] -- Up-to-date: /home/ray/autonomous_robot/install/myamr_controller/share/myamr_controller/environment/path.sh
[1.051s] -- Installing: /home/ray/autonomous_robot/install/myamr_controller/share/myamr_controller/environment/path.dsv
[1.051s] -- Up-to-date: /home/ray/autonomous_robot/install/myamr_controller/share/myamr_controller/local_setup.bash
[1.051s] -- Up-to-date: /home/ray/autonomous_robot/install/myamr_controller/share/myamr_controller/local_setup.sh
[1.051s] -- Up-to-date: /home/ray/autonomous_robot/install/myamr_controller/share/myamr_controller/local_setup.zsh
[1.052s] -- Installing: /home/ray/autonomous_robot/install/myamr_controller/share/myamr_controller/local_setup.dsv
[1.052s] -- Installing: /home/ray/autonomous_robot/install/myamr_controller/share/myamr_controller/package.dsv
[1.052s] -- Up-to-date: /home/ray/autonomous_robot/install/myamr_controller/share/ament_index/resource_index/packages/myamr_controller
[1.052s] -- Up-to-date: /home/ray/autonomous_robot/install/myamr_controller/share/myamr_controller/cmake/myamr_controllerConfig.cmake
[1.052s] -- Up-to-date: /home/ray/autonomous_robot/install/myamr_controller/share/myamr_controller/cmake/myamr_controllerConfig-version.cmake
[1.052s] -- Up-to-date: /home/ray/autonomous_robot/install/myamr_controller/share/myamr_controller/package.xml
[1.080s] Invoked command in '/home/ray/autonomous_robot/build/myamr_controller' returned '0': CMAKE_PREFIX_PATH=${CMAKE_PREFIX_PATH}:/home/ray/autonomous_tb3_ws/install/autonomous_tb3:/home/ray/turtlebot3_ws/install/turtlebot3_teleop:/home/ray/turtlebot3_ws/install/turtlebot3_example:/home/ray/turtlebot3_ws/install/my_robot_test:/home/ray/autonomous_tb3_ws/src/install/autonomous_tb3:/opt/ros/humble /usr/bin/cmake --install /home/ray/autonomous_robot/build/myamr_controller
