[0.211s] DEBUG:colcon:Command line arguments: ['/usr/bin/colcon', 'build']
[0.211s] DEBUG:colcon:Parsed command line arguments: Namespace(log_base=None, log_level=None, verb_name='build', build_base='build', install_base='install', merge_install=False, symlink_install=False, test_result_base=None, continue_on_error=False, executor='parallel', parallel_workers=8, event_handlers=None, ignore_user_meta=False, metas=['./colcon.meta'], base_paths=['.'], packages_ignore=None, packages_ignore_regex=None, paths=None, packages_up_to=None, packages_up_to_regex=None, packages_above=None, packages_above_and_dependencies=None, packages_above_depth=None, packages_select_by_dep=None, packages_skip_by_dep=None, packages_skip_up_to=None, packages_select_build_failed=False, packages_skip_build_finished=False, packages_select_test_failures=False, packages_skip_test_passed=False, packages_select=None, packages_skip=None, packages_select_regex=None, packages_skip_regex=None, packages_start=None, packages_end=None, allow_overriding=[], cmake_args=None, cmake_target=None, cmake_target_skip_unavailable=False, cmake_clean_cache=False, cmake_clean_first=False, cmake_force_configure=False, ament_cmake_args=None, catkin_cmake_args=None, catkin_skip_building_tests=False, verb_parser=<colcon_defaults.argument_parser.defaults.DefaultArgumentsDecorator object at 0x7e1258356ce0>, verb_extension=<colcon_core.verb.build.BuildVerb object at 0x7e1258490100>, main=<bound method BuildVerb.main of <colcon_core.verb.build.BuildVerb object at 0x7e1258490100>>)
[0.604s] Level 1:colcon.colcon_core.package_discovery:discover_packages(colcon_meta) check parameters
[0.604s] Level 1:colcon.colcon_core.package_discovery:discover_packages(recursive) check parameters
[0.605s] Level 1:colcon.colcon_core.package_discovery:discover_packages(ignore) check parameters
[0.605s] Level 1:colcon.colcon_core.package_discovery:discover_packages(path) check parameters
[0.605s] Level 1:colcon.colcon_core.package_discovery:discover_packages(colcon_meta) discover
[0.605s] Level 1:colcon.colcon_core.package_discovery:discover_packages(recursive) discover
[0.605s] INFO:colcon.colcon_core.package_discovery:Crawling recursively for packages in '/home/ray/autonomous_robot'
[0.605s] Level 1:colcon.colcon_core.package_identification:_identify(.) by extensions ['ignore', 'ignore_ament_install']
[0.605s] Level 1:colcon.colcon_core.package_identification:_identify(.) by extension 'ignore'
[0.605s] Level 1:colcon.colcon_core.package_identification:_identify(.) by extension 'ignore_ament_install'
[0.605s] Level 1:colcon.colcon_core.package_identification:_identify(.) by extensions ['colcon_pkg']
[0.605s] Level 1:colcon.colcon_core.package_identification:_identify(.) by extension 'colcon_pkg'
[0.605s] Level 1:colcon.colcon_core.package_identification:_identify(.) by extensions ['colcon_meta']
[0.606s] Level 1:colcon.colcon_core.package_identification:_identify(.) by extension 'colcon_meta'
[0.606s] Level 1:colcon.colcon_core.package_identification:_identify(.) by extensions ['ros']
[0.606s] Level 1:colcon.colcon_core.package_identification:_identify(.) by extension 'ros'
[0.622s] Level 1:colcon.colcon_core.package_identification:_identify(.) by extensions ['cmake', 'python']
[0.622s] Level 1:colcon.colcon_core.package_identification:_identify(.) by extension 'cmake'
[0.622s] Level 1:colcon.colcon_core.package_identification:_identify(.) by extension 'python'
[0.622s] Level 1:colcon.colcon_core.package_identification:_identify(.) by extensions ['python_setup_py']
[0.622s] Level 1:colcon.colcon_core.package_identification:_identify(.) by extension 'python_setup_py'
[0.623s] Level 1:colcon.colcon_core.package_identification:_identify(amr_testing) by extensions ['ignore', 'ignore_ament_install']
[0.623s] Level 1:colcon.colcon_core.package_identification:_identify(amr_testing) by extension 'ignore'
[0.623s] Level 1:colcon.colcon_core.package_identification:_identify(amr_testing) by extension 'ignore_ament_install'
[0.623s] Level 1:colcon.colcon_core.package_identification:_identify(amr_testing) by extensions ['colcon_pkg']
[0.623s] Level 1:colcon.colcon_core.package_identification:_identify(amr_testing) by extension 'colcon_pkg'
[0.623s] Level 1:colcon.colcon_core.package_identification:_identify(amr_testing) by extensions ['colcon_meta']
[0.623s] Level 1:colcon.colcon_core.package_identification:_identify(amr_testing) by extension 'colcon_meta'
[0.623s] Level 1:colcon.colcon_core.package_identification:_identify(amr_testing) by extensions ['ros']
[0.623s] Level 1:colcon.colcon_core.package_identification:_identify(amr_testing) by extension 'ros'
[0.623s] Level 1:colcon.colcon_core.package_identification:_identify(amr_testing) by extensions ['cmake', 'python']
[0.623s] Level 1:colcon.colcon_core.package_identification:_identify(amr_testing) by extension 'cmake'
[0.623s] Level 1:colcon.colcon_core.package_identification:_identify(amr_testing) by extension 'python'
[0.623s] Level 1:colcon.colcon_core.package_identification:_identify(amr_testing) by extensions ['python_setup_py']
[0.623s] Level 1:colcon.colcon_core.package_identification:_identify(amr_testing) by extension 'python_setup_py'
[0.624s] Level 1:colcon.colcon_core.package_identification:_identify(amr_testing/build) by extensions ['ignore', 'ignore_ament_install']
[0.624s] Level 1:colcon.colcon_core.package_identification:_identify(amr_testing/build) by extension 'ignore'
[0.624s] Level 1:colcon.colcon_core.package_identification:_identify(amr_testing/build) ignored
[0.624s] Level 1:colcon.colcon_core.package_identification:_identify(amr_testing/install) by extensions ['ignore', 'ignore_ament_install']
[0.624s] Level 1:colcon.colcon_core.package_identification:_identify(amr_testing/install) by extension 'ignore'
[0.624s] Level 1:colcon.colcon_core.package_identification:_identify(amr_testing/install) ignored
[0.624s] Level 1:colcon.colcon_core.package_identification:_identify(amr_testing/log) by extensions ['ignore', 'ignore_ament_install']
[0.624s] Level 1:colcon.colcon_core.package_identification:_identify(amr_testing/log) by extension 'ignore'
[0.625s] Level 1:colcon.colcon_core.package_identification:_identify(amr_testing/log) ignored
[0.625s] Level 1:colcon.colcon_core.package_identification:_identify(amr_testing/src) by extensions ['ignore', 'ignore_ament_install']
[0.625s] Level 1:colcon.colcon_core.package_identification:_identify(amr_testing/src) by extension 'ignore'
[0.625s] Level 1:colcon.colcon_core.package_identification:_identify(amr_testing/src) by extension 'ignore_ament_install'
[0.625s] Level 1:colcon.colcon_core.package_identification:_identify(amr_testing/src) by extensions ['colcon_pkg']
[0.625s] Level 1:colcon.colcon_core.package_identification:_identify(amr_testing/src) by extension 'colcon_pkg'
[0.625s] Level 1:colcon.colcon_core.package_identification:_identify(amr_testing/src) by extensions ['colcon_meta']
[0.625s] Level 1:colcon.colcon_core.package_identification:_identify(amr_testing/src) by extension 'colcon_meta'
[0.625s] Level 1:colcon.colcon_core.package_identification:_identify(amr_testing/src) by extensions ['ros']
[0.625s] Level 1:colcon.colcon_core.package_identification:_identify(amr_testing/src) by extension 'ros'
[0.625s] Level 1:colcon.colcon_core.package_identification:_identify(amr_testing/src) by extensions ['cmake', 'python']
[0.625s] Level 1:colcon.colcon_core.package_identification:_identify(amr_testing/src) by extension 'cmake'
[0.625s] Level 1:colcon.colcon_core.package_identification:_identify(amr_testing/src) by extension 'python'
[0.625s] Level 1:colcon.colcon_core.package_identification:_identify(amr_testing/src) by extensions ['python_setup_py']
[0.625s] Level 1:colcon.colcon_core.package_identification:_identify(amr_testing/src) by extension 'python_setup_py'
[0.625s] Level 1:colcon.colcon_core.package_identification:_identify(build) by extensions ['ignore', 'ignore_ament_install']
[0.625s] Level 1:colcon.colcon_core.package_identification:_identify(build) by extension 'ignore'
[0.625s] Level 1:colcon.colcon_core.package_identification:_identify(build) ignored
[0.626s] Level 1:colcon.colcon_core.package_identification:_identify(install) by extensions ['ignore', 'ignore_ament_install']
[0.626s] Level 1:colcon.colcon_core.package_identification:_identify(install) by extension 'ignore'
[0.626s] Level 1:colcon.colcon_core.package_identification:_identify(install) ignored
[0.626s] Level 1:colcon.colcon_core.package_identification:_identify(log) by extensions ['ignore', 'ignore_ament_install']
[0.626s] Level 1:colcon.colcon_core.package_identification:_identify(log) by extension 'ignore'
[0.626s] Level 1:colcon.colcon_core.package_identification:_identify(log) ignored
[0.626s] Level 1:colcon.colcon_core.package_identification:_identify(myamr_bringup) by extensions ['ignore', 'ignore_ament_install']
[0.626s] Level 1:colcon.colcon_core.package_identification:_identify(myamr_bringup) by extension 'ignore'
[0.626s] Level 1:colcon.colcon_core.package_identification:_identify(myamr_bringup) by extension 'ignore_ament_install'
[0.626s] Level 1:colcon.colcon_core.package_identification:_identify(myamr_bringup) by extensions ['colcon_pkg']
[0.626s] Level 1:colcon.colcon_core.package_identification:_identify(myamr_bringup) by extension 'colcon_pkg'
[0.626s] Level 1:colcon.colcon_core.package_identification:_identify(myamr_bringup) by extensions ['colcon_meta']
[0.626s] Level 1:colcon.colcon_core.package_identification:_identify(myamr_bringup) by extension 'colcon_meta'
[0.626s] Level 1:colcon.colcon_core.package_identification:_identify(myamr_bringup) by extensions ['ros']
[0.626s] Level 1:colcon.colcon_core.package_identification:_identify(myamr_bringup) by extension 'ros'
[0.630s] DEBUG:colcon.colcon_core.package_identification:Package 'myamr_bringup' with type 'ros.ament_cmake' and name 'myamr_bringup'
[0.630s] Level 1:colcon.colcon_core.package_identification:_identify(myamr_controller) by extensions ['ignore', 'ignore_ament_install']
[0.630s] Level 1:colcon.colcon_core.package_identification:_identify(myamr_controller) by extension 'ignore'
[0.630s] Level 1:colcon.colcon_core.package_identification:_identify(myamr_controller) by extension 'ignore_ament_install'
[0.631s] Level 1:colcon.colcon_core.package_identification:_identify(myamr_controller) by extensions ['colcon_pkg']
[0.631s] Level 1:colcon.colcon_core.package_identification:_identify(myamr_controller) by extension 'colcon_pkg'
[0.631s] Level 1:colcon.colcon_core.package_identification:_identify(myamr_controller) by extensions ['colcon_meta']
[0.631s] Level 1:colcon.colcon_core.package_identification:_identify(myamr_controller) by extension 'colcon_meta'
[0.631s] Level 1:colcon.colcon_core.package_identification:_identify(myamr_controller) by extensions ['ros']
[0.631s] Level 1:colcon.colcon_core.package_identification:_identify(myamr_controller) by extension 'ros'
[0.633s] DEBUG:colcon.colcon_core.package_identification:Package 'myamr_controller' with type 'ros.ament_cmake' and name 'myamr_controller'
[0.633s] Level 1:colcon.colcon_core.package_identification:_identify(myamr_description) by extensions ['ignore', 'ignore_ament_install']
[0.633s] Level 1:colcon.colcon_core.package_identification:_identify(myamr_description) by extension 'ignore'
[0.633s] Level 1:colcon.colcon_core.package_identification:_identify(myamr_description) by extension 'ignore_ament_install'
[0.634s] Level 1:colcon.colcon_core.package_identification:_identify(myamr_description) by extensions ['colcon_pkg']
[0.634s] Level 1:colcon.colcon_core.package_identification:_identify(myamr_description) by extension 'colcon_pkg'
[0.634s] Level 1:colcon.colcon_core.package_identification:_identify(myamr_description) by extensions ['colcon_meta']
[0.634s] Level 1:colcon.colcon_core.package_identification:_identify(myamr_description) by extension 'colcon_meta'
[0.634s] Level 1:colcon.colcon_core.package_identification:_identify(myamr_description) by extensions ['ros']
[0.634s] Level 1:colcon.colcon_core.package_identification:_identify(myamr_description) by extension 'ros'
[0.639s] DEBUG:colcon.colcon_core.package_identification:Package 'myamr_description' with type 'ros.ament_cmake' and name 'myamr_description'
[0.639s] Level 1:colcon.colcon_core.package_identification:_identify(myamr_localization) by extensions ['ignore', 'ignore_ament_install']
[0.639s] Level 1:colcon.colcon_core.package_identification:_identify(myamr_localization) by extension 'ignore'
[0.639s] Level 1:colcon.colcon_core.package_identification:_identify(myamr_localization) by extension 'ignore_ament_install'
[0.639s] Level 1:colcon.colcon_core.package_identification:_identify(myamr_localization) by extensions ['colcon_pkg']
[0.640s] Level 1:colcon.colcon_core.package_identification:_identify(myamr_localization) by extension 'colcon_pkg'
[0.640s] Level 1:colcon.colcon_core.package_identification:_identify(myamr_localization) by extensions ['colcon_meta']
[0.640s] Level 1:colcon.colcon_core.package_identification:_identify(myamr_localization) by extension 'colcon_meta'
[0.640s] Level 1:colcon.colcon_core.package_identification:_identify(myamr_localization) by extensions ['ros']
[0.640s] Level 1:colcon.colcon_core.package_identification:_identify(myamr_localization) by extension 'ros'
[0.642s] DEBUG:colcon.colcon_core.package_identification:Package 'myamr_localization' with type 'ros.ament_cmake' and name 'myamr_localization'
[0.643s] Level 1:colcon.colcon_core.package_identification:_identify(myamr_mapping) by extensions ['ignore', 'ignore_ament_install']
[0.643s] Level 1:colcon.colcon_core.package_identification:_identify(myamr_mapping) by extension 'ignore'
[0.643s] Level 1:colcon.colcon_core.package_identification:_identify(myamr_mapping) by extension 'ignore_ament_install'
[0.643s] Level 1:colcon.colcon_core.package_identification:_identify(myamr_mapping) by extensions ['colcon_pkg']
[0.643s] Level 1:colcon.colcon_core.package_identification:_identify(myamr_mapping) by extension 'colcon_pkg'
[0.643s] Level 1:colcon.colcon_core.package_identification:_identify(myamr_mapping) by extensions ['colcon_meta']
[0.643s] Level 1:colcon.colcon_core.package_identification:_identify(myamr_mapping) by extension 'colcon_meta'
[0.643s] Level 1:colcon.colcon_core.package_identification:_identify(myamr_mapping) by extensions ['ros']
[0.643s] Level 1:colcon.colcon_core.package_identification:_identify(myamr_mapping) by extension 'ros'
[0.645s] DEBUG:colcon.colcon_core.package_identification:Package 'myamr_mapping' with type 'ros.ament_cmake' and name 'myamr_mapping'
[0.646s] Level 1:colcon.colcon_core.package_identification:_identify(myamr_motion) by extensions ['ignore', 'ignore_ament_install']
[0.646s] Level 1:colcon.colcon_core.package_identification:_identify(myamr_motion) by extension 'ignore'
[0.646s] Level 1:colcon.colcon_core.package_identification:_identify(myamr_motion) by extension 'ignore_ament_install'
[0.646s] Level 1:colcon.colcon_core.package_identification:_identify(myamr_motion) by extensions ['colcon_pkg']
[0.646s] Level 1:colcon.colcon_core.package_identification:_identify(myamr_motion) by extension 'colcon_pkg'
[0.646s] Level 1:colcon.colcon_core.package_identification:_identify(myamr_motion) by extensions ['colcon_meta']
[0.646s] Level 1:colcon.colcon_core.package_identification:_identify(myamr_motion) by extension 'colcon_meta'
[0.646s] Level 1:colcon.colcon_core.package_identification:_identify(myamr_motion) by extensions ['ros']
[0.646s] Level 1:colcon.colcon_core.package_identification:_identify(myamr_motion) by extension 'ros'
[0.647s] DEBUG:colcon.colcon_core.package_identification:Package 'myamr_motion' with type 'ros.ament_python' and name 'myamr_motion'
[0.648s] Level 1:colcon.colcon_core.package_identification:_identify(myamr_planning) by extensions ['ignore', 'ignore_ament_install']
[0.648s] Level 1:colcon.colcon_core.package_identification:_identify(myamr_planning) by extension 'ignore'
[0.648s] Level 1:colcon.colcon_core.package_identification:_identify(myamr_planning) by extension 'ignore_ament_install'
[0.648s] Level 1:colcon.colcon_core.package_identification:_identify(myamr_planning) by extensions ['colcon_pkg']
[0.648s] Level 1:colcon.colcon_core.package_identification:_identify(myamr_planning) by extension 'colcon_pkg'
[0.648s] Level 1:colcon.colcon_core.package_identification:_identify(myamr_planning) by extensions ['colcon_meta']
[0.648s] Level 1:colcon.colcon_core.package_identification:_identify(myamr_planning) by extension 'colcon_meta'
[0.648s] Level 1:colcon.colcon_core.package_identification:_identify(myamr_planning) by extensions ['ros']
[0.648s] Level 1:colcon.colcon_core.package_identification:_identify(myamr_planning) by extension 'ros'
[0.650s] DEBUG:colcon.colcon_core.package_identification:Package 'myamr_planning' with type 'ros.ament_python' and name 'myamr_planning'
[0.650s] Level 1:colcon.colcon_core.package_identification:_identify(myamr_utils) by extensions ['ignore', 'ignore_ament_install']
[0.650s] Level 1:colcon.colcon_core.package_identification:_identify(myamr_utils) by extension 'ignore'
[0.650s] Level 1:colcon.colcon_core.package_identification:_identify(myamr_utils) by extension 'ignore_ament_install'
[0.650s] Level 1:colcon.colcon_core.package_identification:_identify(myamr_utils) by extensions ['colcon_pkg']
[0.650s] Level 1:colcon.colcon_core.package_identification:_identify(myamr_utils) by extension 'colcon_pkg'
[0.650s] Level 1:colcon.colcon_core.package_identification:_identify(myamr_utils) by extensions ['colcon_meta']
[0.650s] Level 1:colcon.colcon_core.package_identification:_identify(myamr_utils) by extension 'colcon_meta'
[0.651s] Level 1:colcon.colcon_core.package_identification:_identify(myamr_utils) by extensions ['ros']
[0.651s] Level 1:colcon.colcon_core.package_identification:_identify(myamr_utils) by extension 'ros'
[0.655s] DEBUG:colcon.colcon_core.package_identification:Package 'myamr_utils' with type 'ros.ament_cmake' and name 'myamr_utils'
[0.656s] Level 1:colcon.colcon_core.package_discovery:discover_packages(recursive) using defaults
[0.656s] Level 1:colcon.colcon_core.package_discovery:discover_packages(ignore) discover
[0.656s] Level 1:colcon.colcon_core.package_discovery:discover_packages(ignore) using defaults
[0.656s] Level 1:colcon.colcon_core.package_discovery:discover_packages(path) discover
[0.657s] Level 1:colcon.colcon_core.package_discovery:discover_packages(path) using defaults
[0.784s] Level 1:colcon.colcon_core.package_discovery:discover_packages(prefix_path) check parameters
[0.784s] Level 1:colcon.colcon_core.package_discovery:discover_packages(prefix_path) discover
[0.801s] DEBUG:colcon.colcon_installed_package_information.package_discovery:Found 12 installed packages in /home/ray/turtlebot3_ws/install
[0.802s] DEBUG:colcon.colcon_installed_package_information.package_discovery:Found 1 installed packages in /home/ray/autonomous_tb3_ws/install
[0.803s] DEBUG:colcon.colcon_installed_package_information.package_discovery:Found 1 installed packages in /home/ray/autonomous_tb3_ws/src/install
[0.807s] DEBUG:colcon.colcon_installed_package_information.package_discovery:Found 411 installed packages in /opt/ros/humble
[0.813s] Level 1:colcon.colcon_core.package_discovery:discover_packages(prefix_path) using defaults
[0.900s] Level 5:colcon.colcon_core.verb:set package 'myamr_controller' build argument 'cmake_args' from command line to 'None'
[0.900s] Level 5:colcon.colcon_core.verb:set package 'myamr_controller' build argument 'cmake_target' from command line to 'None'
[0.900s] Level 5:colcon.colcon_core.verb:set package 'myamr_controller' build argument 'cmake_target_skip_unavailable' from command line to 'False'
[0.900s] Level 5:colcon.colcon_core.verb:set package 'myamr_controller' build argument 'cmake_clean_cache' from command line to 'False'
[0.900s] Level 5:colcon.colcon_core.verb:set package 'myamr_controller' build argument 'cmake_clean_first' from command line to 'False'
[0.900s] Level 5:colcon.colcon_core.verb:set package 'myamr_controller' build argument 'cmake_force_configure' from command line to 'False'
[0.900s] Level 5:colcon.colcon_core.verb:set package 'myamr_controller' build argument 'ament_cmake_args' from command line to 'None'
[0.900s] Level 5:colcon.colcon_core.verb:set package 'myamr_controller' build argument 'catkin_cmake_args' from command line to 'None'
[0.900s] Level 5:colcon.colcon_core.verb:set package 'myamr_controller' build argument 'catkin_skip_building_tests' from command line to 'False'
[0.901s] DEBUG:colcon.colcon_core.verb:Building package 'myamr_controller' with the following arguments: {'ament_cmake_args': None, 'build_base': '/home/ray/autonomous_robot/build/myamr_controller', 'catkin_cmake_args': None, 'catkin_skip_building_tests': False, 'cmake_args': None, 'cmake_clean_cache': False, 'cmake_clean_first': False, 'cmake_force_configure': False, 'cmake_target': None, 'cmake_target_skip_unavailable': False, 'install_base': '/home/ray/autonomous_robot/install/myamr_controller', 'merge_install': False, 'path': '/home/ray/autonomous_robot/myamr_controller', 'symlink_install': False, 'test_result_base': None}
[0.901s] Level 5:colcon.colcon_core.verb:set package 'myamr_description' build argument 'cmake_args' from command line to 'None'
[0.901s] Level 5:colcon.colcon_core.verb:set package 'myamr_description' build argument 'cmake_target' from command line to 'None'
[0.901s] Level 5:colcon.colcon_core.verb:set package 'myamr_description' build argument 'cmake_target_skip_unavailable' from command line to 'False'
[0.901s] Level 5:colcon.colcon_core.verb:set package 'myamr_description' build argument 'cmake_clean_cache' from command line to 'False'
[0.901s] Level 5:colcon.colcon_core.verb:set package 'myamr_description' build argument 'cmake_clean_first' from command line to 'False'
[0.901s] Level 5:colcon.colcon_core.verb:set package 'myamr_description' build argument 'cmake_force_configure' from command line to 'False'
[0.901s] Level 5:colcon.colcon_core.verb:set package 'myamr_description' build argument 'ament_cmake_args' from command line to 'None'
[0.901s] Level 5:colcon.colcon_core.verb:set package 'myamr_description' build argument 'catkin_cmake_args' from command line to 'None'
[0.901s] Level 5:colcon.colcon_core.verb:set package 'myamr_description' build argument 'catkin_skip_building_tests' from command line to 'False'
[0.901s] DEBUG:colcon.colcon_core.verb:Building package 'myamr_description' with the following arguments: {'ament_cmake_args': None, 'build_base': '/home/ray/autonomous_robot/build/myamr_description', 'catkin_cmake_args': None, 'catkin_skip_building_tests': False, 'cmake_args': None, 'cmake_clean_cache': False, 'cmake_clean_first': False, 'cmake_force_configure': False, 'cmake_target': None, 'cmake_target_skip_unavailable': False, 'install_base': '/home/ray/autonomous_robot/install/myamr_description', 'merge_install': False, 'path': '/home/ray/autonomous_robot/myamr_description', 'symlink_install': False, 'test_result_base': None}
[0.902s] Level 5:colcon.colcon_core.verb:set package 'myamr_localization' build argument 'cmake_args' from command line to 'None'
[0.902s] Level 5:colcon.colcon_core.verb:set package 'myamr_localization' build argument 'cmake_target' from command line to 'None'
[0.902s] Level 5:colcon.colcon_core.verb:set package 'myamr_localization' build argument 'cmake_target_skip_unavailable' from command line to 'False'
[0.902s] Level 5:colcon.colcon_core.verb:set package 'myamr_localization' build argument 'cmake_clean_cache' from command line to 'False'
[0.902s] Level 5:colcon.colcon_core.verb:set package 'myamr_localization' build argument 'cmake_clean_first' from command line to 'False'
[0.902s] Level 5:colcon.colcon_core.verb:set package 'myamr_localization' build argument 'cmake_force_configure' from command line to 'False'
[0.902s] Level 5:colcon.colcon_core.verb:set package 'myamr_localization' build argument 'ament_cmake_args' from command line to 'None'
[0.902s] Level 5:colcon.colcon_core.verb:set package 'myamr_localization' build argument 'catkin_cmake_args' from command line to 'None'
[0.902s] Level 5:colcon.colcon_core.verb:set package 'myamr_localization' build argument 'catkin_skip_building_tests' from command line to 'False'
[0.902s] DEBUG:colcon.colcon_core.verb:Building package 'myamr_localization' with the following arguments: {'ament_cmake_args': None, 'build_base': '/home/ray/autonomous_robot/build/myamr_localization', 'catkin_cmake_args': None, 'catkin_skip_building_tests': False, 'cmake_args': None, 'cmake_clean_cache': False, 'cmake_clean_first': False, 'cmake_force_configure': False, 'cmake_target': None, 'cmake_target_skip_unavailable': False, 'install_base': '/home/ray/autonomous_robot/install/myamr_localization', 'merge_install': False, 'path': '/home/ray/autonomous_robot/myamr_localization', 'symlink_install': False, 'test_result_base': None}
[0.902s] Level 5:colcon.colcon_core.verb:set package 'myamr_mapping' build argument 'cmake_args' from command line to 'None'
[0.902s] Level 5:colcon.colcon_core.verb:set package 'myamr_mapping' build argument 'cmake_target' from command line to 'None'
[0.902s] Level 5:colcon.colcon_core.verb:set package 'myamr_mapping' build argument 'cmake_target_skip_unavailable' from command line to 'False'
[0.903s] Level 5:colcon.colcon_core.verb:set package 'myamr_mapping' build argument 'cmake_clean_cache' from command line to 'False'
[0.903s] Level 5:colcon.colcon_core.verb:set package 'myamr_mapping' build argument 'cmake_clean_first' from command line to 'False'
[0.903s] Level 5:colcon.colcon_core.verb:set package 'myamr_mapping' build argument 'cmake_force_configure' from command line to 'False'
[0.903s] Level 5:colcon.colcon_core.verb:set package 'myamr_mapping' build argument 'ament_cmake_args' from command line to 'None'
[0.903s] Level 5:colcon.colcon_core.verb:set package 'myamr_mapping' build argument 'catkin_cmake_args' from command line to 'None'
[0.903s] Level 5:colcon.colcon_core.verb:set package 'myamr_mapping' build argument 'catkin_skip_building_tests' from command line to 'False'
[0.903s] DEBUG:colcon.colcon_core.verb:Building package 'myamr_mapping' with the following arguments: {'ament_cmake_args': None, 'build_base': '/home/ray/autonomous_robot/build/myamr_mapping', 'catkin_cmake_args': None, 'catkin_skip_building_tests': False, 'cmake_args': None, 'cmake_clean_cache': False, 'cmake_clean_first': False, 'cmake_force_configure': False, 'cmake_target': None, 'cmake_target_skip_unavailable': False, 'install_base': '/home/ray/autonomous_robot/install/myamr_mapping', 'merge_install': False, 'path': '/home/ray/autonomous_robot/myamr_mapping', 'symlink_install': False, 'test_result_base': None}
[0.903s] Level 5:colcon.colcon_core.verb:set package 'myamr_motion' build argument 'cmake_args' from command line to 'None'
[0.903s] Level 5:colcon.colcon_core.verb:set package 'myamr_motion' build argument 'cmake_target' from command line to 'None'
[0.903s] Level 5:colcon.colcon_core.verb:set package 'myamr_motion' build argument 'cmake_target_skip_unavailable' from command line to 'False'
[0.903s] Level 5:colcon.colcon_core.verb:set package 'myamr_motion' build argument 'cmake_clean_cache' from command line to 'False'
[0.903s] Level 5:colcon.colcon_core.verb:set package 'myamr_motion' build argument 'cmake_clean_first' from command line to 'False'
[0.903s] Level 5:colcon.colcon_core.verb:set package 'myamr_motion' build argument 'cmake_force_configure' from command line to 'False'
[0.903s] Level 5:colcon.colcon_core.verb:set package 'myamr_motion' build argument 'ament_cmake_args' from command line to 'None'
[0.903s] Level 5:colcon.colcon_core.verb:set package 'myamr_motion' build argument 'catkin_cmake_args' from command line to 'None'
[0.903s] Level 5:colcon.colcon_core.verb:set package 'myamr_motion' build argument 'catkin_skip_building_tests' from command line to 'False'
[0.903s] DEBUG:colcon.colcon_core.verb:Building package 'myamr_motion' with the following arguments: {'ament_cmake_args': None, 'build_base': '/home/ray/autonomous_robot/build/myamr_motion', 'catkin_cmake_args': None, 'catkin_skip_building_tests': False, 'cmake_args': None, 'cmake_clean_cache': False, 'cmake_clean_first': False, 'cmake_force_configure': False, 'cmake_target': None, 'cmake_target_skip_unavailable': False, 'install_base': '/home/ray/autonomous_robot/install/myamr_motion', 'merge_install': False, 'path': '/home/ray/autonomous_robot/myamr_motion', 'symlink_install': False, 'test_result_base': None}
[0.904s] Level 5:colcon.colcon_core.verb:set package 'myamr_planning' build argument 'cmake_args' from command line to 'None'
[0.904s] Level 5:colcon.colcon_core.verb:set package 'myamr_planning' build argument 'cmake_target' from command line to 'None'
[0.904s] Level 5:colcon.colcon_core.verb:set package 'myamr_planning' build argument 'cmake_target_skip_unavailable' from command line to 'False'
[0.904s] Level 5:colcon.colcon_core.verb:set package 'myamr_planning' build argument 'cmake_clean_cache' from command line to 'False'
[0.904s] Level 5:colcon.colcon_core.verb:set package 'myamr_planning' build argument 'cmake_clean_first' from command line to 'False'
[0.904s] Level 5:colcon.colcon_core.verb:set package 'myamr_planning' build argument 'cmake_force_configure' from command line to 'False'
[0.904s] Level 5:colcon.colcon_core.verb:set package 'myamr_planning' build argument 'ament_cmake_args' from command line to 'None'
[0.904s] Level 5:colcon.colcon_core.verb:set package 'myamr_planning' build argument 'catkin_cmake_args' from command line to 'None'
[0.904s] Level 5:colcon.colcon_core.verb:set package 'myamr_planning' build argument 'catkin_skip_building_tests' from command line to 'False'
[0.904s] DEBUG:colcon.colcon_core.verb:Building package 'myamr_planning' with the following arguments: {'ament_cmake_args': None, 'build_base': '/home/ray/autonomous_robot/build/myamr_planning', 'catkin_cmake_args': None, 'catkin_skip_building_tests': False, 'cmake_args': None, 'cmake_clean_cache': False, 'cmake_clean_first': False, 'cmake_force_configure': False, 'cmake_target': None, 'cmake_target_skip_unavailable': False, 'install_base': '/home/ray/autonomous_robot/install/myamr_planning', 'merge_install': False, 'path': '/home/ray/autonomous_robot/myamr_planning', 'symlink_install': False, 'test_result_base': None}
[0.905s] Level 5:colcon.colcon_core.verb:set package 'myamr_utils' build argument 'cmake_args' from command line to 'None'
[0.905s] Level 5:colcon.colcon_core.verb:set package 'myamr_utils' build argument 'cmake_target' from command line to 'None'
[0.905s] Level 5:colcon.colcon_core.verb:set package 'myamr_utils' build argument 'cmake_target_skip_unavailable' from command line to 'False'
[0.905s] Level 5:colcon.colcon_core.verb:set package 'myamr_utils' build argument 'cmake_clean_cache' from command line to 'False'
[0.905s] Level 5:colcon.colcon_core.verb:set package 'myamr_utils' build argument 'cmake_clean_first' from command line to 'False'
[0.905s] Level 5:colcon.colcon_core.verb:set package 'myamr_utils' build argument 'cmake_force_configure' from command line to 'False'
[0.905s] Level 5:colcon.colcon_core.verb:set package 'myamr_utils' build argument 'ament_cmake_args' from command line to 'None'
[0.905s] Level 5:colcon.colcon_core.verb:set package 'myamr_utils' build argument 'catkin_cmake_args' from command line to 'None'
[0.905s] Level 5:colcon.colcon_core.verb:set package 'myamr_utils' build argument 'catkin_skip_building_tests' from command line to 'False'
[0.905s] DEBUG:colcon.colcon_core.verb:Building package 'myamr_utils' with the following arguments: {'ament_cmake_args': None, 'build_base': '/home/ray/autonomous_robot/build/myamr_utils', 'catkin_cmake_args': None, 'catkin_skip_building_tests': False, 'cmake_args': None, 'cmake_clean_cache': False, 'cmake_clean_first': False, 'cmake_force_configure': False, 'cmake_target': None, 'cmake_target_skip_unavailable': False, 'install_base': '/home/ray/autonomous_robot/install/myamr_utils', 'merge_install': False, 'path': '/home/ray/autonomous_robot/myamr_utils', 'symlink_install': False, 'test_result_base': None}
[0.905s] Level 5:colcon.colcon_core.verb:set package 'myamr_bringup' build argument 'cmake_args' from command line to 'None'
[0.906s] Level 5:colcon.colcon_core.verb:set package 'myamr_bringup' build argument 'cmake_target' from command line to 'None'
[0.906s] Level 5:colcon.colcon_core.verb:set package 'myamr_bringup' build argument 'cmake_target_skip_unavailable' from command line to 'False'
[0.906s] Level 5:colcon.colcon_core.verb:set package 'myamr_bringup' build argument 'cmake_clean_cache' from command line to 'False'
[0.906s] Level 5:colcon.colcon_core.verb:set package 'myamr_bringup' build argument 'cmake_clean_first' from command line to 'False'
[0.906s] Level 5:colcon.colcon_core.verb:set package 'myamr_bringup' build argument 'cmake_force_configure' from command line to 'False'
[0.906s] Level 5:colcon.colcon_core.verb:set package 'myamr_bringup' build argument 'ament_cmake_args' from command line to 'None'
[0.906s] Level 5:colcon.colcon_core.verb:set package 'myamr_bringup' build argument 'catkin_cmake_args' from command line to 'None'
[0.906s] Level 5:colcon.colcon_core.verb:set package 'myamr_bringup' build argument 'catkin_skip_building_tests' from command line to 'False'
[0.906s] DEBUG:colcon.colcon_core.verb:Building package 'myamr_bringup' with the following arguments: {'ament_cmake_args': None, 'build_base': '/home/ray/autonomous_robot/build/myamr_bringup', 'catkin_cmake_args': None, 'catkin_skip_building_tests': False, 'cmake_args': None, 'cmake_clean_cache': False, 'cmake_clean_first': False, 'cmake_force_configure': False, 'cmake_target': None, 'cmake_target_skip_unavailable': False, 'install_base': '/home/ray/autonomous_robot/install/myamr_bringup', 'merge_install': False, 'path': '/home/ray/autonomous_robot/myamr_bringup', 'symlink_install': False, 'test_result_base': None}
[0.906s] INFO:colcon.colcon_core.executor:Executing jobs using 'parallel' executor
[0.907s] DEBUG:colcon.colcon_parallel_executor.executor.parallel:run_until_complete
[0.908s] INFO:colcon.colcon_ros.task.ament_cmake.build:Building ROS package in '/home/ray/autonomous_robot/myamr_controller' with build type 'ament_cmake'
[0.908s] INFO:colcon.colcon_cmake.task.cmake.build:Building CMake package in '/home/ray/autonomous_robot/myamr_controller'
[0.915s] INFO:colcon.colcon_core.plugin_system:Skipping extension 'colcon_core.shell.bat': Not used on non-Windows systems
[0.915s] INFO:colcon.colcon_core.shell:Skip shell extension 'powershell' for command environment: Not usable outside of PowerShell
[0.915s] DEBUG:colcon.colcon_core.shell:Skip shell extension 'dsv' for command environment
[0.924s] INFO:colcon.colcon_ros.task.ament_cmake.build:Building ROS package in '/home/ray/autonomous_robot/myamr_description' with build type 'ament_cmake'
[0.924s] INFO:colcon.colcon_cmake.task.cmake.build:Building CMake package in '/home/ray/autonomous_robot/myamr_description'
[0.924s] INFO:colcon.colcon_core.shell:Skip shell extension 'powershell' for command environment: Not usable outside of PowerShell
[0.924s] DEBUG:colcon.colcon_core.shell:Skip shell extension 'dsv' for command environment
[0.932s] INFO:colcon.colcon_ros.task.ament_cmake.build:Building ROS package in '/home/ray/autonomous_robot/myamr_localization' with build type 'ament_cmake'
[0.933s] INFO:colcon.colcon_cmake.task.cmake.build:Building CMake package in '/home/ray/autonomous_robot/myamr_localization'
[0.933s] INFO:colcon.colcon_core.shell:Skip shell extension 'powershell' for command environment: Not usable outside of PowerShell
[0.933s] DEBUG:colcon.colcon_core.shell:Skip shell extension 'dsv' for command environment
[0.940s] INFO:colcon.colcon_ros.task.ament_cmake.build:Building ROS package in '/home/ray/autonomous_robot/myamr_mapping' with build type 'ament_cmake'
[0.940s] INFO:colcon.colcon_cmake.task.cmake.build:Building CMake package in '/home/ray/autonomous_robot/myamr_mapping'
[0.941s] INFO:colcon.colcon_core.shell:Skip shell extension 'powershell' for command environment: Not usable outside of PowerShell
[0.941s] DEBUG:colcon.colcon_core.shell:Skip shell extension 'dsv' for command environment
[0.949s] INFO:colcon.colcon_ros.task.ament_python.build:Building ROS package in '/home/ray/autonomous_robot/myamr_motion' with build type 'ament_python'
[0.949s] Level 1:colcon.colcon_core.shell:create_environment_hook('myamr_motion', 'ament_prefix_path')
[0.950s] INFO:colcon.colcon_core.shell:Creating environment hook '/home/ray/autonomous_robot/install/myamr_motion/share/myamr_motion/hook/ament_prefix_path.ps1'
[0.952s] INFO:colcon.colcon_core.shell:Creating environment descriptor '/home/ray/autonomous_robot/install/myamr_motion/share/myamr_motion/hook/ament_prefix_path.dsv'
[0.953s] INFO:colcon.colcon_core.shell:Creating environment hook '/home/ray/autonomous_robot/install/myamr_motion/share/myamr_motion/hook/ament_prefix_path.sh'
[0.955s] INFO:colcon.colcon_core.shell:Skip shell extension 'powershell' for command environment: Not usable outside of PowerShell
[0.956s] DEBUG:colcon.colcon_core.shell:Skip shell extension 'dsv' for command environment
[0.966s] INFO:colcon.colcon_ros.task.ament_python.build:Building ROS package in '/home/ray/autonomous_robot/myamr_planning' with build type 'ament_python'
[0.967s] Level 1:colcon.colcon_core.shell:create_environment_hook('myamr_planning', 'ament_prefix_path')
[0.967s] INFO:colcon.colcon_core.shell:Creating environment hook '/home/ray/autonomous_robot/install/myamr_planning/share/myamr_planning/hook/ament_prefix_path.ps1'
[0.968s] INFO:colcon.colcon_core.shell:Creating environment descriptor '/home/ray/autonomous_robot/install/myamr_planning/share/myamr_planning/hook/ament_prefix_path.dsv'
[0.969s] INFO:colcon.colcon_core.shell:Creating environment hook '/home/ray/autonomous_robot/install/myamr_planning/share/myamr_planning/hook/ament_prefix_path.sh'
[0.970s] INFO:colcon.colcon_core.shell:Skip shell extension 'powershell' for command environment: Not usable outside of PowerShell
[0.970s] DEBUG:colcon.colcon_core.shell:Skip shell extension 'dsv' for command environment
[0.980s] INFO:colcon.colcon_ros.task.ament_cmake.build:Building ROS package in '/home/ray/autonomous_robot/myamr_utils' with build type 'ament_cmake'
[0.980s] INFO:colcon.colcon_cmake.task.cmake.build:Building CMake package in '/home/ray/autonomous_robot/myamr_utils'
[0.981s] INFO:colcon.colcon_core.shell:Skip shell extension 'powershell' for command environment: Not usable outside of PowerShell
[0.981s] DEBUG:colcon.colcon_core.shell:Skip shell extension 'dsv' for command environment
[1.017s] DEBUG:colcon.colcon_core.event_handler.log_command:Invoking command in '/home/ray/autonomous_robot/build/myamr_controller': CMAKE_PREFIX_PATH=${CMAKE_PREFIX_PATH}:/home/ray/autonomous_tb3_ws/install/autonomous_tb3:/home/ray/turtlebot3_ws/install/turtlebot3_teleop:/home/ray/turtlebot3_ws/install/turtlebot3_example:/home/ray/turtlebot3_ws/install/my_robot_test:/home/ray/autonomous_tb3_ws/src/install/autonomous_tb3:/opt/ros/humble /usr/bin/cmake --build /home/ray/autonomous_robot/build/myamr_controller -- -j8 -l8
[1.030s] DEBUG:colcon.colcon_core.event_handler.log_command:Invoking command in '/home/ray/autonomous_robot/build/myamr_description': CMAKE_PREFIX_PATH=${CMAKE_PREFIX_PATH}:/home/ray/autonomous_tb3_ws/install/autonomous_tb3:/home/ray/turtlebot3_ws/install/turtlebot3_teleop:/home/ray/turtlebot3_ws/install/turtlebot3_example:/home/ray/turtlebot3_ws/install/my_robot_test:/home/ray/autonomous_tb3_ws/src/install/autonomous_tb3:/opt/ros/humble /usr/bin/cmake --build /home/ray/autonomous_robot/build/myamr_description -- -j8 -l8
[1.037s] DEBUG:colcon.colcon_core.event_handler.log_command:Invoking command in '/home/ray/autonomous_robot/build/myamr_localization': CMAKE_PREFIX_PATH=${CMAKE_PREFIX_PATH}:/home/ray/autonomous_tb3_ws/install/autonomous_tb3:/home/ray/turtlebot3_ws/install/turtlebot3_teleop:/home/ray/turtlebot3_ws/install/turtlebot3_example:/home/ray/turtlebot3_ws/install/my_robot_test:/home/ray/autonomous_tb3_ws/src/install/autonomous_tb3:/opt/ros/humble /usr/bin/cmake --build /home/ray/autonomous_robot/build/myamr_localization -- -j8 -l8
[1.052s] DEBUG:colcon.colcon_core.event_handler.log_command:Invoking command in '/home/ray/autonomous_robot/build/myamr_mapping': CMAKE_PREFIX_PATH=${CMAKE_PREFIX_PATH}:/home/ray/autonomous_tb3_ws/install/autonomous_tb3:/home/ray/turtlebot3_ws/install/turtlebot3_teleop:/home/ray/turtlebot3_ws/install/turtlebot3_example:/home/ray/turtlebot3_ws/install/my_robot_test:/home/ray/autonomous_tb3_ws/src/install/autonomous_tb3:/opt/ros/humble /usr/bin/cmake --build /home/ray/autonomous_robot/build/myamr_mapping -- -j8 -l8
[1.665s] INFO:colcon.colcon_core.task.python.build:Building Python package in '/home/ray/autonomous_robot/myamr_motion'
[1.666s] INFO:colcon.colcon_core.shell:Skip shell extension 'powershell' for command environment: Not usable outside of PowerShell
[1.666s] DEBUG:colcon.colcon_core.shell:Skip shell extension 'dsv' for command environment
[2.153s] INFO:colcon.colcon_core.task.python.build:Building Python package in '/home/ray/autonomous_robot/myamr_planning'
[2.155s] INFO:colcon.colcon_core.shell:Skip shell extension 'powershell' for command environment: Not usable outside of PowerShell
[2.155s] DEBUG:colcon.colcon_core.shell:Skip shell extension 'dsv' for command environment
[2.170s] DEBUG:colcon.colcon_core.event_handler.log_command:Invoking command in '/home/ray/autonomous_robot/build/myamr_utils': CMAKE_PREFIX_PATH=${CMAKE_PREFIX_PATH}:/home/ray/autonomous_tb3_ws/install/autonomous_tb3:/home/ray/turtlebot3_ws/install/turtlebot3_teleop:/home/ray/turtlebot3_ws/install/turtlebot3_example:/home/ray/turtlebot3_ws/install/my_robot_test:/home/ray/autonomous_tb3_ws/src/install/autonomous_tb3:/opt/ros/humble /usr/bin/cmake --build /home/ray/autonomous_robot/build/myamr_utils -- -j8 -l8
[2.182s] DEBUG:colcon.colcon_core.event_handler.log_command:Invoked command in '/home/ray/autonomous_robot/build/myamr_description' returned '0': CMAKE_PREFIX_PATH=${CMAKE_PREFIX_PATH}:/home/ray/autonomous_tb3_ws/install/autonomous_tb3:/home/ray/turtlebot3_ws/install/turtlebot3_teleop:/home/ray/turtlebot3_ws/install/turtlebot3_example:/home/ray/turtlebot3_ws/install/my_robot_test:/home/ray/autonomous_tb3_ws/src/install/autonomous_tb3:/opt/ros/humble /usr/bin/cmake --build /home/ray/autonomous_robot/build/myamr_description -- -j8 -l8
[2.197s] DEBUG:colcon.colcon_core.event_handler.log_command:Invoking command in '/home/ray/autonomous_robot/build/myamr_description': CMAKE_PREFIX_PATH=${CMAKE_PREFIX_PATH}:/home/ray/autonomous_tb3_ws/install/autonomous_tb3:/home/ray/turtlebot3_ws/install/turtlebot3_teleop:/home/ray/turtlebot3_ws/install/turtlebot3_example:/home/ray/turtlebot3_ws/install/my_robot_test:/home/ray/autonomous_tb3_ws/src/install/autonomous_tb3:/opt/ros/humble /usr/bin/cmake --install /home/ray/autonomous_robot/build/myamr_description
[2.198s] DEBUG:colcon.colcon_core.event_handler.log_command:Invoked command in '/home/ray/autonomous_robot/build/myamr_localization' returned '0': CMAKE_PREFIX_PATH=${CMAKE_PREFIX_PATH}:/home/ray/autonomous_tb3_ws/install/autonomous_tb3:/home/ray/turtlebot3_ws/install/turtlebot3_teleop:/home/ray/turtlebot3_ws/install/turtlebot3_example:/home/ray/turtlebot3_ws/install/my_robot_test:/home/ray/autonomous_tb3_ws/src/install/autonomous_tb3:/opt/ros/humble /usr/bin/cmake --build /home/ray/autonomous_robot/build/myamr_localization -- -j8 -l8
[2.203s] DEBUG:colcon.colcon_core.event_handler.log_command:Invoking command in '/home/ray/autonomous_robot/build/myamr_localization': CMAKE_PREFIX_PATH=${CMAKE_PREFIX_PATH}:/home/ray/autonomous_tb3_ws/install/autonomous_tb3:/home/ray/turtlebot3_ws/install/turtlebot3_teleop:/home/ray/turtlebot3_ws/install/turtlebot3_example:/home/ray/turtlebot3_ws/install/my_robot_test:/home/ray/autonomous_tb3_ws/src/install/autonomous_tb3:/opt/ros/humble /usr/bin/cmake --install /home/ray/autonomous_robot/build/myamr_localization
[2.210s] DEBUG:colcon.colcon_core.event_handler.log_command:Invoked command in '/home/ray/autonomous_robot/build/myamr_controller' returned '0': CMAKE_PREFIX_PATH=${CMAKE_PREFIX_PATH}:/home/ray/autonomous_tb3_ws/install/autonomous_tb3:/home/ray/turtlebot3_ws/install/turtlebot3_teleop:/home/ray/turtlebot3_ws/install/turtlebot3_example:/home/ray/turtlebot3_ws/install/my_robot_test:/home/ray/autonomous_tb3_ws/src/install/autonomous_tb3:/opt/ros/humble /usr/bin/cmake --build /home/ray/autonomous_robot/build/myamr_controller -- -j8 -l8
[2.216s] DEBUG:colcon.colcon_core.event_handler.log_command:Invoking command in '/home/ray/autonomous_robot/build/myamr_controller': CMAKE_PREFIX_PATH=${CMAKE_PREFIX_PATH}:/home/ray/autonomous_tb3_ws/install/autonomous_tb3:/home/ray/turtlebot3_ws/install/turtlebot3_teleop:/home/ray/turtlebot3_ws/install/turtlebot3_example:/home/ray/turtlebot3_ws/install/my_robot_test:/home/ray/autonomous_tb3_ws/src/install/autonomous_tb3:/opt/ros/humble /usr/bin/cmake --install /home/ray/autonomous_robot/build/myamr_controller
[2.220s] DEBUG:colcon.colcon_core.event_handler.log_command:Invoked command in '/home/ray/autonomous_robot/build/myamr_mapping' returned '0': CMAKE_PREFIX_PATH=${CMAKE_PREFIX_PATH}:/home/ray/autonomous_tb3_ws/install/autonomous_tb3:/home/ray/turtlebot3_ws/install/turtlebot3_teleop:/home/ray/turtlebot3_ws/install/turtlebot3_example:/home/ray/turtlebot3_ws/install/my_robot_test:/home/ray/autonomous_tb3_ws/src/install/autonomous_tb3:/opt/ros/humble /usr/bin/cmake --build /home/ray/autonomous_robot/build/myamr_mapping -- -j8 -l8
[2.225s] DEBUG:colcon.colcon_core.event_handler.log_command:Invoking command in '/home/ray/autonomous_robot/build/myamr_mapping': CMAKE_PREFIX_PATH=${CMAKE_PREFIX_PATH}:/home/ray/autonomous_tb3_ws/install/autonomous_tb3:/home/ray/turtlebot3_ws/install/turtlebot3_teleop:/home/ray/turtlebot3_ws/install/turtlebot3_example:/home/ray/turtlebot3_ws/install/my_robot_test:/home/ray/autonomous_tb3_ws/src/install/autonomous_tb3:/opt/ros/humble /usr/bin/cmake --install /home/ray/autonomous_robot/build/myamr_mapping
[2.356s] Level 1:colcon.colcon_core.environment:create_environment_scripts_only(myamr_description)
[2.405s] Level 1:colcon.colcon_core.environment:checking '/home/ray/autonomous_robot/install/myamr_description' for CMake module files
[2.408s] Level 1:colcon.colcon_core.environment:checking '/home/ray/autonomous_robot/install/myamr_description' for CMake config files
[2.433s] Level 1:colcon.colcon_core.shell:create_environment_hook('myamr_description', 'cmake_prefix_path')
[2.433s] INFO:colcon.colcon_core.shell:Creating environment hook '/home/ray/autonomous_robot/install/myamr_description/share/myamr_description/hook/cmake_prefix_path.ps1'
[2.436s] INFO:colcon.colcon_core.shell:Creating environment descriptor '/home/ray/autonomous_robot/install/myamr_description/share/myamr_description/hook/cmake_prefix_path.dsv'
[2.439s] INFO:colcon.colcon_core.shell:Creating environment hook '/home/ray/autonomous_robot/install/myamr_description/share/myamr_description/hook/cmake_prefix_path.sh'
[2.442s] Level 1:colcon.colcon_core.environment:checking '/home/ray/autonomous_robot/install/myamr_description/bin'
[2.442s] Level 1:colcon.colcon_core.environment:checking '/home/ray/autonomous_robot/install/myamr_description/lib/pkgconfig/myamr_description.pc'
[2.442s] Level 1:colcon.colcon_core.environment:checking '/home/ray/autonomous_robot/install/myamr_description/lib/python3.10/site-packages'
[2.445s] Level 1:colcon.colcon_core.environment:checking '/home/ray/autonomous_robot/install/myamr_description/bin'
[2.446s] INFO:colcon.colcon_core.shell:Creating package script '/home/ray/autonomous_robot/install/myamr_description/share/myamr_description/package.ps1'
[2.449s] INFO:colcon.colcon_core.shell:Creating package descriptor '/home/ray/autonomous_robot/install/myamr_description/share/myamr_description/package.dsv'
[2.455s] INFO:colcon.colcon_core.shell:Creating package script '/home/ray/autonomous_robot/install/myamr_description/share/myamr_description/package.sh'
[2.461s] INFO:colcon.colcon_core.shell:Creating package script '/home/ray/autonomous_robot/install/myamr_description/share/myamr_description/package.bash'
[2.476s] INFO:colcon.colcon_core.shell:Creating package script '/home/ray/autonomous_robot/install/myamr_description/share/myamr_description/package.zsh'
[2.482s] Level 1:colcon.colcon_core.environment:create_file_with_runtime_dependencies(/home/ray/autonomous_robot/install/myamr_description/share/colcon-core/packages/myamr_description)
[2.496s] Level 1:colcon.colcon_core.environment:create_environment_scripts_only(myamr_description)
[2.496s] Level 1:colcon.colcon_core.environment:checking '/home/ray/autonomous_robot/install/myamr_description' for CMake module files
[2.497s] Level 1:colcon.colcon_core.environment:checking '/home/ray/autonomous_robot/install/myamr_description' for CMake config files
[2.522s] Level 1:colcon.colcon_core.shell:create_environment_hook('myamr_description', 'cmake_prefix_path')
[2.523s] INFO:colcon.colcon_core.shell:Creating environment hook '/home/ray/autonomous_robot/install/myamr_description/share/myamr_description/hook/cmake_prefix_path.ps1'
[2.524s] INFO:colcon.colcon_core.shell:Creating environment descriptor '/home/ray/autonomous_robot/install/myamr_description/share/myamr_description/hook/cmake_prefix_path.dsv'
[2.525s] INFO:colcon.colcon_core.shell:Creating environment hook '/home/ray/autonomous_robot/install/myamr_description/share/myamr_description/hook/cmake_prefix_path.sh'
[2.525s] Level 1:colcon.colcon_core.environment:checking '/home/ray/autonomous_robot/install/myamr_description/bin'
[2.532s] Level 1:colcon.colcon_core.environment:checking '/home/ray/autonomous_robot/install/myamr_description/lib/pkgconfig/myamr_description.pc'
[2.533s] Level 1:colcon.colcon_core.environment:checking '/home/ray/autonomous_robot/install/myamr_description/lib/python3.10/site-packages'
[2.533s] Level 1:colcon.colcon_core.environment:checking '/home/ray/autonomous_robot/install/myamr_description/bin'
[2.534s] INFO:colcon.colcon_core.shell:Creating package script '/home/ray/autonomous_robot/install/myamr_description/share/myamr_description/package.ps1'
[2.535s] INFO:colcon.colcon_core.shell:Creating package descriptor '/home/ray/autonomous_robot/install/myamr_description/share/myamr_description/package.dsv'
[2.542s] INFO:colcon.colcon_core.shell:Creating package script '/home/ray/autonomous_robot/install/myamr_description/share/myamr_description/package.sh'
[2.543s] INFO:colcon.colcon_core.shell:Creating package script '/home/ray/autonomous_robot/install/myamr_description/share/myamr_description/package.bash'
[2.543s] INFO:colcon.colcon_core.shell:Creating package script '/home/ray/autonomous_robot/install/myamr_description/share/myamr_description/package.zsh'
[2.544s] Level 1:colcon.colcon_core.environment:create_file_with_runtime_dependencies(/home/ray/autonomous_robot/install/myamr_description/share/colcon-core/packages/myamr_description)
[2.554s] Level 1:colcon.colcon_core.environment:create_environment_scripts_only(myamr_controller)
[2.554s] Level 1:colcon.colcon_core.environment:checking '/home/ray/autonomous_robot/install/myamr_controller' for CMake module files
[2.564s] Level 1:colcon.colcon_core.environment:checking '/home/ray/autonomous_robot/install/myamr_controller' for CMake config files
[2.564s] Level 1:colcon.colcon_core.shell:create_environment_hook('myamr_controller', 'cmake_prefix_path')
[2.565s] INFO:colcon.colcon_core.shell:Creating environment hook '/home/ray/autonomous_robot/install/myamr_controller/share/myamr_controller/hook/cmake_prefix_path.ps1'
[2.566s] INFO:colcon.colcon_core.shell:Creating environment descriptor '/home/ray/autonomous_robot/install/myamr_controller/share/myamr_controller/hook/cmake_prefix_path.dsv'
[2.573s] INFO:colcon.colcon_core.shell:Creating environment hook '/home/ray/autonomous_robot/install/myamr_controller/share/myamr_controller/hook/cmake_prefix_path.sh'
[2.580s] Level 1:colcon.colcon_core.environment:checking '/home/ray/autonomous_robot/install/myamr_controller/lib'
[2.581s] Level 1:colcon.colcon_core.environment:checking '/home/ray/autonomous_robot/install/myamr_controller/bin'
[2.581s] Level 1:colcon.colcon_core.environment:checking '/home/ray/autonomous_robot/install/myamr_controller/lib/pkgconfig/myamr_controller.pc'
[2.581s] Level 1:colcon.colcon_core.environment:checking '/home/ray/autonomous_robot/install/myamr_controller/lib/python3.10/site-packages'
[2.581s] Level 1:colcon.colcon_core.environment:checking '/home/ray/autonomous_robot/install/myamr_controller/bin'
[2.582s] INFO:colcon.colcon_core.shell:Creating package script '/home/ray/autonomous_robot/install/myamr_controller/share/myamr_controller/package.ps1'
[2.583s] INFO:colcon.colcon_core.shell:Creating package descriptor '/home/ray/autonomous_robot/install/myamr_controller/share/myamr_controller/package.dsv'
[2.585s] DEBUG:colcon.colcon_core.event_handler.log_command:Invoked command in '/home/ray/autonomous_robot/build/myamr_description' returned '0': CMAKE_PREFIX_PATH=${CMAKE_PREFIX_PATH}:/home/ray/autonomous_tb3_ws/install/autonomous_tb3:/home/ray/turtlebot3_ws/install/turtlebot3_teleop:/home/ray/turtlebot3_ws/install/turtlebot3_example:/home/ray/turtlebot3_ws/install/my_robot_test:/home/ray/autonomous_tb3_ws/src/install/autonomous_tb3:/opt/ros/humble /usr/bin/cmake --install /home/ray/autonomous_robot/build/myamr_description
[2.587s] INFO:colcon.colcon_core.shell:Creating package script '/home/ray/autonomous_robot/install/myamr_controller/share/myamr_controller/package.sh'
[2.607s] INFO:colcon.colcon_core.shell:Creating package script '/home/ray/autonomous_robot/install/myamr_controller/share/myamr_controller/package.bash'
[2.608s] INFO:colcon.colcon_core.shell:Creating package script '/home/ray/autonomous_robot/install/myamr_controller/share/myamr_controller/package.zsh'
[2.612s] Level 1:colcon.colcon_core.environment:create_file_with_runtime_dependencies(/home/ray/autonomous_robot/install/myamr_controller/share/colcon-core/packages/myamr_controller)
[2.614s] Level 1:colcon.colcon_core.environment:create_environment_scripts_only(myamr_controller)
[2.614s] Level 1:colcon.colcon_core.environment:checking '/home/ray/autonomous_robot/install/myamr_controller' for CMake module files
[2.615s] Level 1:colcon.colcon_core.environment:checking '/home/ray/autonomous_robot/install/myamr_controller' for CMake config files
[2.615s] Level 1:colcon.colcon_core.shell:create_environment_hook('myamr_controller', 'cmake_prefix_path')
[2.637s] DEBUG:colcon.colcon_core.event_handler.log_command:Invoked command in '/home/ray/autonomous_robot/build/myamr_controller' returned '0': CMAKE_PREFIX_PATH=${CMAKE_PREFIX_PATH}:/home/ray/autonomous_tb3_ws/install/autonomous_tb3:/home/ray/turtlebot3_ws/install/turtlebot3_teleop:/home/ray/turtlebot3_ws/install/turtlebot3_example:/home/ray/turtlebot3_ws/install/my_robot_test:/home/ray/autonomous_tb3_ws/src/install/autonomous_tb3:/opt/ros/humble /usr/bin/cmake --install /home/ray/autonomous_robot/build/myamr_controller
[2.638s] INFO:colcon.colcon_core.shell:Creating environment hook '/home/ray/autonomous_robot/install/myamr_controller/share/myamr_controller/hook/cmake_prefix_path.ps1'
[2.643s] INFO:colcon.colcon_core.shell:Creating environment descriptor '/home/ray/autonomous_robot/install/myamr_controller/share/myamr_controller/hook/cmake_prefix_path.dsv'
[2.645s] INFO:colcon.colcon_core.shell:Creating environment hook '/home/ray/autonomous_robot/install/myamr_controller/share/myamr_controller/hook/cmake_prefix_path.sh'
[2.646s] Level 1:colcon.colcon_core.environment:checking '/home/ray/autonomous_robot/install/myamr_controller/lib'
[2.646s] Level 1:colcon.colcon_core.environment:checking '/home/ray/autonomous_robot/install/myamr_controller/bin'
[2.646s] Level 1:colcon.colcon_core.environment:checking '/home/ray/autonomous_robot/install/myamr_controller/lib/pkgconfig/myamr_controller.pc'
[2.646s] Level 1:colcon.colcon_core.environment:checking '/home/ray/autonomous_robot/install/myamr_controller/lib/python3.10/site-packages'
[2.651s] Level 1:colcon.colcon_core.environment:checking '/home/ray/autonomous_robot/install/myamr_controller/bin'
[2.651s] INFO:colcon.colcon_core.shell:Creating package script '/home/ray/autonomous_robot/install/myamr_controller/share/myamr_controller/package.ps1'
[2.652s] INFO:colcon.colcon_core.shell:Creating package descriptor '/home/ray/autonomous_robot/install/myamr_controller/share/myamr_controller/package.dsv'
[2.654s] INFO:colcon.colcon_core.shell:Creating package script '/home/ray/autonomous_robot/install/myamr_controller/share/myamr_controller/package.sh'
[2.655s] INFO:colcon.colcon_core.shell:Creating package script '/home/ray/autonomous_robot/install/myamr_controller/share/myamr_controller/package.bash'
[2.657s] INFO:colcon.colcon_core.shell:Creating package script '/home/ray/autonomous_robot/install/myamr_controller/share/myamr_controller/package.zsh'
[2.657s] Level 1:colcon.colcon_core.environment:create_file_with_runtime_dependencies(/home/ray/autonomous_robot/install/myamr_controller/share/colcon-core/packages/myamr_controller)
[2.661s] Level 1:colcon.colcon_core.environment:create_environment_scripts_only(myamr_mapping)
[2.661s] Level 1:colcon.colcon_core.environment:checking '/home/ray/autonomous_robot/install/myamr_mapping' for CMake module files
[2.665s] DEBUG:colcon.colcon_core.event_handler.log_command:Invoked command in '/home/ray/autonomous_robot/build/myamr_mapping' returned '0': CMAKE_PREFIX_PATH=${CMAKE_PREFIX_PATH}:/home/ray/autonomous_tb3_ws/install/autonomous_tb3:/home/ray/turtlebot3_ws/install/turtlebot3_teleop:/home/ray/turtlebot3_ws/install/turtlebot3_example:/home/ray/turtlebot3_ws/install/my_robot_test:/home/ray/autonomous_tb3_ws/src/install/autonomous_tb3:/opt/ros/humble /usr/bin/cmake --install /home/ray/autonomous_robot/build/myamr_mapping
[2.666s] Level 1:colcon.colcon_core.environment:checking '/home/ray/autonomous_robot/install/myamr_mapping' for CMake config files
[2.669s] Level 1:colcon.colcon_core.shell:create_environment_hook('myamr_mapping', 'cmake_prefix_path')
[2.669s] INFO:colcon.colcon_core.shell:Creating environment hook '/home/ray/autonomous_robot/install/myamr_mapping/share/myamr_mapping/hook/cmake_prefix_path.ps1'
[2.670s] INFO:colcon.colcon_core.shell:Creating environment descriptor '/home/ray/autonomous_robot/install/myamr_mapping/share/myamr_mapping/hook/cmake_prefix_path.dsv'
[2.671s] INFO:colcon.colcon_core.shell:Creating environment hook '/home/ray/autonomous_robot/install/myamr_mapping/share/myamr_mapping/hook/cmake_prefix_path.sh'
[2.672s] Level 1:colcon.colcon_core.environment:checking '/home/ray/autonomous_robot/install/myamr_mapping/lib'
[2.672s] Level 1:colcon.colcon_core.environment:checking '/home/ray/autonomous_robot/install/myamr_mapping/bin'
[2.672s] Level 1:colcon.colcon_core.environment:checking '/home/ray/autonomous_robot/install/myamr_mapping/lib/pkgconfig/myamr_mapping.pc'
[2.672s] Level 1:colcon.colcon_core.environment:checking '/home/ray/autonomous_robot/install/myamr_mapping/lib/python3.10/site-packages'
[2.673s] Level 1:colcon.colcon_core.environment:checking '/home/ray/autonomous_robot/install/myamr_mapping/bin'
[2.673s] INFO:colcon.colcon_core.shell:Creating package script '/home/ray/autonomous_robot/install/myamr_mapping/share/myamr_mapping/package.ps1'
[2.681s] INFO:colcon.colcon_core.shell:Creating package descriptor '/home/ray/autonomous_robot/install/myamr_mapping/share/myamr_mapping/package.dsv'
[2.682s] INFO:colcon.colcon_core.shell:Creating package script '/home/ray/autonomous_robot/install/myamr_mapping/share/myamr_mapping/package.sh'
[2.683s] INFO:colcon.colcon_core.shell:Creating package script '/home/ray/autonomous_robot/install/myamr_mapping/share/myamr_mapping/package.bash'
[2.683s] INFO:colcon.colcon_core.shell:Creating package script '/home/ray/autonomous_robot/install/myamr_mapping/share/myamr_mapping/package.zsh'
[2.684s] Level 1:colcon.colcon_core.environment:create_file_with_runtime_dependencies(/home/ray/autonomous_robot/install/myamr_mapping/share/colcon-core/packages/myamr_mapping)
[2.686s] Level 1:colcon.colcon_core.environment:create_environment_scripts_only(myamr_mapping)
[2.687s] Level 1:colcon.colcon_core.environment:checking '/home/ray/autonomous_robot/install/myamr_mapping' for CMake module files
[2.688s] Level 1:colcon.colcon_core.environment:checking '/home/ray/autonomous_robot/install/myamr_mapping' for CMake config files
[2.688s] Level 1:colcon.colcon_core.shell:create_environment_hook('myamr_mapping', 'cmake_prefix_path')
[2.689s] INFO:colcon.colcon_core.shell:Creating environment hook '/home/ray/autonomous_robot/install/myamr_mapping/share/myamr_mapping/hook/cmake_prefix_path.ps1'
[2.691s] INFO:colcon.colcon_core.shell:Creating environment descriptor '/home/ray/autonomous_robot/install/myamr_mapping/share/myamr_mapping/hook/cmake_prefix_path.dsv'
[2.691s] INFO:colcon.colcon_core.shell:Creating environment hook '/home/ray/autonomous_robot/install/myamr_mapping/share/myamr_mapping/hook/cmake_prefix_path.sh'
[2.692s] Level 1:colcon.colcon_core.environment:checking '/home/ray/autonomous_robot/install/myamr_mapping/lib'
[2.693s] Level 1:colcon.colcon_core.environment:checking '/home/ray/autonomous_robot/install/myamr_mapping/bin'
[2.693s] Level 1:colcon.colcon_core.environment:checking '/home/ray/autonomous_robot/install/myamr_mapping/lib/pkgconfig/myamr_mapping.pc'
[2.693s] Level 1:colcon.colcon_core.environment:checking '/home/ray/autonomous_robot/install/myamr_mapping/lib/python3.10/site-packages'
[2.694s] Level 1:colcon.colcon_core.environment:checking '/home/ray/autonomous_robot/install/myamr_mapping/bin'
[2.694s] INFO:colcon.colcon_core.shell:Creating package script '/home/ray/autonomous_robot/install/myamr_mapping/share/myamr_mapping/package.ps1'
[2.695s] INFO:colcon.colcon_core.shell:Creating package descriptor '/home/ray/autonomous_robot/install/myamr_mapping/share/myamr_mapping/package.dsv'
[2.696s] INFO:colcon.colcon_core.shell:Creating package script '/home/ray/autonomous_robot/install/myamr_mapping/share/myamr_mapping/package.sh'
[2.697s] INFO:colcon.colcon_core.shell:Creating package script '/home/ray/autonomous_robot/install/myamr_mapping/share/myamr_mapping/package.bash'
[2.704s] INFO:colcon.colcon_core.shell:Creating package script '/home/ray/autonomous_robot/install/myamr_mapping/share/myamr_mapping/package.zsh'
[2.705s] Level 1:colcon.colcon_core.environment:create_file_with_runtime_dependencies(/home/ray/autonomous_robot/install/myamr_mapping/share/colcon-core/packages/myamr_mapping)
[2.705s] Level 1:colcon.colcon_core.environment:create_environment_scripts_only(myamr_localization)
[2.705s] Level 1:colcon.colcon_core.environment:checking '/home/ray/autonomous_robot/install/myamr_localization' for CMake module files
[2.706s] Level 1:colcon.colcon_core.environment:checking '/home/ray/autonomous_robot/install/myamr_localization' for CMake config files
[2.707s] Level 1:colcon.colcon_core.shell:create_environment_hook('myamr_localization', 'cmake_prefix_path')
[2.709s] INFO:colcon.colcon_core.shell:Creating environment hook '/home/ray/autonomous_robot/install/myamr_localization/share/myamr_localization/hook/cmake_prefix_path.ps1'
[2.710s] DEBUG:colcon.colcon_core.event_handler.log_command:Invoked command in '/home/ray/autonomous_robot/build/myamr_localization' returned '0': CMAKE_PREFIX_PATH=${CMAKE_PREFIX_PATH}:/home/ray/autonomous_tb3_ws/install/autonomous_tb3:/home/ray/turtlebot3_ws/install/turtlebot3_teleop:/home/ray/turtlebot3_ws/install/turtlebot3_example:/home/ray/turtlebot3_ws/install/my_robot_test:/home/ray/autonomous_tb3_ws/src/install/autonomous_tb3:/opt/ros/humble /usr/bin/cmake --install /home/ray/autonomous_robot/build/myamr_localization
[2.712s] INFO:colcon.colcon_core.shell:Creating environment descriptor '/home/ray/autonomous_robot/install/myamr_localization/share/myamr_localization/hook/cmake_prefix_path.dsv'
[2.713s] INFO:colcon.colcon_core.shell:Creating environment hook '/home/ray/autonomous_robot/install/myamr_localization/share/myamr_localization/hook/cmake_prefix_path.sh'
[2.714s] Level 1:colcon.colcon_core.environment:checking '/home/ray/autonomous_robot/install/myamr_localization/lib'
[2.714s] Level 1:colcon.colcon_core.environment:checking '/home/ray/autonomous_robot/install/myamr_localization/bin'
[2.714s] Level 1:colcon.colcon_core.shell:create_environment_hook('myamr_localization', 'path')
[2.715s] INFO:colcon.colcon_core.shell:Creating environment hook '/home/ray/autonomous_robot/install/myamr_localization/share/myamr_localization/hook/path.ps1'
[2.715s] INFO:colcon.colcon_core.shell:Creating environment descriptor '/home/ray/autonomous_robot/install/myamr_localization/share/myamr_localization/hook/path.dsv'
[2.716s] INFO:colcon.colcon_core.shell:Creating environment hook '/home/ray/autonomous_robot/install/myamr_localization/share/myamr_localization/hook/path.sh'
[2.717s] Level 1:colcon.colcon_core.environment:checking '/home/ray/autonomous_robot/install/myamr_localization/lib/pkgconfig/myamr_localization.pc'
[2.718s] Level 1:colcon.colcon_core.environment:checking '/home/ray/autonomous_robot/install/myamr_localization/lib/python3.10/site-packages'
[2.719s] Level 1:colcon.colcon_core.environment:checking '/home/ray/autonomous_robot/install/myamr_localization/bin'
[2.720s] Level 1:colcon.colcon_core.shell:create_environment_hook('myamr_localization', 'pythonscriptspath')
[2.720s] INFO:colcon.colcon_core.shell:Creating environment hook '/home/ray/autonomous_robot/install/myamr_localization/share/myamr_localization/hook/pythonscriptspath.ps1'
[2.721s] INFO:colcon.colcon_core.shell:Creating environment descriptor '/home/ray/autonomous_robot/install/myamr_localization/share/myamr_localization/hook/pythonscriptspath.dsv'
[2.722s] INFO:colcon.colcon_core.shell:Creating environment hook '/home/ray/autonomous_robot/install/myamr_localization/share/myamr_localization/hook/pythonscriptspath.sh'
[2.730s] INFO:colcon.colcon_core.shell:Creating package script '/home/ray/autonomous_robot/install/myamr_localization/share/myamr_localization/package.ps1'
[2.731s] INFO:colcon.colcon_core.shell:Creating package descriptor '/home/ray/autonomous_robot/install/myamr_localization/share/myamr_localization/package.dsv'
[2.732s] INFO:colcon.colcon_core.shell:Creating package script '/home/ray/autonomous_robot/install/myamr_localization/share/myamr_localization/package.sh'
[2.739s] INFO:colcon.colcon_core.shell:Creating package script '/home/ray/autonomous_robot/install/myamr_localization/share/myamr_localization/package.bash'
[2.740s] INFO:colcon.colcon_core.shell:Creating package script '/home/ray/autonomous_robot/install/myamr_localization/share/myamr_localization/package.zsh'
[2.741s] Level 1:colcon.colcon_core.environment:create_file_with_runtime_dependencies(/home/ray/autonomous_robot/install/myamr_localization/share/colcon-core/packages/myamr_localization)
[2.743s] Level 1:colcon.colcon_core.environment:create_environment_scripts_only(myamr_localization)
[2.745s] Level 1:colcon.colcon_core.environment:checking '/home/ray/autonomous_robot/install/myamr_localization' for CMake module files
[2.746s] Level 1:colcon.colcon_core.environment:checking '/home/ray/autonomous_robot/install/myamr_localization' for CMake config files
[2.746s] Level 1:colcon.colcon_core.shell:create_environment_hook('myamr_localization', 'cmake_prefix_path')
[2.747s] INFO:colcon.colcon_core.shell:Creating environment hook '/home/ray/autonomous_robot/install/myamr_localization/share/myamr_localization/hook/cmake_prefix_path.ps1'
[2.748s] INFO:colcon.colcon_core.shell:Creating environment descriptor '/home/ray/autonomous_robot/install/myamr_localization/share/myamr_localization/hook/cmake_prefix_path.dsv'
[2.748s] INFO:colcon.colcon_core.shell:Creating environment hook '/home/ray/autonomous_robot/install/myamr_localization/share/myamr_localization/hook/cmake_prefix_path.sh'
[2.749s] Level 1:colcon.colcon_core.environment:checking '/home/ray/autonomous_robot/install/myamr_localization/lib'
[2.750s] Level 1:colcon.colcon_core.environment:checking '/home/ray/autonomous_robot/install/myamr_localization/bin'
[2.750s] Level 1:colcon.colcon_core.shell:create_environment_hook('myamr_localization', 'path')
[2.750s] INFO:colcon.colcon_core.shell:Creating environment hook '/home/ray/autonomous_robot/install/myamr_localization/share/myamr_localization/hook/path.ps1'
[2.751s] INFO:colcon.colcon_core.shell:Creating environment descriptor '/home/ray/autonomous_robot/install/myamr_localization/share/myamr_localization/hook/path.dsv'
[2.753s] INFO:colcon.colcon_core.shell:Creating environment hook '/home/ray/autonomous_robot/install/myamr_localization/share/myamr_localization/hook/path.sh'
[2.754s] Level 1:colcon.colcon_core.environment:checking '/home/ray/autonomous_robot/install/myamr_localization/lib/pkgconfig/myamr_localization.pc'
[2.755s] Level 1:colcon.colcon_core.environment:checking '/home/ray/autonomous_robot/install/myamr_localization/lib/python3.10/site-packages'
[2.755s] Level 1:colcon.colcon_core.environment:checking '/home/ray/autonomous_robot/install/myamr_localization/bin'
[2.755s] Level 1:colcon.colcon_core.shell:create_environment_hook('myamr_localization', 'pythonscriptspath')
[2.756s] INFO:colcon.colcon_core.shell:Creating environment hook '/home/ray/autonomous_robot/install/myamr_localization/share/myamr_localization/hook/pythonscriptspath.ps1'
[2.756s] INFO:colcon.colcon_core.shell:Creating environment descriptor '/home/ray/autonomous_robot/install/myamr_localization/share/myamr_localization/hook/pythonscriptspath.dsv'
[2.768s] INFO:colcon.colcon_core.shell:Creating environment hook '/home/ray/autonomous_robot/install/myamr_localization/share/myamr_localization/hook/pythonscriptspath.sh'
[2.769s] INFO:colcon.colcon_core.shell:Creating package script '/home/ray/autonomous_robot/install/myamr_localization/share/myamr_localization/package.ps1'
[2.775s] INFO:colcon.colcon_core.shell:Creating package descriptor '/home/ray/autonomous_robot/install/myamr_localization/share/myamr_localization/package.dsv'
[2.776s] INFO:colcon.colcon_core.shell:Creating package script '/home/ray/autonomous_robot/install/myamr_localization/share/myamr_localization/package.sh'
[2.777s] INFO:colcon.colcon_core.shell:Creating package script '/home/ray/autonomous_robot/install/myamr_localization/share/myamr_localization/package.bash'
[2.780s] INFO:colcon.colcon_core.shell:Creating package script '/home/ray/autonomous_robot/install/myamr_localization/share/myamr_localization/package.zsh'
[2.781s] Level 1:colcon.colcon_core.environment:create_file_with_runtime_dependencies(/home/ray/autonomous_robot/install/myamr_localization/share/colcon-core/packages/myamr_localization)
[2.783s] INFO:colcon.colcon_ros.task.ament_cmake.build:Building ROS package in '/home/ray/autonomous_robot/myamr_bringup' with build type 'ament_cmake'
[2.783s] INFO:colcon.colcon_cmake.task.cmake.build:Building CMake package in '/home/ray/autonomous_robot/myamr_bringup'
[2.783s] INFO:colcon.colcon_core.shell:Skip shell extension 'powershell' for command environment: Not usable outside of PowerShell
[2.783s] DEBUG:colcon.colcon_core.shell:Skip shell extension 'dsv' for command environment
[2.850s] DEBUG:colcon.colcon_core.event_handler.log_command:Invoking command in '/home/ray/autonomous_robot/build/myamr_bringup': AMENT_PREFIX_PATH=/home/ray/autonomous_robot/install/myamr_mapping:/home/ray/autonomous_robot/install/myamr_localization:/home/ray/autonomous_robot/install/myamr_description:/home/ray/autonomous_robot/install/myamr_controller:${AMENT_PREFIX_PATH} CMAKE_PREFIX_PATH=/home/ray/autonomous_robot/install/myamr_mapping:/home/ray/autonomous_robot/install/myamr_localization:/home/ray/autonomous_robot/install/myamr_description:/home/ray/autonomous_robot/install/myamr_controller:/home/ray/turtlebot3_ws/install/turtlebot3:/home/ray/turtlebot3_ws/install/turtlebot3_simulations:/home/ray/turtlebot3_ws/install/turtlebot3_bringup:/home/ray/turtlebot3_ws/install/turtlebot3_node:/home/ray/turtlebot3_ws/install/turtlebot3_navigation2:/home/ray/turtlebot3_ws/install/turtlebot3_gazebo:/home/ray/turtlebot3_ws/install/turtlebot3_fake_node:/home/ray/turtlebot3_ws/install/turtlebot3_description:/home/ray/turtlebot3_ws/install/turtlebot3_cartographer:/home/ray/autonomous_tb3_ws/install/autonomous_tb3:/home/ray/turtlebot3_ws/install/turtlebot3_teleop:/home/ray/turtlebot3_ws/install/turtlebot3_example:/home/ray/turtlebot3_ws/install/my_robot_test:/home/ray/autonomous_tb3_ws/src/install/autonomous_tb3:/opt/ros/humble PATH=/home/ray/autonomous_robot/install/myamr_localization/bin:${PATH} PYTHONPATH=/home/ray/autonomous_robot/install/myamr_mapping/local/lib/python3.10/dist-packages:/home/ray/autonomous_robot/install/myamr_localization/local/lib/python3.10/dist-packages:/home/ray/autonomous_robot/install/myamr_controller/local/lib/python3.10/dist-packages:${PYTHONPATH} /usr/bin/cmake --build /home/ray/autonomous_robot/build/myamr_bringup -- -j8 -l8
[2.969s] DEBUG:colcon.colcon_core.event_handler.log_command:Invoked command in '/home/ray/autonomous_robot/build/myamr_bringup' returned '0': AMENT_PREFIX_PATH=/home/ray/autonomous_robot/install/myamr_mapping:/home/ray/autonomous_robot/install/myamr_localization:/home/ray/autonomous_robot/install/myamr_description:/home/ray/autonomous_robot/install/myamr_controller:${AMENT_PREFIX_PATH} CMAKE_PREFIX_PATH=/home/ray/autonomous_robot/install/myamr_mapping:/home/ray/autonomous_robot/install/myamr_localization:/home/ray/autonomous_robot/install/myamr_description:/home/ray/autonomous_robot/install/myamr_controller:/home/ray/turtlebot3_ws/install/turtlebot3:/home/ray/turtlebot3_ws/install/turtlebot3_simulations:/home/ray/turtlebot3_ws/install/turtlebot3_bringup:/home/ray/turtlebot3_ws/install/turtlebot3_node:/home/ray/turtlebot3_ws/install/turtlebot3_navigation2:/home/ray/turtlebot3_ws/install/turtlebot3_gazebo:/home/ray/turtlebot3_ws/install/turtlebot3_fake_node:/home/ray/turtlebot3_ws/install/turtlebot3_description:/home/ray/turtlebot3_ws/install/turtlebot3_cartographer:/home/ray/autonomous_tb3_ws/install/autonomous_tb3:/home/ray/turtlebot3_ws/install/turtlebot3_teleop:/home/ray/turtlebot3_ws/install/turtlebot3_example:/home/ray/turtlebot3_ws/install/my_robot_test:/home/ray/autonomous_tb3_ws/src/install/autonomous_tb3:/opt/ros/humble PATH=/home/ray/autonomous_robot/install/myamr_localization/bin:${PATH} PYTHONPATH=/home/ray/autonomous_robot/install/myamr_mapping/local/lib/python3.10/dist-packages:/home/ray/autonomous_robot/install/myamr_localization/local/lib/python3.10/dist-packages:/home/ray/autonomous_robot/install/myamr_controller/local/lib/python3.10/dist-packages:${PYTHONPATH} /usr/bin/cmake --build /home/ray/autonomous_robot/build/myamr_bringup -- -j8 -l8
[2.984s] DEBUG:colcon.colcon_core.event_handler.log_command:Invoking command in '/home/ray/autonomous_robot/build/myamr_bringup': AMENT_PREFIX_PATH=/home/ray/autonomous_robot/install/myamr_mapping:/home/ray/autonomous_robot/install/myamr_localization:/home/ray/autonomous_robot/install/myamr_description:/home/ray/autonomous_robot/install/myamr_controller:${AMENT_PREFIX_PATH} CMAKE_PREFIX_PATH=/home/ray/autonomous_robot/install/myamr_mapping:/home/ray/autonomous_robot/install/myamr_localization:/home/ray/autonomous_robot/install/myamr_description:/home/ray/autonomous_robot/install/myamr_controller:/home/ray/turtlebot3_ws/install/turtlebot3:/home/ray/turtlebot3_ws/install/turtlebot3_simulations:/home/ray/turtlebot3_ws/install/turtlebot3_bringup:/home/ray/turtlebot3_ws/install/turtlebot3_node:/home/ray/turtlebot3_ws/install/turtlebot3_navigation2:/home/ray/turtlebot3_ws/install/turtlebot3_gazebo:/home/ray/turtlebot3_ws/install/turtlebot3_fake_node:/home/ray/turtlebot3_ws/install/turtlebot3_description:/home/ray/turtlebot3_ws/install/turtlebot3_cartographer:/home/ray/autonomous_tb3_ws/install/autonomous_tb3:/home/ray/turtlebot3_ws/install/turtlebot3_teleop:/home/ray/turtlebot3_ws/install/turtlebot3_example:/home/ray/turtlebot3_ws/install/my_robot_test:/home/ray/autonomous_tb3_ws/src/install/autonomous_tb3:/opt/ros/humble PATH=/home/ray/autonomous_robot/install/myamr_localization/bin:${PATH} PYTHONPATH=/home/ray/autonomous_robot/install/myamr_mapping/local/lib/python3.10/dist-packages:/home/ray/autonomous_robot/install/myamr_localization/local/lib/python3.10/dist-packages:/home/ray/autonomous_robot/install/myamr_controller/local/lib/python3.10/dist-packages:${PYTHONPATH} /usr/bin/cmake --install /home/ray/autonomous_robot/build/myamr_bringup
[3.009s] Level 1:colcon.colcon_core.environment:create_environment_scripts_only(myamr_bringup)
[3.010s] Level 1:colcon.colcon_core.environment:checking '/home/ray/autonomous_robot/install/myamr_bringup' for CMake module files
[3.013s] Level 1:colcon.colcon_core.environment:checking '/home/ray/autonomous_robot/install/myamr_bringup' for CMake config files
[3.014s] Level 1:colcon.colcon_core.shell:create_environment_hook('myamr_bringup', 'cmake_prefix_path')
[3.014s] INFO:colcon.colcon_core.shell:Creating environment hook '/home/ray/autonomous_robot/install/myamr_bringup/share/myamr_bringup/hook/cmake_prefix_path.ps1'
[3.018s] DEBUG:colcon.colcon_core.event_handler.log_command:Invoked command in '/home/ray/autonomous_robot/build/myamr_bringup' returned '0': AMENT_PREFIX_PATH=/home/ray/autonomous_robot/install/myamr_mapping:/home/ray/autonomous_robot/install/myamr_localization:/home/ray/autonomous_robot/install/myamr_description:/home/ray/autonomous_robot/install/myamr_controller:${AMENT_PREFIX_PATH} CMAKE_PREFIX_PATH=/home/ray/autonomous_robot/install/myamr_mapping:/home/ray/autonomous_robot/install/myamr_localization:/home/ray/autonomous_robot/install/myamr_description:/home/ray/autonomous_robot/install/myamr_controller:/home/ray/turtlebot3_ws/install/turtlebot3:/home/ray/turtlebot3_ws/install/turtlebot3_simulations:/home/ray/turtlebot3_ws/install/turtlebot3_bringup:/home/ray/turtlebot3_ws/install/turtlebot3_node:/home/ray/turtlebot3_ws/install/turtlebot3_navigation2:/home/ray/turtlebot3_ws/install/turtlebot3_gazebo:/home/ray/turtlebot3_ws/install/turtlebot3_fake_node:/home/ray/turtlebot3_ws/install/turtlebot3_description:/home/ray/turtlebot3_ws/install/turtlebot3_cartographer:/home/ray/autonomous_tb3_ws/install/autonomous_tb3:/home/ray/turtlebot3_ws/install/turtlebot3_teleop:/home/ray/turtlebot3_ws/install/turtlebot3_example:/home/ray/turtlebot3_ws/install/my_robot_test:/home/ray/autonomous_tb3_ws/src/install/autonomous_tb3:/opt/ros/humble PATH=/home/ray/autonomous_robot/install/myamr_localization/bin:${PATH} PYTHONPATH=/home/ray/autonomous_robot/install/myamr_mapping/local/lib/python3.10/dist-packages:/home/ray/autonomous_robot/install/myamr_localization/local/lib/python3.10/dist-packages:/home/ray/autonomous_robot/install/myamr_controller/local/lib/python3.10/dist-packages:${PYTHONPATH} /usr/bin/cmake --install /home/ray/autonomous_robot/build/myamr_bringup
[3.020s] INFO:colcon.colcon_core.shell:Creating environment descriptor '/home/ray/autonomous_robot/install/myamr_bringup/share/myamr_bringup/hook/cmake_prefix_path.dsv'
[3.021s] INFO:colcon.colcon_core.shell:Creating environment hook '/home/ray/autonomous_robot/install/myamr_bringup/share/myamr_bringup/hook/cmake_prefix_path.sh'
[3.023s] Level 1:colcon.colcon_core.environment:checking '/home/ray/autonomous_robot/install/myamr_bringup/bin'
[3.023s] Level 1:colcon.colcon_core.environment:checking '/home/ray/autonomous_robot/install/myamr_bringup/lib/pkgconfig/myamr_bringup.pc'
[3.024s] Level 1:colcon.colcon_core.environment:checking '/home/ray/autonomous_robot/install/myamr_bringup/lib/python3.10/site-packages'
[3.024s] Level 1:colcon.colcon_core.environment:checking '/home/ray/autonomous_robot/install/myamr_bringup/bin'
[3.024s] INFO:colcon.colcon_core.shell:Creating package script '/home/ray/autonomous_robot/install/myamr_bringup/share/myamr_bringup/package.ps1'
[3.025s] INFO:colcon.colcon_core.shell:Creating package descriptor '/home/ray/autonomous_robot/install/myamr_bringup/share/myamr_bringup/package.dsv'
[3.026s] INFO:colcon.colcon_core.shell:Creating package script '/home/ray/autonomous_robot/install/myamr_bringup/share/myamr_bringup/package.sh'
[3.027s] INFO:colcon.colcon_core.shell:Creating package script '/home/ray/autonomous_robot/install/myamr_bringup/share/myamr_bringup/package.bash'
[3.028s] INFO:colcon.colcon_core.shell:Creating package script '/home/ray/autonomous_robot/install/myamr_bringup/share/myamr_bringup/package.zsh'
[3.029s] Level 1:colcon.colcon_core.environment:create_file_with_runtime_dependencies(/home/ray/autonomous_robot/install/myamr_bringup/share/colcon-core/packages/myamr_bringup)
[3.030s] Level 1:colcon.colcon_core.environment:create_environment_scripts_only(myamr_bringup)
[3.030s] Level 1:colcon.colcon_core.environment:checking '/home/ray/autonomous_robot/install/myamr_bringup' for CMake module files
[3.031s] Level 1:colcon.colcon_core.environment:checking '/home/ray/autonomous_robot/install/myamr_bringup' for CMake config files
[3.032s] Level 1:colcon.colcon_core.shell:create_environment_hook('myamr_bringup', 'cmake_prefix_path')
[3.032s] INFO:colcon.colcon_core.shell:Creating environment hook '/home/ray/autonomous_robot/install/myamr_bringup/share/myamr_bringup/hook/cmake_prefix_path.ps1'
[3.033s] INFO:colcon.colcon_core.shell:Creating environment descriptor '/home/ray/autonomous_robot/install/myamr_bringup/share/myamr_bringup/hook/cmake_prefix_path.dsv'
[3.033s] INFO:colcon.colcon_core.shell:Creating environment hook '/home/ray/autonomous_robot/install/myamr_bringup/share/myamr_bringup/hook/cmake_prefix_path.sh'
[3.034s] Level 1:colcon.colcon_core.environment:checking '/home/ray/autonomous_robot/install/myamr_bringup/bin'
[3.034s] Level 1:colcon.colcon_core.environment:checking '/home/ray/autonomous_robot/install/myamr_bringup/lib/pkgconfig/myamr_bringup.pc'
[3.035s] Level 1:colcon.colcon_core.environment:checking '/home/ray/autonomous_robot/install/myamr_bringup/lib/python3.10/site-packages'
[3.035s] Level 1:colcon.colcon_core.environment:checking '/home/ray/autonomous_robot/install/myamr_bringup/bin'
[3.036s] INFO:colcon.colcon_core.shell:Creating package script '/home/ray/autonomous_robot/install/myamr_bringup/share/myamr_bringup/package.ps1'
[3.037s] INFO:colcon.colcon_core.shell:Creating package descriptor '/home/ray/autonomous_robot/install/myamr_bringup/share/myamr_bringup/package.dsv'
[3.038s] INFO:colcon.colcon_core.shell:Creating package script '/home/ray/autonomous_robot/install/myamr_bringup/share/myamr_bringup/package.sh'
[3.039s] INFO:colcon.colcon_core.shell:Creating package script '/home/ray/autonomous_robot/install/myamr_bringup/share/myamr_bringup/package.bash'
[3.040s] INFO:colcon.colcon_core.shell:Creating package script '/home/ray/autonomous_robot/install/myamr_bringup/share/myamr_bringup/package.zsh'
[3.041s] Level 1:colcon.colcon_core.environment:create_file_with_runtime_dependencies(/home/ray/autonomous_robot/install/myamr_bringup/share/colcon-core/packages/myamr_bringup)
[3.048s] DEBUG:colcon.colcon_core.event_handler.log_command:Invoked command in '/home/ray/autonomous_robot/build/myamr_utils' returned '0': CMAKE_PREFIX_PATH=${CMAKE_PREFIX_PATH}:/home/ray/autonomous_tb3_ws/install/autonomous_tb3:/home/ray/turtlebot3_ws/install/turtlebot3_teleop:/home/ray/turtlebot3_ws/install/turtlebot3_example:/home/ray/turtlebot3_ws/install/my_robot_test:/home/ray/autonomous_tb3_ws/src/install/autonomous_tb3:/opt/ros/humble /usr/bin/cmake --build /home/ray/autonomous_robot/build/myamr_utils -- -j8 -l8
[3.049s] DEBUG:colcon.colcon_core.event_handler.log_command:Invoking command in '/home/ray/autonomous_robot/build/myamr_utils': CMAKE_PREFIX_PATH=${CMAKE_PREFIX_PATH}:/home/ray/autonomous_tb3_ws/install/autonomous_tb3:/home/ray/turtlebot3_ws/install/turtlebot3_teleop:/home/ray/turtlebot3_ws/install/turtlebot3_example:/home/ray/turtlebot3_ws/install/my_robot_test:/home/ray/autonomous_tb3_ws/src/install/autonomous_tb3:/opt/ros/humble /usr/bin/cmake --install /home/ray/autonomous_robot/build/myamr_utils
[3.193s] Level 1:colcon.colcon_core.environment:create_environment_scripts_only(myamr_utils)
[3.194s] Level 1:colcon.colcon_core.environment:checking '/home/ray/autonomous_robot/install/myamr_utils' for CMake module files
[3.195s] Level 1:colcon.colcon_core.environment:checking '/home/ray/autonomous_robot/install/myamr_utils' for CMake config files
[3.195s] Level 1:colcon.colcon_core.shell:create_environment_hook('myamr_utils', 'cmake_prefix_path')
[3.195s] INFO:colcon.colcon_core.shell:Creating environment hook '/home/ray/autonomous_robot/install/myamr_utils/share/myamr_utils/hook/cmake_prefix_path.ps1'
[3.204s] INFO:colcon.colcon_core.shell:Creating environment descriptor '/home/ray/autonomous_robot/install/myamr_utils/share/myamr_utils/hook/cmake_prefix_path.dsv'
[3.205s] INFO:colcon.colcon_core.shell:Creating environment hook '/home/ray/autonomous_robot/install/myamr_utils/share/myamr_utils/hook/cmake_prefix_path.sh'
[3.206s] Level 1:colcon.colcon_core.environment:checking '/home/ray/autonomous_robot/install/myamr_utils/lib'
[3.206s] Level 1:colcon.colcon_core.environment:checking '/home/ray/autonomous_robot/install/myamr_utils/bin'
[3.206s] Level 1:colcon.colcon_core.environment:checking '/home/ray/autonomous_robot/install/myamr_utils/lib/pkgconfig/myamr_utils.pc'
[3.206s] Level 1:colcon.colcon_core.environment:checking '/home/ray/autonomous_robot/install/myamr_utils/lib/python3.10/site-packages'
[3.207s] Level 1:colcon.colcon_core.environment:checking '/home/ray/autonomous_robot/install/myamr_utils/bin'
[3.207s] INFO:colcon.colcon_core.shell:Creating package script '/home/ray/autonomous_robot/install/myamr_utils/share/myamr_utils/package.ps1'
[3.217s] DEBUG:colcon.colcon_core.event_handler.log_command:Invoked command in '/home/ray/autonomous_robot/build/myamr_utils' returned '0': CMAKE_PREFIX_PATH=${CMAKE_PREFIX_PATH}:/home/ray/autonomous_tb3_ws/install/autonomous_tb3:/home/ray/turtlebot3_ws/install/turtlebot3_teleop:/home/ray/turtlebot3_ws/install/turtlebot3_example:/home/ray/turtlebot3_ws/install/my_robot_test:/home/ray/autonomous_tb3_ws/src/install/autonomous_tb3:/opt/ros/humble /usr/bin/cmake --install /home/ray/autonomous_robot/build/myamr_utils
[3.218s] INFO:colcon.colcon_core.shell:Creating package descriptor '/home/ray/autonomous_robot/install/myamr_utils/share/myamr_utils/package.dsv'
[3.219s] INFO:colcon.colcon_core.shell:Creating package script '/home/ray/autonomous_robot/install/myamr_utils/share/myamr_utils/package.sh'
[3.219s] INFO:colcon.colcon_core.shell:Creating package script '/home/ray/autonomous_robot/install/myamr_utils/share/myamr_utils/package.bash'
[3.220s] INFO:colcon.colcon_core.shell:Creating package script '/home/ray/autonomous_robot/install/myamr_utils/share/myamr_utils/package.zsh'
[3.220s] Level 1:colcon.colcon_core.environment:create_file_with_runtime_dependencies(/home/ray/autonomous_robot/install/myamr_utils/share/colcon-core/packages/myamr_utils)
[3.223s] Level 1:colcon.colcon_core.environment:create_environment_scripts_only(myamr_utils)
[3.224s] Level 1:colcon.colcon_core.environment:checking '/home/ray/autonomous_robot/install/myamr_utils' for CMake module files
[3.224s] Level 1:colcon.colcon_core.environment:checking '/home/ray/autonomous_robot/install/myamr_utils' for CMake config files
[3.225s] Level 1:colcon.colcon_core.shell:create_environment_hook('myamr_utils', 'cmake_prefix_path')
[3.225s] INFO:colcon.colcon_core.shell:Creating environment hook '/home/ray/autonomous_robot/install/myamr_utils/share/myamr_utils/hook/cmake_prefix_path.ps1'
[3.232s] INFO:colcon.colcon_core.shell:Creating environment descriptor '/home/ray/autonomous_robot/install/myamr_utils/share/myamr_utils/hook/cmake_prefix_path.dsv'
[3.233s] INFO:colcon.colcon_core.shell:Creating environment hook '/home/ray/autonomous_robot/install/myamr_utils/share/myamr_utils/hook/cmake_prefix_path.sh'
[3.235s] Level 1:colcon.colcon_core.environment:checking '/home/ray/autonomous_robot/install/myamr_utils/lib'
[3.236s] Level 1:colcon.colcon_core.environment:checking '/home/ray/autonomous_robot/install/myamr_utils/bin'
[3.236s] Level 1:colcon.colcon_core.environment:checking '/home/ray/autonomous_robot/install/myamr_utils/lib/pkgconfig/myamr_utils.pc'
[3.236s] Level 1:colcon.colcon_core.environment:checking '/home/ray/autonomous_robot/install/myamr_utils/lib/python3.10/site-packages'
[3.237s] Level 1:colcon.colcon_core.environment:checking '/home/ray/autonomous_robot/install/myamr_utils/bin'
[3.237s] INFO:colcon.colcon_core.shell:Creating package script '/home/ray/autonomous_robot/install/myamr_utils/share/myamr_utils/package.ps1'
[3.238s] INFO:colcon.colcon_core.shell:Creating package descriptor '/home/ray/autonomous_robot/install/myamr_utils/share/myamr_utils/package.dsv'
[3.239s] INFO:colcon.colcon_core.shell:Creating package script '/home/ray/autonomous_robot/install/myamr_utils/share/myamr_utils/package.sh'
[3.240s] INFO:colcon.colcon_core.shell:Creating package script '/home/ray/autonomous_robot/install/myamr_utils/share/myamr_utils/package.bash'
[3.240s] INFO:colcon.colcon_core.shell:Creating package script '/home/ray/autonomous_robot/install/myamr_utils/share/myamr_utils/package.zsh'
[3.241s] Level 1:colcon.colcon_core.environment:create_file_with_runtime_dependencies(/home/ray/autonomous_robot/install/myamr_utils/share/colcon-core/packages/myamr_utils)
[3.464s] DEBUG:colcon.colcon_core.event_handler.log_command:Invoking command in '/home/ray/autonomous_robot/myamr_planning': PYTHONPATH=/home/ray/autonomous_robot/build/myamr_planning/prefix_override:/usr/lib/python3/dist-packages/colcon_core/task/python/colcon_distutils_commands:/home/ray/autonomous_robot/install/myamr_planning/lib/python3.10/site-packages:${PYTHONPATH} /usr/bin/python3 -W ignore:setup.py install is deprecated -W ignore:easy_install command is deprecated setup.py egg_info --egg-base ../build/myamr_planning build --build-base /home/ray/autonomous_robot/build/myamr_planning/build install --record /home/ray/autonomous_robot/build/myamr_planning/install.log --single-version-externally-managed install_data
[3.510s] DEBUG:colcon.colcon_core.event_handler.log_command:Invoking command in '/home/ray/autonomous_robot/myamr_motion': PYTHONPATH=/home/ray/autonomous_robot/build/myamr_motion/prefix_override:/usr/lib/python3/dist-packages/colcon_core/task/python/colcon_distutils_commands:/home/ray/autonomous_robot/install/myamr_motion/lib/python3.10/site-packages:${PYTHONPATH} /usr/bin/python3 -W ignore:setup.py install is deprecated -W ignore:easy_install command is deprecated setup.py egg_info --egg-base ../build/myamr_motion build --build-base /home/ray/autonomous_robot/build/myamr_motion/build install --record /home/ray/autonomous_robot/build/myamr_motion/install.log --single-version-externally-managed install_data
[4.244s] Level 1:colcon.colcon_core.environment:checking '/home/ray/autonomous_robot/install/myamr_planning' for CMake module files
[4.245s] Level 1:colcon.colcon_core.environment:checking '/home/ray/autonomous_robot/install/myamr_planning' for CMake config files
[4.247s] Level 1:colcon.colcon_core.environment:checking '/home/ray/autonomous_robot/install/myamr_planning/lib'
[4.247s] Level 1:colcon.colcon_core.environment:checking '/home/ray/autonomous_robot/install/myamr_planning/bin'
[4.247s] Level 1:colcon.colcon_core.environment:checking '/home/ray/autonomous_robot/install/myamr_planning/lib/pkgconfig/myamr_planning.pc'
[4.248s] Level 1:colcon.colcon_core.environment:checking '/home/ray/autonomous_robot/install/myamr_planning/lib/python3.10/site-packages'
[4.250s] Level 1:colcon.colcon_core.shell:create_environment_hook('myamr_planning', 'pythonpath')
[4.249s] DEBUG:colcon.colcon_core.event_handler.log_command:Invoked command in '/home/ray/autonomous_robot/myamr_planning' returned '0': PYTHONPATH=/home/ray/autonomous_robot/build/myamr_planning/prefix_override:/usr/lib/python3/dist-packages/colcon_core/task/python/colcon_distutils_commands:/home/ray/autonomous_robot/install/myamr_planning/lib/python3.10/site-packages:${PYTHONPATH} /usr/bin/python3 -W ignore:setup.py install is deprecated -W ignore:easy_install command is deprecated setup.py egg_info --egg-base ../build/myamr_planning build --build-base /home/ray/autonomous_robot/build/myamr_planning/build install --record /home/ray/autonomous_robot/build/myamr_planning/install.log --single-version-externally-managed install_data
[4.253s] INFO:colcon.colcon_core.shell:Creating environment hook '/home/ray/autonomous_robot/install/myamr_planning/share/myamr_planning/hook/pythonpath.ps1'
[4.256s] INFO:colcon.colcon_core.shell:Creating environment descriptor '/home/ray/autonomous_robot/install/myamr_planning/share/myamr_planning/hook/pythonpath.dsv'
[4.258s] INFO:colcon.colcon_core.shell:Creating environment hook '/home/ray/autonomous_robot/install/myamr_planning/share/myamr_planning/hook/pythonpath.sh'
[4.261s] Level 1:colcon.colcon_core.environment:checking '/home/ray/autonomous_robot/install/myamr_planning/bin'
[4.261s] Level 1:colcon.colcon_core.environment:create_environment_scripts_only(myamr_planning)
[4.262s] INFO:colcon.colcon_core.shell:Creating package script '/home/ray/autonomous_robot/install/myamr_planning/share/myamr_planning/package.ps1'
[4.263s] INFO:colcon.colcon_core.shell:Creating package descriptor '/home/ray/autonomous_robot/install/myamr_planning/share/myamr_planning/package.dsv'
[4.266s] INFO:colcon.colcon_core.shell:Creating package script '/home/ray/autonomous_robot/install/myamr_planning/share/myamr_planning/package.sh'
[4.269s] INFO:colcon.colcon_core.shell:Creating package script '/home/ray/autonomous_robot/install/myamr_planning/share/myamr_planning/package.bash'
[4.272s] INFO:colcon.colcon_core.shell:Creating package script '/home/ray/autonomous_robot/install/myamr_planning/share/myamr_planning/package.zsh'
[4.277s] Level 1:colcon.colcon_core.environment:create_file_with_runtime_dependencies(/home/ray/autonomous_robot/install/myamr_planning/share/colcon-core/packages/myamr_planning)
[4.370s] Level 1:colcon.colcon_core.environment:checking '/home/ray/autonomous_robot/install/myamr_motion' for CMake module files
[4.372s] Level 1:colcon.colcon_core.environment:checking '/home/ray/autonomous_robot/install/myamr_motion' for CMake config files
[4.373s] Level 1:colcon.colcon_core.environment:checking '/home/ray/autonomous_robot/install/myamr_motion/lib'
[4.373s] Level 1:colcon.colcon_core.environment:checking '/home/ray/autonomous_robot/install/myamr_motion/bin'
[4.373s] Level 1:colcon.colcon_core.environment:checking '/home/ray/autonomous_robot/install/myamr_motion/lib/pkgconfig/myamr_motion.pc'
[4.373s] Level 1:colcon.colcon_core.environment:checking '/home/ray/autonomous_robot/install/myamr_motion/lib/python3.10/site-packages'
[4.373s] Level 1:colcon.colcon_core.shell:create_environment_hook('myamr_motion', 'pythonpath')
[4.371s] DEBUG:colcon.colcon_core.event_handler.log_command:Invoked command in '/home/ray/autonomous_robot/myamr_motion' returned '0': PYTHONPATH=/home/ray/autonomous_robot/build/myamr_motion/prefix_override:/usr/lib/python3/dist-packages/colcon_core/task/python/colcon_distutils_commands:/home/ray/autonomous_robot/install/myamr_motion/lib/python3.10/site-packages:${PYTHONPATH} /usr/bin/python3 -W ignore:setup.py install is deprecated -W ignore:easy_install command is deprecated setup.py egg_info --egg-base ../build/myamr_motion build --build-base /home/ray/autonomous_robot/build/myamr_motion/build install --record /home/ray/autonomous_robot/build/myamr_motion/install.log --single-version-externally-managed install_data
[4.375s] INFO:colcon.colcon_core.shell:Creating environment hook '/home/ray/autonomous_robot/install/myamr_motion/share/myamr_motion/hook/pythonpath.ps1'
[4.376s] INFO:colcon.colcon_core.shell:Creating environment descriptor '/home/ray/autonomous_robot/install/myamr_motion/share/myamr_motion/hook/pythonpath.dsv'
[4.376s] INFO:colcon.colcon_core.shell:Creating environment hook '/home/ray/autonomous_robot/install/myamr_motion/share/myamr_motion/hook/pythonpath.sh'
[4.377s] Level 1:colcon.colcon_core.environment:checking '/home/ray/autonomous_robot/install/myamr_motion/bin'
[4.377s] Level 1:colcon.colcon_core.environment:create_environment_scripts_only(myamr_motion)
[4.378s] INFO:colcon.colcon_core.shell:Creating package script '/home/ray/autonomous_robot/install/myamr_motion/share/myamr_motion/package.ps1'
[4.380s] INFO:colcon.colcon_core.shell:Creating package descriptor '/home/ray/autonomous_robot/install/myamr_motion/share/myamr_motion/package.dsv'
[4.381s] INFO:colcon.colcon_core.shell:Creating package script '/home/ray/autonomous_robot/install/myamr_motion/share/myamr_motion/package.sh'
[4.382s] INFO:colcon.colcon_core.shell:Creating package script '/home/ray/autonomous_robot/install/myamr_motion/share/myamr_motion/package.bash'
[4.383s] INFO:colcon.colcon_core.shell:Creating package script '/home/ray/autonomous_robot/install/myamr_motion/share/myamr_motion/package.zsh'
[4.383s] Level 1:colcon.colcon_core.environment:create_file_with_runtime_dependencies(/home/ray/autonomous_robot/install/myamr_motion/share/colcon-core/packages/myamr_motion)
[4.383s] DEBUG:colcon.colcon_parallel_executor.executor.parallel:closing loop
[4.384s] DEBUG:colcon.colcon_parallel_executor.executor.parallel:loop closed
[4.384s] DEBUG:colcon.colcon_parallel_executor.executor.parallel:run_until_complete finished with '0'
[4.384s] DEBUG:colcon.colcon_core.event_reactor:joining thread
[4.405s] INFO:colcon.colcon_core.plugin_system:Skipping extension 'colcon_notification.desktop_notification.terminal_notifier': Not used on non-Darwin systems
[4.406s] INFO:colcon.colcon_core.plugin_system:Skipping extension 'colcon_notification.desktop_notification.win32': Not used on non-Windows systems
[4.406s] INFO:colcon.colcon_notification.desktop_notification:Sending desktop notification using 'notify2'
[4.435s] DEBUG:colcon.colcon_core.event_reactor:joined thread
[4.436s] INFO:colcon.colcon_core.shell:Creating prefix script '/home/ray/autonomous_robot/install/local_setup.ps1'
[4.439s] INFO:colcon.colcon_core.shell:Creating prefix util module '/home/ray/autonomous_robot/install/_local_setup_util_ps1.py'
[4.444s] INFO:colcon.colcon_core.shell:Creating prefix chain script '/home/ray/autonomous_robot/install/setup.ps1'
[4.450s] INFO:colcon.colcon_core.shell:Creating prefix script '/home/ray/autonomous_robot/install/local_setup.sh'
[4.452s] INFO:colcon.colcon_core.shell:Creating prefix util module '/home/ray/autonomous_robot/install/_local_setup_util_sh.py'
[4.453s] INFO:colcon.colcon_core.shell:Creating prefix chain script '/home/ray/autonomous_robot/install/setup.sh'
[4.461s] INFO:colcon.colcon_core.shell:Creating prefix script '/home/ray/autonomous_robot/install/local_setup.bash'
[4.463s] INFO:colcon.colcon_core.shell:Creating prefix chain script '/home/ray/autonomous_robot/install/setup.bash'
[4.466s] INFO:colcon.colcon_core.shell:Creating prefix script '/home/ray/autonomous_robot/install/local_setup.zsh'
[4.468s] INFO:colcon.colcon_core.shell:Creating prefix chain script '/home/ray/autonomous_robot/install/setup.zsh'
