[0.044s] Invoking command in '/home/ray/autonomous_robot/build/myrobot_controller': CMAKE_PREFIX_PATH=${CMAKE_PREFIX_PATH}:/home/ray/autonomous_robot/install/myamr_files:/home/ray/autonomous_tb3_ws/install/autonomous_tb3:/home/ray/turtlebot3_ws/install/turtlebot3_teleop:/home/ray/turtlebot3_ws/install/turtlebot3_example:/home/ray/turtlebot3_ws/install/my_robot_test:/home/ray/autonomous_tb3_ws/src/install/autonomous_tb3:/opt/ros/humble /usr/bin/cmake --build /home/ray/autonomous_robot/build/myrobot_controller -- -j8 -l8
[0.078s] -- Found ament_cmake: 1.3.11 (/opt/ros/humble/share/ament_cmake/cmake)
[0.264s] -- Found rclcpp: 16.0.12 (/opt/ros/humble/share/rclcpp/cmake)
[0.296s] -- Found rosidl_generator_c: 3.1.6 (/opt/ros/humble/share/rosidl_generator_c/cmake)
[0.299s] -- Found rosidl_adapter: 3.1.6 (/opt/ros/humble/share/rosidl_adapter/cmake)
[0.306s] -- Found rosidl_generator_cpp: 3.1.6 (/opt/ros/humble/share/rosidl_generator_cpp/cmake)
[0.316s] -- Using all available rosidl_typesupport_c: rosidl_typesupport_fastrtps_c;rosidl_typesupport_introspection_c
[0.330s] -- Using all available rosidl_typesupport_cpp: rosidl_typesupport_fastrtps_cpp;rosidl_typesupport_introspection_cpp
[0.365s] -- Found rmw_implementation_cmake: 6.1.2 (/opt/ros/humble/share/rmw_implementation_cmake/cmake)
[0.366s] -- Found rmw_fastrtps_cpp: 6.2.7 (/opt/ros/humble/share/rmw_fastrtps_cpp/cmake)
[0.484s] -- Using RMW implementation 'rmw_fastrtps_cpp' as default
[0.560s] -- Found rclpy: 3.3.16 (/opt/ros/humble/share/rclpy/cmake)
[0.560s] -- Found geometry_msgs: 4.9.0 (/opt/ros/humble/share/geometry_msgs/cmake)
[0.577s] -- Found sensor_msgs: 4.9.0 (/opt/ros/humble/share/sensor_msgs/cmake)
[0.609s] -- Found nav_msgs: 4.9.0 (/opt/ros/humble/share/nav_msgs/cmake)
[0.629s] -- Found tf2_ros: 0.25.13 (/opt/ros/humble/share/tf2_ros/cmake)
[0.903s] -- Configuring done
[0.908s] [31mCMake Error at CMakeLists.txt:19 (add_executable):
[0.908s]   Cannot find source file:
[0.908s] 
[0.908s]     src/simple_controller.cpp
[0.908s] 
[0.909s]   Tried extensions .c .C .c++ .cc .cpp .cxx .cu .mpp .m .M .mm .ixx .cppm .h
[0.909s]   .hh .h++ .hm .hpp .hxx .in .txx .f .F .for .f77 .f90 .f95 .f03 .hip .ispc
[0.909s] 
[0.909s] [0m
[0.911s] [31mCMake Error at CMakeLists.txt:22 (add_executable):
[0.911s]   Cannot find source file:
[0.911s] 
[0.911s]     src/noisy_controller.cpp
[0.911s] 
[0.911s]   Tried extensions .c .C .c++ .cc .cpp .cxx .cu .mpp .m .M .mm .ixx .cppm .h
[0.915s]   .hh .h++ .hm .hpp .hxx .in .txx .f .F .for .f77 .f90 .f95 .f03 .hip .ispc
[0.915s] 
[0.915s] [0m
[0.915s] [31mCMake Error at CMakeLists.txt:25 (add_executable):
[0.915s]   Cannot find source file:
[0.915s] 
[0.916s]     src/twist_relay.cpp
[0.916s] 
[0.916s]   Tried extensions .c .C .c++ .cc .cpp .cxx .cu .mpp .m .M .mm .ixx .cppm .h
[0.916s]   .hh .h++ .hm .hpp .hxx .in .txx .f .F .for .f77 .f90 .f95 .f03 .hip .ispc
[0.916s] 
[0.916s] [0m
[0.916s] [31mCMake Error at CMakeLists.txt:19 (add_executable):
[0.916s]   No SOURCES given to target: simple_controller
[0.916s] 
[0.916s] [0m
[0.916s] [31mCMake Error at CMakeLists.txt:22 (add_executable):
[0.916s]   No SOURCES given to target: noisy_controller
[0.917s] 
[0.917s] [0m
[0.917s] [31mCMake Error at CMakeLists.txt:25 (add_executable):
[0.917s]   No SOURCES given to target: twist_relay
[0.917s] 
[0.917s] [0m
[0.917s] [0mCMake Generate step failed.  Build files cannot be regenerated correctly.[0m
[0.926s] gmake: *** [Makefile:336: cmake_check_build_system] Error 1
