[0.108s] Invoking command in '/home/ray/autonomous_robot/build/myamr_controller': CMAKE_PREFIX_PATH=${CMAKE_PREFIX_PATH}:/home/ray/autonomous_tb3_ws/install/autonomous_tb3:/home/ray/turtlebot3_ws/install/turtlebot3_teleop:/home/ray/turtlebot3_ws/install/turtlebot3_example:/home/ray/turtlebot3_ws/install/my_robot_test:/home/ray/autonomous_tb3_ws/src/install/autonomous_tb3:/opt/ros/humble /usr/bin/cmake --build /home/ray/autonomous_robot/build/myamr_controller -- -j8 -l8
[1.264s] [ 50%] Built target ament_cmake_python_copy_myamr_controller
[1.265s] [100%] Built target twist_relay
[1.266s] running egg_info
[1.266s] writing myamr_controller.egg-info/PKG-INFO
[1.267s] writing dependency_links to myamr_controller.egg-info/dependency_links.txt
[1.267s] writing top-level names to myamr_controller.egg-info/top_level.txt
[1.267s] reading manifest file 'myamr_controller.egg-info/SOURCES.txt'
[1.268s] writing manifest file 'myamr_controller.egg-info/SOURCES.txt'
[1.268s] [100%] Built target ament_cmake_python_build_myamr_controller_egg
[1.300s] Invoked command in '/home/ray/autonomous_robot/build/myamr_controller' returned '0': CMAKE_PREFIX_PATH=${CMAKE_PREFIX_PATH}:/home/ray/autonomous_tb3_ws/install/autonomous_tb3:/home/ray/turtlebot3_ws/install/turtlebot3_teleop:/home/ray/turtlebot3_ws/install/turtlebot3_example:/home/ray/turtlebot3_ws/install/my_robot_test:/home/ray/autonomous_tb3_ws/src/install/autonomous_tb3:/opt/ros/humble /usr/bin/cmake --build /home/ray/autonomous_robot/build/myamr_controller -- -j8 -l8
[1.307s] Invoking command in '/home/ray/autonomous_robot/build/myamr_controller': CMAKE_PREFIX_PATH=${CMAKE_PREFIX_PATH}:/home/ray/autonomous_tb3_ws/install/autonomous_tb3:/home/ray/turtlebot3_ws/install/turtlebot3_teleop:/home/ray/turtlebot3_ws/install/turtlebot3_example:/home/ray/turtlebot3_ws/install/my_robot_test:/home/ray/autonomous_tb3_ws/src/install/autonomous_tb3:/opt/ros/humble /usr/bin/cmake --install /home/ray/autonomous_robot/build/myamr_controller
[1.398s] -- Install configuration: ""
[1.398s] -- Up-to-date: /home/ray/autonomous_robot/install/myamr_controller/share/myamr_controller/environment/pythonpath.sh
[1.400s] -- Up-to-date: /home/ray/autonomous_robot/install/myamr_controller/share/myamr_controller/environment/pythonpath.dsv
[1.400s] -- Up-to-date: /home/ray/autonomous_robot/install/myamr_controller/local/lib/python3.10/dist-packages/myamr_controller-0.0.0-py3.10.egg-info
[1.400s] -- Installing: /home/ray/autonomous_robot/install/myamr_controller/local/lib/python3.10/dist-packages/myamr_controller-0.0.0-py3.10.egg-info/SOURCES.txt
[1.400s] -- Installing: /home/ray/autonomous_robot/install/myamr_controller/local/lib/python3.10/dist-packages/myamr_controller-0.0.0-py3.10.egg-info/PKG-INFO
[1.401s] -- Installing: /home/ray/autonomous_robot/install/myamr_controller/local/lib/python3.10/dist-packages/myamr_controller-0.0.0-py3.10.egg-info/dependency_links.txt
[1.401s] -- Installing: /home/ray/autonomous_robot/install/myamr_controller/local/lib/python3.10/dist-packages/myamr_controller-0.0.0-py3.10.egg-info/top_level.txt
[1.401s] -- Up-to-date: /home/ray/autonomous_robot/install/myamr_controller/local/lib/python3.10/dist-packages/myamr_controller
[1.401s] -- Up-to-date: /home/ray/autonomous_robot/install/myamr_controller/local/lib/python3.10/dist-packages/myamr_controller/simple_controller.py
[1.403s] -- Up-to-date: /home/ray/autonomous_robot/install/myamr_controller/local/lib/python3.10/dist-packages/myamr_controller/twist_relay.py
[1.403s] -- Up-to-date: /home/ray/autonomous_robot/install/myamr_controller/local/lib/python3.10/dist-packages/myamr_controller/noisy_controller.py
[1.403s] -- Up-to-date: /home/ray/autonomous_robot/install/myamr_controller/local/lib/python3.10/dist-packages/myamr_controller/__init__.py
[1.627s] Listing '/home/ray/autonomous_robot/install/myamr_controller/local/lib/python3.10/dist-packages/myamr_controller'...
[1.661s] -- Up-to-date: /home/ray/autonomous_robot/install/myamr_controller/include/include
[1.661s] -- Up-to-date: /home/ray/autonomous_robot/install/myamr_controller/include/include/bumperbot_controller
[1.661s] -- Up-to-date: /home/ray/autonomous_robot/install/myamr_controller/include/include/bumperbot_controller/noisy_controller.hpp
[1.661s] -- Up-to-date: /home/ray/autonomous_robot/install/myamr_controller/include/include/bumperbot_controller/simple_controller.hpp
[1.662s] -- Up-to-date: /home/ray/autonomous_robot/install/myamr_controller/lib/myamr_controller/twist_relay
[1.665s] -- Up-to-date: /home/ray/autonomous_robot/install/myamr_controller/share/myamr_controller/launch
[1.665s] -- Up-to-date: /home/ray/autonomous_robot/install/myamr_controller/share/myamr_controller/launch/joystick_teleop.launch.py
[1.665s] -- Up-to-date: /home/ray/autonomous_robot/install/myamr_controller/share/myamr_controller/launch/controller.launch.py
[1.665s] -- Up-to-date: /home/ray/autonomous_robot/install/myamr_controller/share/myamr_controller/config
[1.665s] -- Up-to-date: /home/ray/autonomous_robot/install/myamr_controller/share/myamr_controller/config/joy_teleop.yaml
[1.665s] -- Up-to-date: /home/ray/autonomous_robot/install/myamr_controller/share/myamr_controller/config/joy_config.yaml
[1.666s] -- Up-to-date: /home/ray/autonomous_robot/install/myamr_controller/share/myamr_controller/config/twist_mux_joy.yaml
[1.666s] -- Up-to-date: /home/ray/autonomous_robot/install/myamr_controller/share/myamr_controller/config/myamr_controllers.yaml
[1.666s] -- Up-to-date: /home/ray/autonomous_robot/install/myamr_controller/share/myamr_controller/config/twist_mux_locks.yaml
[1.666s] -- Up-to-date: /home/ray/autonomous_robot/install/myamr_controller/share/myamr_controller/config/twist_mux_topics.yaml
[1.666s] -- Up-to-date: /home/ray/autonomous_robot/install/myamr_controller/lib/myamr_controller/twist_relay.py
[1.666s] -- Up-to-date: /home/ray/autonomous_robot/install/myamr_controller/lib/myamr_controller/noisy_controller.py
[1.666s] -- Up-to-date: /home/ray/autonomous_robot/install/myamr_controller/lib/myamr_controller/simple_controller.py
[1.666s] -- Up-to-date: /home/ray/autonomous_robot/install/myamr_controller/share/ament_index/resource_index/package_run_dependencies/myamr_controller
[1.666s] -- Up-to-date: /home/ray/autonomous_robot/install/myamr_controller/share/ament_index/resource_index/parent_prefix_path/myamr_controller
[1.666s] -- Up-to-date: /home/ray/autonomous_robot/install/myamr_controller/share/myamr_controller/environment/ament_prefix_path.sh
[1.666s] -- Up-to-date: /home/ray/autonomous_robot/install/myamr_controller/share/myamr_controller/environment/ament_prefix_path.dsv
[1.666s] -- Up-to-date: /home/ray/autonomous_robot/install/myamr_controller/share/myamr_controller/environment/path.sh
[1.667s] -- Up-to-date: /home/ray/autonomous_robot/install/myamr_controller/share/myamr_controller/environment/path.dsv
[1.667s] -- Up-to-date: /home/ray/autonomous_robot/install/myamr_controller/share/myamr_controller/local_setup.bash
[1.667s] -- Up-to-date: /home/ray/autonomous_robot/install/myamr_controller/share/myamr_controller/local_setup.sh
[1.667s] -- Up-to-date: /home/ray/autonomous_robot/install/myamr_controller/share/myamr_controller/local_setup.zsh
[1.667s] -- Up-to-date: /home/ray/autonomous_robot/install/myamr_controller/share/myamr_controller/local_setup.dsv
[1.667s] -- Installing: /home/ray/autonomous_robot/install/myamr_controller/share/myamr_controller/package.dsv
[1.676s] -- Up-to-date: /home/ray/autonomous_robot/install/myamr_controller/share/ament_index/resource_index/packages/myamr_controller
[1.677s] -- Up-to-date: /home/ray/autonomous_robot/install/myamr_controller/share/myamr_controller/cmake/myamr_controllerConfig.cmake
[1.677s] -- Up-to-date: /home/ray/autonomous_robot/install/myamr_controller/share/myamr_controller/cmake/myamr_controllerConfig-version.cmake
[1.677s] -- Up-to-date: /home/ray/autonomous_robot/install/myamr_controller/share/myamr_controller/package.xml
[1.728s] Invoked command in '/home/ray/autonomous_robot/build/myamr_controller' returned '0': CMAKE_PREFIX_PATH=${CMAKE_PREFIX_PATH}:/home/ray/autonomous_tb3_ws/install/autonomous_tb3:/home/ray/turtlebot3_ws/install/turtlebot3_teleop:/home/ray/turtlebot3_ws/install/turtlebot3_example:/home/ray/turtlebot3_ws/install/my_robot_test:/home/ray/autonomous_tb3_ws/src/install/autonomous_tb3:/opt/ros/humble /usr/bin/cmake --install /home/ray/autonomous_robot/build/myamr_controller
