[  0%] Built target ament_cmake_python_copy_myamr_utils
[100%] Built target safety_stop
running egg_info
writing myamr_utils.egg-info/PKG-INFO
writing dependency_links to myamr_utils.egg-info/dependency_links.txt
writing top-level names to myamr_utils.egg-info/top_level.txt
reading manifest file 'myamr_utils.egg-info/SOURCES.txt'
writing manifest file 'myamr_utils.egg-info/SOURCES.txt'
[100%] Built target ament_cmake_python_build_myamr_utils_egg
-- Install configuration: ""
-- Up-to-date: /home/ray/autonomous_robot/install/myamr_utils/share/myamr_utils/environment/pythonpath.sh
-- Up-to-date: /home/ray/autonomous_robot/install/myamr_utils/share/myamr_utils/environment/pythonpath.dsv
-- Up-to-date: /home/ray/autonomous_robot/install/myamr_utils/local/lib/python3.10/dist-packages/myamr_utils-0.0.0-py3.10.egg-info
-- Installing: /home/ray/autonomous_robot/install/myamr_utils/local/lib/python3.10/dist-packages/myamr_utils-0.0.0-py3.10.egg-info/SOURCES.txt
-- Installing: /home/ray/autonomous_robot/install/myamr_utils/local/lib/python3.10/dist-packages/myamr_utils-0.0.0-py3.10.egg-info/PKG-INFO
-- Installing: /home/ray/autonomous_robot/install/myamr_utils/local/lib/python3.10/dist-packages/myamr_utils-0.0.0-py3.10.egg-info/dependency_links.txt
-- Installing: /home/ray/autonomous_robot/install/myamr_utils/local/lib/python3.10/dist-packages/myamr_utils-0.0.0-py3.10.egg-info/top_level.txt
-- Up-to-date: /home/ray/autonomous_robot/install/myamr_utils/local/lib/python3.10/dist-packages/myamr_utils
-- Up-to-date: /home/ray/autonomous_robot/install/myamr_utils/local/lib/python3.10/dist-packages/myamr_utils/safety_stop.py
-- Up-to-date: /home/ray/autonomous_robot/install/myamr_utils/local/lib/python3.10/dist-packages/myamr_utils/__init__.py
Listing '/home/ray/autonomous_robot/install/myamr_utils/local/lib/python3.10/dist-packages/myamr_utils'...
-- Up-to-date: /home/ray/autonomous_robot/install/myamr_utils/lib/myamr_utils/safety_stop
-- Up-to-date: /home/ray/autonomous_robot/install/myamr_utils/lib/myamr_utils/safety_stop.py
-- Up-to-date: /home/ray/autonomous_robot/install/myamr_utils/share/ament_index/resource_index/package_run_dependencies/myamr_utils
-- Up-to-date: /home/ray/autonomous_robot/install/myamr_utils/share/ament_index/resource_index/parent_prefix_path/myamr_utils
-- Up-to-date: /home/ray/autonomous_robot/install/myamr_utils/share/myamr_utils/environment/ament_prefix_path.sh
-- Up-to-date: /home/ray/autonomous_robot/install/myamr_utils/share/myamr_utils/environment/ament_prefix_path.dsv
-- Up-to-date: /home/ray/autonomous_robot/install/myamr_utils/share/myamr_utils/environment/path.sh
-- Up-to-date: /home/ray/autonomous_robot/install/myamr_utils/share/myamr_utils/environment/path.dsv
-- Up-to-date: /home/ray/autonomous_robot/install/myamr_utils/share/myamr_utils/local_setup.bash
-- Up-to-date: /home/ray/autonomous_robot/install/myamr_utils/share/myamr_utils/local_setup.sh
-- Up-to-date: /home/ray/autonomous_robot/install/myamr_utils/share/myamr_utils/local_setup.zsh
-- Up-to-date: /home/ray/autonomous_robot/install/myamr_utils/share/myamr_utils/local_setup.dsv
-- Installing: /home/ray/autonomous_robot/install/myamr_utils/share/myamr_utils/package.dsv
-- Up-to-date: /home/ray/autonomous_robot/install/myamr_utils/share/ament_index/resource_index/packages/myamr_utils
-- Up-to-date: /home/ray/autonomous_robot/install/myamr_utils/share/myamr_utils/cmake/myamr_utilsConfig.cmake
-- Up-to-date: /home/ray/autonomous_robot/install/myamr_utils/share/myamr_utils/cmake/myamr_utilsConfig-version.cmake
-- Up-to-date: /home/ray/autonomous_robot/install/myamr_utils/share/myamr_utils/package.xml
