[0.040s] Invoking command in '/home/ray/autonomous_robot/build/myamr_mapping': CMAKE_PREFIX_PATH=${CMAKE_PREFIX_PATH}:/home/ray/autonomous_tb3_ws/install/autonomous_tb3:/home/ray/turtlebot3_ws/install/turtlebot3_teleop:/home/ray/turtlebot3_ws/install/turtlebot3_example:/home/ray/turtlebot3_ws/install/my_robot_test:/home/ray/autonomous_tb3_ws/src/install/autonomous_tb3:/opt/ros/humble /usr/bin/cmake --build /home/ray/autonomous_robot/build/myamr_mapping -- -j8 -l8
[0.816s] [100%] Built target mapping_with_known_poses
[0.817s] [100%] Built target ament_cmake_python_copy_myamr_mapping
[0.817s] running egg_info
[0.817s] writing myamr_mapping.egg-info/PKG-INFO
[0.817s] writing dependency_links to myamr_mapping.egg-info/dependency_links.txt
[0.817s] writing top-level names to myamr_mapping.egg-info/top_level.txt
[0.817s] reading manifest file 'myamr_mapping.egg-info/SOURCES.txt'
[0.817s] writing manifest file 'myamr_mapping.egg-info/SOURCES.txt'
[0.817s] [100%] Built target ament_cmake_python_build_myamr_mapping_egg
[0.841s] Invoked command in '/home/ray/autonomous_robot/build/myamr_mapping' returned '0': CMAKE_PREFIX_PATH=${CMAKE_PREFIX_PATH}:/home/ray/autonomous_tb3_ws/install/autonomous_tb3:/home/ray/turtlebot3_ws/install/turtlebot3_teleop:/home/ray/turtlebot3_ws/install/turtlebot3_example:/home/ray/turtlebot3_ws/install/my_robot_test:/home/ray/autonomous_tb3_ws/src/install/autonomous_tb3:/opt/ros/humble /usr/bin/cmake --build /home/ray/autonomous_robot/build/myamr_mapping -- -j8 -l8
[0.843s] Invoking command in '/home/ray/autonomous_robot/build/myamr_mapping': CMAKE_PREFIX_PATH=${CMAKE_PREFIX_PATH}:/home/ray/autonomous_tb3_ws/install/autonomous_tb3:/home/ray/turtlebot3_ws/install/turtlebot3_teleop:/home/ray/turtlebot3_ws/install/turtlebot3_example:/home/ray/turtlebot3_ws/install/my_robot_test:/home/ray/autonomous_tb3_ws/src/install/autonomous_tb3:/opt/ros/humble /usr/bin/cmake --install /home/ray/autonomous_robot/build/myamr_mapping
[0.907s] -- Install configuration: ""
[0.907s] -- Up-to-date: /home/ray/autonomous_robot/install/myamr_mapping/share/myamr_mapping/environment/pythonpath.sh
[0.907s] -- Up-to-date: /home/ray/autonomous_robot/install/myamr_mapping/share/myamr_mapping/environment/pythonpath.dsv
[0.907s] -- Up-to-date: /home/ray/autonomous_robot/install/myamr_mapping/local/lib/python3.10/dist-packages/myamr_mapping-0.0.0-py3.10.egg-info
[0.907s] -- Installing: /home/ray/autonomous_robot/install/myamr_mapping/local/lib/python3.10/dist-packages/myamr_mapping-0.0.0-py3.10.egg-info/SOURCES.txt
[0.907s] -- Installing: /home/ray/autonomous_robot/install/myamr_mapping/local/lib/python3.10/dist-packages/myamr_mapping-0.0.0-py3.10.egg-info/PKG-INFO
[0.907s] -- Installing: /home/ray/autonomous_robot/install/myamr_mapping/local/lib/python3.10/dist-packages/myamr_mapping-0.0.0-py3.10.egg-info/dependency_links.txt
[0.907s] -- Installing: /home/ray/autonomous_robot/install/myamr_mapping/local/lib/python3.10/dist-packages/myamr_mapping-0.0.0-py3.10.egg-info/top_level.txt
[0.908s] -- Up-to-date: /home/ray/autonomous_robot/install/myamr_mapping/local/lib/python3.10/dist-packages/myamr_mapping
[0.908s] -- Up-to-date: /home/ray/autonomous_robot/install/myamr_mapping/local/lib/python3.10/dist-packages/myamr_mapping/mapping_with_known_poses.py
[0.913s] -- Up-to-date: /home/ray/autonomous_robot/install/myamr_mapping/local/lib/python3.10/dist-packages/myamr_mapping/__init__.py
[1.005s] Listing '/home/ray/autonomous_robot/install/myamr_mapping/local/lib/python3.10/dist-packages/myamr_mapping'...
[1.005s] -- Up-to-date: /home/ray/autonomous_robot/install/myamr_mapping/include/include
[1.005s] -- Up-to-date: /home/ray/autonomous_robot/install/myamr_mapping/include/include/myamr_mapping
[1.005s] -- Up-to-date: /home/ray/autonomous_robot/install/myamr_mapping/include/include/myamr_mapping/mapping_with_known_poses.hpp
[1.006s] -- Up-to-date: /home/ray/autonomous_robot/install/myamr_mapping/lib/myamr_mapping/mapping_with_known_poses
[1.006s] -- Up-to-date: /home/ray/autonomous_robot/install/myamr_mapping/share/myamr_mapping/config
[1.006s] -- Up-to-date: /home/ray/autonomous_robot/install/myamr_mapping/share/myamr_mapping/config/slam_toolbox.yaml
[1.006s] -- Up-to-date: /home/ray/autonomous_robot/install/myamr_mapping/share/myamr_mapping/launch
[1.006s] -- Up-to-date: /home/ray/autonomous_robot/install/myamr_mapping/share/myamr_mapping/launch/slam.launch.py
[1.007s] -- Up-to-date: /home/ray/autonomous_robot/install/myamr_mapping/share/myamr_mapping/maps
[1.007s] -- Up-to-date: /home/ray/autonomous_robot/install/myamr_mapping/share/myamr_mapping/maps/small_house
[1.007s] -- Up-to-date: /home/ray/autonomous_robot/install/myamr_mapping/share/myamr_mapping/maps/small_house/map.pgm
[1.007s] -- Up-to-date: /home/ray/autonomous_robot/install/myamr_mapping/share/myamr_mapping/maps/small_house/map.yaml
[1.007s] -- Up-to-date: /home/ray/autonomous_robot/install/myamr_mapping/share/myamr_mapping/maps/small_warehouse
[1.007s] -- Up-to-date: /home/ray/autonomous_robot/install/myamr_mapping/share/myamr_mapping/maps/small_warehouse/map.pgm
[1.007s] -- Up-to-date: /home/ray/autonomous_robot/install/myamr_mapping/share/myamr_mapping/maps/small_warehouse/map.yaml
[1.007s] -- Up-to-date: /home/ray/autonomous_robot/install/myamr_mapping/share/myamr_mapping/rviz
[1.007s] -- Up-to-date: /home/ray/autonomous_robot/install/myamr_mapping/share/myamr_mapping/rviz/slam.rviz
[1.007s] -- Up-to-date: /home/ray/autonomous_robot/install/myamr_mapping/lib/myamr_mapping/mapping_with_known_poses.py
[1.007s] -- Up-to-date: /home/ray/autonomous_robot/install/myamr_mapping/share/ament_index/resource_index/package_run_dependencies/myamr_mapping
[1.007s] -- Up-to-date: /home/ray/autonomous_robot/install/myamr_mapping/share/ament_index/resource_index/parent_prefix_path/myamr_mapping
[1.008s] -- Up-to-date: /home/ray/autonomous_robot/install/myamr_mapping/share/myamr_mapping/environment/ament_prefix_path.sh
[1.008s] -- Up-to-date: /home/ray/autonomous_robot/install/myamr_mapping/share/myamr_mapping/environment/ament_prefix_path.dsv
[1.008s] -- Up-to-date: /home/ray/autonomous_robot/install/myamr_mapping/share/myamr_mapping/environment/path.sh
[1.008s] -- Up-to-date: /home/ray/autonomous_robot/install/myamr_mapping/share/myamr_mapping/environment/path.dsv
[1.009s] -- Up-to-date: /home/ray/autonomous_robot/install/myamr_mapping/share/myamr_mapping/local_setup.bash
[1.009s] -- Up-to-date: /home/ray/autonomous_robot/install/myamr_mapping/share/myamr_mapping/local_setup.sh
[1.009s] -- Up-to-date: /home/ray/autonomous_robot/install/myamr_mapping/share/myamr_mapping/local_setup.zsh
[1.009s] -- Up-to-date: /home/ray/autonomous_robot/install/myamr_mapping/share/myamr_mapping/local_setup.dsv
[1.009s] -- Installing: /home/ray/autonomous_robot/install/myamr_mapping/share/myamr_mapping/package.dsv
[1.009s] -- Up-to-date: /home/ray/autonomous_robot/install/myamr_mapping/share/ament_index/resource_index/packages/myamr_mapping
[1.009s] -- Up-to-date: /home/ray/autonomous_robot/install/myamr_mapping/share/myamr_mapping/cmake/myamr_mappingConfig.cmake
[1.009s] -- Up-to-date: /home/ray/autonomous_robot/install/myamr_mapping/share/myamr_mapping/cmake/myamr_mappingConfig-version.cmake
[1.009s] -- Up-to-date: /home/ray/autonomous_robot/install/myamr_mapping/share/myamr_mapping/package.xml
[1.071s] Invoked command in '/home/ray/autonomous_robot/build/myamr_mapping' returned '0': CMAKE_PREFIX_PATH=${CMAKE_PREFIX_PATH}:/home/ray/autonomous_tb3_ws/install/autonomous_tb3:/home/ray/turtlebot3_ws/install/turtlebot3_teleop:/home/ray/turtlebot3_ws/install/turtlebot3_example:/home/ray/turtlebot3_ws/install/my_robot_test:/home/ray/autonomous_tb3_ws/src/install/autonomous_tb3:/opt/ros/humble /usr/bin/cmake --install /home/ray/autonomous_robot/build/myamr_mapping
