[0.033s] Invoking command in '/home/ray/autonomous_robot/build/myrobot_localization': CMAKE_PREFIX_PATH=${CMAKE_PREFIX_PATH}:/home/ray/autonomous_robot/install/myamr_files:/home/ray/autonomous_tb3_ws/install/autonomous_tb3:/home/ray/turtlebot3_ws/install/turtlebot3_teleop:/home/ray/turtlebot3_ws/install/turtlebot3_example:/home/ray/turtlebot3_ws/install/my_robot_test:/home/ray/autonomous_tb3_ws/src/install/autonomous_tb3:/opt/ros/humble /usr/bin/cmake /home/ray/autonomous_robot/src/myrobot_localization -DCMAKE_INSTALL_PREFIX=/home/ray/autonomous_robot/install/myrobot_localization
[0.047s] -- Found ament_cmake: 1.3.11 (/opt/ros/humble/share/ament_cmake/cmake)
[0.217s] -- Found rclcpp: 16.0.12 (/opt/ros/humble/share/rclcpp/cmake)
[0.260s] -- Found rosidl_generator_c: 3.1.6 (/opt/ros/humble/share/rosidl_generator_c/cmake)
[0.264s] -- Found rosidl_adapter: 3.1.6 (/opt/ros/humble/share/rosidl_adapter/cmake)
[0.274s] -- Found rosidl_generator_cpp: 3.1.6 (/opt/ros/humble/share/rosidl_generator_cpp/cmake)
[0.290s] -- Using all available rosidl_typesupport_c: rosidl_typesupport_fastrtps_c;rosidl_typesupport_introspection_c
[0.312s] -- Using all available rosidl_typesupport_cpp: rosidl_typesupport_fastrtps_cpp;rosidl_typesupport_introspection_cpp
[0.368s] -- Found rmw_implementation_cmake: 6.1.2 (/opt/ros/humble/share/rmw_implementation_cmake/cmake)
[0.371s] -- Found rmw_fastrtps_cpp: 6.2.7 (/opt/ros/humble/share/rmw_fastrtps_cpp/cmake)
[0.530s] -- Using RMW implementation 'rmw_fastrtps_cpp' as default
[0.590s] -- Found rclpy: 3.3.16 (/opt/ros/humble/share/rclpy/cmake)
[0.591s] -- Found nav_msgs: 4.9.0 (/opt/ros/humble/share/nav_msgs/cmake)
[0.633s] -- Found sensor_msgs: 4.9.0 (/opt/ros/humble/share/sensor_msgs/cmake)
[0.665s] -- Found tf2: 0.25.13 (/opt/ros/humble/share/tf2/cmake)
[0.859s] -- Configuring done
[0.864s] -- Generating done
[0.871s] -- Build files have been written to: /home/ray/autonomous_robot/build/myrobot_localization
[0.880s] Invoked command in '/home/ray/autonomous_robot/build/myrobot_localization' returned '0': CMAKE_PREFIX_PATH=${CMAKE_PREFIX_PATH}:/home/ray/autonomous_robot/install/myamr_files:/home/ray/autonomous_tb3_ws/install/autonomous_tb3:/home/ray/turtlebot3_ws/install/turtlebot3_teleop:/home/ray/turtlebot3_ws/install/turtlebot3_example:/home/ray/turtlebot3_ws/install/my_robot_test:/home/ray/autonomous_tb3_ws/src/install/autonomous_tb3:/opt/ros/humble /usr/bin/cmake /home/ray/autonomous_robot/src/myrobot_localization -DCMAKE_INSTALL_PREFIX=/home/ray/autonomous_robot/install/myrobot_localization
[0.884s] Invoking command in '/home/ray/autonomous_robot/build/myrobot_localization': CMAKE_PREFIX_PATH=${CMAKE_PREFIX_PATH}:/home/ray/autonomous_robot/install/myamr_files:/home/ray/autonomous_tb3_ws/install/autonomous_tb3:/home/ray/turtlebot3_ws/install/turtlebot3_teleop:/home/ray/turtlebot3_ws/install/turtlebot3_example:/home/ray/turtlebot3_ws/install/my_robot_test:/home/ray/autonomous_tb3_ws/src/install/autonomous_tb3:/opt/ros/humble /usr/bin/cmake --build /home/ray/autonomous_robot/build/myrobot_localization -- -j8 -l8
[0.981s] Built target ament_cmake_python_copy_myrobot_localization
[1.328s] running egg_info
[1.329s] creating myrobot_localization.egg-info
[1.329s] writing myrobot_localization.egg-info/PKG-INFO
[1.329s] writing dependency_links to myrobot_localization.egg-info/dependency_links.txt
[1.329s] writing top-level names to myrobot_localization.egg-info/top_level.txt
[1.329s] writing manifest file 'myrobot_localization.egg-info/SOURCES.txt'
[1.332s] reading manifest file 'myrobot_localization.egg-info/SOURCES.txt'
[1.332s] writing manifest file 'myrobot_localization.egg-info/SOURCES.txt'
[1.361s] Built target ament_cmake_python_build_myrobot_localization_egg
