Built target ament_cmake_python_copy_myrobot_localization
running egg_info
writing myrobot_localization.egg-info/PKG-INFO
writing dependency_links to myrobot_localization.egg-info/dependency_links.txt
writing top-level names to myrobot_localization.egg-info/top_level.txt
reading manifest file 'myrobot_localization.egg-info/SOURCES.txt'
writing manifest file 'myrobot_localization.egg-info/SOURCES.txt'
Built target ament_cmake_python_build_myrobot_localization_egg
-- Install configuration: ""
-- Installing: /home/ray/autonomous_robot/install/myrobot_localization/share/myrobot_localization/environment/pythonpath.sh
-- Installing: /home/ray/autonomous_robot/install/myrobot_localization/share/myrobot_localization/environment/pythonpath.dsv
-- Installing: /home/ray/autonomous_robot/install/myrobot_localization/local/lib/python3.10/dist-packages/myrobot_localization-0.0.0-py3.10.egg-info
-- Installing: /home/ray/autonomous_robot/install/myrobot_localization/local/lib/python3.10/dist-packages/myrobot_localization-0.0.0-py3.10.egg-info/SOURCES.txt
-- Installing: /home/ray/autonomous_robot/install/myrobot_localization/local/lib/python3.10/dist-packages/myrobot_localization-0.0.0-py3.10.egg-info/PKG-INFO
-- Installing: /home/ray/autonomous_robot/install/myrobot_localization/local/lib/python3.10/dist-packages/myrobot_localization-0.0.0-py3.10.egg-info/dependency_links.txt
-- Installing: /home/ray/autonomous_robot/install/myrobot_localization/local/lib/python3.10/dist-packages/myrobot_localization-0.0.0-py3.10.egg-info/top_level.txt
-- Installing: /home/ray/autonomous_robot/install/myrobot_localization/local/lib/python3.10/dist-packages/myrobot_localization
-- Installing: /home/ray/autonomous_robot/install/myrobot_localization/local/lib/python3.10/dist-packages/myrobot_localization/imu_republisher.py
-- Installing: /home/ray/autonomous_robot/install/myrobot_localization/local/lib/python3.10/dist-packages/myrobot_localization/odometry_motion_model.py
-- Installing: /home/ray/autonomous_robot/install/myrobot_localization/local/lib/python3.10/dist-packages/myrobot_localization/__init__.py
-- Installing: /home/ray/autonomous_robot/install/myrobot_localization/local/lib/python3.10/dist-packages/myrobot_localization/kalman_filter.py
Listing '/home/ray/autonomous_robot/install/myrobot_localization/local/lib/python3.10/dist-packages/myrobot_localization'...
Compiling '/home/ray/autonomous_robot/install/myrobot_localization/local/lib/python3.10/dist-packages/myrobot_localization/__init__.py'...
Compiling '/home/ray/autonomous_robot/install/myrobot_localization/local/lib/python3.10/dist-packages/myrobot_localization/imu_republisher.py'...
Compiling '/home/ray/autonomous_robot/install/myrobot_localization/local/lib/python3.10/dist-packages/myrobot_localization/kalman_filter.py'...
Compiling '/home/ray/autonomous_robot/install/myrobot_localization/local/lib/python3.10/dist-packages/myrobot_localization/odometry_motion_model.py'...
[31mCMake Error at cmake_install.cmake:70 (file):
  file INSTALL cannot find
  "/home/ray/autonomous_robot/src/myrobot_localization/include": No such file
  or directory.

[0m
