[0.032s] Invoking command in '/home/ray/autonomous_robot/build/myrobot_localization': CMAKE_PREFIX_PATH=${CMAKE_PREFIX_PATH}:/home/ray/autonomous_robot/install/myamr_files:/home/ray/autonomous_tb3_ws/install/autonomous_tb3:/home/ray/turtlebot3_ws/install/turtlebot3_teleop:/home/ray/turtlebot3_ws/install/turtlebot3_example:/home/ray/turtlebot3_ws/install/my_robot_test:/home/ray/autonomous_tb3_ws/src/install/autonomous_tb3:/opt/ros/humble /usr/bin/cmake --build /home/ray/autonomous_robot/build/myrobot_localization -- -j8 -l8
[0.132s] Built target ament_cmake_python_copy_myrobot_localization
[0.435s] running egg_info
[0.436s] writing myrobot_localization.egg-info/PKG-INFO
[0.436s] writing dependency_links to myrobot_localization.egg-info/dependency_links.txt
[0.436s] writing top-level names to myrobot_localization.egg-info/top_level.txt
[0.438s] reading manifest file 'myrobot_localization.egg-info/SOURCES.txt'
[0.439s] writing manifest file 'myrobot_localization.egg-info/SOURCES.txt'
[0.466s] Built target ament_cmake_python_build_myrobot_localization_egg
[0.478s] Invoked command in '/home/ray/autonomous_robot/build/myrobot_localization' returned '0': CMAKE_PREFIX_PATH=${CMAKE_PREFIX_PATH}:/home/ray/autonomous_robot/install/myamr_files:/home/ray/autonomous_tb3_ws/install/autonomous_tb3:/home/ray/turtlebot3_ws/install/turtlebot3_teleop:/home/ray/turtlebot3_ws/install/turtlebot3_example:/home/ray/turtlebot3_ws/install/my_robot_test:/home/ray/autonomous_tb3_ws/src/install/autonomous_tb3:/opt/ros/humble /usr/bin/cmake --build /home/ray/autonomous_robot/build/myrobot_localization -- -j8 -l8
[0.480s] Invoking command in '/home/ray/autonomous_robot/build/myrobot_localization': CMAKE_PREFIX_PATH=${CMAKE_PREFIX_PATH}:/home/ray/autonomous_robot/install/myamr_files:/home/ray/autonomous_tb3_ws/install/autonomous_tb3:/home/ray/turtlebot3_ws/install/turtlebot3_teleop:/home/ray/turtlebot3_ws/install/turtlebot3_example:/home/ray/turtlebot3_ws/install/my_robot_test:/home/ray/autonomous_tb3_ws/src/install/autonomous_tb3:/opt/ros/humble /usr/bin/cmake --install /home/ray/autonomous_robot/build/myrobot_localization
[0.487s] -- Install configuration: ""
[0.487s] -- Installing: /home/ray/autonomous_robot/install/myrobot_localization/share/myrobot_localization/environment/pythonpath.sh
[0.488s] -- Installing: /home/ray/autonomous_robot/install/myrobot_localization/share/myrobot_localization/environment/pythonpath.dsv
[0.488s] -- Installing: /home/ray/autonomous_robot/install/myrobot_localization/local/lib/python3.10/dist-packages/myrobot_localization-0.0.0-py3.10.egg-info
[0.488s] -- Installing: /home/ray/autonomous_robot/install/myrobot_localization/local/lib/python3.10/dist-packages/myrobot_localization-0.0.0-py3.10.egg-info/SOURCES.txt
[0.488s] -- Installing: /home/ray/autonomous_robot/install/myrobot_localization/local/lib/python3.10/dist-packages/myrobot_localization-0.0.0-py3.10.egg-info/PKG-INFO
[0.488s] -- Installing: /home/ray/autonomous_robot/install/myrobot_localization/local/lib/python3.10/dist-packages/myrobot_localization-0.0.0-py3.10.egg-info/dependency_links.txt
[0.488s] -- Installing: /home/ray/autonomous_robot/install/myrobot_localization/local/lib/python3.10/dist-packages/myrobot_localization-0.0.0-py3.10.egg-info/top_level.txt
[0.488s] -- Installing: /home/ray/autonomous_robot/install/myrobot_localization/local/lib/python3.10/dist-packages/myrobot_localization
[0.488s] -- Installing: /home/ray/autonomous_robot/install/myrobot_localization/local/lib/python3.10/dist-packages/myrobot_localization/imu_republisher.py
[0.488s] -- Installing: /home/ray/autonomous_robot/install/myrobot_localization/local/lib/python3.10/dist-packages/myrobot_localization/odometry_motion_model.py
[0.489s] -- Installing: /home/ray/autonomous_robot/install/myrobot_localization/local/lib/python3.10/dist-packages/myrobot_localization/__init__.py
[0.489s] -- Installing: /home/ray/autonomous_robot/install/myrobot_localization/local/lib/python3.10/dist-packages/myrobot_localization/kalman_filter.py
[0.535s] Listing '/home/ray/autonomous_robot/install/myrobot_localization/local/lib/python3.10/dist-packages/myrobot_localization'...
[0.535s] Compiling '/home/ray/autonomous_robot/install/myrobot_localization/local/lib/python3.10/dist-packages/myrobot_localization/__init__.py'...
[0.536s] Compiling '/home/ray/autonomous_robot/install/myrobot_localization/local/lib/python3.10/dist-packages/myrobot_localization/imu_republisher.py'...
[0.536s] Compiling '/home/ray/autonomous_robot/install/myrobot_localization/local/lib/python3.10/dist-packages/myrobot_localization/kalman_filter.py'...
[0.536s] Compiling '/home/ray/autonomous_robot/install/myrobot_localization/local/lib/python3.10/dist-packages/myrobot_localization/odometry_motion_model.py'...
[0.540s] [31mCMake Error at cmake_install.cmake:70 (file):
[0.541s]   file INSTALL cannot find
[0.541s]   "/home/ray/autonomous_robot/src/myrobot_localization/include": No such file
[0.541s]   or directory.
[0.541s] 
[0.541s] [0m
[0.543s] Invoked command in '/home/ray/autonomous_robot/build/myrobot_localization' returned '1': CMAKE_PREFIX_PATH=${CMAKE_PREFIX_PATH}:/home/ray/autonomous_robot/install/myamr_files:/home/ray/autonomous_tb3_ws/install/autonomous_tb3:/home/ray/turtlebot3_ws/install/turtlebot3_teleop:/home/ray/turtlebot3_ws/install/turtlebot3_example:/home/ray/turtlebot3_ws/install/my_robot_test:/home/ray/autonomous_tb3_ws/src/install/autonomous_tb3:/opt/ros/humble /usr/bin/cmake --install /home/ray/autonomous_robot/build/myrobot_localization
