[0.037s] Invoking command in '/home/ray/autonomous_robot/build/myrobot_controller': CMAKE_PREFIX_PATH=${CMAKE_PREFIX_PATH}:/home/ray/autonomous_robot/install/myamr_files:/home/ray/autonomous_tb3_ws/install/autonomous_tb3:/home/ray/turtlebot3_ws/install/turtlebot3_teleop:/home/ray/turtlebot3_ws/install/turtlebot3_example:/home/ray/turtlebot3_ws/install/my_robot_test:/home/ray/autonomous_tb3_ws/src/install/autonomous_tb3:/opt/ros/humble /usr/bin/cmake --build /home/ray/autonomous_robot/build/myrobot_controller -- -j8 -l8
[0.071s] -- Found ament_cmake: 1.3.11 (/opt/ros/humble/share/ament_cmake/cmake)
[0.283s] -- Found rclcpp: 16.0.12 (/opt/ros/humble/share/rclcpp/cmake)
[0.330s] -- Found rosidl_generator_c: 3.1.6 (/opt/ros/humble/share/rosidl_generator_c/cmake)
[0.334s] -- Found rosidl_adapter: 3.1.6 (/opt/ros/humble/share/rosidl_adapter/cmake)
[0.344s] -- Found rosidl_generator_cpp: 3.1.6 (/opt/ros/humble/share/rosidl_generator_cpp/cmake)
[0.361s] -- Using all available rosidl_typesupport_c: rosidl_typesupport_fastrtps_c;rosidl_typesupport_introspection_c
[0.383s] -- Using all available rosidl_typesupport_cpp: rosidl_typesupport_fastrtps_cpp;rosidl_typesupport_introspection_cpp
[0.440s] -- Found rmw_implementation_cmake: 6.1.2 (/opt/ros/humble/share/rmw_implementation_cmake/cmake)
[0.443s] -- Found rmw_fastrtps_cpp: 6.2.7 (/opt/ros/humble/share/rmw_fastrtps_cpp/cmake)
[0.617s] -- Using RMW implementation 'rmw_fastrtps_cpp' as default
[0.672s] -- Found rclpy: 3.3.16 (/opt/ros/humble/share/rclpy/cmake)
[0.672s] -- Found geometry_msgs: 4.9.0 (/opt/ros/humble/share/geometry_msgs/cmake)
[0.684s] -- Found sensor_msgs: 4.9.0 (/opt/ros/humble/share/sensor_msgs/cmake)
[0.700s] -- Found nav_msgs: 4.9.0 (/opt/ros/humble/share/nav_msgs/cmake)
[0.718s] -- Found tf2_ros: 0.25.13 (/opt/ros/humble/share/tf2_ros/cmake)
[0.988s] -- Configuring done
[0.993s] -- Generating done
[0.996s] -- Build files have been written to: /home/ray/autonomous_robot/build/myrobot_controller
[1.046s] Built target ament_cmake_python_copy_myrobot_controller
[1.358s] running egg_info
[1.361s] writing myrobot_controller.egg-info/PKG-INFO
[1.361s] writing dependency_links to myrobot_controller.egg-info/dependency_links.txt
[1.361s] writing top-level names to myrobot_controller.egg-info/top_level.txt
[1.364s] reading manifest file 'myrobot_controller.egg-info/SOURCES.txt'
[1.365s] writing manifest file 'myrobot_controller.egg-info/SOURCES.txt'
[1.405s] Built target ament_cmake_python_build_myrobot_controller_egg
[1.417s] Invoked command in '/home/ray/autonomous_robot/build/myrobot_controller' returned '0': CMAKE_PREFIX_PATH=${CMAKE_PREFIX_PATH}:/home/ray/autonomous_robot/install/myamr_files:/home/ray/autonomous_tb3_ws/install/autonomous_tb3:/home/ray/turtlebot3_ws/install/turtlebot3_teleop:/home/ray/turtlebot3_ws/install/turtlebot3_example:/home/ray/turtlebot3_ws/install/my_robot_test:/home/ray/autonomous_tb3_ws/src/install/autonomous_tb3:/opt/ros/humble /usr/bin/cmake --build /home/ray/autonomous_robot/build/myrobot_controller -- -j8 -l8
[1.419s] Invoking command in '/home/ray/autonomous_robot/build/myrobot_controller': CMAKE_PREFIX_PATH=${CMAKE_PREFIX_PATH}:/home/ray/autonomous_robot/install/myamr_files:/home/ray/autonomous_tb3_ws/install/autonomous_tb3:/home/ray/turtlebot3_ws/install/turtlebot3_teleop:/home/ray/turtlebot3_ws/install/turtlebot3_example:/home/ray/turtlebot3_ws/install/my_robot_test:/home/ray/autonomous_tb3_ws/src/install/autonomous_tb3:/opt/ros/humble /usr/bin/cmake --install /home/ray/autonomous_robot/build/myrobot_controller
[1.429s] -- Install configuration: ""
[1.429s] -- Up-to-date: /home/ray/autonomous_robot/install/myrobot_controller/share/myrobot_controller/environment/pythonpath.sh
[1.430s] -- Installing: /home/ray/autonomous_robot/install/myrobot_controller/share/myrobot_controller/environment/pythonpath.dsv
[1.430s] -- Up-to-date: /home/ray/autonomous_robot/install/myrobot_controller/local/lib/python3.10/dist-packages/myrobot_controller-0.0.0-py3.10.egg-info
[1.430s] -- Installing: /home/ray/autonomous_robot/install/myrobot_controller/local/lib/python3.10/dist-packages/myrobot_controller-0.0.0-py3.10.egg-info/SOURCES.txt
[1.430s] -- Installing: /home/ray/autonomous_robot/install/myrobot_controller/local/lib/python3.10/dist-packages/myrobot_controller-0.0.0-py3.10.egg-info/PKG-INFO
[1.430s] -- Installing: /home/ray/autonomous_robot/install/myrobot_controller/local/lib/python3.10/dist-packages/myrobot_controller-0.0.0-py3.10.egg-info/dependency_links.txt
[1.430s] -- Installing: /home/ray/autonomous_robot/install/myrobot_controller/local/lib/python3.10/dist-packages/myrobot_controller-0.0.0-py3.10.egg-info/top_level.txt
[1.430s] -- Up-to-date: /home/ray/autonomous_robot/install/myrobot_controller/local/lib/python3.10/dist-packages/myrobot_controller
[1.430s] -- Up-to-date: /home/ray/autonomous_robot/install/myrobot_controller/local/lib/python3.10/dist-packages/myrobot_controller/simple_controller.py
[1.431s] -- Up-to-date: /home/ray/autonomous_robot/install/myrobot_controller/local/lib/python3.10/dist-packages/myrobot_controller/twist_relay.py
[1.431s] -- Up-to-date: /home/ray/autonomous_robot/install/myrobot_controller/local/lib/python3.10/dist-packages/myrobot_controller/noisy_controller.py
[1.431s] -- Up-to-date: /home/ray/autonomous_robot/install/myrobot_controller/local/lib/python3.10/dist-packages/myrobot_controller/__init__.py
[1.474s] Listing '/home/ray/autonomous_robot/install/myrobot_controller/local/lib/python3.10/dist-packages/myrobot_controller'...
[1.479s] -- Installing: /home/ray/autonomous_robot/install/myrobot_controller/lib/myrobot_controller/simple_controller.py
[1.480s] -- Installing: /home/ray/autonomous_robot/install/myrobot_controller/lib/myrobot_controller/noisy_controller.py
[1.480s] -- Installing: /home/ray/autonomous_robot/install/myrobot_controller/lib/myrobot_controller/twist_relay.py
[1.480s] -- Installing: /home/ray/autonomous_robot/install/myrobot_controller/share/ament_index/resource_index/package_run_dependencies/myrobot_controller
[1.480s] -- Installing: /home/ray/autonomous_robot/install/myrobot_controller/share/ament_index/resource_index/parent_prefix_path/myrobot_controller
[1.480s] -- Up-to-date: /home/ray/autonomous_robot/install/myrobot_controller/share/myrobot_controller/environment/ament_prefix_path.sh
[1.480s] -- Installing: /home/ray/autonomous_robot/install/myrobot_controller/share/myrobot_controller/environment/ament_prefix_path.dsv
[1.480s] -- Up-to-date: /home/ray/autonomous_robot/install/myrobot_controller/share/myrobot_controller/environment/path.sh
[1.480s] -- Installing: /home/ray/autonomous_robot/install/myrobot_controller/share/myrobot_controller/environment/path.dsv
[1.481s] -- Up-to-date: /home/ray/autonomous_robot/install/myrobot_controller/share/myrobot_controller/local_setup.bash
[1.481s] -- Up-to-date: /home/ray/autonomous_robot/install/myrobot_controller/share/myrobot_controller/local_setup.sh
[1.481s] -- Up-to-date: /home/ray/autonomous_robot/install/myrobot_controller/share/myrobot_controller/local_setup.zsh
[1.481s] -- Installing: /home/ray/autonomous_robot/install/myrobot_controller/share/myrobot_controller/local_setup.dsv
[1.481s] -- Installing: /home/ray/autonomous_robot/install/myrobot_controller/share/myrobot_controller/package.dsv
[1.481s] -- Up-to-date: /home/ray/autonomous_robot/install/myrobot_controller/share/ament_index/resource_index/packages/myrobot_controller
[1.481s] -- Up-to-date: /home/ray/autonomous_robot/install/myrobot_controller/share/myrobot_controller/cmake/myrobot_controllerConfig.cmake
[1.481s] -- Up-to-date: /home/ray/autonomous_robot/install/myrobot_controller/share/myrobot_controller/cmake/myrobot_controllerConfig-version.cmake
[1.481s] -- Installing: /home/ray/autonomous_robot/install/myrobot_controller/share/myrobot_controller/package.xml
[1.486s] Invoked command in '/home/ray/autonomous_robot/build/myrobot_controller' returned '0': CMAKE_PREFIX_PATH=${CMAKE_PREFIX_PATH}:/home/ray/autonomous_robot/install/myamr_files:/home/ray/autonomous_tb3_ws/install/autonomous_tb3:/home/ray/turtlebot3_ws/install/turtlebot3_teleop:/home/ray/turtlebot3_ws/install/turtlebot3_example:/home/ray/turtlebot3_ws/install/my_robot_test:/home/ray/autonomous_tb3_ws/src/install/autonomous_tb3:/opt/ros/humble /usr/bin/cmake --install /home/ray/autonomous_robot/build/myrobot_controller
