[0.762s] Invoking command in '/home/ray/autonomous_robot/myamr_planning': PYTHONPATH=/home/ray/autonomous_robot/build/myamr_planning/prefix_override:/usr/lib/python3/dist-packages/colcon_core/task/python/colcon_distutils_commands:/home/ray/autonomous_robot/install/myamr_planning/lib/python3.10/site-packages:${PYTHONPATH} /usr/bin/python3 -W ignore:setup.py install is deprecated -W ignore:easy_install command is deprecated setup.py egg_info --egg-base ../build/myamr_planning build --build-base /home/ray/autonomous_robot/build/myamr_planning/build install --record /home/ray/autonomous_robot/build/myamr_planning/install.log --single-version-externally-managed install_data
[1.003s] running egg_info
[1.004s] writing ../build/myamr_planning/myamr_planning.egg-info/PKG-INFO
[1.004s] writing dependency_links to ../build/myamr_planning/myamr_planning.egg-info/dependency_links.txt
[1.004s] writing entry points to ../build/myamr_planning/myamr_planning.egg-info/entry_points.txt
[1.004s] writing requirements to ../build/myamr_planning/myamr_planning.egg-info/requires.txt
[1.004s] writing top-level names to ../build/myamr_planning/myamr_planning.egg-info/top_level.txt
[1.006s] reading manifest file '../build/myamr_planning/myamr_planning.egg-info/SOURCES.txt'
[1.007s] writing manifest file '../build/myamr_planning/myamr_planning.egg-info/SOURCES.txt'
[1.007s] running build
[1.008s] running build_py
[1.008s] running install
[1.008s] running install_lib
[1.009s] running install_data
[1.009s] running install_egg_info
[1.011s] removing '/home/ray/autonomous_robot/install/myamr_planning/lib/python3.10/site-packages/myamr_planning-0.0.0-py3.10.egg-info' (and everything under it)
[1.012s] Copying ../build/myamr_planning/myamr_planning.egg-info to /home/ray/autonomous_robot/install/myamr_planning/lib/python3.10/site-packages/myamr_planning-0.0.0-py3.10.egg-info
[1.012s] running install_scripts
[1.036s] writing list of installed files to '/home/ray/autonomous_robot/build/myamr_planning/install.log'
[1.063s] Invoked command in '/home/ray/autonomous_robot/myamr_planning' returned '0': PYTHONPATH=/home/ray/autonomous_robot/build/myamr_planning/prefix_override:/usr/lib/python3/dist-packages/colcon_core/task/python/colcon_distutils_commands:/home/ray/autonomous_robot/install/myamr_planning/lib/python3.10/site-packages:${PYTHONPATH} /usr/bin/python3 -W ignore:setup.py install is deprecated -W ignore:easy_install command is deprecated setup.py egg_info --egg-base ../build/myamr_planning build --build-base /home/ray/autonomous_robot/build/myamr_planning/build install --record /home/ray/autonomous_robot/build/myamr_planning/install.log --single-version-externally-managed install_data
