[0.026s] Invoking command in '/home/ray/autonomous_robot/build/bumperbot_controller': CMAKE_PREFIX_PATH=${CMAKE_PREFIX_PATH}:/home/ray/autonomous_robot/install/myamr_files:/home/ray/autonomous_tb3_ws/install/autonomous_tb3:/home/ray/turtlebot3_ws/install/turtlebot3_teleop:/home/ray/turtlebot3_ws/install/turtlebot3_example:/home/ray/turtlebot3_ws/install/my_robot_test:/home/ray/autonomous_tb3_ws/src/install/autonomous_tb3:/opt/ros/humble /usr/bin/cmake --build /home/ray/autonomous_robot/build/bumperbot_controller -- -j8 -l8
[0.297s] -- Found ament_cmake: 1.3.11 (/opt/ros/humble/share/ament_cmake/cmake)
[0.297s] -- Configuring done
[0.297s] -- Generating done
[0.297s] -- Build files have been written to: /home/ray/autonomous_robot/build/bumperbot_controller
[0.301s] Invoked command in '/home/ray/autonomous_robot/build/bumperbot_controller' returned '0': CMAKE_PREFIX_PATH=${CMAKE_PREFIX_PATH}:/home/ray/autonomous_robot/install/myamr_files:/home/ray/autonomous_tb3_ws/install/autonomous_tb3:/home/ray/turtlebot3_ws/install/turtlebot3_teleop:/home/ray/turtlebot3_ws/install/turtlebot3_example:/home/ray/turtlebot3_ws/install/my_robot_test:/home/ray/autonomous_tb3_ws/src/install/autonomous_tb3:/opt/ros/humble /usr/bin/cmake --build /home/ray/autonomous_robot/build/bumperbot_controller -- -j8 -l8
[0.309s] Invoking command in '/home/ray/autonomous_robot/build/bumperbot_controller': CMAKE_PREFIX_PATH=${CMAKE_PREFIX_PATH}:/home/ray/autonomous_robot/install/myamr_files:/home/ray/autonomous_tb3_ws/install/autonomous_tb3:/home/ray/turtlebot3_ws/install/turtlebot3_teleop:/home/ray/turtlebot3_ws/install/turtlebot3_example:/home/ray/turtlebot3_ws/install/my_robot_test:/home/ray/autonomous_tb3_ws/src/install/autonomous_tb3:/opt/ros/humble /usr/bin/cmake --install /home/ray/autonomous_robot/build/bumperbot_controller
[0.317s] -- Install configuration: ""
[0.318s] -- Up-to-date: /home/ray/autonomous_robot/install/bumperbot_controller/share/bumperbot_controller/launch
[0.318s] -- Up-to-date: /home/ray/autonomous_robot/install/bumperbot_controller/share/bumperbot_controller/launch/controller.launch.py
[0.318s] -- Up-to-date: /home/ray/autonomous_robot/install/bumperbot_controller/share/bumperbot_controller/config
[0.318s] -- Up-to-date: /home/ray/autonomous_robot/install/bumperbot_controller/share/bumperbot_controller/config/myrobot_controllers.yaml
[0.318s] -- Up-to-date: /home/ray/autonomous_robot/install/bumperbot_controller/share/bumperbot_controller/config
[0.318s] -- Up-to-date: /home/ray/autonomous_robot/install/bumperbot_controller/share/bumperbot_controller/config/myrobot_controllers.yaml
[0.318s] -- Up-to-date: /home/ray/autonomous_robot/install/bumperbot_controller/share/ament_index/resource_index/package_run_dependencies/bumperbot_controller
[0.318s] -- Up-to-date: /home/ray/autonomous_robot/install/bumperbot_controller/share/ament_index/resource_index/parent_prefix_path/bumperbot_controller
[0.319s] -- Up-to-date: /home/ray/autonomous_robot/install/bumperbot_controller/share/bumperbot_controller/environment/ament_prefix_path.sh
[0.319s] -- Installing: /home/ray/autonomous_robot/install/bumperbot_controller/share/bumperbot_controller/environment/ament_prefix_path.dsv
[0.319s] -- Up-to-date: /home/ray/autonomous_robot/install/bumperbot_controller/share/bumperbot_controller/environment/path.sh
[0.319s] -- Installing: /home/ray/autonomous_robot/install/bumperbot_controller/share/bumperbot_controller/environment/path.dsv
[0.319s] -- Up-to-date: /home/ray/autonomous_robot/install/bumperbot_controller/share/bumperbot_controller/local_setup.bash
[0.319s] -- Up-to-date: /home/ray/autonomous_robot/install/bumperbot_controller/share/bumperbot_controller/local_setup.sh
[0.319s] -- Up-to-date: /home/ray/autonomous_robot/install/bumperbot_controller/share/bumperbot_controller/local_setup.zsh
[0.319s] -- Installing: /home/ray/autonomous_robot/install/bumperbot_controller/share/bumperbot_controller/local_setup.dsv
[0.319s] -- Installing: /home/ray/autonomous_robot/install/bumperbot_controller/share/bumperbot_controller/package.dsv
[0.319s] -- Up-to-date: /home/ray/autonomous_robot/install/bumperbot_controller/share/ament_index/resource_index/packages/bumperbot_controller
[0.320s] -- Up-to-date: /home/ray/autonomous_robot/install/bumperbot_controller/share/bumperbot_controller/cmake/bumperbot_controllerConfig.cmake
[0.320s] -- Up-to-date: /home/ray/autonomous_robot/install/bumperbot_controller/share/bumperbot_controller/cmake/bumperbot_controllerConfig-version.cmake
[0.320s] -- Up-to-date: /home/ray/autonomous_robot/install/bumperbot_controller/share/bumperbot_controller/package.xml
[0.322s] Invoked command in '/home/ray/autonomous_robot/build/bumperbot_controller' returned '0': CMAKE_PREFIX_PATH=${CMAKE_PREFIX_PATH}:/home/ray/autonomous_robot/install/myamr_files:/home/ray/autonomous_tb3_ws/install/autonomous_tb3:/home/ray/turtlebot3_ws/install/turtlebot3_teleop:/home/ray/turtlebot3_ws/install/turtlebot3_example:/home/ray/turtlebot3_ws/install/my_robot_test:/home/ray/autonomous_tb3_ws/src/install/autonomous_tb3:/opt/ros/humble /usr/bin/cmake --install /home/ray/autonomous_robot/build/bumperbot_controller
