Built target ament_cmake_python_copy_myrobot_mapping
running egg_info
creating myrobot_mapping.egg-info
writing myrobot_mapping.egg-info/PKG-INFO
writing dependency_links to myrobot_mapping.egg-info/dependency_links.txt
writing top-level names to myrobot_mapping.egg-info/top_level.txt
writing manifest file 'myrobot_mapping.egg-info/SOURCES.txt'
reading manifest file 'myrobot_mapping.egg-info/SOURCES.txt'
writing manifest file 'myrobot_mapping.egg-info/SOURCES.txt'
Built target ament_cmake_python_build_myrobot_mapping_egg
-- Install configuration: ""
-- Installing: /home/ray/autonomous_robot/install/myrobot_mapping/share/myrobot_mapping/environment/pythonpath.sh
-- Installing: /home/ray/autonomous_robot/install/myrobot_mapping/share/myrobot_mapping/environment/pythonpath.dsv
-- Installing: /home/ray/autonomous_robot/install/myrobot_mapping/local/lib/python3.10/dist-packages/myrobot_mapping-0.0.0-py3.10.egg-info
-- Installing: /home/ray/autonomous_robot/install/myrobot_mapping/local/lib/python3.10/dist-packages/myrobot_mapping-0.0.0-py3.10.egg-info/SOURCES.txt
-- Installing: /home/ray/autonomous_robot/install/myrobot_mapping/local/lib/python3.10/dist-packages/myrobot_mapping-0.0.0-py3.10.egg-info/PKG-INFO
-- Installing: /home/ray/autonomous_robot/install/myrobot_mapping/local/lib/python3.10/dist-packages/myrobot_mapping-0.0.0-py3.10.egg-info/dependency_links.txt
-- Installing: /home/ray/autonomous_robot/install/myrobot_mapping/local/lib/python3.10/dist-packages/myrobot_mapping-0.0.0-py3.10.egg-info/top_level.txt
-- Installing: /home/ray/autonomous_robot/install/myrobot_mapping/local/lib/python3.10/dist-packages/myrobot_mapping
-- Installing: /home/ray/autonomous_robot/install/myrobot_mapping/local/lib/python3.10/dist-packages/myrobot_mapping/mapping_with_known_poses.py
-- Installing: /home/ray/autonomous_robot/install/myrobot_mapping/local/lib/python3.10/dist-packages/myrobot_mapping/__init__.py
Listing '/home/ray/autonomous_robot/install/myrobot_mapping/local/lib/python3.10/dist-packages/myrobot_mapping'...
Compiling '/home/ray/autonomous_robot/install/myrobot_mapping/local/lib/python3.10/dist-packages/myrobot_mapping/__init__.py'...
Compiling '/home/ray/autonomous_robot/install/myrobot_mapping/local/lib/python3.10/dist-packages/myrobot_mapping/mapping_with_known_poses.py'...
