-- Found ament_cmake: 1.3.11 (/opt/ros/humble/share/ament_cmake/cmake)
-- Found rclcpp: 16.0.12 (/opt/ros/humble/share/rclcpp/cmake)
-- Found rosidl_generator_c: 3.1.6 (/opt/ros/humble/share/rosidl_generator_c/cmake)
-- Found rosidl_adapter: 3.1.6 (/opt/ros/humble/share/rosidl_adapter/cmake)
-- Found rosidl_generator_cpp: 3.1.6 (/opt/ros/humble/share/rosidl_generator_cpp/cmake)
-- Using all available rosidl_typesupport_c: rosidl_typesupport_fastrtps_c;rosidl_typesupport_introspection_c
-- Using all available rosidl_typesupport_cpp: rosidl_typesupport_fastrtps_cpp;rosidl_typesupport_introspection_cpp
-- Found rmw_implementation_cmake: 6.1.2 (/opt/ros/humble/share/rmw_implementation_cmake/cmake)
-- Found rmw_fastrtps_cpp: 6.2.7 (/opt/ros/humble/share/rmw_fastrtps_cpp/cmake)
-- Using RMW implementation 'rmw_fastrtps_cpp' as default
-- Found rclpy: 3.3.16 (/opt/ros/humble/share/rclpy/cmake)
-- Found geometry_msgs: 4.9.0 (/opt/ros/humble/share/geometry_msgs/cmake)
-- Found sensor_msgs: 4.9.0 (/opt/ros/humble/share/sensor_msgs/cmake)
-- Found twist_mux_msgs: 3.0.1 (/opt/ros/humble/share/twist_mux_msgs/cmake)
-- Found rclcpp_action: 16.0.12 (/opt/ros/humble/share/rclcpp_action/cmake)
-- Found visualization_msgs: 4.9.0 (/opt/ros/humble/share/visualization_msgs/cmake)
-- Configuring done
-- Generating done
-- Build files have been written to: /home/ray/autonomous_robot/build/myrobot_utils
Built target ament_cmake_python_copy_myrobot_utils
running egg_info
creating myrobot_utils.egg-info
writing myrobot_utils.egg-info/PKG-INFO
writing dependency_links to myrobot_utils.egg-info/dependency_links.txt
writing top-level names to myrobot_utils.egg-info/top_level.txt
writing manifest file 'myrobot_utils.egg-info/SOURCES.txt'
reading manifest file 'myrobot_utils.egg-info/SOURCES.txt'
writing manifest file 'myrobot_utils.egg-info/SOURCES.txt'
Built target ament_cmake_python_build_myrobot_utils_egg
