[0.018s] Invoking command in '/home/ray/autonomous_robot/build/myamr_localization': CMAKE_PREFIX_PATH=${CMAKE_PREFIX_PATH}:/home/ray/autonomous_tb3_ws/install/autonomous_tb3:/home/ray/turtlebot3_ws/install/turtlebot3_teleop:/home/ray/turtlebot3_ws/install/turtlebot3_example:/home/ray/turtlebot3_ws/install/my_robot_test:/home/ray/autonomous_tb3_ws/src/install/autonomous_tb3:/opt/ros/humble /usr/bin/cmake --build /home/ray/autonomous_robot/build/myamr_localization -- -j8 -l8
[0.072s] [ 33%] Built target kalman_filter
[0.076s] [ 66%] Built target imu_republisher
[0.076s] [100%] Built target odometry_motion_model
[0.080s] [100%] Built target ament_cmake_python_copy_myamr_localization
[0.314s] running egg_info
[0.316s] writing myamr_localization.egg-info/PKG-INFO
[0.317s] writing dependency_links to myamr_localization.egg-info/dependency_links.txt
[0.317s] writing top-level names to myamr_localization.egg-info/top_level.txt
[0.321s] reading manifest file 'myamr_localization.egg-info/SOURCES.txt'
[0.329s] writing manifest file 'myamr_localization.egg-info/SOURCES.txt'
[0.332s] [100%] Built target ament_cmake_python_build_myamr_localization_egg
[0.355s] Invoked command in '/home/ray/autonomous_robot/build/myamr_localization' returned '0': CMAKE_PREFIX_PATH=${CMAKE_PREFIX_PATH}:/home/ray/autonomous_tb3_ws/install/autonomous_tb3:/home/ray/turtlebot3_ws/install/turtlebot3_teleop:/home/ray/turtlebot3_ws/install/turtlebot3_example:/home/ray/turtlebot3_ws/install/my_robot_test:/home/ray/autonomous_tb3_ws/src/install/autonomous_tb3:/opt/ros/humble /usr/bin/cmake --build /home/ray/autonomous_robot/build/myamr_localization -- -j8 -l8
[0.356s] Invoking command in '/home/ray/autonomous_robot/build/myamr_localization': CMAKE_PREFIX_PATH=${CMAKE_PREFIX_PATH}:/home/ray/autonomous_tb3_ws/install/autonomous_tb3:/home/ray/turtlebot3_ws/install/turtlebot3_teleop:/home/ray/turtlebot3_ws/install/turtlebot3_example:/home/ray/turtlebot3_ws/install/my_robot_test:/home/ray/autonomous_tb3_ws/src/install/autonomous_tb3:/opt/ros/humble /usr/bin/cmake --install /home/ray/autonomous_robot/build/myamr_localization
[0.363s] -- Install configuration: ""
[0.364s] -- Up-to-date: /home/ray/autonomous_robot/install/myamr_localization/share/myamr_localization/environment/pythonpath.sh
[0.364s] -- Up-to-date: /home/ray/autonomous_robot/install/myamr_localization/share/myamr_localization/environment/pythonpath.dsv
[0.364s] -- Up-to-date: /home/ray/autonomous_robot/install/myamr_localization/local/lib/python3.10/dist-packages/myamr_localization-0.0.0-py3.10.egg-info
[0.364s] -- Installing: /home/ray/autonomous_robot/install/myamr_localization/local/lib/python3.10/dist-packages/myamr_localization-0.0.0-py3.10.egg-info/SOURCES.txt
[0.365s] -- Installing: /home/ray/autonomous_robot/install/myamr_localization/local/lib/python3.10/dist-packages/myamr_localization-0.0.0-py3.10.egg-info/PKG-INFO
[0.365s] -- Installing: /home/ray/autonomous_robot/install/myamr_localization/local/lib/python3.10/dist-packages/myamr_localization-0.0.0-py3.10.egg-info/dependency_links.txt
[0.365s] -- Installing: /home/ray/autonomous_robot/install/myamr_localization/local/lib/python3.10/dist-packages/myamr_localization-0.0.0-py3.10.egg-info/top_level.txt
[0.365s] -- Up-to-date: /home/ray/autonomous_robot/install/myamr_localization/local/lib/python3.10/dist-packages/myamr_localization
[0.365s] -- Up-to-date: /home/ray/autonomous_robot/install/myamr_localization/local/lib/python3.10/dist-packages/myamr_localization/imu_republisher.py
[0.365s] -- Up-to-date: /home/ray/autonomous_robot/install/myamr_localization/local/lib/python3.10/dist-packages/myamr_localization/odometry_motion_model.py
[0.365s] -- Up-to-date: /home/ray/autonomous_robot/install/myamr_localization/local/lib/python3.10/dist-packages/myamr_localization/__init__.py
[0.365s] -- Up-to-date: /home/ray/autonomous_robot/install/myamr_localization/local/lib/python3.10/dist-packages/myamr_localization/kalman_filter.py
[0.408s] Listing '/home/ray/autonomous_robot/install/myamr_localization/local/lib/python3.10/dist-packages/myamr_localization'...
[0.410s] -- Up-to-date: /home/ray/autonomous_robot/install/myamr_localization/include/include
[0.410s] -- Up-to-date: /home/ray/autonomous_robot/install/myamr_localization/include/include/myamr_localization
[0.410s] -- Up-to-date: /home/ray/autonomous_robot/install/myamr_localization/include/include/myamr_localization/kalman_filter.hpp
[0.410s] -- Up-to-date: /home/ray/autonomous_robot/install/myamr_localization/include/include/myamr_localization/odometry_motion_model.hpp
[0.410s] -- Up-to-date: /home/ray/autonomous_robot/install/myamr_localization/bin/odometry_motion_model
[0.411s] -- Up-to-date: /home/ray/autonomous_robot/install/myamr_localization/lib/myamr_localization/kalman_filter
[0.411s] -- Up-to-date: /home/ray/autonomous_robot/install/myamr_localization/lib/myamr_localization/imu_republisher
[0.411s] -- Up-to-date: /home/ray/autonomous_robot/install/myamr_localization/lib/myamr_localization/odometry_motion_model
[0.411s] -- Up-to-date: /home/ray/autonomous_robot/install/myamr_localization/share/myamr_localization/launch
[0.411s] -- Up-to-date: /home/ray/autonomous_robot/install/myamr_localization/share/myamr_localization/launch/local_localization.launch.py
[0.411s] -- Up-to-date: /home/ray/autonomous_robot/install/myamr_localization/share/myamr_localization/launch/global_localization.launch.py
[0.411s] -- Up-to-date: /home/ray/autonomous_robot/install/myamr_localization/share/myamr_localization/config
[0.411s] -- Up-to-date: /home/ray/autonomous_robot/install/myamr_localization/share/myamr_localization/config/amcl.yaml
[0.411s] -- Up-to-date: /home/ray/autonomous_robot/install/myamr_localization/share/myamr_localization/config/odometry_motion_model.rviz
[0.411s] -- Up-to-date: /home/ray/autonomous_robot/install/myamr_localization/share/myamr_localization/config/ekf.yaml
[0.412s] -- Up-to-date: /home/ray/autonomous_robot/install/myamr_localization/share/myamr_localization/rviz
[0.412s] -- Up-to-date: /home/ray/autonomous_robot/install/myamr_localization/share/myamr_localization/rviz/global_localization.rviz
[0.412s] -- Up-to-date: /home/ray/autonomous_robot/install/myamr_localization/lib/myamr_localization/kalman_filter.py
[0.412s] -- Up-to-date: /home/ray/autonomous_robot/install/myamr_localization/lib/myamr_localization/imu_republisher.py
[0.412s] -- Up-to-date: /home/ray/autonomous_robot/install/myamr_localization/lib/myamr_localization/odometry_motion_model.py
[0.412s] -- Up-to-date: /home/ray/autonomous_robot/install/myamr_localization/share/ament_index/resource_index/package_run_dependencies/myamr_localization
[0.412s] -- Up-to-date: /home/ray/autonomous_robot/install/myamr_localization/share/ament_index/resource_index/parent_prefix_path/myamr_localization
[0.412s] -- Up-to-date: /home/ray/autonomous_robot/install/myamr_localization/share/myamr_localization/environment/ament_prefix_path.sh
[0.412s] -- Up-to-date: /home/ray/autonomous_robot/install/myamr_localization/share/myamr_localization/environment/ament_prefix_path.dsv
[0.412s] -- Up-to-date: /home/ray/autonomous_robot/install/myamr_localization/share/myamr_localization/environment/path.sh
[0.412s] -- Up-to-date: /home/ray/autonomous_robot/install/myamr_localization/share/myamr_localization/environment/path.dsv
[0.412s] -- Up-to-date: /home/ray/autonomous_robot/install/myamr_localization/share/myamr_localization/local_setup.bash
[0.412s] -- Up-to-date: /home/ray/autonomous_robot/install/myamr_localization/share/myamr_localization/local_setup.sh
[0.412s] -- Up-to-date: /home/ray/autonomous_robot/install/myamr_localization/share/myamr_localization/local_setup.zsh
[0.412s] -- Up-to-date: /home/ray/autonomous_robot/install/myamr_localization/share/myamr_localization/local_setup.dsv
[0.412s] -- Installing: /home/ray/autonomous_robot/install/myamr_localization/share/myamr_localization/package.dsv
[0.412s] -- Up-to-date: /home/ray/autonomous_robot/install/myamr_localization/share/ament_index/resource_index/packages/myamr_localization
[0.412s] -- Up-to-date: /home/ray/autonomous_robot/install/myamr_localization/share/myamr_localization/cmake/myamr_localizationConfig.cmake
[0.412s] -- Up-to-date: /home/ray/autonomous_robot/install/myamr_localization/share/myamr_localization/cmake/myamr_localizationConfig-version.cmake
[0.412s] -- Up-to-date: /home/ray/autonomous_robot/install/myamr_localization/share/myamr_localization/package.xml
[0.425s] Invoked command in '/home/ray/autonomous_robot/build/myamr_localization' returned '0': CMAKE_PREFIX_PATH=${CMAKE_PREFIX_PATH}:/home/ray/autonomous_tb3_ws/install/autonomous_tb3:/home/ray/turtlebot3_ws/install/turtlebot3_teleop:/home/ray/turtlebot3_ws/install/turtlebot3_example:/home/ray/turtlebot3_ws/install/my_robot_test:/home/ray/autonomous_tb3_ws/src/install/autonomous_tb3:/opt/ros/humble /usr/bin/cmake --install /home/ray/autonomous_robot/build/myamr_localization
