[0.106s] DEBUG:colcon:Command line arguments: ['/usr/bin/colcon', 'build']
[0.106s] DEBUG:colcon:Parsed command line arguments: Namespace(log_base=None, log_level=None, verb_name='build', build_base='build', install_base='install', merge_install=False, symlink_install=False, test_result_base=None, continue_on_error=False, executor='parallel', parallel_workers=8, event_handlers=None, ignore_user_meta=False, metas=['./colcon.meta'], base_paths=['.'], packages_ignore=None, packages_ignore_regex=None, paths=None, packages_up_to=None, packages_up_to_regex=None, packages_above=None, packages_above_and_dependencies=None, packages_above_depth=None, packages_select_by_dep=None, packages_skip_by_dep=None, packages_skip_up_to=None, packages_select_build_failed=False, packages_skip_build_finished=False, packages_select_test_failures=False, packages_skip_test_passed=False, packages_select=None, packages_skip=None, packages_select_regex=None, packages_skip_regex=None, packages_start=None, packages_end=None, allow_overriding=[], cmake_args=None, cmake_target=None, cmake_target_skip_unavailable=False, cmake_clean_cache=False, cmake_clean_first=False, cmake_force_configure=False, ament_cmake_args=None, catkin_cmake_args=None, catkin_skip_building_tests=False, verb_parser=<colcon_defaults.argument_parser.defaults.DefaultArgumentsDecorator object at 0x700f5c4573a0>, verb_extension=<colcon_core.verb.build.BuildVerb object at 0x700f5c598790>, main=<bound method BuildVerb.main of <colcon_core.verb.build.BuildVerb object at 0x700f5c598790>>)
[0.286s] Level 1:colcon.colcon_core.package_discovery:discover_packages(colcon_meta) check parameters
[0.286s] Level 1:colcon.colcon_core.package_discovery:discover_packages(recursive) check parameters
[0.286s] Level 1:colcon.colcon_core.package_discovery:discover_packages(ignore) check parameters
[0.286s] Level 1:colcon.colcon_core.package_discovery:discover_packages(path) check parameters
[0.286s] Level 1:colcon.colcon_core.package_discovery:discover_packages(colcon_meta) discover
[0.286s] Level 1:colcon.colcon_core.package_discovery:discover_packages(recursive) discover
[0.286s] INFO:colcon.colcon_core.package_discovery:Crawling recursively for packages in '/home/ray/autonomous_robot'
[0.286s] Level 1:colcon.colcon_core.package_identification:_identify(.) by extensions ['ignore', 'ignore_ament_install']
[0.286s] Level 1:colcon.colcon_core.package_identification:_identify(.) by extension 'ignore'
[0.286s] Level 1:colcon.colcon_core.package_identification:_identify(.) by extension 'ignore_ament_install'
[0.287s] Level 1:colcon.colcon_core.package_identification:_identify(.) by extensions ['colcon_pkg']
[0.287s] Level 1:colcon.colcon_core.package_identification:_identify(.) by extension 'colcon_pkg'
[0.287s] Level 1:colcon.colcon_core.package_identification:_identify(.) by extensions ['colcon_meta']
[0.287s] Level 1:colcon.colcon_core.package_identification:_identify(.) by extension 'colcon_meta'
[0.287s] Level 1:colcon.colcon_core.package_identification:_identify(.) by extensions ['ros']
[0.287s] Level 1:colcon.colcon_core.package_identification:_identify(.) by extension 'ros'
[0.297s] Level 1:colcon.colcon_core.package_identification:_identify(.) by extensions ['cmake', 'python']
[0.298s] Level 1:colcon.colcon_core.package_identification:_identify(.) by extension 'cmake'
[0.298s] Level 1:colcon.colcon_core.package_identification:_identify(.) by extension 'python'
[0.298s] Level 1:colcon.colcon_core.package_identification:_identify(.) by extensions ['python_setup_py']
[0.298s] Level 1:colcon.colcon_core.package_identification:_identify(.) by extension 'python_setup_py'
[0.298s] Level 1:colcon.colcon_core.package_identification:_identify(build) by extensions ['ignore', 'ignore_ament_install']
[0.298s] Level 1:colcon.colcon_core.package_identification:_identify(build) by extension 'ignore'
[0.298s] Level 1:colcon.colcon_core.package_identification:_identify(build) ignored
[0.298s] Level 1:colcon.colcon_core.package_identification:_identify(install) by extensions ['ignore', 'ignore_ament_install']
[0.298s] Level 1:colcon.colcon_core.package_identification:_identify(install) by extension 'ignore'
[0.298s] Level 1:colcon.colcon_core.package_identification:_identify(install) ignored
[0.298s] Level 1:colcon.colcon_core.package_identification:_identify(log) by extensions ['ignore', 'ignore_ament_install']
[0.298s] Level 1:colcon.colcon_core.package_identification:_identify(log) by extension 'ignore'
[0.298s] Level 1:colcon.colcon_core.package_identification:_identify(log) ignored
[0.298s] Level 1:colcon.colcon_core.package_identification:_identify(src) by extensions ['ignore', 'ignore_ament_install']
[0.298s] Level 1:colcon.colcon_core.package_identification:_identify(src) by extension 'ignore'
[0.299s] Level 1:colcon.colcon_core.package_identification:_identify(src) by extension 'ignore_ament_install'
[0.299s] Level 1:colcon.colcon_core.package_identification:_identify(src) by extensions ['colcon_pkg']
[0.299s] Level 1:colcon.colcon_core.package_identification:_identify(src) by extension 'colcon_pkg'
[0.299s] Level 1:colcon.colcon_core.package_identification:_identify(src) by extensions ['colcon_meta']
[0.299s] Level 1:colcon.colcon_core.package_identification:_identify(src) by extension 'colcon_meta'
[0.299s] Level 1:colcon.colcon_core.package_identification:_identify(src) by extensions ['ros']
[0.299s] Level 1:colcon.colcon_core.package_identification:_identify(src) by extension 'ros'
[0.299s] Level 1:colcon.colcon_core.package_identification:_identify(src) by extensions ['cmake', 'python']
[0.299s] Level 1:colcon.colcon_core.package_identification:_identify(src) by extension 'cmake'
[0.299s] Level 1:colcon.colcon_core.package_identification:_identify(src) by extension 'python'
[0.299s] Level 1:colcon.colcon_core.package_identification:_identify(src) by extensions ['python_setup_py']
[0.299s] Level 1:colcon.colcon_core.package_identification:_identify(src) by extension 'python_setup_py'
[0.299s] Level 1:colcon.colcon_core.package_identification:_identify(src/myamr_files) by extensions ['ignore', 'ignore_ament_install']
[0.299s] Level 1:colcon.colcon_core.package_identification:_identify(src/myamr_files) by extension 'ignore'
[0.299s] Level 1:colcon.colcon_core.package_identification:_identify(src/myamr_files) by extension 'ignore_ament_install'
[0.299s] Level 1:colcon.colcon_core.package_identification:_identify(src/myamr_files) by extensions ['colcon_pkg']
[0.299s] Level 1:colcon.colcon_core.package_identification:_identify(src/myamr_files) by extension 'colcon_pkg'
[0.299s] Level 1:colcon.colcon_core.package_identification:_identify(src/myamr_files) by extensions ['colcon_meta']
[0.299s] Level 1:colcon.colcon_core.package_identification:_identify(src/myamr_files) by extension 'colcon_meta'
[0.299s] Level 1:colcon.colcon_core.package_identification:_identify(src/myamr_files) by extensions ['ros']
[0.299s] Level 1:colcon.colcon_core.package_identification:_identify(src/myamr_files) by extension 'ros'
[0.302s] DEBUG:colcon.colcon_core.package_identification:Package 'src/myamr_files' with type 'ros.ament_python' and name 'myamr_files'
[0.302s] Level 1:colcon.colcon_core.package_identification:_identify(src/myrobot_controller) by extensions ['ignore', 'ignore_ament_install']
[0.302s] Level 1:colcon.colcon_core.package_identification:_identify(src/myrobot_controller) by extension 'ignore'
[0.302s] Level 1:colcon.colcon_core.package_identification:_identify(src/myrobot_controller) by extension 'ignore_ament_install'
[0.302s] Level 1:colcon.colcon_core.package_identification:_identify(src/myrobot_controller) by extensions ['colcon_pkg']
[0.302s] Level 1:colcon.colcon_core.package_identification:_identify(src/myrobot_controller) by extension 'colcon_pkg'
[0.302s] Level 1:colcon.colcon_core.package_identification:_identify(src/myrobot_controller) by extensions ['colcon_meta']
[0.302s] Level 1:colcon.colcon_core.package_identification:_identify(src/myrobot_controller) by extension 'colcon_meta'
[0.302s] Level 1:colcon.colcon_core.package_identification:_identify(src/myrobot_controller) by extensions ['ros']
[0.302s] Level 1:colcon.colcon_core.package_identification:_identify(src/myrobot_controller) by extension 'ros'
[0.303s] DEBUG:colcon.colcon_core.package_identification:Package 'src/myrobot_controller' with type 'ros.ament_cmake' and name 'myrobot_controller'
[0.304s] Level 1:colcon.colcon_core.package_identification:_identify(src/myrobot_description) by extensions ['ignore', 'ignore_ament_install']
[0.304s] Level 1:colcon.colcon_core.package_identification:_identify(src/myrobot_description) by extension 'ignore'
[0.304s] Level 1:colcon.colcon_core.package_identification:_identify(src/myrobot_description) by extension 'ignore_ament_install'
[0.304s] Level 1:colcon.colcon_core.package_identification:_identify(src/myrobot_description) by extensions ['colcon_pkg']
[0.304s] Level 1:colcon.colcon_core.package_identification:_identify(src/myrobot_description) by extension 'colcon_pkg'
[0.304s] Level 1:colcon.colcon_core.package_identification:_identify(src/myrobot_description) by extensions ['colcon_meta']
[0.304s] Level 1:colcon.colcon_core.package_identification:_identify(src/myrobot_description) by extension 'colcon_meta'
[0.304s] Level 1:colcon.colcon_core.package_identification:_identify(src/myrobot_description) by extensions ['ros']
[0.304s] Level 1:colcon.colcon_core.package_identification:_identify(src/myrobot_description) by extension 'ros'
[0.305s] DEBUG:colcon.colcon_core.package_identification:Package 'src/myrobot_description' with type 'ros.ament_cmake' and name 'myrobot_description'
[0.305s] Level 1:colcon.colcon_core.package_identification:_identify(src/myrobot_localization) by extensions ['ignore', 'ignore_ament_install']
[0.305s] Level 1:colcon.colcon_core.package_identification:_identify(src/myrobot_localization) by extension 'ignore'
[0.305s] Level 1:colcon.colcon_core.package_identification:_identify(src/myrobot_localization) by extension 'ignore_ament_install'
[0.305s] Level 1:colcon.colcon_core.package_identification:_identify(src/myrobot_localization) by extensions ['colcon_pkg']
[0.305s] Level 1:colcon.colcon_core.package_identification:_identify(src/myrobot_localization) by extension 'colcon_pkg'
[0.305s] Level 1:colcon.colcon_core.package_identification:_identify(src/myrobot_localization) by extensions ['colcon_meta']
[0.305s] Level 1:colcon.colcon_core.package_identification:_identify(src/myrobot_localization) by extension 'colcon_meta'
[0.305s] Level 1:colcon.colcon_core.package_identification:_identify(src/myrobot_localization) by extensions ['ros']
[0.305s] Level 1:colcon.colcon_core.package_identification:_identify(src/myrobot_localization) by extension 'ros'
[0.305s] Level 1:colcon.colcon_core.package_identification:_identify(src/myrobot_localization) by extensions ['cmake', 'python']
[0.305s] Level 1:colcon.colcon_core.package_identification:_identify(src/myrobot_localization) by extension 'cmake'
[0.305s] Level 1:colcon.colcon_core.package_identification:_identify(src/myrobot_localization) by extension 'python'
[0.305s] Level 1:colcon.colcon_core.package_identification:_identify(src/myrobot_localization) by extensions ['python_setup_py']
[0.305s] Level 1:colcon.colcon_core.package_identification:_identify(src/myrobot_localization) by extension 'python_setup_py'
[0.305s] Level 1:colcon.colcon_core.package_discovery:discover_packages(recursive) using defaults
[0.305s] Level 1:colcon.colcon_core.package_discovery:discover_packages(ignore) discover
[0.305s] Level 1:colcon.colcon_core.package_discovery:discover_packages(ignore) using defaults
[0.305s] Level 1:colcon.colcon_core.package_discovery:discover_packages(path) discover
[0.305s] Level 1:colcon.colcon_core.package_discovery:discover_packages(path) using defaults
[0.335s] Level 1:colcon.colcon_core.package_discovery:discover_packages(prefix_path) check parameters
[0.335s] Level 1:colcon.colcon_core.package_discovery:discover_packages(prefix_path) discover
[0.337s] DEBUG:colcon.colcon_installed_package_information.package_discovery:Found 5 installed packages in /home/ray/autonomous_robot/install
[0.338s] DEBUG:colcon.colcon_installed_package_information.package_discovery:Found 12 installed packages in /home/ray/turtlebot3_ws/install
[0.339s] DEBUG:colcon.colcon_installed_package_information.package_discovery:Found 1 installed packages in /home/ray/autonomous_tb3_ws/install
[0.339s] DEBUG:colcon.colcon_installed_package_information.package_discovery:Found 1 installed packages in /home/ray/autonomous_tb3_ws/src/install
[0.341s] DEBUG:colcon.colcon_installed_package_information.package_discovery:Found 411 installed packages in /opt/ros/humble
[0.343s] Level 1:colcon.colcon_core.package_discovery:discover_packages(prefix_path) using defaults
[0.400s] Level 5:colcon.colcon_core.verb:set package 'myamr_files' build argument 'cmake_args' from command line to 'None'
[0.400s] Level 5:colcon.colcon_core.verb:set package 'myamr_files' build argument 'cmake_target' from command line to 'None'
[0.400s] Level 5:colcon.colcon_core.verb:set package 'myamr_files' build argument 'cmake_target_skip_unavailable' from command line to 'False'
[0.400s] Level 5:colcon.colcon_core.verb:set package 'myamr_files' build argument 'cmake_clean_cache' from command line to 'False'
[0.400s] Level 5:colcon.colcon_core.verb:set package 'myamr_files' build argument 'cmake_clean_first' from command line to 'False'
[0.400s] Level 5:colcon.colcon_core.verb:set package 'myamr_files' build argument 'cmake_force_configure' from command line to 'False'
[0.400s] Level 5:colcon.colcon_core.verb:set package 'myamr_files' build argument 'ament_cmake_args' from command line to 'None'
[0.400s] Level 5:colcon.colcon_core.verb:set package 'myamr_files' build argument 'catkin_cmake_args' from command line to 'None'
[0.400s] Level 5:colcon.colcon_core.verb:set package 'myamr_files' build argument 'catkin_skip_building_tests' from command line to 'False'
[0.401s] DEBUG:colcon.colcon_core.verb:Building package 'myamr_files' with the following arguments: {'ament_cmake_args': None, 'build_base': '/home/ray/autonomous_robot/build/myamr_files', 'catkin_cmake_args': None, 'catkin_skip_building_tests': False, 'cmake_args': None, 'cmake_clean_cache': False, 'cmake_clean_first': False, 'cmake_force_configure': False, 'cmake_target': None, 'cmake_target_skip_unavailable': False, 'install_base': '/home/ray/autonomous_robot/install/myamr_files', 'merge_install': False, 'path': '/home/ray/autonomous_robot/src/myamr_files', 'symlink_install': False, 'test_result_base': None}
[0.401s] Level 5:colcon.colcon_core.verb:set package 'myrobot_controller' build argument 'cmake_args' from command line to 'None'
[0.401s] Level 5:colcon.colcon_core.verb:set package 'myrobot_controller' build argument 'cmake_target' from command line to 'None'
[0.401s] Level 5:colcon.colcon_core.verb:set package 'myrobot_controller' build argument 'cmake_target_skip_unavailable' from command line to 'False'
[0.401s] Level 5:colcon.colcon_core.verb:set package 'myrobot_controller' build argument 'cmake_clean_cache' from command line to 'False'
[0.401s] Level 5:colcon.colcon_core.verb:set package 'myrobot_controller' build argument 'cmake_clean_first' from command line to 'False'
[0.401s] Level 5:colcon.colcon_core.verb:set package 'myrobot_controller' build argument 'cmake_force_configure' from command line to 'False'
[0.401s] Level 5:colcon.colcon_core.verb:set package 'myrobot_controller' build argument 'ament_cmake_args' from command line to 'None'
[0.401s] Level 5:colcon.colcon_core.verb:set package 'myrobot_controller' build argument 'catkin_cmake_args' from command line to 'None'
[0.401s] Level 5:colcon.colcon_core.verb:set package 'myrobot_controller' build argument 'catkin_skip_building_tests' from command line to 'False'
[0.401s] DEBUG:colcon.colcon_core.verb:Building package 'myrobot_controller' with the following arguments: {'ament_cmake_args': None, 'build_base': '/home/ray/autonomous_robot/build/myrobot_controller', 'catkin_cmake_args': None, 'catkin_skip_building_tests': False, 'cmake_args': None, 'cmake_clean_cache': False, 'cmake_clean_first': False, 'cmake_force_configure': False, 'cmake_target': None, 'cmake_target_skip_unavailable': False, 'install_base': '/home/ray/autonomous_robot/install/myrobot_controller', 'merge_install': False, 'path': '/home/ray/autonomous_robot/src/myrobot_controller', 'symlink_install': False, 'test_result_base': None}
[0.401s] Level 5:colcon.colcon_core.verb:set package 'myrobot_description' build argument 'cmake_args' from command line to 'None'
[0.401s] Level 5:colcon.colcon_core.verb:set package 'myrobot_description' build argument 'cmake_target' from command line to 'None'
[0.401s] Level 5:colcon.colcon_core.verb:set package 'myrobot_description' build argument 'cmake_target_skip_unavailable' from command line to 'False'
[0.401s] Level 5:colcon.colcon_core.verb:set package 'myrobot_description' build argument 'cmake_clean_cache' from command line to 'False'
[0.401s] Level 5:colcon.colcon_core.verb:set package 'myrobot_description' build argument 'cmake_clean_first' from command line to 'False'
[0.401s] Level 5:colcon.colcon_core.verb:set package 'myrobot_description' build argument 'cmake_force_configure' from command line to 'False'
[0.402s] Level 5:colcon.colcon_core.verb:set package 'myrobot_description' build argument 'ament_cmake_args' from command line to 'None'
[0.402s] Level 5:colcon.colcon_core.verb:set package 'myrobot_description' build argument 'catkin_cmake_args' from command line to 'None'
[0.402s] Level 5:colcon.colcon_core.verb:set package 'myrobot_description' build argument 'catkin_skip_building_tests' from command line to 'False'
[0.402s] DEBUG:colcon.colcon_core.verb:Building package 'myrobot_description' with the following arguments: {'ament_cmake_args': None, 'build_base': '/home/ray/autonomous_robot/build/myrobot_description', 'catkin_cmake_args': None, 'catkin_skip_building_tests': False, 'cmake_args': None, 'cmake_clean_cache': False, 'cmake_clean_first': False, 'cmake_force_configure': False, 'cmake_target': None, 'cmake_target_skip_unavailable': False, 'install_base': '/home/ray/autonomous_robot/install/myrobot_description', 'merge_install': False, 'path': '/home/ray/autonomous_robot/src/myrobot_description', 'symlink_install': False, 'test_result_base': None}
[0.402s] INFO:colcon.colcon_core.executor:Executing jobs using 'parallel' executor
[0.403s] DEBUG:colcon.colcon_parallel_executor.executor.parallel:run_until_complete
[0.403s] INFO:colcon.colcon_ros.task.ament_python.build:Building ROS package in '/home/ray/autonomous_robot/src/myamr_files' with build type 'ament_python'
[0.403s] Level 1:colcon.colcon_core.shell:create_environment_hook('myamr_files', 'ament_prefix_path')
[0.405s] INFO:colcon.colcon_core.plugin_system:Skipping extension 'colcon_core.shell.bat': Not used on non-Windows systems
[0.405s] INFO:colcon.colcon_core.shell:Creating environment hook '/home/ray/autonomous_robot/install/myamr_files/share/myamr_files/hook/ament_prefix_path.ps1'
[0.406s] INFO:colcon.colcon_core.shell:Creating environment descriptor '/home/ray/autonomous_robot/install/myamr_files/share/myamr_files/hook/ament_prefix_path.dsv'
[0.406s] INFO:colcon.colcon_core.shell:Creating environment hook '/home/ray/autonomous_robot/install/myamr_files/share/myamr_files/hook/ament_prefix_path.sh'
[0.407s] INFO:colcon.colcon_core.shell:Skip shell extension 'powershell' for command environment: Not usable outside of PowerShell
[0.407s] DEBUG:colcon.colcon_core.shell:Skip shell extension 'dsv' for command environment
[0.412s] INFO:colcon.colcon_ros.task.ament_cmake.build:Building ROS package in '/home/ray/autonomous_robot/src/myrobot_controller' with build type 'ament_cmake'
[0.412s] INFO:colcon.colcon_cmake.task.cmake.build:Building CMake package in '/home/ray/autonomous_robot/src/myrobot_controller'
[0.413s] INFO:colcon.colcon_core.shell:Skip shell extension 'powershell' for command environment: Not usable outside of PowerShell
[0.413s] DEBUG:colcon.colcon_core.shell:Skip shell extension 'dsv' for command environment
[0.419s] INFO:colcon.colcon_ros.task.ament_cmake.build:Building ROS package in '/home/ray/autonomous_robot/src/myrobot_description' with build type 'ament_cmake'
[0.419s] INFO:colcon.colcon_cmake.task.cmake.build:Building CMake package in '/home/ray/autonomous_robot/src/myrobot_description'
[0.419s] INFO:colcon.colcon_core.shell:Skip shell extension 'powershell' for command environment: Not usable outside of PowerShell
[0.419s] DEBUG:colcon.colcon_core.shell:Skip shell extension 'dsv' for command environment
[0.691s] INFO:colcon.colcon_core.task.python.build:Building Python package in '/home/ray/autonomous_robot/src/myamr_files'
[0.692s] INFO:colcon.colcon_core.shell:Skip shell extension 'powershell' for command environment: Not usable outside of PowerShell
[0.692s] DEBUG:colcon.colcon_core.shell:Skip shell extension 'dsv' for command environment
[0.701s] DEBUG:colcon.colcon_core.event_handler.log_command:Invoking command in '/home/ray/autonomous_robot/build/myrobot_controller': CMAKE_PREFIX_PATH=${CMAKE_PREFIX_PATH}:/home/ray/autonomous_robot/install/myamr_files:/home/ray/autonomous_tb3_ws/install/autonomous_tb3:/home/ray/turtlebot3_ws/install/turtlebot3_teleop:/home/ray/turtlebot3_ws/install/turtlebot3_example:/home/ray/turtlebot3_ws/install/my_robot_test:/home/ray/autonomous_tb3_ws/src/install/autonomous_tb3:/opt/ros/humble /usr/bin/cmake --build /home/ray/autonomous_robot/build/myrobot_controller -- -j8 -l8
[0.706s] DEBUG:colcon.colcon_core.event_handler.log_command:Invoking command in '/home/ray/autonomous_robot/build/myrobot_description': CMAKE_PREFIX_PATH=${CMAKE_PREFIX_PATH}:/home/ray/autonomous_robot/install/myamr_files:/home/ray/autonomous_tb3_ws/install/autonomous_tb3:/home/ray/turtlebot3_ws/install/turtlebot3_teleop:/home/ray/turtlebot3_ws/install/turtlebot3_example:/home/ray/turtlebot3_ws/install/my_robot_test:/home/ray/autonomous_tb3_ws/src/install/autonomous_tb3:/opt/ros/humble /usr/bin/cmake --build /home/ray/autonomous_robot/build/myrobot_description -- -j8 -l8
[0.747s] DEBUG:colcon.colcon_core.event_handler.log_command:Invoked command in '/home/ray/autonomous_robot/build/myrobot_description' returned '0': CMAKE_PREFIX_PATH=${CMAKE_PREFIX_PATH}:/home/ray/autonomous_robot/install/myamr_files:/home/ray/autonomous_tb3_ws/install/autonomous_tb3:/home/ray/turtlebot3_ws/install/turtlebot3_teleop:/home/ray/turtlebot3_ws/install/turtlebot3_example:/home/ray/turtlebot3_ws/install/my_robot_test:/home/ray/autonomous_tb3_ws/src/install/autonomous_tb3:/opt/ros/humble /usr/bin/cmake --build /home/ray/autonomous_robot/build/myrobot_description -- -j8 -l8
[0.761s] DEBUG:colcon.colcon_core.event_handler.log_command:Invoking command in '/home/ray/autonomous_robot/build/myrobot_description': CMAKE_PREFIX_PATH=${CMAKE_PREFIX_PATH}:/home/ray/autonomous_robot/install/myamr_files:/home/ray/autonomous_tb3_ws/install/autonomous_tb3:/home/ray/turtlebot3_ws/install/turtlebot3_teleop:/home/ray/turtlebot3_ws/install/turtlebot3_example:/home/ray/turtlebot3_ws/install/my_robot_test:/home/ray/autonomous_tb3_ws/src/install/autonomous_tb3:/opt/ros/humble /usr/bin/cmake --install /home/ray/autonomous_robot/build/myrobot_description
[0.776s] Level 1:colcon.colcon_core.environment:create_environment_scripts_only(myrobot_description)
[0.777s] DEBUG:colcon.colcon_core.event_handler.log_command:Invoked command in '/home/ray/autonomous_robot/build/myrobot_description' returned '0': CMAKE_PREFIX_PATH=${CMAKE_PREFIX_PATH}:/home/ray/autonomous_robot/install/myamr_files:/home/ray/autonomous_tb3_ws/install/autonomous_tb3:/home/ray/turtlebot3_ws/install/turtlebot3_teleop:/home/ray/turtlebot3_ws/install/turtlebot3_example:/home/ray/turtlebot3_ws/install/my_robot_test:/home/ray/autonomous_tb3_ws/src/install/autonomous_tb3:/opt/ros/humble /usr/bin/cmake --install /home/ray/autonomous_robot/build/myrobot_description
[0.781s] Level 1:colcon.colcon_core.environment:checking '/home/ray/autonomous_robot/install/myrobot_description' for CMake module files
[0.782s] Level 1:colcon.colcon_core.environment:checking '/home/ray/autonomous_robot/install/myrobot_description' for CMake config files
[0.782s] Level 1:colcon.colcon_core.shell:create_environment_hook('myrobot_description', 'cmake_prefix_path')
[0.782s] INFO:colcon.colcon_core.shell:Creating environment hook '/home/ray/autonomous_robot/install/myrobot_description/share/myrobot_description/hook/cmake_prefix_path.ps1'
[0.783s] INFO:colcon.colcon_core.shell:Creating environment descriptor '/home/ray/autonomous_robot/install/myrobot_description/share/myrobot_description/hook/cmake_prefix_path.dsv'
[0.783s] INFO:colcon.colcon_core.shell:Creating environment hook '/home/ray/autonomous_robot/install/myrobot_description/share/myrobot_description/hook/cmake_prefix_path.sh'
[0.784s] Level 1:colcon.colcon_core.environment:checking '/home/ray/autonomous_robot/install/myrobot_description/bin'
[0.784s] Level 1:colcon.colcon_core.environment:checking '/home/ray/autonomous_robot/install/myrobot_description/lib/pkgconfig/myrobot_description.pc'
[0.784s] Level 1:colcon.colcon_core.environment:checking '/home/ray/autonomous_robot/install/myrobot_description/lib/python3.10/site-packages'
[0.784s] Level 1:colcon.colcon_core.environment:checking '/home/ray/autonomous_robot/install/myrobot_description/bin'
[0.785s] INFO:colcon.colcon_core.shell:Creating package script '/home/ray/autonomous_robot/install/myrobot_description/share/myrobot_description/package.ps1'
[0.786s] INFO:colcon.colcon_core.shell:Creating package descriptor '/home/ray/autonomous_robot/install/myrobot_description/share/myrobot_description/package.dsv'
[0.786s] INFO:colcon.colcon_core.shell:Creating package script '/home/ray/autonomous_robot/install/myrobot_description/share/myrobot_description/package.sh'
[0.787s] INFO:colcon.colcon_core.shell:Creating package script '/home/ray/autonomous_robot/install/myrobot_description/share/myrobot_description/package.bash'
[0.788s] INFO:colcon.colcon_core.shell:Creating package script '/home/ray/autonomous_robot/install/myrobot_description/share/myrobot_description/package.zsh'
[0.788s] Level 1:colcon.colcon_core.environment:create_file_with_runtime_dependencies(/home/ray/autonomous_robot/install/myrobot_description/share/colcon-core/packages/myrobot_description)
[0.789s] Level 1:colcon.colcon_core.environment:create_environment_scripts_only(myrobot_description)
[0.789s] Level 1:colcon.colcon_core.environment:checking '/home/ray/autonomous_robot/install/myrobot_description' for CMake module files
[0.790s] Level 1:colcon.colcon_core.environment:checking '/home/ray/autonomous_robot/install/myrobot_description' for CMake config files
[0.790s] Level 1:colcon.colcon_core.shell:create_environment_hook('myrobot_description', 'cmake_prefix_path')
[0.790s] INFO:colcon.colcon_core.shell:Creating environment hook '/home/ray/autonomous_robot/install/myrobot_description/share/myrobot_description/hook/cmake_prefix_path.ps1'
[0.791s] INFO:colcon.colcon_core.shell:Creating environment descriptor '/home/ray/autonomous_robot/install/myrobot_description/share/myrobot_description/hook/cmake_prefix_path.dsv'
[0.791s] INFO:colcon.colcon_core.shell:Creating environment hook '/home/ray/autonomous_robot/install/myrobot_description/share/myrobot_description/hook/cmake_prefix_path.sh'
[0.792s] Level 1:colcon.colcon_core.environment:checking '/home/ray/autonomous_robot/install/myrobot_description/bin'
[0.792s] Level 1:colcon.colcon_core.environment:checking '/home/ray/autonomous_robot/install/myrobot_description/lib/pkgconfig/myrobot_description.pc'
[0.792s] Level 1:colcon.colcon_core.environment:checking '/home/ray/autonomous_robot/install/myrobot_description/lib/python3.10/site-packages'
[0.792s] Level 1:colcon.colcon_core.environment:checking '/home/ray/autonomous_robot/install/myrobot_description/bin'
[0.793s] INFO:colcon.colcon_core.shell:Creating package script '/home/ray/autonomous_robot/install/myrobot_description/share/myrobot_description/package.ps1'
[0.793s] INFO:colcon.colcon_core.shell:Creating package descriptor '/home/ray/autonomous_robot/install/myrobot_description/share/myrobot_description/package.dsv'
[0.793s] INFO:colcon.colcon_core.shell:Creating package script '/home/ray/autonomous_robot/install/myrobot_description/share/myrobot_description/package.sh'
[0.794s] INFO:colcon.colcon_core.shell:Creating package script '/home/ray/autonomous_robot/install/myrobot_description/share/myrobot_description/package.bash'
[0.794s] INFO:colcon.colcon_core.shell:Creating package script '/home/ray/autonomous_robot/install/myrobot_description/share/myrobot_description/package.zsh'
[0.794s] Level 1:colcon.colcon_core.environment:create_file_with_runtime_dependencies(/home/ray/autonomous_robot/install/myrobot_description/share/colcon-core/packages/myrobot_description)
[0.796s] DEBUG:colcon.colcon_core.event_handler.log_command:Invoked command in '/home/ray/autonomous_robot/build/myrobot_controller' returned '2': CMAKE_PREFIX_PATH=${CMAKE_PREFIX_PATH}:/home/ray/autonomous_robot/install/myamr_files:/home/ray/autonomous_tb3_ws/install/autonomous_tb3:/home/ray/turtlebot3_ws/install/turtlebot3_teleop:/home/ray/turtlebot3_ws/install/turtlebot3_example:/home/ray/turtlebot3_ws/install/my_robot_test:/home/ray/autonomous_tb3_ws/src/install/autonomous_tb3:/opt/ros/humble /usr/bin/cmake --build /home/ray/autonomous_robot/build/myrobot_controller -- -j8 -l8
[0.797s] Level 1:colcon.colcon_core.environment:create_environment_scripts_only(myrobot_controller)
[0.797s] Level 1:colcon.colcon_core.environment:checking '/home/ray/autonomous_robot/install/myrobot_controller' for CMake module files
[0.797s] Level 1:colcon.colcon_core.environment:checking '/home/ray/autonomous_robot/install/myrobot_controller' for CMake config files
[0.798s] Level 1:colcon.colcon_core.shell:create_environment_hook('myrobot_controller', 'cmake_prefix_path')
[0.798s] INFO:colcon.colcon_core.shell:Creating environment hook '/home/ray/autonomous_robot/install/myrobot_controller/share/myrobot_controller/hook/cmake_prefix_path.ps1'
[0.798s] INFO:colcon.colcon_core.shell:Creating environment descriptor '/home/ray/autonomous_robot/install/myrobot_controller/share/myrobot_controller/hook/cmake_prefix_path.dsv'
[0.799s] INFO:colcon.colcon_core.shell:Creating environment hook '/home/ray/autonomous_robot/install/myrobot_controller/share/myrobot_controller/hook/cmake_prefix_path.sh'
[0.799s] Level 1:colcon.colcon_core.environment:checking '/home/ray/autonomous_robot/install/myrobot_controller/lib'
[0.800s] Level 1:colcon.colcon_core.environment:checking '/home/ray/autonomous_robot/install/myrobot_controller/bin'
[0.800s] Level 1:colcon.colcon_core.environment:checking '/home/ray/autonomous_robot/install/myrobot_controller/lib/pkgconfig/myrobot_controller.pc'
[0.800s] Level 1:colcon.colcon_core.environment:checking '/home/ray/autonomous_robot/install/myrobot_controller/lib/python3.10/site-packages'
[0.800s] Level 1:colcon.colcon_core.shell:create_environment_hook('myrobot_controller', 'pythonpath')
[0.800s] INFO:colcon.colcon_core.shell:Creating environment hook '/home/ray/autonomous_robot/install/myrobot_controller/share/myrobot_controller/hook/pythonpath.ps1'
[0.801s] INFO:colcon.colcon_core.shell:Creating environment descriptor '/home/ray/autonomous_robot/install/myrobot_controller/share/myrobot_controller/hook/pythonpath.dsv'
[0.801s] INFO:colcon.colcon_core.shell:Creating environment hook '/home/ray/autonomous_robot/install/myrobot_controller/share/myrobot_controller/hook/pythonpath.sh'
[0.802s] Level 1:colcon.colcon_core.environment:checking '/home/ray/autonomous_robot/install/myrobot_controller/bin'
[0.802s] INFO:colcon.colcon_core.shell:Creating package script '/home/ray/autonomous_robot/install/myrobot_controller/share/myrobot_controller/package.ps1'
[0.803s] INFO:colcon.colcon_core.shell:Creating package descriptor '/home/ray/autonomous_robot/install/myrobot_controller/share/myrobot_controller/package.dsv'
[0.803s] INFO:colcon.colcon_core.shell:Creating package script '/home/ray/autonomous_robot/install/myrobot_controller/share/myrobot_controller/package.sh'
[0.804s] INFO:colcon.colcon_core.shell:Creating package script '/home/ray/autonomous_robot/install/myrobot_controller/share/myrobot_controller/package.bash'
[0.804s] INFO:colcon.colcon_core.shell:Creating package script '/home/ray/autonomous_robot/install/myrobot_controller/share/myrobot_controller/package.zsh'
[0.805s] Level 1:colcon.colcon_core.environment:create_file_with_runtime_dependencies(/home/ray/autonomous_robot/install/myrobot_controller/share/colcon-core/packages/myrobot_controller)
[1.112s] DEBUG:colcon.colcon_parallel_executor.executor.parallel:closing loop
[1.112s] DEBUG:colcon.colcon_parallel_executor.executor.parallel:loop closed
[1.112s] DEBUG:colcon.colcon_parallel_executor.executor.parallel:run_until_complete finished with '2'
[1.112s] DEBUG:colcon.colcon_core.event_reactor:joining thread
[1.117s] INFO:colcon.colcon_core.plugin_system:Skipping extension 'colcon_notification.desktop_notification.terminal_notifier': Not used on non-Darwin systems
[1.117s] INFO:colcon.colcon_core.plugin_system:Skipping extension 'colcon_notification.desktop_notification.win32': Not used on non-Windows systems
[1.117s] INFO:colcon.colcon_notification.desktop_notification:Sending desktop notification using 'notify2'
[1.130s] DEBUG:colcon.colcon_core.event_reactor:joined thread
[1.131s] INFO:colcon.colcon_core.shell:Creating prefix script '/home/ray/autonomous_robot/install/local_setup.ps1'
[1.132s] INFO:colcon.colcon_core.shell:Creating prefix util module '/home/ray/autonomous_robot/install/_local_setup_util_ps1.py'
[1.134s] INFO:colcon.colcon_core.shell:Creating prefix chain script '/home/ray/autonomous_robot/install/setup.ps1'
[1.135s] INFO:colcon.colcon_core.shell:Creating prefix script '/home/ray/autonomous_robot/install/local_setup.sh'
[1.136s] INFO:colcon.colcon_core.shell:Creating prefix util module '/home/ray/autonomous_robot/install/_local_setup_util_sh.py'
[1.136s] INFO:colcon.colcon_core.shell:Creating prefix chain script '/home/ray/autonomous_robot/install/setup.sh'
[1.138s] INFO:colcon.colcon_core.shell:Creating prefix script '/home/ray/autonomous_robot/install/local_setup.bash'
[1.139s] INFO:colcon.colcon_core.shell:Creating prefix chain script '/home/ray/autonomous_robot/install/setup.bash'
[1.140s] INFO:colcon.colcon_core.shell:Creating prefix script '/home/ray/autonomous_robot/install/local_setup.zsh'
[1.141s] INFO:colcon.colcon_core.shell:Creating prefix chain script '/home/ray/autonomous_robot/install/setup.zsh'
