[0.038s] Invoking command in '/home/ray/autonomous_robot/build/myrobot_controller': CMAKE_PREFIX_PATH=${CMAKE_PREFIX_PATH}:/home/ray/autonomous_robot/install/myamr_files:/home/ray/autonomous_tb3_ws/install/autonomous_tb3:/home/ray/turtlebot3_ws/install/turtlebot3_teleop:/home/ray/turtlebot3_ws/install/turtlebot3_example:/home/ray/turtlebot3_ws/install/my_robot_test:/home/ray/autonomous_tb3_ws/src/install/autonomous_tb3:/opt/ros/humble /usr/bin/cmake --build /home/ray/autonomous_robot/build/myrobot_controller -- -j8 -l8
[0.072s] -- Found ament_cmake: 1.3.11 (/opt/ros/humble/share/ament_cmake/cmake)
[0.280s] -- Found rclcpp: 16.0.12 (/opt/ros/humble/share/rclcpp/cmake)
[0.311s] -- Found rosidl_generator_c: 3.1.6 (/opt/ros/humble/share/rosidl_generator_c/cmake)
[0.314s] -- Found rosidl_adapter: 3.1.6 (/opt/ros/humble/share/rosidl_adapter/cmake)
[0.320s] -- Found rosidl_generator_cpp: 3.1.6 (/opt/ros/humble/share/rosidl_generator_cpp/cmake)
[0.332s] -- Using all available rosidl_typesupport_c: rosidl_typesupport_fastrtps_c;rosidl_typesupport_introspection_c
[0.346s] -- Using all available rosidl_typesupport_cpp: rosidl_typesupport_fastrtps_cpp;rosidl_typesupport_introspection_cpp
[0.386s] -- Found rmw_implementation_cmake: 6.1.2 (/opt/ros/humble/share/rmw_implementation_cmake/cmake)
[0.388s] -- Found rmw_fastrtps_cpp: 6.2.7 (/opt/ros/humble/share/rmw_fastrtps_cpp/cmake)
[0.541s] -- Using RMW implementation 'rmw_fastrtps_cpp' as default
[0.621s] -- Found rclpy: 3.3.16 (/opt/ros/humble/share/rclpy/cmake)
[0.622s] -- Found geometry_msgs: 4.9.0 (/opt/ros/humble/share/geometry_msgs/cmake)
[0.642s] -- Found sensor_msgs: 4.9.0 (/opt/ros/humble/share/sensor_msgs/cmake)
[0.670s] -- Found nav_msgs: 4.9.0 (/opt/ros/humble/share/nav_msgs/cmake)
[0.698s] -- Found tf2_ros: 0.25.13 (/opt/ros/humble/share/tf2_ros/cmake)
[1.024s] -- Configuring done
[1.028s] [31mCMake Error at CMakeLists.txt:19 (add_executable):
[1.028s]   Cannot find source file:
[1.028s] 
[1.028s]     src/simple_controller.cpp
[1.028s] 
[1.029s]   Tried extensions .c .C .c++ .cc .cpp .cxx .cu .mpp .m .M .mm .ixx .cppm .h
[1.029s]   .hh .h++ .hm .hpp .hxx .in .txx .f .F .for .f77 .f90 .f95 .f03 .hip .ispc
[1.029s] 
[1.029s] [0m
[1.031s] [31mCMake Error at CMakeLists.txt:22 (add_executable):
[1.031s]   Cannot find source file:
[1.031s] 
[1.031s]     src/noisy_controller.cpp
[1.031s] 
[1.031s]   Tried extensions .c .C .c++ .cc .cpp .cxx .cu .mpp .m .M .mm .ixx .cppm .h
[1.031s]   .hh .h++ .hm .hpp .hxx .in .txx .f .F .for .f77 .f90 .f95 .f03 .hip .ispc
[1.031s] 
[1.031s] [0m
[1.032s] [31mCMake Error at CMakeLists.txt:25 (add_executable):
[1.032s]   Cannot find source file:
[1.032s] 
[1.032s]     src/twist_relay.cpp
[1.032s] 
[1.032s]   Tried extensions .c .C .c++ .cc .cpp .cxx .cu .mpp .m .M .mm .ixx .cppm .h
[1.032s]   .hh .h++ .hm .hpp .hxx .in .txx .f .F .for .f77 .f90 .f95 .f03 .hip .ispc
[1.032s] 
[1.032s] [0m
[1.032s] [31mCMake Error at CMakeLists.txt:19 (add_executable):
[1.032s]   No SOURCES given to target: simple_controller
[1.033s] 
[1.033s] [0m
[1.033s] [31mCMake Error at CMakeLists.txt:22 (add_executable):
[1.033s]   No SOURCES given to target: noisy_controller
[1.033s] 
[1.033s] [0m
[1.033s] [31mCMake Error at CMakeLists.txt:25 (add_executable):
[1.033s]   No SOURCES given to target: twist_relay
[1.033s] 
[1.033s] [0m
[1.033s] [0mCMake Generate step failed.  Build files cannot be regenerated correctly.[0m
[1.044s] gmake: *** [Makefile:336: cmake_check_build_system] Error 1
