[0.647s] Invoking command in '/home/ray/autonomous_robot/src/myrobot_controller': PYTHONPATH=/home/ray/autonomous_robot/build/myrobot_controller/prefix_override:/usr/lib/python3/dist-packages/colcon_core/task/python/colcon_distutils_commands:/home/ray/autonomous_robot/install/myrobot_controller/lib/python3.10/site-packages:${PYTHONPATH} /usr/bin/python3 -W ignore:setup.py install is deprecated -W ignore:easy_install command is deprecated setup.py egg_info --egg-base ../../build/myrobot_controller build --build-base /home/ray/autonomous_robot/build/myrobot_controller/build install --record /home/ray/autonomous_robot/build/myrobot_controller/install.log --single-version-externally-managed install_data
[0.833s] running egg_info
[0.833s] creating ../../build/myrobot_controller/myrobot_controller.egg-info
[0.834s] writing ../../build/myrobot_controller/myrobot_controller.egg-info/PKG-INFO
[0.834s] writing dependency_links to ../../build/myrobot_controller/myrobot_controller.egg-info/dependency_links.txt
[0.834s] writing entry points to ../../build/myrobot_controller/myrobot_controller.egg-info/entry_points.txt
[0.834s] writing requirements to ../../build/myrobot_controller/myrobot_controller.egg-info/requires.txt
[0.834s] writing top-level names to ../../build/myrobot_controller/myrobot_controller.egg-info/top_level.txt
[0.834s] writing manifest file '../../build/myrobot_controller/myrobot_controller.egg-info/SOURCES.txt'
[0.836s] reading manifest file '../../build/myrobot_controller/myrobot_controller.egg-info/SOURCES.txt'
[0.837s] writing manifest file '../../build/myrobot_controller/myrobot_controller.egg-info/SOURCES.txt'
[0.837s] running build
[0.837s] running build_py
[0.837s] creating /home/ray/autonomous_robot/build/myrobot_controller/build
[0.837s] creating /home/ray/autonomous_robot/build/myrobot_controller/build/lib
[0.837s] creating /home/ray/autonomous_robot/build/myrobot_controller/build/lib/myrobot_controller
[0.837s] copying myrobot_controller/__init__.py -> /home/ray/autonomous_robot/build/myrobot_controller/build/lib/myrobot_controller
[0.837s] running install
[0.838s] running install_lib
[0.839s] creating /home/ray/autonomous_robot/install/myrobot_controller/lib/python3.10/site-packages/myrobot_controller
[0.839s] copying /home/ray/autonomous_robot/build/myrobot_controller/build/lib/myrobot_controller/__init__.py -> /home/ray/autonomous_robot/install/myrobot_controller/lib/python3.10/site-packages/myrobot_controller
[0.839s] byte-compiling /home/ray/autonomous_robot/install/myrobot_controller/lib/python3.10/site-packages/myrobot_controller/__init__.py to __init__.cpython-310.pyc
[0.839s] running install_data
[0.840s] creating /home/ray/autonomous_robot/install/myrobot_controller/share/ament_index
[0.840s] creating /home/ray/autonomous_robot/install/myrobot_controller/share/ament_index/resource_index
[0.840s] creating /home/ray/autonomous_robot/install/myrobot_controller/share/ament_index/resource_index/packages
[0.840s] copying resource/myrobot_controller -> /home/ray/autonomous_robot/install/myrobot_controller/share/ament_index/resource_index/packages
[0.840s] copying package.xml -> /home/ray/autonomous_robot/install/myrobot_controller/share/myrobot_controller
[0.840s] running install_egg_info
[0.842s] Copying ../../build/myrobot_controller/myrobot_controller.egg-info to /home/ray/autonomous_robot/install/myrobot_controller/lib/python3.10/site-packages/myrobot_controller-0.0.0-py3.10.egg-info
[0.843s] running install_scripts
[0.860s] writing list of installed files to '/home/ray/autonomous_robot/build/myrobot_controller/install.log'
[0.881s] Invoked command in '/home/ray/autonomous_robot/src/myrobot_controller' returned '0': PYTHONPATH=/home/ray/autonomous_robot/build/myrobot_controller/prefix_override:/usr/lib/python3/dist-packages/colcon_core/task/python/colcon_distutils_commands:/home/ray/autonomous_robot/install/myrobot_controller/lib/python3.10/site-packages:${PYTHONPATH} /usr/bin/python3 -W ignore:setup.py install is deprecated -W ignore:easy_install command is deprecated setup.py egg_info --egg-base ../../build/myrobot_controller build --build-base /home/ray/autonomous_robot/build/myrobot_controller/build install --record /home/ray/autonomous_robot/build/myrobot_controller/install.log --single-version-externally-managed install_data
