running egg_info
creating ../../build/myamr_files/myamr_files.egg-info
writing ../../build/myamr_files/myamr_files.egg-info/PKG-INFO
writing dependency_links to ../../build/myamr_files/myamr_files.egg-info/dependency_links.txt
writing entry points to ../../build/myamr_files/myamr_files.egg-info/entry_points.txt
writing requirements to ../../build/myamr_files/myamr_files.egg-info/requires.txt
writing top-level names to ../../build/myamr_files/myamr_files.egg-info/top_level.txt
writing manifest file '../../build/myamr_files/myamr_files.egg-info/SOURCES.txt'
reading manifest file '../../build/myamr_files/myamr_files.egg-info/SOURCES.txt'
writing manifest file '../../build/myamr_files/myamr_files.egg-info/SOURCES.txt'
running build
running build_py
creating /home/ray/autonomous_robot/build/myamr_files/build
creating /home/ray/autonomous_robot/build/myamr_files/build/lib
creating /home/ray/autonomous_robot/build/myamr_files/build/lib/myamr_files
copying myamr_files/__init__.py -> /home/ray/autonomous_robot/build/myamr_files/build/lib/myamr_files
running install
running install_lib
creating /home/ray/autonomous_robot/install/myamr_files/lib/python3.10/site-packages/myamr_files
copying /home/ray/autonomous_robot/build/myamr_files/build/lib/myamr_files/__init__.py -> /home/ray/autonomous_robot/install/myamr_files/lib/python3.10/site-packages/myamr_files
byte-compiling /home/ray/autonomous_robot/install/myamr_files/lib/python3.10/site-packages/myamr_files/__init__.py to __init__.cpython-310.pyc
running install_data
creating /home/ray/autonomous_robot/install/myamr_files/share/ament_index
creating /home/ray/autonomous_robot/install/myamr_files/share/ament_index/resource_index
creating /home/ray/autonomous_robot/install/myamr_files/share/ament_index/resource_index/packages
copying resource/myamr_files -> /home/ray/autonomous_robot/install/myamr_files/share/ament_index/resource_index/packages
copying package.xml -> /home/ray/autonomous_robot/install/myamr_files/share/myamr_files
running install_egg_info
Copying ../../build/myamr_files/myamr_files.egg-info to /home/ray/autonomous_robot/install/myamr_files/lib/python3.10/site-packages/myamr_files-0.0.0-py3.10.egg-info
running install_scripts
writing list of installed files to '/home/ray/autonomous_robot/build/myamr_files/install.log'
