[0.301s] Invoking command in '/home/ray/autonomous_robot/build/myrobot_description': CMAKE_PREFIX_PATH=${CMAKE_PREFIX_PATH}:/home/ray/autonomous_robot/install/myamr_files:/home/ray/autonomous_tb3_ws/install/autonomous_tb3:/home/ray/turtlebot3_ws/install/turtlebot3_teleop:/home/ray/turtlebot3_ws/install/turtlebot3_example:/home/ray/turtlebot3_ws/install/my_robot_test:/home/ray/autonomous_tb3_ws/src/install/autonomous_tb3:/opt/ros/humble /usr/bin/cmake --build /home/ray/autonomous_robot/build/myrobot_description -- -j8 -l8
[0.324s] -- Found ament_cmake: 1.3.11 (/opt/ros/humble/share/ament_cmake/cmake)
[0.464s] -- Found urdf: 2.6.1 (/opt/ros/humble/share/urdf/cmake)
[0.535s] -- Found ament_lint_auto: 0.12.12 (/opt/ros/humble/share/ament_lint_auto/cmake)
[0.614s] -- Added test 'copyright' to check source files copyright and LICENSE
[0.617s] -- Added test 'flake8' to check Python code syntax and style conventions
[0.617s] -- Added test 'lint_cmake' to check CMake code style
[0.617s] -- Added test 'pep257' to check Python code against some of the docstring style conventions in PEP 257
[0.618s] -- Added test 'xmllint' to check XML markup files
[0.619s] -- Configuring done
[0.621s] -- Generating done
[0.623s] -- Build files have been written to: /home/ray/autonomous_robot/build/myrobot_description
[0.644s] Invoked command in '/home/ray/autonomous_robot/build/myrobot_description' returned '0': CMAKE_PREFIX_PATH=${CMAKE_PREFIX_PATH}:/home/ray/autonomous_robot/install/myamr_files:/home/ray/autonomous_tb3_ws/install/autonomous_tb3:/home/ray/turtlebot3_ws/install/turtlebot3_teleop:/home/ray/turtlebot3_ws/install/turtlebot3_example:/home/ray/turtlebot3_ws/install/my_robot_test:/home/ray/autonomous_tb3_ws/src/install/autonomous_tb3:/opt/ros/humble /usr/bin/cmake --build /home/ray/autonomous_robot/build/myrobot_description -- -j8 -l8
[0.654s] Invoking command in '/home/ray/autonomous_robot/build/myrobot_description': CMAKE_PREFIX_PATH=${CMAKE_PREFIX_PATH}:/home/ray/autonomous_robot/install/myamr_files:/home/ray/autonomous_tb3_ws/install/autonomous_tb3:/home/ray/turtlebot3_ws/install/turtlebot3_teleop:/home/ray/turtlebot3_ws/install/turtlebot3_example:/home/ray/turtlebot3_ws/install/my_robot_test:/home/ray/autonomous_tb3_ws/src/install/autonomous_tb3:/opt/ros/humble /usr/bin/cmake --install /home/ray/autonomous_robot/build/myrobot_description
[0.661s] -- Install configuration: ""
[0.662s] -- Installing: /home/ray/autonomous_robot/install/myrobot_description/share/myrobot_description/launch
[0.662s] -- Installing: /home/ray/autonomous_robot/install/myrobot_description/share/myrobot_description/launch/gazebo.launch.py
[0.662s] -- Installing: /home/ray/autonomous_robot/install/myrobot_description/share/myrobot_description/launch/display.launch.py
[0.662s] -- Installing: /home/ray/autonomous_robot/install/myrobot_description/share/myrobot_description/meshes
[0.662s] -- Installing: /home/ray/autonomous_robot/install/myrobot_description/share/myrobot_description/meshes/wheel_left_link.STL
[0.662s] -- Installing: /home/ray/autonomous_robot/install/myrobot_description/share/myrobot_description/meshes/caster_front_link.STL
[0.663s] -- Installing: /home/ray/autonomous_robot/install/myrobot_description/share/myrobot_description/meshes/wheel_right_link.STL
[0.664s] -- Installing: /home/ray/autonomous_robot/install/myrobot_description/share/myrobot_description/meshes/imu_link.STL
[0.664s] -- Installing: /home/ray/autonomous_robot/install/myrobot_description/share/myrobot_description/meshes/base_link.STL
[0.675s] -- Installing: /home/ray/autonomous_robot/install/myrobot_description/share/myrobot_description/meshes/caster_rear_link.STL
[0.675s] -- Installing: /home/ray/autonomous_robot/install/myrobot_description/share/myrobot_description/urdf
[0.675s] -- Installing: /home/ray/autonomous_robot/install/myrobot_description/share/myrobot_description/urdf/myrobot.urdf.xacro
[0.675s] -- Installing: /home/ray/autonomous_robot/install/myrobot_description/share/myrobot_description/urdf/myrobot_gazebo.urdf
[0.675s] -- Installing: /home/ray/autonomous_robot/install/myrobot_description/share/myrobot_description/urdf/myrobot_ros2_control.xacro
[0.675s] -- Installing: /home/ray/autonomous_robot/install/myrobot_description/share/myrobot_description/rviz
[0.675s] -- Installing: /home/ray/autonomous_robot/install/myrobot_description/share/myrobot_description/rviz/display.rviz
[0.675s] -- Installing: /home/ray/autonomous_robot/install/myrobot_description/share/ament_index/resource_index/package_run_dependencies/myrobot_description
[0.675s] -- Installing: /home/ray/autonomous_robot/install/myrobot_description/share/ament_index/resource_index/parent_prefix_path/myrobot_description
[0.675s] -- Up-to-date: /home/ray/autonomous_robot/install/myrobot_description/share/myrobot_description/environment/ament_prefix_path.sh
[0.676s] -- Installing: /home/ray/autonomous_robot/install/myrobot_description/share/myrobot_description/environment/ament_prefix_path.dsv
[0.676s] -- Up-to-date: /home/ray/autonomous_robot/install/myrobot_description/share/myrobot_description/environment/path.sh
[0.676s] -- Installing: /home/ray/autonomous_robot/install/myrobot_description/share/myrobot_description/environment/path.dsv
[0.676s] -- Up-to-date: /home/ray/autonomous_robot/install/myrobot_description/share/myrobot_description/local_setup.bash
[0.676s] -- Up-to-date: /home/ray/autonomous_robot/install/myrobot_description/share/myrobot_description/local_setup.sh
[0.676s] -- Up-to-date: /home/ray/autonomous_robot/install/myrobot_description/share/myrobot_description/local_setup.zsh
[0.676s] -- Installing: /home/ray/autonomous_robot/install/myrobot_description/share/myrobot_description/local_setup.dsv
[0.676s] -- Installing: /home/ray/autonomous_robot/install/myrobot_description/share/myrobot_description/package.dsv
[0.676s] -- Up-to-date: /home/ray/autonomous_robot/install/myrobot_description/share/ament_index/resource_index/packages/myrobot_description
[0.676s] -- Up-to-date: /home/ray/autonomous_robot/install/myrobot_description/share/myrobot_description/cmake/myrobot_descriptionConfig.cmake
[0.676s] -- Up-to-date: /home/ray/autonomous_robot/install/myrobot_description/share/myrobot_description/cmake/myrobot_descriptionConfig-version.cmake
[0.676s] -- Installing: /home/ray/autonomous_robot/install/myrobot_description/share/myrobot_description/package.xml
[0.678s] Invoked command in '/home/ray/autonomous_robot/build/myrobot_description' returned '0': CMAKE_PREFIX_PATH=${CMAKE_PREFIX_PATH}:/home/ray/autonomous_robot/install/myamr_files:/home/ray/autonomous_tb3_ws/install/autonomous_tb3:/home/ray/turtlebot3_ws/install/turtlebot3_teleop:/home/ray/turtlebot3_ws/install/turtlebot3_example:/home/ray/turtlebot3_ws/install/my_robot_test:/home/ray/autonomous_tb3_ws/src/install/autonomous_tb3:/opt/ros/humble /usr/bin/cmake --install /home/ray/autonomous_robot/build/myrobot_description
