[0.235s] Invoking command in '/home/ray/autonomous_robot/build/myrobot_description': CMAKE_PREFIX_PATH=${CMAKE_PREFIX_PATH}:/home/ray/autonomous_robot/install/myamr_files:/home/ray/autonomous_tb3_ws/install/autonomous_tb3:/home/ray/turtlebot3_ws/install/turtlebot3_teleop:/home/ray/turtlebot3_ws/install/turtlebot3_example:/home/ray/turtlebot3_ws/install/my_robot_test:/home/ray/autonomous_tb3_ws/src/install/autonomous_tb3:/opt/ros/humble /usr/bin/cmake --build /home/ray/autonomous_robot/build/myrobot_description -- -j8 -l8
[0.269s] Invoked command in '/home/ray/autonomous_robot/build/myrobot_description' returned '0': CMAKE_PREFIX_PATH=${CMAKE_PREFIX_PATH}:/home/ray/autonomous_robot/install/myamr_files:/home/ray/autonomous_tb3_ws/install/autonomous_tb3:/home/ray/turtlebot3_ws/install/turtlebot3_teleop:/home/ray/turtlebot3_ws/install/turtlebot3_example:/home/ray/turtlebot3_ws/install/my_robot_test:/home/ray/autonomous_tb3_ws/src/install/autonomous_tb3:/opt/ros/humble /usr/bin/cmake --build /home/ray/autonomous_robot/build/myrobot_description -- -j8 -l8
[0.279s] Invoking command in '/home/ray/autonomous_robot/build/myrobot_description': CMAKE_PREFIX_PATH=${CMAKE_PREFIX_PATH}:/home/ray/autonomous_robot/install/myamr_files:/home/ray/autonomous_tb3_ws/install/autonomous_tb3:/home/ray/turtlebot3_ws/install/turtlebot3_teleop:/home/ray/turtlebot3_ws/install/turtlebot3_example:/home/ray/turtlebot3_ws/install/my_robot_test:/home/ray/autonomous_tb3_ws/src/install/autonomous_tb3:/opt/ros/humble /usr/bin/cmake --install /home/ray/autonomous_robot/build/myrobot_description
[0.286s] -- Install configuration: ""
[0.286s] -- Up-to-date: /home/ray/autonomous_robot/install/myrobot_description/share/myrobot_description/launch
[0.286s] -- Up-to-date: /home/ray/autonomous_robot/install/myrobot_description/share/myrobot_description/launch/gazebo.launch.py
[0.286s] -- Up-to-date: /home/ray/autonomous_robot/install/myrobot_description/share/myrobot_description/launch/display.launch.py
[0.286s] -- Up-to-date: /home/ray/autonomous_robot/install/myrobot_description/share/myrobot_description/meshes
[0.286s] -- Up-to-date: /home/ray/autonomous_robot/install/myrobot_description/share/myrobot_description/meshes/wheel_left_link.STL
[0.286s] -- Up-to-date: /home/ray/autonomous_robot/install/myrobot_description/share/myrobot_description/meshes/caster_front_link.STL
[0.287s] -- Up-to-date: /home/ray/autonomous_robot/install/myrobot_description/share/myrobot_description/meshes/wheel_right_link.STL
[0.287s] -- Up-to-date: /home/ray/autonomous_robot/install/myrobot_description/share/myrobot_description/meshes/imu_link.STL
[0.287s] -- Up-to-date: /home/ray/autonomous_robot/install/myrobot_description/share/myrobot_description/meshes/base_link.STL
[0.287s] -- Up-to-date: /home/ray/autonomous_robot/install/myrobot_description/share/myrobot_description/meshes/caster_rear_link.STL
[0.287s] -- Up-to-date: /home/ray/autonomous_robot/install/myrobot_description/share/myrobot_description/urdf
[0.287s] -- Up-to-date: /home/ray/autonomous_robot/install/myrobot_description/share/myrobot_description/urdf/myrobot.urdf.xacro
[0.287s] -- Up-to-date: /home/ray/autonomous_robot/install/myrobot_description/share/myrobot_description/urdf/myrobot_gazebo.xacro
[0.287s] -- Up-to-date: /home/ray/autonomous_robot/install/myrobot_description/share/myrobot_description/urdf/myrobot_ros2_control.xacro
[0.287s] -- Up-to-date: /home/ray/autonomous_robot/install/myrobot_description/share/myrobot_description/rviz
[0.287s] -- Up-to-date: /home/ray/autonomous_robot/install/myrobot_description/share/myrobot_description/rviz/display.rviz
[0.287s] -- Up-to-date: /home/ray/autonomous_robot/install/myrobot_description/share/ament_index/resource_index/package_run_dependencies/myrobot_description
[0.287s] -- Up-to-date: /home/ray/autonomous_robot/install/myrobot_description/share/ament_index/resource_index/parent_prefix_path/myrobot_description
[0.287s] -- Up-to-date: /home/ray/autonomous_robot/install/myrobot_description/share/myrobot_description/environment/ament_prefix_path.sh
[0.288s] -- Up-to-date: /home/ray/autonomous_robot/install/myrobot_description/share/myrobot_description/environment/ament_prefix_path.dsv
[0.288s] -- Up-to-date: /home/ray/autonomous_robot/install/myrobot_description/share/myrobot_description/environment/path.sh
[0.288s] -- Up-to-date: /home/ray/autonomous_robot/install/myrobot_description/share/myrobot_description/environment/path.dsv
[0.288s] -- Up-to-date: /home/ray/autonomous_robot/install/myrobot_description/share/myrobot_description/local_setup.bash
[0.288s] -- Up-to-date: /home/ray/autonomous_robot/install/myrobot_description/share/myrobot_description/local_setup.sh
[0.288s] -- Up-to-date: /home/ray/autonomous_robot/install/myrobot_description/share/myrobot_description/local_setup.zsh
[0.288s] -- Up-to-date: /home/ray/autonomous_robot/install/myrobot_description/share/myrobot_description/local_setup.dsv
[0.288s] -- Installing: /home/ray/autonomous_robot/install/myrobot_description/share/myrobot_description/package.dsv
[0.288s] -- Up-to-date: /home/ray/autonomous_robot/install/myrobot_description/share/ament_index/resource_index/packages/myrobot_description
[0.288s] -- Up-to-date: /home/ray/autonomous_robot/install/myrobot_description/share/myrobot_description/cmake/myrobot_descriptionConfig.cmake
[0.288s] -- Up-to-date: /home/ray/autonomous_robot/install/myrobot_description/share/myrobot_description/cmake/myrobot_descriptionConfig-version.cmake
[0.288s] -- Up-to-date: /home/ray/autonomous_robot/install/myrobot_description/share/myrobot_description/package.xml
[0.289s] Invoked command in '/home/ray/autonomous_robot/build/myrobot_description' returned '0': CMAKE_PREFIX_PATH=${CMAKE_PREFIX_PATH}:/home/ray/autonomous_robot/install/myamr_files:/home/ray/autonomous_tb3_ws/install/autonomous_tb3:/home/ray/turtlebot3_ws/install/turtlebot3_teleop:/home/ray/turtlebot3_ws/install/turtlebot3_example:/home/ray/turtlebot3_ws/install/my_robot_test:/home/ray/autonomous_tb3_ws/src/install/autonomous_tb3:/opt/ros/humble /usr/bin/cmake --install /home/ray/autonomous_robot/build/myrobot_description
