[0.026s] Invoking command in '/home/ray/autonomous_robot/build/bumperbot_controller': CMAKE_PREFIX_PATH=${CMAKE_PREFIX_PATH}:/home/ray/autonomous_robot/install/myamr_files:/home/ray/autonomous_tb3_ws/install/autonomous_tb3:/home/ray/turtlebot3_ws/install/turtlebot3_teleop:/home/ray/turtlebot3_ws/install/turtlebot3_example:/home/ray/turtlebot3_ws/install/my_robot_test:/home/ray/autonomous_tb3_ws/src/install/autonomous_tb3:/opt/ros/humble /usr/bin/cmake --build /home/ray/autonomous_robot/build/bumperbot_controller -- -j8 -l8
[0.334s] -- Found ament_cmake: 1.3.11 (/opt/ros/humble/share/ament_cmake/cmake)
[0.334s] -- Found rclcpp: 16.0.12 (/opt/ros/humble/share/rclcpp/cmake)
[0.335s] -- Found rosidl_generator_c: 3.1.6 (/opt/ros/humble/share/rosidl_generator_c/cmake)
[0.335s] -- Found rosidl_adapter: 3.1.6 (/opt/ros/humble/share/rosidl_adapter/cmake)
[0.335s] -- Found rosidl_generator_cpp: 3.1.6 (/opt/ros/humble/share/rosidl_generator_cpp/cmake)
[0.335s] -- Using all available rosidl_typesupport_c: rosidl_typesupport_fastrtps_c;rosidl_typesupport_introspection_c
[0.355s] -- Using all available rosidl_typesupport_cpp: rosidl_typesupport_fastrtps_cpp;rosidl_typesupport_introspection_cpp
[0.433s] -- Found rmw_implementation_cmake: 6.1.2 (/opt/ros/humble/share/rmw_implementation_cmake/cmake)
[0.438s] -- Found rmw_fastrtps_cpp: 6.2.7 (/opt/ros/humble/share/rmw_fastrtps_cpp/cmake)
[0.543s] -- Found OpenSSL: /usr/lib/x86_64-linux-gnu/libcrypto.so (found version "3.0.2")  
[0.585s] -- Found FastRTPS: /opt/ros/humble/include  
[0.639s] -- Using RMW implementation 'rmw_fastrtps_cpp' as default
[0.653s] -- Looking for pthread.h
[0.735s] -- Looking for pthread.h - found
[0.735s] -- Performing Test CMAKE_HAVE_LIBC_PTHREAD
[0.806s] -- Performing Test CMAKE_HAVE_LIBC_PTHREAD - Success
[0.808s] -- Found Threads: TRUE  
[0.880s] -- Found controller_interface: 2.51.0 (/opt/ros/humble/share/controller_interface/cmake)
[1.115s] [31mCMake Error at CMakeLists.txt:9 (find_package):
[1.116s]   By not providing "Findros2_control_interface.cmake" in CMAKE_MODULE_PATH
[1.116s]   this project has asked CMake to find a package configuration file provided
[1.116s]   by "ros2_control_interface", but CMake did not find one.
[1.116s] 
[1.116s]   Could not find a package configuration file provided by
[1.116s]   "ros2_control_interface" with any of the following names:
[1.116s] 
[1.116s]     ros2_control_interfaceConfig.cmake
[1.116s]     ros2_control_interface-config.cmake
[1.116s] 
[1.116s]   Add the installation prefix of "ros2_control_interface" to
[1.116s]   CMAKE_PREFIX_PATH or set "ros2_control_interface_DIR" to a directory
[1.116s]   containing one of the above files.  If "ros2_control_interface" provides a
[1.116s]   separate development package or SDK, be sure it has been installed.
[1.116s] 
[1.116s] [0m
[1.116s] -- Configuring incomplete, errors occurred!
[1.116s] See also "/home/ray/autonomous_robot/build/bumperbot_controller/CMakeFiles/CMakeOutput.log".
[1.126s] gmake: *** [Makefile:226: cmake_check_build_system] Error 1
[1.129s] Invoked command in '/home/ray/autonomous_robot/build/bumperbot_controller' returned '2': CMAKE_PREFIX_PATH=${CMAKE_PREFIX_PATH}:/home/ray/autonomous_robot/install/myamr_files:/home/ray/autonomous_tb3_ws/install/autonomous_tb3:/home/ray/turtlebot3_ws/install/turtlebot3_teleop:/home/ray/turtlebot3_ws/install/turtlebot3_example:/home/ray/turtlebot3_ws/install/my_robot_test:/home/ray/autonomous_tb3_ws/src/install/autonomous_tb3:/opt/ros/humble /usr/bin/cmake --build /home/ray/autonomous_robot/build/bumperbot_controller -- -j8 -l8
