-- Found ament_cmake: 1.3.11 (/opt/ros/humble/share/ament_cmake/cmake)
-- Found rclcpp: 16.0.12 (/opt/ros/humble/share/rclcpp/cmake)
-- Found rosidl_generator_c: 3.1.6 (/opt/ros/humble/share/rosidl_generator_c/cmake)
-- Found rosidl_adapter: 3.1.6 (/opt/ros/humble/share/rosidl_adapter/cmake)
-- Found rosidl_generator_cpp: 3.1.6 (/opt/ros/humble/share/rosidl_generator_cpp/cmake)
-- Using all available rosidl_typesupport_c: rosidl_typesupport_fastrtps_c;rosidl_typesupport_introspection_c
-- Using all available rosidl_typesupport_cpp: rosidl_typesupport_fastrtps_cpp;rosidl_typesupport_introspection_cpp
-- Found rmw_implementation_cmake: 6.1.2 (/opt/ros/humble/share/rmw_implementation_cmake/cmake)
-- Found rmw_fastrtps_cpp: 6.2.7 (/opt/ros/humble/share/rmw_fastrtps_cpp/cmake)
-- Using RMW implementation 'rmw_fastrtps_cpp' as default
-- Found rclpy: 3.3.16 (/opt/ros/humble/share/rclpy/cmake)
-- Found geometry_msgs: 4.9.0 (/opt/ros/humble/share/geometry_msgs/cmake)
-- Found sensor_msgs: 4.9.0 (/opt/ros/humble/share/sensor_msgs/cmake)
-- Found twist_mux_msgs: 3.0.1 (/opt/ros/humble/share/twist_mux_msgs/cmake)
-- Found rclcpp_action: 16.0.12 (/opt/ros/humble/share/rclcpp_action/cmake)
-- Found visualization_msgs: 4.9.0 (/opt/ros/humble/share/visualization_msgs/cmake)
-- Configuring done
-- Generating done
-- Build files have been written to: /home/ray/autonomous_robot/build/myamr_utils
[35m[1mConsolidate compiler generated dependencies of target safety_stop[0m
[  0%] Built target ament_cmake_python_copy_myamr_utils
[100%] Built target safety_stop
running egg_info
writing myamr_utils.egg-info/PKG-INFO
writing dependency_links to myamr_utils.egg-info/dependency_links.txt
writing top-level names to myamr_utils.egg-info/top_level.txt
reading manifest file 'myamr_utils.egg-info/SOURCES.txt'
writing manifest file 'myamr_utils.egg-info/SOURCES.txt'
[100%] Built target ament_cmake_python_build_myamr_utils_egg
-- Install configuration: ""
-- Up-to-date: /home/ray/autonomous_robot/install/myamr_utils/share/myamr_utils/environment/pythonpath.sh
-- Installing: /home/ray/autonomous_robot/install/myamr_utils/share/myamr_utils/environment/pythonpath.dsv
-- Up-to-date: /home/ray/autonomous_robot/install/myamr_utils/local/lib/python3.10/dist-packages/myamr_utils-0.0.0-py3.10.egg-info
-- Installing: /home/ray/autonomous_robot/install/myamr_utils/local/lib/python3.10/dist-packages/myamr_utils-0.0.0-py3.10.egg-info/SOURCES.txt
-- Installing: /home/ray/autonomous_robot/install/myamr_utils/local/lib/python3.10/dist-packages/myamr_utils-0.0.0-py3.10.egg-info/PKG-INFO
-- Installing: /home/ray/autonomous_robot/install/myamr_utils/local/lib/python3.10/dist-packages/myamr_utils-0.0.0-py3.10.egg-info/dependency_links.txt
-- Installing: /home/ray/autonomous_robot/install/myamr_utils/local/lib/python3.10/dist-packages/myamr_utils-0.0.0-py3.10.egg-info/top_level.txt
-- Up-to-date: /home/ray/autonomous_robot/install/myamr_utils/local/lib/python3.10/dist-packages/myamr_utils
-- Up-to-date: /home/ray/autonomous_robot/install/myamr_utils/local/lib/python3.10/dist-packages/myamr_utils/safety_stop.py
-- Up-to-date: /home/ray/autonomous_robot/install/myamr_utils/local/lib/python3.10/dist-packages/myamr_utils/__init__.py
Listing '/home/ray/autonomous_robot/install/myamr_utils/local/lib/python3.10/dist-packages/myamr_utils'...
-- Up-to-date: /home/ray/autonomous_robot/install/myamr_utils/lib/myamr_utils/safety_stop
-- Up-to-date: /home/ray/autonomous_robot/install/myamr_utils/lib/myamr_utils/safety_stop.py
-- Up-to-date: /home/ray/autonomous_robot/install/myamr_utils/share/ament_index/resource_index/package_run_dependencies/myamr_utils
-- Installing: /home/ray/autonomous_robot/install/myamr_utils/share/ament_index/resource_index/parent_prefix_path/myamr_utils
-- Up-to-date: /home/ray/autonomous_robot/install/myamr_utils/share/myamr_utils/environment/ament_prefix_path.sh
-- Installing: /home/ray/autonomous_robot/install/myamr_utils/share/myamr_utils/environment/ament_prefix_path.dsv
-- Up-to-date: /home/ray/autonomous_robot/install/myamr_utils/share/myamr_utils/environment/path.sh
-- Installing: /home/ray/autonomous_robot/install/myamr_utils/share/myamr_utils/environment/path.dsv
-- Up-to-date: /home/ray/autonomous_robot/install/myamr_utils/share/myamr_utils/local_setup.bash
-- Up-to-date: /home/ray/autonomous_robot/install/myamr_utils/share/myamr_utils/local_setup.sh
-- Up-to-date: /home/ray/autonomous_robot/install/myamr_utils/share/myamr_utils/local_setup.zsh
-- Installing: /home/ray/autonomous_robot/install/myamr_utils/share/myamr_utils/local_setup.dsv
-- Installing: /home/ray/autonomous_robot/install/myamr_utils/share/myamr_utils/package.dsv
-- Up-to-date: /home/ray/autonomous_robot/install/myamr_utils/share/ament_index/resource_index/packages/myamr_utils
-- Up-to-date: /home/ray/autonomous_robot/install/myamr_utils/share/myamr_utils/cmake/myamr_utilsConfig.cmake
-- Up-to-date: /home/ray/autonomous_robot/install/myamr_utils/share/myamr_utils/cmake/myamr_utilsConfig-version.cmake
-- Installing: /home/ray/autonomous_robot/install/myamr_utils/share/myamr_utils/package.xml
