[0.377s] Invoking command in '/home/ray/autonomous_robot/build/myamr_utils': CMAKE_PREFIX_PATH=${CMAKE_PREFIX_PATH}:/home/ray/autonomous_robot/install/myamr_planning:/home/ray/autonomous_tb3_ws/install/autonomous_tb3:/home/ray/turtlebot3_ws/install/turtlebot3_teleop:/home/ray/turtlebot3_ws/install/turtlebot3_example:/home/ray/turtlebot3_ws/install/my_robot_test:/home/ray/autonomous_tb3_ws/src/install/autonomous_tb3:/opt/ros/humble /usr/bin/cmake --build /home/ray/autonomous_robot/build/myamr_utils -- -j8 -l8
[0.497s] -- Found ament_cmake: 1.3.11 (/opt/ros/humble/share/ament_cmake/cmake)
[0.581s] -- Found rclcpp: 16.0.12 (/opt/ros/humble/share/rclcpp/cmake)
[0.617s] -- Found rosidl_generator_c: 3.1.6 (/opt/ros/humble/share/rosidl_generator_c/cmake)
[0.621s] -- Found rosidl_adapter: 3.1.6 (/opt/ros/humble/share/rosidl_adapter/cmake)
[0.629s] -- Found rosidl_generator_cpp: 3.1.6 (/opt/ros/humble/share/rosidl_generator_cpp/cmake)
[0.648s] -- Using all available rosidl_typesupport_c: rosidl_typesupport_fastrtps_c;rosidl_typesupport_introspection_c
[0.668s] -- Using all available rosidl_typesupport_cpp: rosidl_typesupport_fastrtps_cpp;rosidl_typesupport_introspection_cpp
[0.710s] -- Found rmw_implementation_cmake: 6.1.2 (/opt/ros/humble/share/rmw_implementation_cmake/cmake)
[0.712s] -- Found rmw_fastrtps_cpp: 6.2.7 (/opt/ros/humble/share/rmw_fastrtps_cpp/cmake)
[0.817s] -- Using RMW implementation 'rmw_fastrtps_cpp' as default
[0.873s] -- Found rclpy: 3.3.16 (/opt/ros/humble/share/rclpy/cmake)
[0.873s] -- Found geometry_msgs: 4.9.0 (/opt/ros/humble/share/geometry_msgs/cmake)
[0.885s] -- Found sensor_msgs: 4.9.0 (/opt/ros/humble/share/sensor_msgs/cmake)
[0.899s] -- Found twist_mux_msgs: 3.0.1 (/opt/ros/humble/share/twist_mux_msgs/cmake)
[0.930s] -- Found rclcpp_action: 16.0.12 (/opt/ros/humble/share/rclcpp_action/cmake)
[0.937s] -- Found visualization_msgs: 4.9.0 (/opt/ros/humble/share/visualization_msgs/cmake)
[1.069s] -- Configuring done
[1.082s] -- Generating done
[1.085s] -- Build files have been written to: /home/ray/autonomous_robot/build/myamr_utils
[1.109s] [35m[1mConsolidate compiler generated dependencies of target safety_stop[0m
[1.122s] [  0%] Built target ament_cmake_python_copy_myamr_utils
[1.125s] [100%] Built target safety_stop
[1.307s] running egg_info
[1.308s] writing myamr_utils.egg-info/PKG-INFO
[1.308s] writing dependency_links to myamr_utils.egg-info/dependency_links.txt
[1.308s] writing top-level names to myamr_utils.egg-info/top_level.txt
[1.309s] reading manifest file 'myamr_utils.egg-info/SOURCES.txt'
[1.310s] writing manifest file 'myamr_utils.egg-info/SOURCES.txt'
[1.328s] [100%] Built target ament_cmake_python_build_myamr_utils_egg
[1.336s] Invoked command in '/home/ray/autonomous_robot/build/myamr_utils' returned '0': CMAKE_PREFIX_PATH=${CMAKE_PREFIX_PATH}:/home/ray/autonomous_robot/install/myamr_planning:/home/ray/autonomous_tb3_ws/install/autonomous_tb3:/home/ray/turtlebot3_ws/install/turtlebot3_teleop:/home/ray/turtlebot3_ws/install/turtlebot3_example:/home/ray/turtlebot3_ws/install/my_robot_test:/home/ray/autonomous_tb3_ws/src/install/autonomous_tb3:/opt/ros/humble /usr/bin/cmake --build /home/ray/autonomous_robot/build/myamr_utils -- -j8 -l8
[1.337s] Invoking command in '/home/ray/autonomous_robot/build/myamr_utils': CMAKE_PREFIX_PATH=${CMAKE_PREFIX_PATH}:/home/ray/autonomous_robot/install/myamr_planning:/home/ray/autonomous_tb3_ws/install/autonomous_tb3:/home/ray/turtlebot3_ws/install/turtlebot3_teleop:/home/ray/turtlebot3_ws/install/turtlebot3_example:/home/ray/turtlebot3_ws/install/my_robot_test:/home/ray/autonomous_tb3_ws/src/install/autonomous_tb3:/opt/ros/humble /usr/bin/cmake --install /home/ray/autonomous_robot/build/myamr_utils
[1.342s] -- Install configuration: ""
[1.342s] -- Up-to-date: /home/ray/autonomous_robot/install/myamr_utils/share/myamr_utils/environment/pythonpath.sh
[1.342s] -- Installing: /home/ray/autonomous_robot/install/myamr_utils/share/myamr_utils/environment/pythonpath.dsv
[1.342s] -- Up-to-date: /home/ray/autonomous_robot/install/myamr_utils/local/lib/python3.10/dist-packages/myamr_utils-0.0.0-py3.10.egg-info
[1.342s] -- Installing: /home/ray/autonomous_robot/install/myamr_utils/local/lib/python3.10/dist-packages/myamr_utils-0.0.0-py3.10.egg-info/SOURCES.txt
[1.342s] -- Installing: /home/ray/autonomous_robot/install/myamr_utils/local/lib/python3.10/dist-packages/myamr_utils-0.0.0-py3.10.egg-info/PKG-INFO
[1.342s] -- Installing: /home/ray/autonomous_robot/install/myamr_utils/local/lib/python3.10/dist-packages/myamr_utils-0.0.0-py3.10.egg-info/dependency_links.txt
[1.343s] -- Installing: /home/ray/autonomous_robot/install/myamr_utils/local/lib/python3.10/dist-packages/myamr_utils-0.0.0-py3.10.egg-info/top_level.txt
[1.343s] -- Up-to-date: /home/ray/autonomous_robot/install/myamr_utils/local/lib/python3.10/dist-packages/myamr_utils
[1.343s] -- Up-to-date: /home/ray/autonomous_robot/install/myamr_utils/local/lib/python3.10/dist-packages/myamr_utils/safety_stop.py
[1.343s] -- Up-to-date: /home/ray/autonomous_robot/install/myamr_utils/local/lib/python3.10/dist-packages/myamr_utils/__init__.py
[1.368s] Listing '/home/ray/autonomous_robot/install/myamr_utils/local/lib/python3.10/dist-packages/myamr_utils'...
[1.371s] -- Up-to-date: /home/ray/autonomous_robot/install/myamr_utils/lib/myamr_utils/safety_stop
[1.371s] -- Up-to-date: /home/ray/autonomous_robot/install/myamr_utils/lib/myamr_utils/safety_stop.py
[1.371s] -- Up-to-date: /home/ray/autonomous_robot/install/myamr_utils/share/ament_index/resource_index/package_run_dependencies/myamr_utils
[1.372s] -- Installing: /home/ray/autonomous_robot/install/myamr_utils/share/ament_index/resource_index/parent_prefix_path/myamr_utils
[1.372s] -- Up-to-date: /home/ray/autonomous_robot/install/myamr_utils/share/myamr_utils/environment/ament_prefix_path.sh
[1.372s] -- Installing: /home/ray/autonomous_robot/install/myamr_utils/share/myamr_utils/environment/ament_prefix_path.dsv
[1.372s] -- Up-to-date: /home/ray/autonomous_robot/install/myamr_utils/share/myamr_utils/environment/path.sh
[1.372s] -- Installing: /home/ray/autonomous_robot/install/myamr_utils/share/myamr_utils/environment/path.dsv
[1.372s] -- Up-to-date: /home/ray/autonomous_robot/install/myamr_utils/share/myamr_utils/local_setup.bash
[1.372s] -- Up-to-date: /home/ray/autonomous_robot/install/myamr_utils/share/myamr_utils/local_setup.sh
[1.372s] -- Up-to-date: /home/ray/autonomous_robot/install/myamr_utils/share/myamr_utils/local_setup.zsh
[1.372s] -- Installing: /home/ray/autonomous_robot/install/myamr_utils/share/myamr_utils/local_setup.dsv
[1.372s] -- Installing: /home/ray/autonomous_robot/install/myamr_utils/share/myamr_utils/package.dsv
[1.372s] -- Up-to-date: /home/ray/autonomous_robot/install/myamr_utils/share/ament_index/resource_index/packages/myamr_utils
[1.372s] -- Up-to-date: /home/ray/autonomous_robot/install/myamr_utils/share/myamr_utils/cmake/myamr_utilsConfig.cmake
[1.372s] -- Up-to-date: /home/ray/autonomous_robot/install/myamr_utils/share/myamr_utils/cmake/myamr_utilsConfig-version.cmake
[1.373s] -- Installing: /home/ray/autonomous_robot/install/myamr_utils/share/myamr_utils/package.xml
[1.374s] Invoked command in '/home/ray/autonomous_robot/build/myamr_utils' returned '0': CMAKE_PREFIX_PATH=${CMAKE_PREFIX_PATH}:/home/ray/autonomous_robot/install/myamr_planning:/home/ray/autonomous_tb3_ws/install/autonomous_tb3:/home/ray/turtlebot3_ws/install/turtlebot3_teleop:/home/ray/turtlebot3_ws/install/turtlebot3_example:/home/ray/turtlebot3_ws/install/my_robot_test:/home/ray/autonomous_tb3_ws/src/install/autonomous_tb3:/opt/ros/humble /usr/bin/cmake --install /home/ray/autonomous_robot/build/myamr_utils
