running egg_info
writing ../build/autonomous_tb3/autonomous_tb3.egg-info/PKG-INFO
writing dependency_links to ../build/autonomous_tb3/autonomous_tb3.egg-info/dependency_links.txt
writing entry points to ../build/autonomous_tb3/autonomous_tb3.egg-info/entry_points.txt
writing requirements to ../build/autonomous_tb3/autonomous_tb3.egg-info/requires.txt
writing top-level names to ../build/autonomous_tb3/autonomous_tb3.egg-info/top_level.txt
reading manifest file '../build/autonomous_tb3/autonomous_tb3.egg-info/SOURCES.txt'
writing manifest file '../build/autonomous_tb3/autonomous_tb3.egg-info/SOURCES.txt'
running build
running build_py
copying autonomous_tb3/occupancy_grid_pub.py -> /home/ray/autonomous_tb3_ws/src/build/autonomous_tb3/build/lib/autonomous_tb3
running install
running install_lib
copying /home/ray/autonomous_tb3_ws/src/build/autonomous_tb3/build/lib/autonomous_tb3/occupancy_grid_pub.py -> /home/ray/autonomous_tb3_ws/src/install/autonomous_tb3/lib/python3.10/site-packages/autonomous_tb3
byte-compiling /home/ray/autonomous_tb3_ws/src/install/autonomous_tb3/lib/python3.10/site-packages/autonomous_tb3/occupancy_grid_pub.py to occupancy_grid_pub.cpython-310.pyc
running install_data
running install_egg_info
removing '/home/ray/autonomous_tb3_ws/src/install/autonomous_tb3/lib/python3.10/site-packages/autonomous_tb3-0.0.0-py3.10.egg-info' (and everything under it)
Copying ../build/autonomous_tb3/autonomous_tb3.egg-info to /home/ray/autonomous_tb3_ws/src/install/autonomous_tb3/lib/python3.10/site-packages/autonomous_tb3-0.0.0-py3.10.egg-info
running install_scripts
Installing occupancy_grid_pub script to /home/ray/autonomous_tb3_ws/src/install/autonomous_tb3/lib/autonomous_tb3
writing list of installed files to '/home/ray/autonomous_tb3_ws/src/build/autonomous_tb3/install.log'
