-- Found ament_cmake: 1.3.11 (/opt/ros/humble/share/ament_cmake/cmake)
-- Found rclcpp: 16.0.12 (/opt/ros/humble/share/rclcpp/cmake)
-- Found rosidl_generator_c: 3.1.6 (/opt/ros/humble/share/rosidl_generator_c/cmake)
-- Found rosidl_adapter: 3.1.6 (/opt/ros/humble/share/rosidl_adapter/cmake)
-- Found rosidl_generator_cpp: 3.1.6 (/opt/ros/humble/share/rosidl_generator_cpp/cmake)
-- Using all available rosidl_typesupport_c: rosidl_typesupport_fastrtps_c;rosidl_typesupport_introspection_c
-- Using all available rosidl_typesupport_cpp: rosidl_typesupport_fastrtps_cpp;rosidl_typesupport_introspection_cpp
-- Found rmw_implementation_cmake: 6.1.2 (/opt/ros/humble/share/rmw_implementation_cmake/cmake)
-- Found rmw_fastrtps_cpp: 6.2.7 (/opt/ros/humble/share/rmw_fastrtps_cpp/cmake)
-- Using RMW implementation 'rmw_fastrtps_cpp' as default
-- Found rclpy: 3.3.16 (/opt/ros/humble/share/rclpy/cmake)
-- Found sensor_msgs: 4.9.0 (/opt/ros/humble/share/sensor_msgs/cmake)
-- Found nav_msgs: 4.9.0 (/opt/ros/humble/share/nav_msgs/cmake)
-- Found tf2_ros: 0.25.13 (/opt/ros/humble/share/tf2_ros/cmake)
-- Configuring done
-- Generating done
-- Build files have been written to: /home/ray/autonomous_robot/build/myrobot_mapping
Built target ament_cmake_python_copy_myrobot_mapping
running egg_info
writing myrobot_mapping.egg-info/PKG-INFO
writing dependency_links to myrobot_mapping.egg-info/dependency_links.txt
writing top-level names to myrobot_mapping.egg-info/top_level.txt
reading manifest file 'myrobot_mapping.egg-info/SOURCES.txt'
writing manifest file 'myrobot_mapping.egg-info/SOURCES.txt'
Built target ament_cmake_python_build_myrobot_mapping_egg
-- Install configuration: ""
-- Up-to-date: /home/ray/autonomous_robot/install/myrobot_mapping/share/myrobot_mapping/environment/pythonpath.sh
-- Installing: /home/ray/autonomous_robot/install/myrobot_mapping/share/myrobot_mapping/environment/pythonpath.dsv
-- Up-to-date: /home/ray/autonomous_robot/install/myrobot_mapping/local/lib/python3.10/dist-packages/myrobot_mapping-0.0.0-py3.10.egg-info
-- Installing: /home/ray/autonomous_robot/install/myrobot_mapping/local/lib/python3.10/dist-packages/myrobot_mapping-0.0.0-py3.10.egg-info/SOURCES.txt
-- Installing: /home/ray/autonomous_robot/install/myrobot_mapping/local/lib/python3.10/dist-packages/myrobot_mapping-0.0.0-py3.10.egg-info/PKG-INFO
-- Installing: /home/ray/autonomous_robot/install/myrobot_mapping/local/lib/python3.10/dist-packages/myrobot_mapping-0.0.0-py3.10.egg-info/dependency_links.txt
-- Installing: /home/ray/autonomous_robot/install/myrobot_mapping/local/lib/python3.10/dist-packages/myrobot_mapping-0.0.0-py3.10.egg-info/top_level.txt
-- Up-to-date: /home/ray/autonomous_robot/install/myrobot_mapping/local/lib/python3.10/dist-packages/myrobot_mapping
-- Up-to-date: /home/ray/autonomous_robot/install/myrobot_mapping/local/lib/python3.10/dist-packages/myrobot_mapping/mapping_with_known_poses.py
-- Up-to-date: /home/ray/autonomous_robot/install/myrobot_mapping/local/lib/python3.10/dist-packages/myrobot_mapping/__init__.py
Listing '/home/ray/autonomous_robot/install/myrobot_mapping/local/lib/python3.10/dist-packages/myrobot_mapping'...
-- Installing: /home/ray/autonomous_robot/install/myrobot_mapping/share/myrobot_mapping/config
-- Installing: /home/ray/autonomous_robot/install/myrobot_mapping/share/myrobot_mapping/config/slam_toolbox.yaml
-- Installing: /home/ray/autonomous_robot/install/myrobot_mapping/share/myrobot_mapping/launch
-- Installing: /home/ray/autonomous_robot/install/myrobot_mapping/share/myrobot_mapping/launch/slam.launch.py
-- Installing: /home/ray/autonomous_robot/install/myrobot_mapping/share/myrobot_mapping/maps
-- Installing: /home/ray/autonomous_robot/install/myrobot_mapping/share/myrobot_mapping/maps/small_house
-- Installing: /home/ray/autonomous_robot/install/myrobot_mapping/share/myrobot_mapping/maps/small_house/map.pgm
-- Installing: /home/ray/autonomous_robot/install/myrobot_mapping/share/myrobot_mapping/maps/small_house/map.yaml
-- Installing: /home/ray/autonomous_robot/install/myrobot_mapping/share/myrobot_mapping/maps/small_warehouse
-- Installing: /home/ray/autonomous_robot/install/myrobot_mapping/share/myrobot_mapping/maps/small_warehouse/map.pgm
-- Installing: /home/ray/autonomous_robot/install/myrobot_mapping/share/myrobot_mapping/maps/small_warehouse/map.yaml
-- Installing: /home/ray/autonomous_robot/install/myrobot_mapping/share/myrobot_mapping/rviz
-- Installing: /home/ray/autonomous_robot/install/myrobot_mapping/share/myrobot_mapping/rviz/slam.rviz
-- Installing: /home/ray/autonomous_robot/install/myrobot_mapping/lib/myrobot_mapping/mapping_with_known_poses.py
-- Installing: /home/ray/autonomous_robot/install/myrobot_mapping/share/ament_index/resource_index/package_run_dependencies/myrobot_mapping
-- Installing: /home/ray/autonomous_robot/install/myrobot_mapping/share/ament_index/resource_index/parent_prefix_path/myrobot_mapping
-- Installing: /home/ray/autonomous_robot/install/myrobot_mapping/share/myrobot_mapping/environment/ament_prefix_path.sh
-- Installing: /home/ray/autonomous_robot/install/myrobot_mapping/share/myrobot_mapping/environment/ament_prefix_path.dsv
-- Installing: /home/ray/autonomous_robot/install/myrobot_mapping/share/myrobot_mapping/environment/path.sh
-- Installing: /home/ray/autonomous_robot/install/myrobot_mapping/share/myrobot_mapping/environment/path.dsv
-- Installing: /home/ray/autonomous_robot/install/myrobot_mapping/share/myrobot_mapping/local_setup.bash
-- Installing: /home/ray/autonomous_robot/install/myrobot_mapping/share/myrobot_mapping/local_setup.sh
-- Installing: /home/ray/autonomous_robot/install/myrobot_mapping/share/myrobot_mapping/local_setup.zsh
-- Installing: /home/ray/autonomous_robot/install/myrobot_mapping/share/myrobot_mapping/local_setup.dsv
-- Installing: /home/ray/autonomous_robot/install/myrobot_mapping/share/myrobot_mapping/package.dsv
-- Installing: /home/ray/autonomous_robot/install/myrobot_mapping/share/ament_index/resource_index/packages/myrobot_mapping
-- Installing: /home/ray/autonomous_robot/install/myrobot_mapping/share/myrobot_mapping/cmake/myrobot_mappingConfig.cmake
-- Installing: /home/ray/autonomous_robot/install/myrobot_mapping/share/myrobot_mapping/cmake/myrobot_mappingConfig-version.cmake
-- Installing: /home/ray/autonomous_robot/install/myrobot_mapping/share/myrobot_mapping/package.xml
