[0.032s] Invoking command in '/home/ray/autonomous_robot/build/myrobot_mapping': CMAKE_PREFIX_PATH=${CMAKE_PREFIX_PATH}:/home/ray/autonomous_robot/install/myamr_files:/home/ray/autonomous_tb3_ws/install/autonomous_tb3:/home/ray/turtlebot3_ws/install/turtlebot3_teleop:/home/ray/turtlebot3_ws/install/turtlebot3_example:/home/ray/turtlebot3_ws/install/my_robot_test:/home/ray/autonomous_tb3_ws/src/install/autonomous_tb3:/opt/ros/humble /usr/bin/cmake --build /home/ray/autonomous_robot/build/myrobot_mapping -- -j8 -l8
[0.055s] -- Found ament_cmake: 1.3.11 (/opt/ros/humble/share/ament_cmake/cmake)
[0.216s] -- Found rclcpp: 16.0.12 (/opt/ros/humble/share/rclcpp/cmake)
[0.255s] -- Found rosidl_generator_c: 3.1.6 (/opt/ros/humble/share/rosidl_generator_c/cmake)
[0.258s] -- Found rosidl_adapter: 3.1.6 (/opt/ros/humble/share/rosidl_adapter/cmake)
[0.264s] -- Found rosidl_generator_cpp: 3.1.6 (/opt/ros/humble/share/rosidl_generator_cpp/cmake)
[0.274s] -- Using all available rosidl_typesupport_c: rosidl_typesupport_fastrtps_c;rosidl_typesupport_introspection_c
[0.288s] -- Using all available rosidl_typesupport_cpp: rosidl_typesupport_fastrtps_cpp;rosidl_typesupport_introspection_cpp
[0.327s] -- Found rmw_implementation_cmake: 6.1.2 (/opt/ros/humble/share/rmw_implementation_cmake/cmake)
[0.328s] -- Found rmw_fastrtps_cpp: 6.2.7 (/opt/ros/humble/share/rmw_fastrtps_cpp/cmake)
[0.450s] -- Using RMW implementation 'rmw_fastrtps_cpp' as default
[0.515s] -- Found rclpy: 3.3.16 (/opt/ros/humble/share/rclpy/cmake)
[0.516s] -- Found sensor_msgs: 4.9.0 (/opt/ros/humble/share/sensor_msgs/cmake)
[0.566s] -- Found nav_msgs: 4.9.0 (/opt/ros/humble/share/nav_msgs/cmake)
[0.586s] -- Found tf2_ros: 0.25.13 (/opt/ros/humble/share/tf2_ros/cmake)
[0.825s] -- Configuring done
[0.831s] -- Generating done
[0.836s] -- Build files have been written to: /home/ray/autonomous_robot/build/myrobot_mapping
[0.897s] Built target ament_cmake_python_copy_myrobot_mapping
[1.213s] running egg_info
[1.214s] writing myrobot_mapping.egg-info/PKG-INFO
[1.214s] writing dependency_links to myrobot_mapping.egg-info/dependency_links.txt
[1.214s] writing top-level names to myrobot_mapping.egg-info/top_level.txt
[1.218s] reading manifest file 'myrobot_mapping.egg-info/SOURCES.txt'
[1.219s] writing manifest file 'myrobot_mapping.egg-info/SOURCES.txt'
[1.251s] Built target ament_cmake_python_build_myrobot_mapping_egg
[1.265s] Invoked command in '/home/ray/autonomous_robot/build/myrobot_mapping' returned '0': CMAKE_PREFIX_PATH=${CMAKE_PREFIX_PATH}:/home/ray/autonomous_robot/install/myamr_files:/home/ray/autonomous_tb3_ws/install/autonomous_tb3:/home/ray/turtlebot3_ws/install/turtlebot3_teleop:/home/ray/turtlebot3_ws/install/turtlebot3_example:/home/ray/turtlebot3_ws/install/my_robot_test:/home/ray/autonomous_tb3_ws/src/install/autonomous_tb3:/opt/ros/humble /usr/bin/cmake --build /home/ray/autonomous_robot/build/myrobot_mapping -- -j8 -l8
[1.267s] Invoking command in '/home/ray/autonomous_robot/build/myrobot_mapping': CMAKE_PREFIX_PATH=${CMAKE_PREFIX_PATH}:/home/ray/autonomous_robot/install/myamr_files:/home/ray/autonomous_tb3_ws/install/autonomous_tb3:/home/ray/turtlebot3_ws/install/turtlebot3_teleop:/home/ray/turtlebot3_ws/install/turtlebot3_example:/home/ray/turtlebot3_ws/install/my_robot_test:/home/ray/autonomous_tb3_ws/src/install/autonomous_tb3:/opt/ros/humble /usr/bin/cmake --install /home/ray/autonomous_robot/build/myrobot_mapping
[1.277s] -- Install configuration: ""
[1.277s] -- Up-to-date: /home/ray/autonomous_robot/install/myrobot_mapping/share/myrobot_mapping/environment/pythonpath.sh
[1.277s] -- Installing: /home/ray/autonomous_robot/install/myrobot_mapping/share/myrobot_mapping/environment/pythonpath.dsv
[1.277s] -- Up-to-date: /home/ray/autonomous_robot/install/myrobot_mapping/local/lib/python3.10/dist-packages/myrobot_mapping-0.0.0-py3.10.egg-info
[1.278s] -- Installing: /home/ray/autonomous_robot/install/myrobot_mapping/local/lib/python3.10/dist-packages/myrobot_mapping-0.0.0-py3.10.egg-info/SOURCES.txt
[1.278s] -- Installing: /home/ray/autonomous_robot/install/myrobot_mapping/local/lib/python3.10/dist-packages/myrobot_mapping-0.0.0-py3.10.egg-info/PKG-INFO
[1.278s] -- Installing: /home/ray/autonomous_robot/install/myrobot_mapping/local/lib/python3.10/dist-packages/myrobot_mapping-0.0.0-py3.10.egg-info/dependency_links.txt
[1.278s] -- Installing: /home/ray/autonomous_robot/install/myrobot_mapping/local/lib/python3.10/dist-packages/myrobot_mapping-0.0.0-py3.10.egg-info/top_level.txt
[1.278s] -- Up-to-date: /home/ray/autonomous_robot/install/myrobot_mapping/local/lib/python3.10/dist-packages/myrobot_mapping
[1.278s] -- Up-to-date: /home/ray/autonomous_robot/install/myrobot_mapping/local/lib/python3.10/dist-packages/myrobot_mapping/mapping_with_known_poses.py
[1.278s] -- Up-to-date: /home/ray/autonomous_robot/install/myrobot_mapping/local/lib/python3.10/dist-packages/myrobot_mapping/__init__.py
[1.341s] Listing '/home/ray/autonomous_robot/install/myrobot_mapping/local/lib/python3.10/dist-packages/myrobot_mapping'...
[1.349s] -- Installing: /home/ray/autonomous_robot/install/myrobot_mapping/share/myrobot_mapping/config
[1.350s] -- Installing: /home/ray/autonomous_robot/install/myrobot_mapping/share/myrobot_mapping/config/slam_toolbox.yaml
[1.350s] -- Installing: /home/ray/autonomous_robot/install/myrobot_mapping/share/myrobot_mapping/launch
[1.350s] -- Installing: /home/ray/autonomous_robot/install/myrobot_mapping/share/myrobot_mapping/launch/slam.launch.py
[1.350s] -- Installing: /home/ray/autonomous_robot/install/myrobot_mapping/share/myrobot_mapping/maps
[1.350s] -- Installing: /home/ray/autonomous_robot/install/myrobot_mapping/share/myrobot_mapping/maps/small_house
[1.350s] -- Installing: /home/ray/autonomous_robot/install/myrobot_mapping/share/myrobot_mapping/maps/small_house/map.pgm
[1.351s] -- Installing: /home/ray/autonomous_robot/install/myrobot_mapping/share/myrobot_mapping/maps/small_house/map.yaml
[1.351s] -- Installing: /home/ray/autonomous_robot/install/myrobot_mapping/share/myrobot_mapping/maps/small_warehouse
[1.351s] -- Installing: /home/ray/autonomous_robot/install/myrobot_mapping/share/myrobot_mapping/maps/small_warehouse/map.pgm
[1.353s] -- Installing: /home/ray/autonomous_robot/install/myrobot_mapping/share/myrobot_mapping/maps/small_warehouse/map.yaml
[1.354s] -- Installing: /home/ray/autonomous_robot/install/myrobot_mapping/share/myrobot_mapping/rviz
[1.354s] -- Installing: /home/ray/autonomous_robot/install/myrobot_mapping/share/myrobot_mapping/rviz/slam.rviz
[1.354s] -- Installing: /home/ray/autonomous_robot/install/myrobot_mapping/lib/myrobot_mapping/mapping_with_known_poses.py
[1.354s] -- Installing: /home/ray/autonomous_robot/install/myrobot_mapping/share/ament_index/resource_index/package_run_dependencies/myrobot_mapping
[1.354s] -- Installing: /home/ray/autonomous_robot/install/myrobot_mapping/share/ament_index/resource_index/parent_prefix_path/myrobot_mapping
[1.354s] -- Installing: /home/ray/autonomous_robot/install/myrobot_mapping/share/myrobot_mapping/environment/ament_prefix_path.sh
[1.354s] -- Installing: /home/ray/autonomous_robot/install/myrobot_mapping/share/myrobot_mapping/environment/ament_prefix_path.dsv
[1.355s] -- Installing: /home/ray/autonomous_robot/install/myrobot_mapping/share/myrobot_mapping/environment/path.sh
[1.355s] -- Installing: /home/ray/autonomous_robot/install/myrobot_mapping/share/myrobot_mapping/environment/path.dsv
[1.355s] -- Installing: /home/ray/autonomous_robot/install/myrobot_mapping/share/myrobot_mapping/local_setup.bash
[1.355s] -- Installing: /home/ray/autonomous_robot/install/myrobot_mapping/share/myrobot_mapping/local_setup.sh
[1.355s] -- Installing: /home/ray/autonomous_robot/install/myrobot_mapping/share/myrobot_mapping/local_setup.zsh
[1.355s] -- Installing: /home/ray/autonomous_robot/install/myrobot_mapping/share/myrobot_mapping/local_setup.dsv
[1.355s] -- Installing: /home/ray/autonomous_robot/install/myrobot_mapping/share/myrobot_mapping/package.dsv
[1.356s] -- Installing: /home/ray/autonomous_robot/install/myrobot_mapping/share/ament_index/resource_index/packages/myrobot_mapping
[1.356s] -- Installing: /home/ray/autonomous_robot/install/myrobot_mapping/share/myrobot_mapping/cmake/myrobot_mappingConfig.cmake
[1.356s] -- Installing: /home/ray/autonomous_robot/install/myrobot_mapping/share/myrobot_mapping/cmake/myrobot_mappingConfig-version.cmake
[1.356s] -- Installing: /home/ray/autonomous_robot/install/myrobot_mapping/share/myrobot_mapping/package.xml
[1.360s] Invoked command in '/home/ray/autonomous_robot/build/myrobot_mapping' returned '0': CMAKE_PREFIX_PATH=${CMAKE_PREFIX_PATH}:/home/ray/autonomous_robot/install/myamr_files:/home/ray/autonomous_tb3_ws/install/autonomous_tb3:/home/ray/turtlebot3_ws/install/turtlebot3_teleop:/home/ray/turtlebot3_ws/install/turtlebot3_example:/home/ray/turtlebot3_ws/install/my_robot_test:/home/ray/autonomous_tb3_ws/src/install/autonomous_tb3:/opt/ros/humble /usr/bin/cmake --install /home/ray/autonomous_robot/build/myrobot_mapping
