[0.292s] Invoking command in '/home/ray/autonomous_robot/build/myrobot_description': CMAKE_PREFIX_PATH=${CMAKE_PREFIX_PATH}:/home/ray/myamr/install/myrobot:/home/ray/Self-Driving-and-ROS-2-Learn-by-Doing-Map-Localization/Section6_Sensors_for_Localization_and_Mapping/bumperbot_ws/install/bumperbot_py_examples:/home/ray/autonomous_tb3_ws/install/autonomous_tb3:/home/ray/turtlebot3_ws/install/turtlebot3_teleop:/home/ray/turtlebot3_ws/install/turtlebot3_example:/home/ray/turtlebot3_ws/install/my_robot_test:/home/ray/autonomous_tb3_ws/src/install/autonomous_tb3:/opt/ros/humble /usr/bin/cmake /home/ray/autonomous_robot/src/myrobot_description -DCMAKE_INSTALL_PREFIX=/home/ray/autonomous_robot/install/myrobot_description
[0.348s] -- The C compiler identification is GNU 11.4.0
[0.404s] -- The CXX compiler identification is GNU 11.4.0
[0.412s] -- Detecting C compiler ABI info
[0.480s] -- Detecting C compiler ABI info - done
[0.487s] -- Check for working C compiler: /usr/bin/cc - skipped
[0.487s] -- Detecting C compile features
[0.488s] -- Detecting C compile features - done
[0.491s] -- Detecting CXX compiler ABI info
[0.574s] -- Detecting CXX compiler ABI info - done
[0.582s] -- Check for working CXX compiler: /usr/bin/c++ - skipped
[0.582s] -- Detecting CXX compile features
[0.583s] -- Detecting CXX compile features - done
[0.587s] -- Found ament_cmake: 1.3.11 (/opt/ros/humble/share/ament_cmake/cmake)
[0.774s] -- Found Python3: /usr/bin/python3 (found version "3.10.12") found components: Interpreter 
[0.912s] -- Found ament_lint_auto: 0.12.12 (/opt/ros/humble/share/ament_lint_auto/cmake)
[1.019s] -- Added test 'lint_cmake' to check CMake code style
[1.021s] -- Added test 'xmllint' to check XML markup files
[1.023s] -- Configuring done
[1.025s] -- Generating done
[1.027s] -- Build files have been written to: /home/ray/autonomous_robot/build/myrobot_description
[1.032s] Invoked command in '/home/ray/autonomous_robot/build/myrobot_description' returned '0': CMAKE_PREFIX_PATH=${CMAKE_PREFIX_PATH}:/home/ray/myamr/install/myrobot:/home/ray/Self-Driving-and-ROS-2-Learn-by-Doing-Map-Localization/Section6_Sensors_for_Localization_and_Mapping/bumperbot_ws/install/bumperbot_py_examples:/home/ray/autonomous_tb3_ws/install/autonomous_tb3:/home/ray/turtlebot3_ws/install/turtlebot3_teleop:/home/ray/turtlebot3_ws/install/turtlebot3_example:/home/ray/turtlebot3_ws/install/my_robot_test:/home/ray/autonomous_tb3_ws/src/install/autonomous_tb3:/opt/ros/humble /usr/bin/cmake /home/ray/autonomous_robot/src/myrobot_description -DCMAKE_INSTALL_PREFIX=/home/ray/autonomous_robot/install/myrobot_description
[1.033s] Invoking command in '/home/ray/autonomous_robot/build/myrobot_description': CMAKE_PREFIX_PATH=${CMAKE_PREFIX_PATH}:/home/ray/myamr/install/myrobot:/home/ray/Self-Driving-and-ROS-2-Learn-by-Doing-Map-Localization/Section6_Sensors_for_Localization_and_Mapping/bumperbot_ws/install/bumperbot_py_examples:/home/ray/autonomous_tb3_ws/install/autonomous_tb3:/home/ray/turtlebot3_ws/install/turtlebot3_teleop:/home/ray/turtlebot3_ws/install/turtlebot3_example:/home/ray/turtlebot3_ws/install/my_robot_test:/home/ray/autonomous_tb3_ws/src/install/autonomous_tb3:/opt/ros/humble /usr/bin/cmake --build /home/ray/autonomous_robot/build/myrobot_description -- -j8 -l8
[1.070s] Invoked command in '/home/ray/autonomous_robot/build/myrobot_description' returned '0': CMAKE_PREFIX_PATH=${CMAKE_PREFIX_PATH}:/home/ray/myamr/install/myrobot:/home/ray/Self-Driving-and-ROS-2-Learn-by-Doing-Map-Localization/Section6_Sensors_for_Localization_and_Mapping/bumperbot_ws/install/bumperbot_py_examples:/home/ray/autonomous_tb3_ws/install/autonomous_tb3:/home/ray/turtlebot3_ws/install/turtlebot3_teleop:/home/ray/turtlebot3_ws/install/turtlebot3_example:/home/ray/turtlebot3_ws/install/my_robot_test:/home/ray/autonomous_tb3_ws/src/install/autonomous_tb3:/opt/ros/humble /usr/bin/cmake --build /home/ray/autonomous_robot/build/myrobot_description -- -j8 -l8
[1.080s] Invoking command in '/home/ray/autonomous_robot/build/myrobot_description': CMAKE_PREFIX_PATH=${CMAKE_PREFIX_PATH}:/home/ray/myamr/install/myrobot:/home/ray/Self-Driving-and-ROS-2-Learn-by-Doing-Map-Localization/Section6_Sensors_for_Localization_and_Mapping/bumperbot_ws/install/bumperbot_py_examples:/home/ray/autonomous_tb3_ws/install/autonomous_tb3:/home/ray/turtlebot3_ws/install/turtlebot3_teleop:/home/ray/turtlebot3_ws/install/turtlebot3_example:/home/ray/turtlebot3_ws/install/my_robot_test:/home/ray/autonomous_tb3_ws/src/install/autonomous_tb3:/opt/ros/humble /usr/bin/cmake --install /home/ray/autonomous_robot/build/myrobot_description
[1.087s] -- Install configuration: ""
[1.087s] -- Installing: /home/ray/autonomous_robot/install/myrobot_description/share/ament_index/resource_index/package_run_dependencies/myrobot_description
[1.087s] -- Installing: /home/ray/autonomous_robot/install/myrobot_description/share/ament_index/resource_index/parent_prefix_path/myrobot_description
[1.087s] -- Installing: /home/ray/autonomous_robot/install/myrobot_description/share/myrobot_description/environment/ament_prefix_path.sh
[1.088s] -- Installing: /home/ray/autonomous_robot/install/myrobot_description/share/myrobot_description/environment/ament_prefix_path.dsv
[1.088s] -- Installing: /home/ray/autonomous_robot/install/myrobot_description/share/myrobot_description/environment/path.sh
[1.088s] -- Installing: /home/ray/autonomous_robot/install/myrobot_description/share/myrobot_description/environment/path.dsv
[1.088s] -- Installing: /home/ray/autonomous_robot/install/myrobot_description/share/myrobot_description/local_setup.bash
[1.088s] -- Installing: /home/ray/autonomous_robot/install/myrobot_description/share/myrobot_description/local_setup.sh
[1.088s] -- Installing: /home/ray/autonomous_robot/install/myrobot_description/share/myrobot_description/local_setup.zsh
[1.088s] -- Installing: /home/ray/autonomous_robot/install/myrobot_description/share/myrobot_description/local_setup.dsv
[1.088s] -- Installing: /home/ray/autonomous_robot/install/myrobot_description/share/myrobot_description/package.dsv
[1.088s] -- Installing: /home/ray/autonomous_robot/install/myrobot_description/share/ament_index/resource_index/packages/myrobot_description
[1.088s] -- Installing: /home/ray/autonomous_robot/install/myrobot_description/share/myrobot_description/cmake/myrobot_descriptionConfig.cmake
[1.089s] -- Installing: /home/ray/autonomous_robot/install/myrobot_description/share/myrobot_description/cmake/myrobot_descriptionConfig-version.cmake
[1.089s] -- Installing: /home/ray/autonomous_robot/install/myrobot_description/share/myrobot_description/package.xml
[1.090s] Invoked command in '/home/ray/autonomous_robot/build/myrobot_description' returned '0': CMAKE_PREFIX_PATH=${CMAKE_PREFIX_PATH}:/home/ray/myamr/install/myrobot:/home/ray/Self-Driving-and-ROS-2-Learn-by-Doing-Map-Localization/Section6_Sensors_for_Localization_and_Mapping/bumperbot_ws/install/bumperbot_py_examples:/home/ray/autonomous_tb3_ws/install/autonomous_tb3:/home/ray/turtlebot3_ws/install/turtlebot3_teleop:/home/ray/turtlebot3_ws/install/turtlebot3_example:/home/ray/turtlebot3_ws/install/my_robot_test:/home/ray/autonomous_tb3_ws/src/install/autonomous_tb3:/opt/ros/humble /usr/bin/cmake --install /home/ray/autonomous_robot/build/myrobot_description
