[0.017s] Invoking command in '/home/ray/autonomous_robot/build/myamr_localization': CMAKE_PREFIX_PATH=${CMAKE_PREFIX_PATH}:/home/ray/autonomous_tb3_ws/install/autonomous_tb3:/home/ray/turtlebot3_ws/install/turtlebot3_teleop:/home/ray/turtlebot3_ws/install/turtlebot3_example:/home/ray/turtlebot3_ws/install/my_robot_test:/home/ray/autonomous_tb3_ws/src/install/autonomous_tb3:/opt/ros/humble /usr/bin/cmake --build /home/ray/autonomous_robot/build/myamr_localization -- -j8 -l8
[0.046s] -- Found ament_cmake: 1.3.11 (/opt/ros/humble/share/ament_cmake/cmake)
[0.154s] -- Found rclcpp: 16.0.12 (/opt/ros/humble/share/rclcpp/cmake)
[0.181s] -- Found rosidl_generator_c: 3.1.6 (/opt/ros/humble/share/rosidl_generator_c/cmake)
[0.185s] -- Found rosidl_adapter: 3.1.6 (/opt/ros/humble/share/rosidl_adapter/cmake)
[0.190s] -- Found rosidl_generator_cpp: 3.1.6 (/opt/ros/humble/share/rosidl_generator_cpp/cmake)
[0.200s] -- Using all available rosidl_typesupport_c: rosidl_typesupport_fastrtps_c;rosidl_typesupport_introspection_c
[0.211s] -- Using all available rosidl_typesupport_cpp: rosidl_typesupport_fastrtps_cpp;rosidl_typesupport_introspection_cpp
[0.239s] -- Found rmw_implementation_cmake: 6.1.2 (/opt/ros/humble/share/rmw_implementation_cmake/cmake)
[0.241s] -- Found rmw_fastrtps_cpp: 6.2.7 (/opt/ros/humble/share/rmw_fastrtps_cpp/cmake)
[0.333s] -- Using RMW implementation 'rmw_fastrtps_cpp' as default
[0.377s] -- Found rclpy: 3.3.16 (/opt/ros/humble/share/rclpy/cmake)
[0.377s] -- Found nav_msgs: 4.9.0 (/opt/ros/humble/share/nav_msgs/cmake)
[0.433s] -- Found sensor_msgs: 4.9.0 (/opt/ros/humble/share/sensor_msgs/cmake)
[0.433s] -- Found tf2: 0.25.13 (/opt/ros/humble/share/tf2/cmake)
[0.570s] -- Configuring done
[0.583s] -- Generating done
[0.588s] -- Build files have been written to: /home/ray/autonomous_robot/build/myamr_localization
[0.611s] [35m[1mConsolidate compiler generated dependencies of target imu_republisher[0m
[0.612s] [35m[1mConsolidate compiler generated dependencies of target odometry_motion_model[0m
[0.613s] [35m[1mConsolidate compiler generated dependencies of target kalman_filter[0m
[0.627s] [ 66%] Built target odometry_motion_model
[0.627s] [ 66%] Built target imu_republisher
[0.629s] [ 66%] Built target ament_cmake_python_copy_myamr_localization
[0.629s] [100%] Built target kalman_filter
[0.928s] running egg_info
[0.929s] writing myamr_localization.egg-info/PKG-INFO
[0.929s] writing dependency_links to myamr_localization.egg-info/dependency_links.txt
[0.929s] writing top-level names to myamr_localization.egg-info/top_level.txt
[0.932s] reading manifest file 'myamr_localization.egg-info/SOURCES.txt'
[0.933s] writing manifest file 'myamr_localization.egg-info/SOURCES.txt'
[0.968s] [100%] Built target ament_cmake_python_build_myamr_localization_egg
[0.979s] Invoked command in '/home/ray/autonomous_robot/build/myamr_localization' returned '0': CMAKE_PREFIX_PATH=${CMAKE_PREFIX_PATH}:/home/ray/autonomous_tb3_ws/install/autonomous_tb3:/home/ray/turtlebot3_ws/install/turtlebot3_teleop:/home/ray/turtlebot3_ws/install/turtlebot3_example:/home/ray/turtlebot3_ws/install/my_robot_test:/home/ray/autonomous_tb3_ws/src/install/autonomous_tb3:/opt/ros/humble /usr/bin/cmake --build /home/ray/autonomous_robot/build/myamr_localization -- -j8 -l8
[0.981s] Invoking command in '/home/ray/autonomous_robot/build/myamr_localization': CMAKE_PREFIX_PATH=${CMAKE_PREFIX_PATH}:/home/ray/autonomous_tb3_ws/install/autonomous_tb3:/home/ray/turtlebot3_ws/install/turtlebot3_teleop:/home/ray/turtlebot3_ws/install/turtlebot3_example:/home/ray/turtlebot3_ws/install/my_robot_test:/home/ray/autonomous_tb3_ws/src/install/autonomous_tb3:/opt/ros/humble /usr/bin/cmake --install /home/ray/autonomous_robot/build/myamr_localization
[0.988s] -- Install configuration: ""
[0.988s] -- Up-to-date: /home/ray/autonomous_robot/install/myamr_localization/share/myamr_localization/environment/pythonpath.sh
[0.988s] -- Installing: /home/ray/autonomous_robot/install/myamr_localization/share/myamr_localization/environment/pythonpath.dsv
[0.988s] -- Up-to-date: /home/ray/autonomous_robot/install/myamr_localization/local/lib/python3.10/dist-packages/myamr_localization-0.0.0-py3.10.egg-info
[0.988s] -- Installing: /home/ray/autonomous_robot/install/myamr_localization/local/lib/python3.10/dist-packages/myamr_localization-0.0.0-py3.10.egg-info/SOURCES.txt
[0.988s] -- Installing: /home/ray/autonomous_robot/install/myamr_localization/local/lib/python3.10/dist-packages/myamr_localization-0.0.0-py3.10.egg-info/PKG-INFO
[0.989s] -- Installing: /home/ray/autonomous_robot/install/myamr_localization/local/lib/python3.10/dist-packages/myamr_localization-0.0.0-py3.10.egg-info/dependency_links.txt
[0.989s] -- Installing: /home/ray/autonomous_robot/install/myamr_localization/local/lib/python3.10/dist-packages/myamr_localization-0.0.0-py3.10.egg-info/top_level.txt
[0.989s] -- Up-to-date: /home/ray/autonomous_robot/install/myamr_localization/local/lib/python3.10/dist-packages/myamr_localization
[0.989s] -- Up-to-date: /home/ray/autonomous_robot/install/myamr_localization/local/lib/python3.10/dist-packages/myamr_localization/imu_republisher.py
[0.989s] -- Up-to-date: /home/ray/autonomous_robot/install/myamr_localization/local/lib/python3.10/dist-packages/myamr_localization/odometry_motion_model.py
[0.989s] -- Up-to-date: /home/ray/autonomous_robot/install/myamr_localization/local/lib/python3.10/dist-packages/myamr_localization/__init__.py
[0.989s] -- Up-to-date: /home/ray/autonomous_robot/install/myamr_localization/local/lib/python3.10/dist-packages/myamr_localization/kalman_filter.py
[1.025s] Listing '/home/ray/autonomous_robot/install/myamr_localization/local/lib/python3.10/dist-packages/myamr_localization'...
[1.029s] -- Up-to-date: /home/ray/autonomous_robot/install/myamr_localization/include/include
[1.030s] -- Up-to-date: /home/ray/autonomous_robot/install/myamr_localization/include/include/myamr_localization
[1.030s] -- Up-to-date: /home/ray/autonomous_robot/install/myamr_localization/include/include/myamr_localization/kalman_filter.hpp
[1.030s] -- Up-to-date: /home/ray/autonomous_robot/install/myamr_localization/include/include/myamr_localization/odometry_motion_model.hpp
[1.032s] -- Up-to-date: /home/ray/autonomous_robot/install/myamr_localization/bin/odometry_motion_model
[1.032s] -- Up-to-date: /home/ray/autonomous_robot/install/myamr_localization/lib/myamr_localization/kalman_filter
[1.033s] -- Up-to-date: /home/ray/autonomous_robot/install/myamr_localization/lib/myamr_localization/imu_republisher
[1.034s] -- Up-to-date: /home/ray/autonomous_robot/install/myamr_localization/lib/myamr_localization/odometry_motion_model
[1.034s] -- Up-to-date: /home/ray/autonomous_robot/install/myamr_localization/share/myamr_localization/launch
[1.034s] -- Up-to-date: /home/ray/autonomous_robot/install/myamr_localization/share/myamr_localization/launch/local_localization.launch.py
[1.034s] -- Up-to-date: /home/ray/autonomous_robot/install/myamr_localization/share/myamr_localization/launch/global_localization.launch.py
[1.034s] -- Up-to-date: /home/ray/autonomous_robot/install/myamr_localization/share/myamr_localization/config
[1.035s] -- Up-to-date: /home/ray/autonomous_robot/install/myamr_localization/share/myamr_localization/config/amcl.yaml
[1.035s] -- Up-to-date: /home/ray/autonomous_robot/install/myamr_localization/share/myamr_localization/config/odometry_motion_model.rviz
[1.035s] -- Up-to-date: /home/ray/autonomous_robot/install/myamr_localization/share/myamr_localization/config/ekf.yaml
[1.035s] -- Up-to-date: /home/ray/autonomous_robot/install/myamr_localization/share/myamr_localization/rviz
[1.035s] -- Up-to-date: /home/ray/autonomous_robot/install/myamr_localization/share/myamr_localization/rviz/global_localization.rviz
[1.035s] -- Up-to-date: /home/ray/autonomous_robot/install/myamr_localization/lib/myamr_localization/kalman_filter.py
[1.035s] -- Up-to-date: /home/ray/autonomous_robot/install/myamr_localization/lib/myamr_localization/imu_republisher.py
[1.035s] -- Up-to-date: /home/ray/autonomous_robot/install/myamr_localization/lib/myamr_localization/odometry_motion_model.py
[1.035s] -- Up-to-date: /home/ray/autonomous_robot/install/myamr_localization/share/ament_index/resource_index/package_run_dependencies/myamr_localization
[1.035s] -- Up-to-date: /home/ray/autonomous_robot/install/myamr_localization/share/ament_index/resource_index/parent_prefix_path/myamr_localization
[1.036s] -- Up-to-date: /home/ray/autonomous_robot/install/myamr_localization/share/myamr_localization/environment/ament_prefix_path.sh
[1.036s] -- Installing: /home/ray/autonomous_robot/install/myamr_localization/share/myamr_localization/environment/ament_prefix_path.dsv
[1.036s] -- Up-to-date: /home/ray/autonomous_robot/install/myamr_localization/share/myamr_localization/environment/path.sh
[1.036s] -- Installing: /home/ray/autonomous_robot/install/myamr_localization/share/myamr_localization/environment/path.dsv
[1.036s] -- Up-to-date: /home/ray/autonomous_robot/install/myamr_localization/share/myamr_localization/local_setup.bash
[1.036s] -- Up-to-date: /home/ray/autonomous_robot/install/myamr_localization/share/myamr_localization/local_setup.sh
[1.036s] -- Up-to-date: /home/ray/autonomous_robot/install/myamr_localization/share/myamr_localization/local_setup.zsh
[1.036s] -- Installing: /home/ray/autonomous_robot/install/myamr_localization/share/myamr_localization/local_setup.dsv
[1.036s] -- Installing: /home/ray/autonomous_robot/install/myamr_localization/share/myamr_localization/package.dsv
[1.036s] -- Up-to-date: /home/ray/autonomous_robot/install/myamr_localization/share/ament_index/resource_index/packages/myamr_localization
[1.036s] -- Up-to-date: /home/ray/autonomous_robot/install/myamr_localization/share/myamr_localization/cmake/myamr_localizationConfig.cmake
[1.036s] -- Up-to-date: /home/ray/autonomous_robot/install/myamr_localization/share/myamr_localization/cmake/myamr_localizationConfig-version.cmake
[1.036s] -- Up-to-date: /home/ray/autonomous_robot/install/myamr_localization/share/myamr_localization/package.xml
[1.043s] Invoked command in '/home/ray/autonomous_robot/build/myamr_localization' returned '0': CMAKE_PREFIX_PATH=${CMAKE_PREFIX_PATH}:/home/ray/autonomous_tb3_ws/install/autonomous_tb3:/home/ray/turtlebot3_ws/install/turtlebot3_teleop:/home/ray/turtlebot3_ws/install/turtlebot3_example:/home/ray/turtlebot3_ws/install/my_robot_test:/home/ray/autonomous_tb3_ws/src/install/autonomous_tb3:/opt/ros/humble /usr/bin/cmake --install /home/ray/autonomous_robot/build/myamr_localization
