[0.011s] Invoking command in '/home/ray/autonomous_robot/build/myamr_bringup': CMAKE_PREFIX_PATH=/home/ray/autonomous_robot/install/myamr_mapping:/home/ray/autonomous_robot/install/myamr_localization:/home/ray/autonomous_robot/install/myamr_description:/home/ray/autonomous_robot/install/myamr_controller:/home/ray/autonomous_robot/install/myamr_bringup:/home/ray/turtlebot3_ws/install/turtlebot3:/home/ray/turtlebot3_ws/install/turtlebot3_simulations:/home/ray/turtlebot3_ws/install/turtlebot3_bringup:/home/ray/turtlebot3_ws/install/turtlebot3_node:/home/ray/turtlebot3_ws/install/turtlebot3_navigation2:/home/ray/turtlebot3_ws/install/turtlebot3_gazebo:/home/ray/turtlebot3_ws/install/turtlebot3_fake_node:/home/ray/turtlebot3_ws/install/turtlebot3_description:/home/ray/turtlebot3_ws/install/turtlebot3_cartographer:/home/ray/autonomous_tb3_ws/install/autonomous_tb3:/home/ray/turtlebot3_ws/install/turtlebot3_teleop:/home/ray/turtlebot3_ws/install/turtlebot3_example:/home/ray/turtlebot3_ws/install/my_robot_test:/home/ray/autonomous_tb3_ws/src/install/autonomous_tb3:/opt/ros/humble /usr/bin/cmake --build /home/ray/autonomous_robot/build/myamr_bringup -- -j8 -l8
[0.042s] Invoked command in '/home/ray/autonomous_robot/build/myamr_bringup' returned '0': CMAKE_PREFIX_PATH=/home/ray/autonomous_robot/install/myamr_mapping:/home/ray/autonomous_robot/install/myamr_localization:/home/ray/autonomous_robot/install/myamr_description:/home/ray/autonomous_robot/install/myamr_controller:/home/ray/autonomous_robot/install/myamr_bringup:/home/ray/turtlebot3_ws/install/turtlebot3:/home/ray/turtlebot3_ws/install/turtlebot3_simulations:/home/ray/turtlebot3_ws/install/turtlebot3_bringup:/home/ray/turtlebot3_ws/install/turtlebot3_node:/home/ray/turtlebot3_ws/install/turtlebot3_navigation2:/home/ray/turtlebot3_ws/install/turtlebot3_gazebo:/home/ray/turtlebot3_ws/install/turtlebot3_fake_node:/home/ray/turtlebot3_ws/install/turtlebot3_description:/home/ray/turtlebot3_ws/install/turtlebot3_cartographer:/home/ray/autonomous_tb3_ws/install/autonomous_tb3:/home/ray/turtlebot3_ws/install/turtlebot3_teleop:/home/ray/turtlebot3_ws/install/turtlebot3_example:/home/ray/turtlebot3_ws/install/my_robot_test:/home/ray/autonomous_tb3_ws/src/install/autonomous_tb3:/opt/ros/humble /usr/bin/cmake --build /home/ray/autonomous_robot/build/myamr_bringup -- -j8 -l8
[0.044s] Invoking command in '/home/ray/autonomous_robot/build/myamr_bringup': CMAKE_PREFIX_PATH=/home/ray/autonomous_robot/install/myamr_mapping:/home/ray/autonomous_robot/install/myamr_localization:/home/ray/autonomous_robot/install/myamr_description:/home/ray/autonomous_robot/install/myamr_controller:/home/ray/autonomous_robot/install/myamr_bringup:/home/ray/turtlebot3_ws/install/turtlebot3:/home/ray/turtlebot3_ws/install/turtlebot3_simulations:/home/ray/turtlebot3_ws/install/turtlebot3_bringup:/home/ray/turtlebot3_ws/install/turtlebot3_node:/home/ray/turtlebot3_ws/install/turtlebot3_navigation2:/home/ray/turtlebot3_ws/install/turtlebot3_gazebo:/home/ray/turtlebot3_ws/install/turtlebot3_fake_node:/home/ray/turtlebot3_ws/install/turtlebot3_description:/home/ray/turtlebot3_ws/install/turtlebot3_cartographer:/home/ray/autonomous_tb3_ws/install/autonomous_tb3:/home/ray/turtlebot3_ws/install/turtlebot3_teleop:/home/ray/turtlebot3_ws/install/turtlebot3_example:/home/ray/turtlebot3_ws/install/my_robot_test:/home/ray/autonomous_tb3_ws/src/install/autonomous_tb3:/opt/ros/humble /usr/bin/cmake --install /home/ray/autonomous_robot/build/myamr_bringup
[0.050s] -- Install configuration: ""
[0.051s] -- Up-to-date: /home/ray/autonomous_robot/install/myamr_bringup/share/myamr_bringup/launch
[0.051s] -- Up-to-date: /home/ray/autonomous_robot/install/myamr_bringup/share/myamr_bringup/launch/simulated_robot.launch.py
[0.051s] -- Up-to-date: /home/ray/autonomous_robot/install/myamr_bringup/share/myamr_bringup/launch/real_robot.launch.py
[0.051s] -- Up-to-date: /home/ray/autonomous_robot/install/myamr_bringup/share/ament_index/resource_index/package_run_dependencies/myamr_bringup
[0.051s] -- Up-to-date: /home/ray/autonomous_robot/install/myamr_bringup/share/ament_index/resource_index/parent_prefix_path/myamr_bringup
[0.051s] -- Up-to-date: /home/ray/autonomous_robot/install/myamr_bringup/share/myamr_bringup/environment/ament_prefix_path.sh
[0.051s] -- Up-to-date: /home/ray/autonomous_robot/install/myamr_bringup/share/myamr_bringup/environment/ament_prefix_path.dsv
[0.051s] -- Up-to-date: /home/ray/autonomous_robot/install/myamr_bringup/share/myamr_bringup/environment/path.sh
[0.051s] -- Up-to-date: /home/ray/autonomous_robot/install/myamr_bringup/share/myamr_bringup/environment/path.dsv
[0.051s] -- Up-to-date: /home/ray/autonomous_robot/install/myamr_bringup/share/myamr_bringup/local_setup.bash
[0.051s] -- Up-to-date: /home/ray/autonomous_robot/install/myamr_bringup/share/myamr_bringup/local_setup.sh
[0.051s] -- Up-to-date: /home/ray/autonomous_robot/install/myamr_bringup/share/myamr_bringup/local_setup.zsh
[0.051s] -- Up-to-date: /home/ray/autonomous_robot/install/myamr_bringup/share/myamr_bringup/local_setup.dsv
[0.051s] -- Installing: /home/ray/autonomous_robot/install/myamr_bringup/share/myamr_bringup/package.dsv
[0.051s] -- Up-to-date: /home/ray/autonomous_robot/install/myamr_bringup/share/ament_index/resource_index/packages/myamr_bringup
[0.051s] -- Up-to-date: /home/ray/autonomous_robot/install/myamr_bringup/share/myamr_bringup/cmake/myamr_bringupConfig.cmake
[0.052s] -- Up-to-date: /home/ray/autonomous_robot/install/myamr_bringup/share/myamr_bringup/cmake/myamr_bringupConfig-version.cmake
[0.052s] -- Up-to-date: /home/ray/autonomous_robot/install/myamr_bringup/share/myamr_bringup/package.xml
[0.054s] Invoked command in '/home/ray/autonomous_robot/build/myamr_bringup' returned '0': CMAKE_PREFIX_PATH=/home/ray/autonomous_robot/install/myamr_mapping:/home/ray/autonomous_robot/install/myamr_localization:/home/ray/autonomous_robot/install/myamr_description:/home/ray/autonomous_robot/install/myamr_controller:/home/ray/autonomous_robot/install/myamr_bringup:/home/ray/turtlebot3_ws/install/turtlebot3:/home/ray/turtlebot3_ws/install/turtlebot3_simulations:/home/ray/turtlebot3_ws/install/turtlebot3_bringup:/home/ray/turtlebot3_ws/install/turtlebot3_node:/home/ray/turtlebot3_ws/install/turtlebot3_navigation2:/home/ray/turtlebot3_ws/install/turtlebot3_gazebo:/home/ray/turtlebot3_ws/install/turtlebot3_fake_node:/home/ray/turtlebot3_ws/install/turtlebot3_description:/home/ray/turtlebot3_ws/install/turtlebot3_cartographer:/home/ray/autonomous_tb3_ws/install/autonomous_tb3:/home/ray/turtlebot3_ws/install/turtlebot3_teleop:/home/ray/turtlebot3_ws/install/turtlebot3_example:/home/ray/turtlebot3_ws/install/my_robot_test:/home/ray/autonomous_tb3_ws/src/install/autonomous_tb3:/opt/ros/humble /usr/bin/cmake --install /home/ray/autonomous_robot/build/myamr_bringup
