[0.693s] Invoking command in '/home/ray/autonomous_robot/src/myamr_files': PYTHONPATH=/home/ray/autonomous_robot/build/myamr_files/prefix_override:/usr/lib/python3/dist-packages/colcon_core/task/python/colcon_distutils_commands:/home/ray/autonomous_robot/install/myamr_files/lib/python3.10/site-packages:${PYTHONPATH} /usr/bin/python3 -W ignore:setup.py install is deprecated -W ignore:easy_install command is deprecated setup.py egg_info --egg-base ../../build/myamr_files build --build-base /home/ray/autonomous_robot/build/myamr_files/build install --record /home/ray/autonomous_robot/build/myamr_files/install.log --single-version-externally-managed install_data
[0.957s] running egg_info
[0.957s] writing ../../build/myamr_files/myamr_files.egg-info/PKG-INFO
[0.957s] writing dependency_links to ../../build/myamr_files/myamr_files.egg-info/dependency_links.txt
[0.957s] writing entry points to ../../build/myamr_files/myamr_files.egg-info/entry_points.txt
[0.957s] writing requirements to ../../build/myamr_files/myamr_files.egg-info/requires.txt
[0.958s] writing top-level names to ../../build/myamr_files/myamr_files.egg-info/top_level.txt
[0.959s] reading manifest file '../../build/myamr_files/myamr_files.egg-info/SOURCES.txt'
[0.960s] writing manifest file '../../build/myamr_files/myamr_files.egg-info/SOURCES.txt'
[0.960s] running build
[0.960s] running build_py
[0.960s] running install
[0.960s] running install_lib
[0.962s] running install_data
[0.962s] running install_egg_info
[0.964s] removing '/home/ray/autonomous_robot/install/myamr_files/lib/python3.10/site-packages/myamr_files-0.0.0-py3.10.egg-info' (and everything under it)
[0.965s] Copying ../../build/myamr_files/myamr_files.egg-info to /home/ray/autonomous_robot/install/myamr_files/lib/python3.10/site-packages/myamr_files-0.0.0-py3.10.egg-info
[0.966s] running install_scripts
[0.988s] writing list of installed files to '/home/ray/autonomous_robot/build/myamr_files/install.log'
[1.011s] Invoked command in '/home/ray/autonomous_robot/src/myamr_files' returned '0': PYTHONPATH=/home/ray/autonomous_robot/build/myamr_files/prefix_override:/usr/lib/python3/dist-packages/colcon_core/task/python/colcon_distutils_commands:/home/ray/autonomous_robot/install/myamr_files/lib/python3.10/site-packages:${PYTHONPATH} /usr/bin/python3 -W ignore:setup.py install is deprecated -W ignore:easy_install command is deprecated setup.py egg_info --egg-base ../../build/myamr_files build --build-base /home/ray/autonomous_robot/build/myamr_files/build install --record /home/ray/autonomous_robot/build/myamr_files/install.log --single-version-externally-managed install_data
