[0.033s] Invoking command in '/home/ray/autonomous_robot/build/myrobot_mapping': CMAKE_PREFIX_PATH=${CMAKE_PREFIX_PATH}:/home/ray/autonomous_robot/install/myamr_files:/home/ray/autonomous_tb3_ws/install/autonomous_tb3:/home/ray/turtlebot3_ws/install/turtlebot3_teleop:/home/ray/turtlebot3_ws/install/turtlebot3_example:/home/ray/turtlebot3_ws/install/my_robot_test:/home/ray/autonomous_tb3_ws/src/install/autonomous_tb3:/opt/ros/humble /usr/bin/cmake /home/ray/autonomous_robot/src/myrobot_mapping -DCMAKE_INSTALL_PREFIX=/home/ray/autonomous_robot/install/myrobot_mapping
[0.048s] -- Found ament_cmake: 1.3.11 (/opt/ros/humble/share/ament_cmake/cmake)
[0.227s] -- Found rclcpp: 16.0.12 (/opt/ros/humble/share/rclcpp/cmake)
[0.263s] -- Found rosidl_generator_c: 3.1.6 (/opt/ros/humble/share/rosidl_generator_c/cmake)
[0.265s] -- Found rosidl_adapter: 3.1.6 (/opt/ros/humble/share/rosidl_adapter/cmake)
[0.271s] -- Found rosidl_generator_cpp: 3.1.6 (/opt/ros/humble/share/rosidl_generator_cpp/cmake)
[0.283s] -- Using all available rosidl_typesupport_c: rosidl_typesupport_fastrtps_c;rosidl_typesupport_introspection_c
[0.304s] -- Using all available rosidl_typesupport_cpp: rosidl_typesupport_fastrtps_cpp;rosidl_typesupport_introspection_cpp
[0.347s] -- Found rmw_implementation_cmake: 6.1.2 (/opt/ros/humble/share/rmw_implementation_cmake/cmake)
[0.349s] -- Found rmw_fastrtps_cpp: 6.2.7 (/opt/ros/humble/share/rmw_fastrtps_cpp/cmake)
[0.469s] -- Using RMW implementation 'rmw_fastrtps_cpp' as default
[0.544s] -- Found rclpy: 3.3.16 (/opt/ros/humble/share/rclpy/cmake)
[0.544s] -- Found sensor_msgs: 4.9.0 (/opt/ros/humble/share/sensor_msgs/cmake)
[0.592s] -- Found nav_msgs: 4.9.0 (/opt/ros/humble/share/nav_msgs/cmake)
[0.623s] -- Found tf2_ros: 0.25.13 (/opt/ros/humble/share/tf2_ros/cmake)
[0.807s] [31mCMake Error at CMakeLists.txt:29 (install):
[0.807s]   install TARGETS given target "mapping_with_known_poses" which does not
[0.807s]   exist.
[0.807s] 
[0.807s] [0m
[0.901s] -- Configuring incomplete, errors occurred!
[0.902s] See also "/home/ray/autonomous_robot/build/myrobot_mapping/CMakeFiles/CMakeOutput.log".
[0.920s] Invoked command in '/home/ray/autonomous_robot/build/myrobot_mapping' returned '1': CMAKE_PREFIX_PATH=${CMAKE_PREFIX_PATH}:/home/ray/autonomous_robot/install/myamr_files:/home/ray/autonomous_tb3_ws/install/autonomous_tb3:/home/ray/turtlebot3_ws/install/turtlebot3_teleop:/home/ray/turtlebot3_ws/install/turtlebot3_example:/home/ray/turtlebot3_ws/install/my_robot_test:/home/ray/autonomous_tb3_ws/src/install/autonomous_tb3:/opt/ros/humble /usr/bin/cmake /home/ray/autonomous_robot/src/myrobot_mapping -DCMAKE_INSTALL_PREFIX=/home/ray/autonomous_robot/install/myrobot_mapping
