[0.031s] Invoking command in '/home/ray/autonomous_robot/build/myrobot_localization': CMAKE_PREFIX_PATH=${CMAKE_PREFIX_PATH}:/home/ray/autonomous_robot/install/myamr_files:/home/ray/autonomous_tb3_ws/install/autonomous_tb3:/home/ray/turtlebot3_ws/install/turtlebot3_teleop:/home/ray/turtlebot3_ws/install/turtlebot3_example:/home/ray/turtlebot3_ws/install/my_robot_test:/home/ray/autonomous_tb3_ws/src/install/autonomous_tb3:/opt/ros/humble /usr/bin/cmake --build /home/ray/autonomous_robot/build/myrobot_localization -- -j8 -l8
[0.060s] -- Found ament_cmake: 1.3.11 (/opt/ros/humble/share/ament_cmake/cmake)
[0.227s] -- Found rclcpp: 16.0.12 (/opt/ros/humble/share/rclcpp/cmake)
[0.269s] -- Found rosidl_generator_c: 3.1.6 (/opt/ros/humble/share/rosidl_generator_c/cmake)
[0.273s] -- Found rosidl_adapter: 3.1.6 (/opt/ros/humble/share/rosidl_adapter/cmake)
[0.282s] -- Found rosidl_generator_cpp: 3.1.6 (/opt/ros/humble/share/rosidl_generator_cpp/cmake)
[0.299s] -- Using all available rosidl_typesupport_c: rosidl_typesupport_fastrtps_c;rosidl_typesupport_introspection_c
[0.322s] -- Using all available rosidl_typesupport_cpp: rosidl_typesupport_fastrtps_cpp;rosidl_typesupport_introspection_cpp
[0.377s] -- Found rmw_implementation_cmake: 6.1.2 (/opt/ros/humble/share/rmw_implementation_cmake/cmake)
[0.380s] -- Found rmw_fastrtps_cpp: 6.2.7 (/opt/ros/humble/share/rmw_fastrtps_cpp/cmake)
[0.540s] -- Using RMW implementation 'rmw_fastrtps_cpp' as default
[0.619s] -- Found rclpy: 3.3.16 (/opt/ros/humble/share/rclpy/cmake)
[0.619s] -- Found nav_msgs: 4.9.0 (/opt/ros/humble/share/nav_msgs/cmake)
[0.667s] -- Found sensor_msgs: 4.9.0 (/opt/ros/humble/share/sensor_msgs/cmake)
[0.695s] -- Found tf2: 0.25.13 (/opt/ros/humble/share/tf2/cmake)
[0.926s] -- Configuring done
[0.933s] -- Generating done
[0.938s] -- Build files have been written to: /home/ray/autonomous_robot/build/myrobot_localization
[1.003s] Built target ament_cmake_python_copy_myrobot_localization
[1.268s] running egg_info
[1.269s] writing myrobot_localization.egg-info/PKG-INFO
[1.269s] writing dependency_links to myrobot_localization.egg-info/dependency_links.txt
[1.269s] writing top-level names to myrobot_localization.egg-info/top_level.txt
[1.271s] reading manifest file 'myrobot_localization.egg-info/SOURCES.txt'
[1.272s] writing manifest file 'myrobot_localization.egg-info/SOURCES.txt'
[1.307s] Built target ament_cmake_python_build_myrobot_localization_egg
