-- The C compiler identification is GNU 11.4.0
-- The CXX compiler identification is GNU 11.4.0
-- Detecting C compiler ABI info
-- Detecting C compiler ABI info - done
-- Check for working C compiler: /usr/bin/cc - skipped
-- Detecting C compile features
-- Detecting C compile features - done
-- Detecting CXX compiler ABI info
-- Detecting CXX compiler ABI info - done
-- Check for working CXX compiler: /usr/bin/c++ - skipped
-- Detecting CXX compile features
-- Detecting CXX compile features - done
-- Found ament_cmake: 1.3.11 (/opt/ros/humble/share/ament_cmake/cmake)
-- Found Python3: /usr/bin/python3 (found version "3.10.12") found components: Interpreter 
-- Found rclcpp: 16.0.12 (/opt/ros/humble/share/rclcpp/cmake)
-- Found rosidl_generator_c: 3.1.6 (/opt/ros/humble/share/rosidl_generator_c/cmake)
-- Found rosidl_adapter: 3.1.6 (/opt/ros/humble/share/rosidl_adapter/cmake)
-- Found rosidl_generator_cpp: 3.1.6 (/opt/ros/humble/share/rosidl_generator_cpp/cmake)
-- Using all available rosidl_typesupport_c: rosidl_typesupport_fastrtps_c;rosidl_typesupport_introspection_c
-- Using all available rosidl_typesupport_cpp: rosidl_typesupport_fastrtps_cpp;rosidl_typesupport_introspection_cpp
-- Found rmw_implementation_cmake: 6.1.2 (/opt/ros/humble/share/rmw_implementation_cmake/cmake)
-- Found rmw_fastrtps_cpp: 6.2.7 (/opt/ros/humble/share/rmw_fastrtps_cpp/cmake)
-- Found OpenSSL: /usr/lib/x86_64-linux-gnu/libcrypto.so (found version "3.0.2")  
-- Found FastRTPS: /opt/ros/humble/include  
-- Using RMW implementation 'rmw_fastrtps_cpp' as default
-- Looking for pthread.h
-- Looking for pthread.h - found
-- Performing Test CMAKE_HAVE_LIBC_PTHREAD
-- Performing Test CMAKE_HAVE_LIBC_PTHREAD - Success
-- Found Threads: TRUE  
-- Found rclpy: 3.3.16 (/opt/ros/humble/share/rclpy/cmake)
-- Found sensor_msgs: 4.9.0 (/opt/ros/humble/share/sensor_msgs/cmake)
-- Found nav_msgs: 4.9.0 (/opt/ros/humble/share/nav_msgs/cmake)
-- Found tf2_ros: 0.25.13 (/opt/ros/humble/share/tf2_ros/cmake)
-- Configuring done
-- Generating done
-- Build files have been written to: /home/ray/autonomous_robot/build/myamr_mapping
[ 50%] [32mBuilding CXX object CMakeFiles/mapping_with_known_poses.dir/src/mapping_with_known_poses.cpp.o[0m
[ 50%] Built target ament_cmake_python_copy_myamr_mapping
running egg_info
creating myamr_mapping.egg-info
writing myamr_mapping.egg-info/PKG-INFO
writing dependency_links to myamr_mapping.egg-info/dependency_links.txt
writing top-level names to myamr_mapping.egg-info/top_level.txt
writing manifest file 'myamr_mapping.egg-info/SOURCES.txt'
reading manifest file 'myamr_mapping.egg-info/SOURCES.txt'
writing manifest file 'myamr_mapping.egg-info/SOURCES.txt'
[ 50%] Built target ament_cmake_python_build_myamr_mapping_egg
[100%] [32m[1mLinking CXX executable mapping_with_known_poses[0m
[100%] Built target mapping_with_known_poses
-- Install configuration: ""
-- Installing: /home/ray/autonomous_robot/install/myamr_mapping/share/myamr_mapping/environment/pythonpath.sh
-- Installing: /home/ray/autonomous_robot/install/myamr_mapping/share/myamr_mapping/environment/pythonpath.dsv
-- Installing: /home/ray/autonomous_robot/install/myamr_mapping/local/lib/python3.10/dist-packages/myamr_mapping-0.0.0-py3.10.egg-info
-- Installing: /home/ray/autonomous_robot/install/myamr_mapping/local/lib/python3.10/dist-packages/myamr_mapping-0.0.0-py3.10.egg-info/SOURCES.txt
-- Installing: /home/ray/autonomous_robot/install/myamr_mapping/local/lib/python3.10/dist-packages/myamr_mapping-0.0.0-py3.10.egg-info/PKG-INFO
-- Installing: /home/ray/autonomous_robot/install/myamr_mapping/local/lib/python3.10/dist-packages/myamr_mapping-0.0.0-py3.10.egg-info/dependency_links.txt
-- Installing: /home/ray/autonomous_robot/install/myamr_mapping/local/lib/python3.10/dist-packages/myamr_mapping-0.0.0-py3.10.egg-info/top_level.txt
-- Installing: /home/ray/autonomous_robot/install/myamr_mapping/local/lib/python3.10/dist-packages/myamr_mapping
-- Installing: /home/ray/autonomous_robot/install/myamr_mapping/local/lib/python3.10/dist-packages/myamr_mapping/mapping_with_known_poses.py
-- Installing: /home/ray/autonomous_robot/install/myamr_mapping/local/lib/python3.10/dist-packages/myamr_mapping/__init__.py
Listing '/home/ray/autonomous_robot/install/myamr_mapping/local/lib/python3.10/dist-packages/myamr_mapping'...
Compiling '/home/ray/autonomous_robot/install/myamr_mapping/local/lib/python3.10/dist-packages/myamr_mapping/__init__.py'...
Compiling '/home/ray/autonomous_robot/install/myamr_mapping/local/lib/python3.10/dist-packages/myamr_mapping/mapping_with_known_poses.py'...
-- Installing: /home/ray/autonomous_robot/install/myamr_mapping/include/include
-- Installing: /home/ray/autonomous_robot/install/myamr_mapping/include/include/myamr_mapping
-- Installing: /home/ray/autonomous_robot/install/myamr_mapping/include/include/myamr_mapping/mapping_with_known_poses.hpp
-- Installing: /home/ray/autonomous_robot/install/myamr_mapping/lib/myamr_mapping/mapping_with_known_poses
-- Set runtime path of "/home/ray/autonomous_robot/install/myamr_mapping/lib/myamr_mapping/mapping_with_known_poses" to ""
-- Installing: /home/ray/autonomous_robot/install/myamr_mapping/share/myamr_mapping/config
-- Installing: /home/ray/autonomous_robot/install/myamr_mapping/share/myamr_mapping/config/slam_toolbox.yaml
-- Installing: /home/ray/autonomous_robot/install/myamr_mapping/share/myamr_mapping/launch
-- Installing: /home/ray/autonomous_robot/install/myamr_mapping/share/myamr_mapping/launch/slam.launch.py
-- Installing: /home/ray/autonomous_robot/install/myamr_mapping/share/myamr_mapping/maps
-- Installing: /home/ray/autonomous_robot/install/myamr_mapping/share/myamr_mapping/maps/small_house
-- Installing: /home/ray/autonomous_robot/install/myamr_mapping/share/myamr_mapping/maps/small_house/map.pgm
-- Installing: /home/ray/autonomous_robot/install/myamr_mapping/share/myamr_mapping/maps/small_house/map.yaml
-- Installing: /home/ray/autonomous_robot/install/myamr_mapping/share/myamr_mapping/maps/small_warehouse
-- Installing: /home/ray/autonomous_robot/install/myamr_mapping/share/myamr_mapping/maps/small_warehouse/map.pgm
-- Installing: /home/ray/autonomous_robot/install/myamr_mapping/share/myamr_mapping/maps/small_warehouse/map.yaml
-- Installing: /home/ray/autonomous_robot/install/myamr_mapping/share/myamr_mapping/rviz
-- Installing: /home/ray/autonomous_robot/install/myamr_mapping/share/myamr_mapping/rviz/slam.rviz
-- Installing: /home/ray/autonomous_robot/install/myamr_mapping/lib/myamr_mapping/mapping_with_known_poses.py
-- Installing: /home/ray/autonomous_robot/install/myamr_mapping/share/ament_index/resource_index/package_run_dependencies/myamr_mapping
-- Installing: /home/ray/autonomous_robot/install/myamr_mapping/share/ament_index/resource_index/parent_prefix_path/myamr_mapping
-- Installing: /home/ray/autonomous_robot/install/myamr_mapping/share/myamr_mapping/environment/ament_prefix_path.sh
-- Installing: /home/ray/autonomous_robot/install/myamr_mapping/share/myamr_mapping/environment/ament_prefix_path.dsv
-- Installing: /home/ray/autonomous_robot/install/myamr_mapping/share/myamr_mapping/environment/path.sh
-- Installing: /home/ray/autonomous_robot/install/myamr_mapping/share/myamr_mapping/environment/path.dsv
-- Installing: /home/ray/autonomous_robot/install/myamr_mapping/share/myamr_mapping/local_setup.bash
-- Installing: /home/ray/autonomous_robot/install/myamr_mapping/share/myamr_mapping/local_setup.sh
-- Installing: /home/ray/autonomous_robot/install/myamr_mapping/share/myamr_mapping/local_setup.zsh
-- Installing: /home/ray/autonomous_robot/install/myamr_mapping/share/myamr_mapping/local_setup.dsv
-- Installing: /home/ray/autonomous_robot/install/myamr_mapping/share/myamr_mapping/package.dsv
-- Installing: /home/ray/autonomous_robot/install/myamr_mapping/share/ament_index/resource_index/packages/myamr_mapping
-- Installing: /home/ray/autonomous_robot/install/myamr_mapping/share/myamr_mapping/cmake/myamr_mappingConfig.cmake
-- Installing: /home/ray/autonomous_robot/install/myamr_mapping/share/myamr_mapping/cmake/myamr_mappingConfig-version.cmake
-- Installing: /home/ray/autonomous_robot/install/myamr_mapping/share/myamr_mapping/package.xml
