[0.014s] Invoking command in '/home/ray/autonomous_robot/build/myamr_mapping': CMAKE_PREFIX_PATH=${CMAKE_PREFIX_PATH}:/home/ray/autonomous_tb3_ws/install/autonomous_tb3:/home/ray/turtlebot3_ws/install/turtlebot3_teleop:/home/ray/turtlebot3_ws/install/turtlebot3_example:/home/ray/turtlebot3_ws/install/my_robot_test:/home/ray/autonomous_tb3_ws/src/install/autonomous_tb3:/opt/ros/humble /usr/bin/cmake /home/ray/autonomous_robot/myamr_mapping -DCMAKE_INSTALL_PREFIX=/home/ray/autonomous_robot/install/myamr_mapping
[0.056s] -- The C compiler identification is GNU 11.4.0
[0.098s] -- The CXX compiler identification is GNU 11.4.0
[0.104s] -- Detecting C compiler ABI info
[0.156s] -- Detecting C compiler ABI info - done
[0.163s] -- Check for working C compiler: /usr/bin/cc - skipped
[0.163s] -- Detecting C compile features
[0.164s] -- Detecting C compile features - done
[0.167s] -- Detecting CXX compiler ABI info
[0.231s] -- Detecting CXX compiler ABI info - done
[0.237s] -- Check for working CXX compiler: /usr/bin/c++ - skipped
[0.237s] -- Detecting CXX compile features
[0.237s] -- Detecting CXX compile features - done
[0.239s] -- Found ament_cmake: 1.3.11 (/opt/ros/humble/share/ament_cmake/cmake)
[0.363s] -- Found Python3: /usr/bin/python3 (found version "3.10.12") found components: Interpreter 
[0.455s] -- Found rclcpp: 16.0.12 (/opt/ros/humble/share/rclcpp/cmake)
[0.491s] -- Found rosidl_generator_c: 3.1.6 (/opt/ros/humble/share/rosidl_generator_c/cmake)
[0.496s] -- Found rosidl_adapter: 3.1.6 (/opt/ros/humble/share/rosidl_adapter/cmake)
[0.503s] -- Found rosidl_generator_cpp: 3.1.6 (/opt/ros/humble/share/rosidl_generator_cpp/cmake)
[0.514s] -- Using all available rosidl_typesupport_c: rosidl_typesupport_fastrtps_c;rosidl_typesupport_introspection_c
[0.528s] -- Using all available rosidl_typesupport_cpp: rosidl_typesupport_fastrtps_cpp;rosidl_typesupport_introspection_cpp
[0.563s] -- Found rmw_implementation_cmake: 6.1.2 (/opt/ros/humble/share/rmw_implementation_cmake/cmake)
[0.566s] -- Found rmw_fastrtps_cpp: 6.2.7 (/opt/ros/humble/share/rmw_fastrtps_cpp/cmake)
[0.632s] -- Found OpenSSL: /usr/lib/x86_64-linux-gnu/libcrypto.so (found version "3.0.2")  
[0.664s] -- Found FastRTPS: /opt/ros/humble/include  
[0.700s] -- Using RMW implementation 'rmw_fastrtps_cpp' as default
[0.709s] -- Looking for pthread.h
[0.762s] -- Looking for pthread.h - found
[0.763s] -- Performing Test CMAKE_HAVE_LIBC_PTHREAD
[0.827s] -- Performing Test CMAKE_HAVE_LIBC_PTHREAD - Success
[0.828s] -- Found Threads: TRUE  
[0.870s] -- Found rclpy: 3.3.16 (/opt/ros/humble/share/rclpy/cmake)
[0.871s] -- Found sensor_msgs: 4.9.0 (/opt/ros/humble/share/sensor_msgs/cmake)
[0.896s] -- Found nav_msgs: 4.9.0 (/opt/ros/humble/share/nav_msgs/cmake)
[0.910s] -- Found tf2_ros: 0.25.13 (/opt/ros/humble/share/tf2_ros/cmake)
[1.127s] -- Configuring done
[1.141s] -- Generating done
[1.144s] -- Build files have been written to: /home/ray/autonomous_robot/build/myamr_mapping
[1.152s] Invoked command in '/home/ray/autonomous_robot/build/myamr_mapping' returned '0': CMAKE_PREFIX_PATH=${CMAKE_PREFIX_PATH}:/home/ray/autonomous_tb3_ws/install/autonomous_tb3:/home/ray/turtlebot3_ws/install/turtlebot3_teleop:/home/ray/turtlebot3_ws/install/turtlebot3_example:/home/ray/turtlebot3_ws/install/my_robot_test:/home/ray/autonomous_tb3_ws/src/install/autonomous_tb3:/opt/ros/humble /usr/bin/cmake /home/ray/autonomous_robot/myamr_mapping -DCMAKE_INSTALL_PREFIX=/home/ray/autonomous_robot/install/myamr_mapping
[1.153s] Invoking command in '/home/ray/autonomous_robot/build/myamr_mapping': CMAKE_PREFIX_PATH=${CMAKE_PREFIX_PATH}:/home/ray/autonomous_tb3_ws/install/autonomous_tb3:/home/ray/turtlebot3_ws/install/turtlebot3_teleop:/home/ray/turtlebot3_ws/install/turtlebot3_example:/home/ray/turtlebot3_ws/install/my_robot_test:/home/ray/autonomous_tb3_ws/src/install/autonomous_tb3:/opt/ros/humble /usr/bin/cmake --build /home/ray/autonomous_robot/build/myamr_mapping -- -j8 -l8
[1.194s] [ 50%] [32mBuilding CXX object CMakeFiles/mapping_with_known_poses.dir/src/mapping_with_known_poses.cpp.o[0m
[1.202s] [ 50%] Built target ament_cmake_python_copy_myamr_mapping
[1.524s] running egg_info
[1.525s] creating myamr_mapping.egg-info
[1.525s] writing myamr_mapping.egg-info/PKG-INFO
[1.526s] writing dependency_links to myamr_mapping.egg-info/dependency_links.txt
[1.526s] writing top-level names to myamr_mapping.egg-info/top_level.txt
[1.526s] writing manifest file 'myamr_mapping.egg-info/SOURCES.txt'
[1.529s] reading manifest file 'myamr_mapping.egg-info/SOURCES.txt'
[1.530s] writing manifest file 'myamr_mapping.egg-info/SOURCES.txt'
[1.565s] [ 50%] Built target ament_cmake_python_build_myamr_mapping_egg
[8.788s] [100%] [32m[1mLinking CXX executable mapping_with_known_poses[0m
[9.201s] [100%] Built target mapping_with_known_poses
[9.213s] Invoked command in '/home/ray/autonomous_robot/build/myamr_mapping' returned '0': CMAKE_PREFIX_PATH=${CMAKE_PREFIX_PATH}:/home/ray/autonomous_tb3_ws/install/autonomous_tb3:/home/ray/turtlebot3_ws/install/turtlebot3_teleop:/home/ray/turtlebot3_ws/install/turtlebot3_example:/home/ray/turtlebot3_ws/install/my_robot_test:/home/ray/autonomous_tb3_ws/src/install/autonomous_tb3:/opt/ros/humble /usr/bin/cmake --build /home/ray/autonomous_robot/build/myamr_mapping -- -j8 -l8
[9.214s] Invoking command in '/home/ray/autonomous_robot/build/myamr_mapping': CMAKE_PREFIX_PATH=${CMAKE_PREFIX_PATH}:/home/ray/autonomous_tb3_ws/install/autonomous_tb3:/home/ray/turtlebot3_ws/install/turtlebot3_teleop:/home/ray/turtlebot3_ws/install/turtlebot3_example:/home/ray/turtlebot3_ws/install/my_robot_test:/home/ray/autonomous_tb3_ws/src/install/autonomous_tb3:/opt/ros/humble /usr/bin/cmake --install /home/ray/autonomous_robot/build/myamr_mapping
[9.220s] -- Install configuration: ""
[9.220s] -- Installing: /home/ray/autonomous_robot/install/myamr_mapping/share/myamr_mapping/environment/pythonpath.sh
[9.220s] -- Installing: /home/ray/autonomous_robot/install/myamr_mapping/share/myamr_mapping/environment/pythonpath.dsv
[9.220s] -- Installing: /home/ray/autonomous_robot/install/myamr_mapping/local/lib/python3.10/dist-packages/myamr_mapping-0.0.0-py3.10.egg-info
[9.220s] -- Installing: /home/ray/autonomous_robot/install/myamr_mapping/local/lib/python3.10/dist-packages/myamr_mapping-0.0.0-py3.10.egg-info/SOURCES.txt
[9.220s] -- Installing: /home/ray/autonomous_robot/install/myamr_mapping/local/lib/python3.10/dist-packages/myamr_mapping-0.0.0-py3.10.egg-info/PKG-INFO
[9.220s] -- Installing: /home/ray/autonomous_robot/install/myamr_mapping/local/lib/python3.10/dist-packages/myamr_mapping-0.0.0-py3.10.egg-info/dependency_links.txt
[9.220s] -- Installing: /home/ray/autonomous_robot/install/myamr_mapping/local/lib/python3.10/dist-packages/myamr_mapping-0.0.0-py3.10.egg-info/top_level.txt
[9.220s] -- Installing: /home/ray/autonomous_robot/install/myamr_mapping/local/lib/python3.10/dist-packages/myamr_mapping
[9.220s] -- Installing: /home/ray/autonomous_robot/install/myamr_mapping/local/lib/python3.10/dist-packages/myamr_mapping/mapping_with_known_poses.py
[9.220s] -- Installing: /home/ray/autonomous_robot/install/myamr_mapping/local/lib/python3.10/dist-packages/myamr_mapping/__init__.py
[9.249s] Listing '/home/ray/autonomous_robot/install/myamr_mapping/local/lib/python3.10/dist-packages/myamr_mapping'...
[9.249s] Compiling '/home/ray/autonomous_robot/install/myamr_mapping/local/lib/python3.10/dist-packages/myamr_mapping/__init__.py'...
[9.249s] Compiling '/home/ray/autonomous_robot/install/myamr_mapping/local/lib/python3.10/dist-packages/myamr_mapping/mapping_with_known_poses.py'...
[9.252s] -- Installing: /home/ray/autonomous_robot/install/myamr_mapping/include/include
[9.252s] -- Installing: /home/ray/autonomous_robot/install/myamr_mapping/include/include/myamr_mapping
[9.252s] -- Installing: /home/ray/autonomous_robot/install/myamr_mapping/include/include/myamr_mapping/mapping_with_known_poses.hpp
[9.252s] -- Installing: /home/ray/autonomous_robot/install/myamr_mapping/lib/myamr_mapping/mapping_with_known_poses
[9.254s] -- Set runtime path of "/home/ray/autonomous_robot/install/myamr_mapping/lib/myamr_mapping/mapping_with_known_poses" to ""
[9.254s] -- Installing: /home/ray/autonomous_robot/install/myamr_mapping/share/myamr_mapping/config
[9.254s] -- Installing: /home/ray/autonomous_robot/install/myamr_mapping/share/myamr_mapping/config/slam_toolbox.yaml
[9.254s] -- Installing: /home/ray/autonomous_robot/install/myamr_mapping/share/myamr_mapping/launch
[9.254s] -- Installing: /home/ray/autonomous_robot/install/myamr_mapping/share/myamr_mapping/launch/slam.launch.py
[9.254s] -- Installing: /home/ray/autonomous_robot/install/myamr_mapping/share/myamr_mapping/maps
[9.254s] -- Installing: /home/ray/autonomous_robot/install/myamr_mapping/share/myamr_mapping/maps/small_house
[9.254s] -- Installing: /home/ray/autonomous_robot/install/myamr_mapping/share/myamr_mapping/maps/small_house/map.pgm
[9.254s] -- Installing: /home/ray/autonomous_robot/install/myamr_mapping/share/myamr_mapping/maps/small_house/map.yaml
[9.255s] -- Installing: /home/ray/autonomous_robot/install/myamr_mapping/share/myamr_mapping/maps/small_warehouse
[9.255s] -- Installing: /home/ray/autonomous_robot/install/myamr_mapping/share/myamr_mapping/maps/small_warehouse/map.pgm
[9.255s] -- Installing: /home/ray/autonomous_robot/install/myamr_mapping/share/myamr_mapping/maps/small_warehouse/map.yaml
[9.255s] -- Installing: /home/ray/autonomous_robot/install/myamr_mapping/share/myamr_mapping/rviz
[9.255s] -- Installing: /home/ray/autonomous_robot/install/myamr_mapping/share/myamr_mapping/rviz/slam.rviz
[9.255s] -- Installing: /home/ray/autonomous_robot/install/myamr_mapping/lib/myamr_mapping/mapping_with_known_poses.py
[9.255s] -- Installing: /home/ray/autonomous_robot/install/myamr_mapping/share/ament_index/resource_index/package_run_dependencies/myamr_mapping
[9.255s] -- Installing: /home/ray/autonomous_robot/install/myamr_mapping/share/ament_index/resource_index/parent_prefix_path/myamr_mapping
[9.255s] -- Installing: /home/ray/autonomous_robot/install/myamr_mapping/share/myamr_mapping/environment/ament_prefix_path.sh
[9.255s] -- Installing: /home/ray/autonomous_robot/install/myamr_mapping/share/myamr_mapping/environment/ament_prefix_path.dsv
[9.255s] -- Installing: /home/ray/autonomous_robot/install/myamr_mapping/share/myamr_mapping/environment/path.sh
[9.255s] -- Installing: /home/ray/autonomous_robot/install/myamr_mapping/share/myamr_mapping/environment/path.dsv
[9.255s] -- Installing: /home/ray/autonomous_robot/install/myamr_mapping/share/myamr_mapping/local_setup.bash
[9.255s] -- Installing: /home/ray/autonomous_robot/install/myamr_mapping/share/myamr_mapping/local_setup.sh
[9.255s] -- Installing: /home/ray/autonomous_robot/install/myamr_mapping/share/myamr_mapping/local_setup.zsh
[9.256s] -- Installing: /home/ray/autonomous_robot/install/myamr_mapping/share/myamr_mapping/local_setup.dsv
[9.256s] -- Installing: /home/ray/autonomous_robot/install/myamr_mapping/share/myamr_mapping/package.dsv
[9.256s] -- Installing: /home/ray/autonomous_robot/install/myamr_mapping/share/ament_index/resource_index/packages/myamr_mapping
[9.256s] -- Installing: /home/ray/autonomous_robot/install/myamr_mapping/share/myamr_mapping/cmake/myamr_mappingConfig.cmake
[9.256s] -- Installing: /home/ray/autonomous_robot/install/myamr_mapping/share/myamr_mapping/cmake/myamr_mappingConfig-version.cmake
[9.256s] -- Installing: /home/ray/autonomous_robot/install/myamr_mapping/share/myamr_mapping/package.xml
[9.258s] Invoked command in '/home/ray/autonomous_robot/build/myamr_mapping' returned '0': CMAKE_PREFIX_PATH=${CMAKE_PREFIX_PATH}:/home/ray/autonomous_tb3_ws/install/autonomous_tb3:/home/ray/turtlebot3_ws/install/turtlebot3_teleop:/home/ray/turtlebot3_ws/install/turtlebot3_example:/home/ray/turtlebot3_ws/install/my_robot_test:/home/ray/autonomous_tb3_ws/src/install/autonomous_tb3:/opt/ros/humble /usr/bin/cmake --install /home/ray/autonomous_robot/build/myamr_mapping
