-- Found ament_cmake: 1.3.11 (/opt/ros/humble/share/ament_cmake/cmake)
-- Found rclcpp: 16.0.12 (/opt/ros/humble/share/rclcpp/cmake)
-- Found rosidl_generator_c: 3.1.6 (/opt/ros/humble/share/rosidl_generator_c/cmake)
-- Found rosidl_adapter: 3.1.6 (/opt/ros/humble/share/rosidl_adapter/cmake)
-- Found rosidl_generator_cpp: 3.1.6 (/opt/ros/humble/share/rosidl_generator_cpp/cmake)
-- Using all available rosidl_typesupport_c: rosidl_typesupport_fastrtps_c;rosidl_typesupport_introspection_c
-- Using all available rosidl_typesupport_cpp: rosidl_typesupport_fastrtps_cpp;rosidl_typesupport_introspection_cpp
-- Found rmw_implementation_cmake: 6.1.2 (/opt/ros/humble/share/rmw_implementation_cmake/cmake)
-- Found rmw_fastrtps_cpp: 6.2.7 (/opt/ros/humble/share/rmw_fastrtps_cpp/cmake)
-- Found OpenSSL: /usr/lib/x86_64-linux-gnu/libcrypto.so (found version "3.0.2")  
-- Found FastRTPS: /opt/ros/humble/include  
-- Using RMW implementation 'rmw_fastrtps_cpp' as default
-- Looking for pthread.h
-- Looking for pthread.h - found
-- Performing Test CMAKE_HAVE_LIBC_PTHREAD
-- Performing Test CMAKE_HAVE_LIBC_PTHREAD - Success
-- Found Threads: TRUE  
-- Found rclpy: 3.3.16 (/opt/ros/humble/share/rclpy/cmake)
-- Found geometry_msgs: 4.9.0 (/opt/ros/humble/share/geometry_msgs/cmake)
-- Found sensor_msgs: 4.9.0 (/opt/ros/humble/share/sensor_msgs/cmake)
-- Found nav_msgs: 4.9.0 (/opt/ros/humble/share/nav_msgs/cmake)
-- Found tf2_ros: 0.25.13 (/opt/ros/humble/share/tf2_ros/cmake)
-- Configuring done
-- Generating done
-- Build files have been written to: /home/ray/autonomous_robot/build/myrobot_controller
[ 25%] [32mBuilding CXX object CMakeFiles/simple_controller.dir/src/simple_controller.cpp.o[0m
[ 50%] [32mBuilding CXX object CMakeFiles/noisy_controller.dir/src/noisy_controller.cpp.o[0m
[ 50%] Built target ament_cmake_python_copy_myrobot_controller
running egg_info
creating myrobot_controller.egg-info
writing myrobot_controller.egg-info/PKG-INFO
writing dependency_links to myrobot_controller.egg-info/dependency_links.txt
writing top-level names to myrobot_controller.egg-info/top_level.txt
writing manifest file 'myrobot_controller.egg-info/SOURCES.txt'
reading manifest file 'myrobot_controller.egg-info/SOURCES.txt'
writing manifest file 'myrobot_controller.egg-info/SOURCES.txt'
[ 50%] Built target ament_cmake_python_build_myrobot_controller_egg
[ 75%] [32m[1mLinking CXX executable noisy_controller[0m
[ 75%] Built target noisy_controller
[100%] [32m[1mLinking CXX executable simple_controller[0m
[100%] Built target simple_controller
-- Install configuration: ""
-- Installing: /home/ray/autonomous_robot/install/myrobot_controller/share/myrobot_controller/environment/pythonpath.sh
-- Installing: /home/ray/autonomous_robot/install/myrobot_controller/share/myrobot_controller/environment/pythonpath.dsv
-- Installing: /home/ray/autonomous_robot/install/myrobot_controller/local/lib/python3.10/dist-packages/myrobot_controller-0.0.0-py3.10.egg-info
-- Installing: /home/ray/autonomous_robot/install/myrobot_controller/local/lib/python3.10/dist-packages/myrobot_controller-0.0.0-py3.10.egg-info/SOURCES.txt
-- Installing: /home/ray/autonomous_robot/install/myrobot_controller/local/lib/python3.10/dist-packages/myrobot_controller-0.0.0-py3.10.egg-info/PKG-INFO
-- Installing: /home/ray/autonomous_robot/install/myrobot_controller/local/lib/python3.10/dist-packages/myrobot_controller-0.0.0-py3.10.egg-info/dependency_links.txt
-- Installing: /home/ray/autonomous_robot/install/myrobot_controller/local/lib/python3.10/dist-packages/myrobot_controller-0.0.0-py3.10.egg-info/top_level.txt
-- Installing: /home/ray/autonomous_robot/install/myrobot_controller/local/lib/python3.10/dist-packages/myrobot_controller
-- Installing: /home/ray/autonomous_robot/install/myrobot_controller/local/lib/python3.10/dist-packages/myrobot_controller/simple_controller.py
-- Installing: /home/ray/autonomous_robot/install/myrobot_controller/local/lib/python3.10/dist-packages/myrobot_controller/noisy_controller.py
-- Installing: /home/ray/autonomous_robot/install/myrobot_controller/local/lib/python3.10/dist-packages/myrobot_controller/__init__.py
Listing '/home/ray/autonomous_robot/install/myrobot_controller/local/lib/python3.10/dist-packages/myrobot_controller'...
Compiling '/home/ray/autonomous_robot/install/myrobot_controller/local/lib/python3.10/dist-packages/myrobot_controller/__init__.py'...
Compiling '/home/ray/autonomous_robot/install/myrobot_controller/local/lib/python3.10/dist-packages/myrobot_controller/noisy_controller.py'...
Compiling '/home/ray/autonomous_robot/install/myrobot_controller/local/lib/python3.10/dist-packages/myrobot_controller/simple_controller.py'...
-- Installing: /home/ray/autonomous_robot/install/myrobot_controller/include/include
-- Installing: /home/ray/autonomous_robot/install/myrobot_controller/include/include/bumperbot_controller
-- Installing: /home/ray/autonomous_robot/install/myrobot_controller/include/include/bumperbot_controller/noisy_controller.hpp
-- Installing: /home/ray/autonomous_robot/install/myrobot_controller/include/include/bumperbot_controller/simple_controller.hpp
-- Installing: /home/ray/autonomous_robot/install/myrobot_controller/lib/myrobot_controller/simple_controller
-- Set runtime path of "/home/ray/autonomous_robot/install/myrobot_controller/lib/myrobot_controller/simple_controller" to ""
-- Installing: /home/ray/autonomous_robot/install/myrobot_controller/lib/myrobot_controller/noisy_controller
-- Set runtime path of "/home/ray/autonomous_robot/install/myrobot_controller/lib/myrobot_controller/noisy_controller" to ""
-- Up-to-date: /home/ray/autonomous_robot/install/myrobot_controller/share/myrobot_controller/launch
-- Installing: /home/ray/autonomous_robot/install/myrobot_controller/share/myrobot_controller/launch/joystick_teleop.launch.py
-- Installing: /home/ray/autonomous_robot/install/myrobot_controller/share/myrobot_controller/launch/controller.launch.py
-- Up-to-date: /home/ray/autonomous_robot/install/myrobot_controller/share/myrobot_controller/config
-- Installing: /home/ray/autonomous_robot/install/myrobot_controller/share/myrobot_controller/config/joy_teleop.yaml
-- Installing: /home/ray/autonomous_robot/install/myrobot_controller/share/myrobot_controller/config/joy_config.yaml
-- Installing: /home/ray/autonomous_robot/install/myrobot_controller/share/myrobot_controller/config/bumperbot_controllers.yaml
-- Installing: /home/ray/autonomous_robot/install/myrobot_controller/lib/myrobot_controller/simple_controller.py
-- Installing: /home/ray/autonomous_robot/install/myrobot_controller/lib/myrobot_controller/noisy_controller.py
-- Installing: /home/ray/autonomous_robot/install/myrobot_controller/share/ament_index/resource_index/package_run_dependencies/myrobot_controller
-- Installing: /home/ray/autonomous_robot/install/myrobot_controller/share/ament_index/resource_index/parent_prefix_path/myrobot_controller
-- Up-to-date: /home/ray/autonomous_robot/install/myrobot_controller/share/myrobot_controller/environment/ament_prefix_path.sh
-- Installing: /home/ray/autonomous_robot/install/myrobot_controller/share/myrobot_controller/environment/ament_prefix_path.dsv
-- Up-to-date: /home/ray/autonomous_robot/install/myrobot_controller/share/myrobot_controller/environment/path.sh
-- Installing: /home/ray/autonomous_robot/install/myrobot_controller/share/myrobot_controller/environment/path.dsv
-- Up-to-date: /home/ray/autonomous_robot/install/myrobot_controller/share/myrobot_controller/local_setup.bash
-- Installing: /home/ray/autonomous_robot/install/myrobot_controller/share/myrobot_controller/local_setup.sh
-- Up-to-date: /home/ray/autonomous_robot/install/myrobot_controller/share/myrobot_controller/local_setup.zsh
-- Installing: /home/ray/autonomous_robot/install/myrobot_controller/share/myrobot_controller/local_setup.dsv
-- Installing: /home/ray/autonomous_robot/install/myrobot_controller/share/myrobot_controller/package.dsv
-- Up-to-date: /home/ray/autonomous_robot/install/myrobot_controller/share/ament_index/resource_index/packages/myrobot_controller
-- Up-to-date: /home/ray/autonomous_robot/install/myrobot_controller/share/myrobot_controller/cmake/myrobot_controllerConfig.cmake
-- Up-to-date: /home/ray/autonomous_robot/install/myrobot_controller/share/myrobot_controller/cmake/myrobot_controllerConfig-version.cmake
-- Installing: /home/ray/autonomous_robot/install/myrobot_controller/share/myrobot_controller/package.xml
