[0.237s] Invoking command in '/home/ray/autonomous_robot/build/myrobot_controller': CMAKE_PREFIX_PATH=${CMAKE_PREFIX_PATH}:/home/ray/autonomous_robot/install/myamr_files:/home/ray/autonomous_tb3_ws/install/autonomous_tb3:/home/ray/turtlebot3_ws/install/turtlebot3_teleop:/home/ray/turtlebot3_ws/install/turtlebot3_example:/home/ray/turtlebot3_ws/install/my_robot_test:/home/ray/autonomous_tb3_ws/src/install/autonomous_tb3:/opt/ros/humble /usr/bin/cmake --build /home/ray/autonomous_robot/build/myrobot_controller -- -j8 -l8
[0.258s] -- Found ament_cmake: 1.3.11 (/opt/ros/humble/share/ament_cmake/cmake)
[0.406s] -- Found rclcpp: 16.0.12 (/opt/ros/humble/share/rclcpp/cmake)
[0.462s] -- Found rosidl_generator_c: 3.1.6 (/opt/ros/humble/share/rosidl_generator_c/cmake)
[0.469s] -- Found rosidl_adapter: 3.1.6 (/opt/ros/humble/share/rosidl_adapter/cmake)
[0.480s] -- Found rosidl_generator_cpp: 3.1.6 (/opt/ros/humble/share/rosidl_generator_cpp/cmake)
[0.496s] -- Using all available rosidl_typesupport_c: rosidl_typesupport_fastrtps_c;rosidl_typesupport_introspection_c
[0.516s] -- Using all available rosidl_typesupport_cpp: rosidl_typesupport_fastrtps_cpp;rosidl_typesupport_introspection_cpp
[0.571s] -- Found rmw_implementation_cmake: 6.1.2 (/opt/ros/humble/share/rmw_implementation_cmake/cmake)
[0.575s] -- Found rmw_fastrtps_cpp: 6.2.7 (/opt/ros/humble/share/rmw_fastrtps_cpp/cmake)
[0.669s] -- Found OpenSSL: /usr/lib/x86_64-linux-gnu/libcrypto.so (found version "3.0.2")  
[0.704s] -- Found FastRTPS: /opt/ros/humble/include  
[0.754s] -- Using RMW implementation 'rmw_fastrtps_cpp' as default
[0.765s] -- Looking for pthread.h
[0.835s] -- Looking for pthread.h - found
[0.835s] -- Performing Test CMAKE_HAVE_LIBC_PTHREAD
[0.905s] -- Performing Test CMAKE_HAVE_LIBC_PTHREAD - Success
[0.906s] -- Found Threads: TRUE  
[0.968s] -- Found rclpy: 3.3.16 (/opt/ros/humble/share/rclpy/cmake)
[0.971s] -- Found geometry_msgs: 4.9.0 (/opt/ros/humble/share/geometry_msgs/cmake)
[0.984s] -- Found sensor_msgs: 4.9.0 (/opt/ros/humble/share/sensor_msgs/cmake)
[1.001s] -- Found nav_msgs: 4.9.0 (/opt/ros/humble/share/nav_msgs/cmake)
[1.028s] -- Found tf2_ros: 0.25.13 (/opt/ros/humble/share/tf2_ros/cmake)
[1.343s] -- Configuring done
[1.358s] -- Generating done
[1.365s] -- Build files have been written to: /home/ray/autonomous_robot/build/myrobot_controller
[1.398s] [ 25%] [32mBuilding CXX object CMakeFiles/simple_controller.dir/src/simple_controller.cpp.o[0m
[1.398s] [ 50%] [32mBuilding CXX object CMakeFiles/noisy_controller.dir/src/noisy_controller.cpp.o[0m
[1.407s] [ 50%] Built target ament_cmake_python_copy_myrobot_controller
[1.665s] running egg_info
[1.666s] creating myrobot_controller.egg-info
[1.666s] writing myrobot_controller.egg-info/PKG-INFO
[1.666s] writing dependency_links to myrobot_controller.egg-info/dependency_links.txt
[1.666s] writing top-level names to myrobot_controller.egg-info/top_level.txt
[1.666s] writing manifest file 'myrobot_controller.egg-info/SOURCES.txt'
[1.668s] reading manifest file 'myrobot_controller.egg-info/SOURCES.txt'
[1.669s] writing manifest file 'myrobot_controller.egg-info/SOURCES.txt'
[1.694s] [ 50%] Built target ament_cmake_python_build_myrobot_controller_egg
[10.119s] [ 75%] [32m[1mLinking CXX executable noisy_controller[0m
[10.619s] [ 75%] Built target noisy_controller
[13.932s] [100%] [32m[1mLinking CXX executable simple_controller[0m
[14.628s] [100%] Built target simple_controller
[14.640s] Invoked command in '/home/ray/autonomous_robot/build/myrobot_controller' returned '0': CMAKE_PREFIX_PATH=${CMAKE_PREFIX_PATH}:/home/ray/autonomous_robot/install/myamr_files:/home/ray/autonomous_tb3_ws/install/autonomous_tb3:/home/ray/turtlebot3_ws/install/turtlebot3_teleop:/home/ray/turtlebot3_ws/install/turtlebot3_example:/home/ray/turtlebot3_ws/install/my_robot_test:/home/ray/autonomous_tb3_ws/src/install/autonomous_tb3:/opt/ros/humble /usr/bin/cmake --build /home/ray/autonomous_robot/build/myrobot_controller -- -j8 -l8
[14.641s] Invoking command in '/home/ray/autonomous_robot/build/myrobot_controller': CMAKE_PREFIX_PATH=${CMAKE_PREFIX_PATH}:/home/ray/autonomous_robot/install/myamr_files:/home/ray/autonomous_tb3_ws/install/autonomous_tb3:/home/ray/turtlebot3_ws/install/turtlebot3_teleop:/home/ray/turtlebot3_ws/install/turtlebot3_example:/home/ray/turtlebot3_ws/install/my_robot_test:/home/ray/autonomous_tb3_ws/src/install/autonomous_tb3:/opt/ros/humble /usr/bin/cmake --install /home/ray/autonomous_robot/build/myrobot_controller
[14.650s] -- Install configuration: ""
[14.650s] -- Installing: /home/ray/autonomous_robot/install/myrobot_controller/share/myrobot_controller/environment/pythonpath.sh
[14.650s] -- Installing: /home/ray/autonomous_robot/install/myrobot_controller/share/myrobot_controller/environment/pythonpath.dsv
[14.650s] -- Installing: /home/ray/autonomous_robot/install/myrobot_controller/local/lib/python3.10/dist-packages/myrobot_controller-0.0.0-py3.10.egg-info
[14.650s] -- Installing: /home/ray/autonomous_robot/install/myrobot_controller/local/lib/python3.10/dist-packages/myrobot_controller-0.0.0-py3.10.egg-info/SOURCES.txt
[14.650s] -- Installing: /home/ray/autonomous_robot/install/myrobot_controller/local/lib/python3.10/dist-packages/myrobot_controller-0.0.0-py3.10.egg-info/PKG-INFO
[14.650s] -- Installing: /home/ray/autonomous_robot/install/myrobot_controller/local/lib/python3.10/dist-packages/myrobot_controller-0.0.0-py3.10.egg-info/dependency_links.txt
[14.650s] -- Installing: /home/ray/autonomous_robot/install/myrobot_controller/local/lib/python3.10/dist-packages/myrobot_controller-0.0.0-py3.10.egg-info/top_level.txt
[14.650s] -- Installing: /home/ray/autonomous_robot/install/myrobot_controller/local/lib/python3.10/dist-packages/myrobot_controller
[14.651s] -- Installing: /home/ray/autonomous_robot/install/myrobot_controller/local/lib/python3.10/dist-packages/myrobot_controller/simple_controller.py
[14.651s] -- Installing: /home/ray/autonomous_robot/install/myrobot_controller/local/lib/python3.10/dist-packages/myrobot_controller/noisy_controller.py
[14.651s] -- Installing: /home/ray/autonomous_robot/install/myrobot_controller/local/lib/python3.10/dist-packages/myrobot_controller/__init__.py
[14.690s] Listing '/home/ray/autonomous_robot/install/myrobot_controller/local/lib/python3.10/dist-packages/myrobot_controller'...
[14.690s] Compiling '/home/ray/autonomous_robot/install/myrobot_controller/local/lib/python3.10/dist-packages/myrobot_controller/__init__.py'...
[14.690s] Compiling '/home/ray/autonomous_robot/install/myrobot_controller/local/lib/python3.10/dist-packages/myrobot_controller/noisy_controller.py'...
[14.690s] Compiling '/home/ray/autonomous_robot/install/myrobot_controller/local/lib/python3.10/dist-packages/myrobot_controller/simple_controller.py'...
[14.695s] -- Installing: /home/ray/autonomous_robot/install/myrobot_controller/include/include
[14.695s] -- Installing: /home/ray/autonomous_robot/install/myrobot_controller/include/include/bumperbot_controller
[14.695s] -- Installing: /home/ray/autonomous_robot/install/myrobot_controller/include/include/bumperbot_controller/noisy_controller.hpp
[14.695s] -- Installing: /home/ray/autonomous_robot/install/myrobot_controller/include/include/bumperbot_controller/simple_controller.hpp
[14.695s] -- Installing: /home/ray/autonomous_robot/install/myrobot_controller/lib/myrobot_controller/simple_controller
[14.699s] -- Set runtime path of "/home/ray/autonomous_robot/install/myrobot_controller/lib/myrobot_controller/simple_controller" to ""
[14.699s] -- Installing: /home/ray/autonomous_robot/install/myrobot_controller/lib/myrobot_controller/noisy_controller
[14.702s] -- Set runtime path of "/home/ray/autonomous_robot/install/myrobot_controller/lib/myrobot_controller/noisy_controller" to ""
[14.702s] -- Up-to-date: /home/ray/autonomous_robot/install/myrobot_controller/share/myrobot_controller/launch
[14.702s] -- Installing: /home/ray/autonomous_robot/install/myrobot_controller/share/myrobot_controller/launch/joystick_teleop.launch.py
[14.702s] -- Installing: /home/ray/autonomous_robot/install/myrobot_controller/share/myrobot_controller/launch/controller.launch.py
[14.702s] -- Up-to-date: /home/ray/autonomous_robot/install/myrobot_controller/share/myrobot_controller/config
[14.702s] -- Installing: /home/ray/autonomous_robot/install/myrobot_controller/share/myrobot_controller/config/joy_teleop.yaml
[14.702s] -- Installing: /home/ray/autonomous_robot/install/myrobot_controller/share/myrobot_controller/config/joy_config.yaml
[14.702s] -- Installing: /home/ray/autonomous_robot/install/myrobot_controller/share/myrobot_controller/config/bumperbot_controllers.yaml
[14.703s] -- Installing: /home/ray/autonomous_robot/install/myrobot_controller/lib/myrobot_controller/simple_controller.py
[14.703s] -- Installing: /home/ray/autonomous_robot/install/myrobot_controller/lib/myrobot_controller/noisy_controller.py
[14.703s] -- Installing: /home/ray/autonomous_robot/install/myrobot_controller/share/ament_index/resource_index/package_run_dependencies/myrobot_controller
[14.703s] -- Installing: /home/ray/autonomous_robot/install/myrobot_controller/share/ament_index/resource_index/parent_prefix_path/myrobot_controller
[14.703s] -- Up-to-date: /home/ray/autonomous_robot/install/myrobot_controller/share/myrobot_controller/environment/ament_prefix_path.sh
[14.703s] -- Installing: /home/ray/autonomous_robot/install/myrobot_controller/share/myrobot_controller/environment/ament_prefix_path.dsv
[14.703s] -- Up-to-date: /home/ray/autonomous_robot/install/myrobot_controller/share/myrobot_controller/environment/path.sh
[14.703s] -- Installing: /home/ray/autonomous_robot/install/myrobot_controller/share/myrobot_controller/environment/path.dsv
[14.703s] -- Up-to-date: /home/ray/autonomous_robot/install/myrobot_controller/share/myrobot_controller/local_setup.bash
[14.703s] -- Installing: /home/ray/autonomous_robot/install/myrobot_controller/share/myrobot_controller/local_setup.sh
[14.703s] -- Up-to-date: /home/ray/autonomous_robot/install/myrobot_controller/share/myrobot_controller/local_setup.zsh
[14.703s] -- Installing: /home/ray/autonomous_robot/install/myrobot_controller/share/myrobot_controller/local_setup.dsv
[14.703s] -- Installing: /home/ray/autonomous_robot/install/myrobot_controller/share/myrobot_controller/package.dsv
[14.703s] -- Up-to-date: /home/ray/autonomous_robot/install/myrobot_controller/share/ament_index/resource_index/packages/myrobot_controller
[14.704s] -- Up-to-date: /home/ray/autonomous_robot/install/myrobot_controller/share/myrobot_controller/cmake/myrobot_controllerConfig.cmake
[14.704s] -- Up-to-date: /home/ray/autonomous_robot/install/myrobot_controller/share/myrobot_controller/cmake/myrobot_controllerConfig-version.cmake
[14.704s] -- Installing: /home/ray/autonomous_robot/install/myrobot_controller/share/myrobot_controller/package.xml
[14.706s] Invoked command in '/home/ray/autonomous_robot/build/myrobot_controller' returned '0': CMAKE_PREFIX_PATH=${CMAKE_PREFIX_PATH}:/home/ray/autonomous_robot/install/myamr_files:/home/ray/autonomous_tb3_ws/install/autonomous_tb3:/home/ray/turtlebot3_ws/install/turtlebot3_teleop:/home/ray/turtlebot3_ws/install/turtlebot3_example:/home/ray/turtlebot3_ws/install/my_robot_test:/home/ray/autonomous_tb3_ws/src/install/autonomous_tb3:/opt/ros/humble /usr/bin/cmake --install /home/ray/autonomous_robot/build/myrobot_controller
