[0.029s] Invoking command in '/home/ray/autonomous_robot/build/bumperbot_localization': CMAKE_PREFIX_PATH=${CMAKE_PREFIX_PATH}:/home/ray/autonomous_robot/install/myamr_files:/home/ray/autonomous_tb3_ws/install/autonomous_tb3:/home/ray/turtlebot3_ws/install/turtlebot3_teleop:/home/ray/turtlebot3_ws/install/turtlebot3_example:/home/ray/turtlebot3_ws/install/my_robot_test:/home/ray/autonomous_tb3_ws/src/install/autonomous_tb3:/opt/ros/humble /usr/bin/cmake /home/ray/autonomous_robot/src/myrobot_localization -DCMAKE_INSTALL_PREFIX=/home/ray/autonomous_robot/install/bumperbot_localization
[0.095s] -- The C compiler identification is GNU 11.4.0
[0.161s] -- The CXX compiler identification is GNU 11.4.0
[0.169s] -- Detecting C compiler ABI info
[0.245s] -- Detecting C compiler ABI info - done
[0.254s] -- Check for working C compiler: /usr/bin/cc - skipped
[0.255s] -- Detecting C compile features
[0.255s] -- Detecting C compile features - done
[0.259s] -- Detecting CXX compiler ABI info
[0.366s] -- Detecting CXX compiler ABI info - done
[0.379s] -- Check for working CXX compiler: /usr/bin/c++ - skipped
[0.380s] -- Detecting CXX compile features
[0.380s] -- Detecting CXX compile features - done
[0.385s] -- Found ament_cmake: 1.3.11 (/opt/ros/humble/share/ament_cmake/cmake)
[0.583s] -- Found Python3: /usr/bin/python3 (found version "3.10.12") found components: Interpreter 
[0.726s] -- Found rclcpp: 16.0.12 (/opt/ros/humble/share/rclcpp/cmake)
[0.819s] -- Found rosidl_generator_c: 3.1.6 (/opt/ros/humble/share/rosidl_generator_c/cmake)
[0.839s] -- Found rosidl_adapter: 3.1.6 (/opt/ros/humble/share/rosidl_adapter/cmake)
[0.857s] -- Found rosidl_generator_cpp: 3.1.6 (/opt/ros/humble/share/rosidl_generator_cpp/cmake)
[0.883s] -- Using all available rosidl_typesupport_c: rosidl_typesupport_fastrtps_c;rosidl_typesupport_introspection_c
[0.945s] -- Using all available rosidl_typesupport_cpp: rosidl_typesupport_fastrtps_cpp;rosidl_typesupport_introspection_cpp
[1.067s] -- Found rmw_implementation_cmake: 6.1.2 (/opt/ros/humble/share/rmw_implementation_cmake/cmake)
[1.074s] -- Found rmw_fastrtps_cpp: 6.2.7 (/opt/ros/humble/share/rmw_fastrtps_cpp/cmake)
[1.215s] -- Found OpenSSL: /usr/lib/x86_64-linux-gnu/libcrypto.so (found version "3.0.2")  
[1.260s] -- Found FastRTPS: /opt/ros/humble/include  
[1.322s] -- Using RMW implementation 'rmw_fastrtps_cpp' as default
[1.343s] -- Looking for pthread.h
[1.417s] -- Looking for pthread.h - found
[1.417s] -- Performing Test CMAKE_HAVE_LIBC_PTHREAD
[1.540s] -- Performing Test CMAKE_HAVE_LIBC_PTHREAD - Success
[1.540s] -- Found Threads: TRUE  
[1.642s] -- Found rclpy: 3.3.16 (/opt/ros/humble/share/rclpy/cmake)
[1.647s] -- Found nav_msgs: 4.9.0 (/opt/ros/humble/share/nav_msgs/cmake)
[1.704s] -- Found sensor_msgs: 4.9.0 (/opt/ros/humble/share/sensor_msgs/cmake)
[1.742s] -- Found tf2: 0.25.13 (/opt/ros/humble/share/tf2/cmake)
[1.896s] -- Configuring incomplete, errors occurred!
[1.896s] See also "/home/ray/autonomous_robot/build/bumperbot_localization/CMakeFiles/CMakeOutput.log".
[1.897s] [31mCMake Error at /opt/ros/humble/share/ament_cmake_python/cmake/ament_python_install_package.cmake:66 (message):
[1.897s]   ament_python_install_package() the Python package folder
[1.897s]   '/home/ray/autonomous_robot/src/myrobot_localization/bumperbot_localization'
[1.898s]   doesn't contain an '__init__.py' file
[1.898s] Call Stack (most recent call first):
[1.898s]   /opt/ros/humble/share/ament_cmake_python/cmake/ament_python_install_package.cmake:39 (_ament_cmake_python_install_package)
[1.898s]   CMakeLists.txt:29 (ament_python_install_package)
[1.898s] 
[1.898s] [0m
