[0.193s] Invoking command in '/home/ray/autonomous_robot/build/myrobot_description': CMAKE_PREFIX_PATH=${CMAKE_PREFIX_PATH}:/home/ray/autonomous_tb3_ws/install/autonomous_tb3:/home/ray/turtlebot3_ws/install/turtlebot3_teleop:/home/ray/turtlebot3_ws/install/turtlebot3_example:/home/ray/turtlebot3_ws/install/my_robot_test:/home/ray/autonomous_tb3_ws/src/install/autonomous_tb3:/opt/ros/humble /usr/bin/cmake --build /home/ray/autonomous_robot/build/myrobot_description -- -j8 -l8
[0.209s] -- Found ament_cmake: 1.3.11 (/opt/ros/humble/share/ament_cmake/cmake)
[0.307s] -- Found ament_lint_auto: 0.12.12 (/opt/ros/humble/share/ament_lint_auto/cmake)
[0.364s] -- Added test 'flake8' to check Python code syntax and style conventions
[0.364s] -- Added test 'lint_cmake' to check CMake code style
[0.365s] -- Added test 'pep257' to check Python code against some of the docstring style conventions in PEP 257
[0.366s] -- Added test 'xmllint' to check XML markup files
[0.366s] -- Configuring done
[0.368s] -- Generating done
[0.369s] -- Build files have been written to: /home/ray/autonomous_robot/build/myrobot_description
[0.387s] Invoked command in '/home/ray/autonomous_robot/build/myrobot_description' returned '0': CMAKE_PREFIX_PATH=${CMAKE_PREFIX_PATH}:/home/ray/autonomous_tb3_ws/install/autonomous_tb3:/home/ray/turtlebot3_ws/install/turtlebot3_teleop:/home/ray/turtlebot3_ws/install/turtlebot3_example:/home/ray/turtlebot3_ws/install/my_robot_test:/home/ray/autonomous_tb3_ws/src/install/autonomous_tb3:/opt/ros/humble /usr/bin/cmake --build /home/ray/autonomous_robot/build/myrobot_description -- -j8 -l8
[0.396s] Invoking command in '/home/ray/autonomous_robot/build/myrobot_description': CMAKE_PREFIX_PATH=${CMAKE_PREFIX_PATH}:/home/ray/autonomous_tb3_ws/install/autonomous_tb3:/home/ray/turtlebot3_ws/install/turtlebot3_teleop:/home/ray/turtlebot3_ws/install/turtlebot3_example:/home/ray/turtlebot3_ws/install/my_robot_test:/home/ray/autonomous_tb3_ws/src/install/autonomous_tb3:/opt/ros/humble /usr/bin/cmake --install /home/ray/autonomous_robot/build/myrobot_description
[0.401s] -- Install configuration: ""
[0.401s] -- Installing: /home/ray/autonomous_robot/install/myrobot_description/share/ament_index/resource_index/package_run_dependencies/myrobot_description
[0.401s] -- Installing: /home/ray/autonomous_robot/install/myrobot_description/share/ament_index/resource_index/parent_prefix_path/myrobot_description
[0.401s] -- Up-to-date: /home/ray/autonomous_robot/install/myrobot_description/share/myrobot_description/environment/ament_prefix_path.sh
[0.402s] -- Installing: /home/ray/autonomous_robot/install/myrobot_description/share/myrobot_description/environment/ament_prefix_path.dsv
[0.402s] -- Up-to-date: /home/ray/autonomous_robot/install/myrobot_description/share/myrobot_description/environment/path.sh
[0.402s] -- Installing: /home/ray/autonomous_robot/install/myrobot_description/share/myrobot_description/environment/path.dsv
[0.402s] -- Up-to-date: /home/ray/autonomous_robot/install/myrobot_description/share/myrobot_description/local_setup.bash
[0.402s] -- Up-to-date: /home/ray/autonomous_robot/install/myrobot_description/share/myrobot_description/local_setup.sh
[0.402s] -- Up-to-date: /home/ray/autonomous_robot/install/myrobot_description/share/myrobot_description/local_setup.zsh
[0.402s] -- Installing: /home/ray/autonomous_robot/install/myrobot_description/share/myrobot_description/local_setup.dsv
[0.402s] -- Installing: /home/ray/autonomous_robot/install/myrobot_description/share/myrobot_description/package.dsv
[0.402s] -- Up-to-date: /home/ray/autonomous_robot/install/myrobot_description/share/ament_index/resource_index/packages/myrobot_description
[0.402s] -- Up-to-date: /home/ray/autonomous_robot/install/myrobot_description/share/myrobot_description/cmake/myrobot_descriptionConfig.cmake
[0.402s] -- Up-to-date: /home/ray/autonomous_robot/install/myrobot_description/share/myrobot_description/cmake/myrobot_descriptionConfig-version.cmake
[0.402s] -- Installing: /home/ray/autonomous_robot/install/myrobot_description/share/myrobot_description/package.xml
[0.404s] Invoked command in '/home/ray/autonomous_robot/build/myrobot_description' returned '0': CMAKE_PREFIX_PATH=${CMAKE_PREFIX_PATH}:/home/ray/autonomous_tb3_ws/install/autonomous_tb3:/home/ray/turtlebot3_ws/install/turtlebot3_teleop:/home/ray/turtlebot3_ws/install/turtlebot3_example:/home/ray/turtlebot3_ws/install/my_robot_test:/home/ray/autonomous_tb3_ws/src/install/autonomous_tb3:/opt/ros/humble /usr/bin/cmake --install /home/ray/autonomous_robot/build/myrobot_description
