[0.019s] Invoking command in '/home/ray/autonomous_robot/build/myamr_mapping': CMAKE_PREFIX_PATH=${CMAKE_PREFIX_PATH}:/home/ray/autonomous_tb3_ws/install/autonomous_tb3:/home/ray/turtlebot3_ws/install/turtlebot3_teleop:/home/ray/turtlebot3_ws/install/turtlebot3_example:/home/ray/turtlebot3_ws/install/my_robot_test:/home/ray/autonomous_tb3_ws/src/install/autonomous_tb3:/opt/ros/humble /usr/bin/cmake --build /home/ray/autonomous_robot/build/myamr_mapping -- -j8 -l8
[0.043s] -- Found ament_cmake: 1.3.11 (/opt/ros/humble/share/ament_cmake/cmake)
[0.153s] -- Found rclcpp: 16.0.12 (/opt/ros/humble/share/rclcpp/cmake)
[0.177s] -- Found rosidl_generator_c: 3.1.6 (/opt/ros/humble/share/rosidl_generator_c/cmake)
[0.181s] -- Found rosidl_adapter: 3.1.6 (/opt/ros/humble/share/rosidl_adapter/cmake)
[0.187s] -- Found rosidl_generator_cpp: 3.1.6 (/opt/ros/humble/share/rosidl_generator_cpp/cmake)
[0.196s] -- Using all available rosidl_typesupport_c: rosidl_typesupport_fastrtps_c;rosidl_typesupport_introspection_c
[0.207s] -- Using all available rosidl_typesupport_cpp: rosidl_typesupport_fastrtps_cpp;rosidl_typesupport_introspection_cpp
[0.235s] -- Found rmw_implementation_cmake: 6.1.2 (/opt/ros/humble/share/rmw_implementation_cmake/cmake)
[0.237s] -- Found rmw_fastrtps_cpp: 6.2.7 (/opt/ros/humble/share/rmw_fastrtps_cpp/cmake)
[0.325s] -- Using RMW implementation 'rmw_fastrtps_cpp' as default
[0.373s] -- Found rclpy: 3.3.16 (/opt/ros/humble/share/rclpy/cmake)
[0.373s] -- Found sensor_msgs: 4.9.0 (/opt/ros/humble/share/sensor_msgs/cmake)
[0.429s] -- Found nav_msgs: 4.9.0 (/opt/ros/humble/share/nav_msgs/cmake)
[0.429s] -- Found tf2_ros: 0.25.13 (/opt/ros/humble/share/tf2_ros/cmake)
[0.598s] -- Configuring done
[0.614s] -- Generating done
[0.623s] -- Build files have been written to: /home/ray/autonomous_robot/build/myamr_mapping
[0.643s] [35m[1mConsolidate compiler generated dependencies of target mapping_with_known_poses[0m
[0.655s] [  0%] Built target ament_cmake_python_copy_myamr_mapping
[0.659s] [100%] Built target mapping_with_known_poses
[0.938s] running egg_info
[0.939s] writing myamr_mapping.egg-info/PKG-INFO
[0.939s] writing dependency_links to myamr_mapping.egg-info/dependency_links.txt
[0.939s] writing top-level names to myamr_mapping.egg-info/top_level.txt
[0.943s] reading manifest file 'myamr_mapping.egg-info/SOURCES.txt'
[0.944s] writing manifest file 'myamr_mapping.egg-info/SOURCES.txt'
[0.973s] [100%] Built target ament_cmake_python_build_myamr_mapping_egg
[0.987s] Invoked command in '/home/ray/autonomous_robot/build/myamr_mapping' returned '0': CMAKE_PREFIX_PATH=${CMAKE_PREFIX_PATH}:/home/ray/autonomous_tb3_ws/install/autonomous_tb3:/home/ray/turtlebot3_ws/install/turtlebot3_teleop:/home/ray/turtlebot3_ws/install/turtlebot3_example:/home/ray/turtlebot3_ws/install/my_robot_test:/home/ray/autonomous_tb3_ws/src/install/autonomous_tb3:/opt/ros/humble /usr/bin/cmake --build /home/ray/autonomous_robot/build/myamr_mapping -- -j8 -l8
[0.989s] Invoking command in '/home/ray/autonomous_robot/build/myamr_mapping': CMAKE_PREFIX_PATH=${CMAKE_PREFIX_PATH}:/home/ray/autonomous_tb3_ws/install/autonomous_tb3:/home/ray/turtlebot3_ws/install/turtlebot3_teleop:/home/ray/turtlebot3_ws/install/turtlebot3_example:/home/ray/turtlebot3_ws/install/my_robot_test:/home/ray/autonomous_tb3_ws/src/install/autonomous_tb3:/opt/ros/humble /usr/bin/cmake --install /home/ray/autonomous_robot/build/myamr_mapping
[0.996s] -- Install configuration: ""
[0.997s] -- Up-to-date: /home/ray/autonomous_robot/install/myamr_mapping/share/myamr_mapping/environment/pythonpath.sh
[0.997s] -- Installing: /home/ray/autonomous_robot/install/myamr_mapping/share/myamr_mapping/environment/pythonpath.dsv
[0.997s] -- Up-to-date: /home/ray/autonomous_robot/install/myamr_mapping/local/lib/python3.10/dist-packages/myamr_mapping-0.0.0-py3.10.egg-info
[0.997s] -- Installing: /home/ray/autonomous_robot/install/myamr_mapping/local/lib/python3.10/dist-packages/myamr_mapping-0.0.0-py3.10.egg-info/SOURCES.txt
[0.997s] -- Installing: /home/ray/autonomous_robot/install/myamr_mapping/local/lib/python3.10/dist-packages/myamr_mapping-0.0.0-py3.10.egg-info/PKG-INFO
[0.997s] -- Installing: /home/ray/autonomous_robot/install/myamr_mapping/local/lib/python3.10/dist-packages/myamr_mapping-0.0.0-py3.10.egg-info/dependency_links.txt
[0.997s] -- Installing: /home/ray/autonomous_robot/install/myamr_mapping/local/lib/python3.10/dist-packages/myamr_mapping-0.0.0-py3.10.egg-info/top_level.txt
[0.997s] -- Up-to-date: /home/ray/autonomous_robot/install/myamr_mapping/local/lib/python3.10/dist-packages/myamr_mapping
[0.997s] -- Up-to-date: /home/ray/autonomous_robot/install/myamr_mapping/local/lib/python3.10/dist-packages/myamr_mapping/mapping_with_known_poses.py
[0.997s] -- Up-to-date: /home/ray/autonomous_robot/install/myamr_mapping/local/lib/python3.10/dist-packages/myamr_mapping/__init__.py
[1.036s] Listing '/home/ray/autonomous_robot/install/myamr_mapping/local/lib/python3.10/dist-packages/myamr_mapping'...
[1.041s] -- Up-to-date: /home/ray/autonomous_robot/install/myamr_mapping/include/include
[1.041s] -- Up-to-date: /home/ray/autonomous_robot/install/myamr_mapping/include/include/myamr_mapping
[1.041s] -- Up-to-date: /home/ray/autonomous_robot/install/myamr_mapping/include/include/myamr_mapping/mapping_with_known_poses.hpp
[1.041s] -- Up-to-date: /home/ray/autonomous_robot/install/myamr_mapping/lib/myamr_mapping/mapping_with_known_poses
[1.041s] -- Up-to-date: /home/ray/autonomous_robot/install/myamr_mapping/share/myamr_mapping/config
[1.041s] -- Up-to-date: /home/ray/autonomous_robot/install/myamr_mapping/share/myamr_mapping/config/slam_toolbox.yaml
[1.041s] -- Up-to-date: /home/ray/autonomous_robot/install/myamr_mapping/share/myamr_mapping/launch
[1.041s] -- Up-to-date: /home/ray/autonomous_robot/install/myamr_mapping/share/myamr_mapping/launch/slam.launch.py
[1.042s] -- Up-to-date: /home/ray/autonomous_robot/install/myamr_mapping/share/myamr_mapping/maps
[1.043s] -- Up-to-date: /home/ray/autonomous_robot/install/myamr_mapping/share/myamr_mapping/maps/small_house
[1.043s] -- Up-to-date: /home/ray/autonomous_robot/install/myamr_mapping/share/myamr_mapping/maps/small_house/map.pgm
[1.043s] -- Up-to-date: /home/ray/autonomous_robot/install/myamr_mapping/share/myamr_mapping/maps/small_house/map.yaml
[1.043s] -- Up-to-date: /home/ray/autonomous_robot/install/myamr_mapping/share/myamr_mapping/maps/small_warehouse
[1.043s] -- Up-to-date: /home/ray/autonomous_robot/install/myamr_mapping/share/myamr_mapping/maps/small_warehouse/map.pgm
[1.043s] -- Up-to-date: /home/ray/autonomous_robot/install/myamr_mapping/share/myamr_mapping/maps/small_warehouse/map.yaml
[1.043s] -- Up-to-date: /home/ray/autonomous_robot/install/myamr_mapping/share/myamr_mapping/rviz
[1.043s] -- Up-to-date: /home/ray/autonomous_robot/install/myamr_mapping/share/myamr_mapping/rviz/slam.rviz
[1.043s] -- Up-to-date: /home/ray/autonomous_robot/install/myamr_mapping/lib/myamr_mapping/mapping_with_known_poses.py
[1.043s] -- Up-to-date: /home/ray/autonomous_robot/install/myamr_mapping/share/ament_index/resource_index/package_run_dependencies/myamr_mapping
[1.043s] -- Up-to-date: /home/ray/autonomous_robot/install/myamr_mapping/share/ament_index/resource_index/parent_prefix_path/myamr_mapping
[1.044s] -- Up-to-date: /home/ray/autonomous_robot/install/myamr_mapping/share/myamr_mapping/environment/ament_prefix_path.sh
[1.044s] -- Installing: /home/ray/autonomous_robot/install/myamr_mapping/share/myamr_mapping/environment/ament_prefix_path.dsv
[1.044s] -- Up-to-date: /home/ray/autonomous_robot/install/myamr_mapping/share/myamr_mapping/environment/path.sh
[1.044s] -- Installing: /home/ray/autonomous_robot/install/myamr_mapping/share/myamr_mapping/environment/path.dsv
[1.044s] -- Up-to-date: /home/ray/autonomous_robot/install/myamr_mapping/share/myamr_mapping/local_setup.bash
[1.044s] -- Up-to-date: /home/ray/autonomous_robot/install/myamr_mapping/share/myamr_mapping/local_setup.sh
[1.044s] -- Up-to-date: /home/ray/autonomous_robot/install/myamr_mapping/share/myamr_mapping/local_setup.zsh
[1.044s] -- Installing: /home/ray/autonomous_robot/install/myamr_mapping/share/myamr_mapping/local_setup.dsv
[1.044s] -- Installing: /home/ray/autonomous_robot/install/myamr_mapping/share/myamr_mapping/package.dsv
[1.044s] -- Up-to-date: /home/ray/autonomous_robot/install/myamr_mapping/share/ament_index/resource_index/packages/myamr_mapping
[1.044s] -- Up-to-date: /home/ray/autonomous_robot/install/myamr_mapping/share/myamr_mapping/cmake/myamr_mappingConfig.cmake
[1.044s] -- Up-to-date: /home/ray/autonomous_robot/install/myamr_mapping/share/myamr_mapping/cmake/myamr_mappingConfig-version.cmake
[1.044s] -- Up-to-date: /home/ray/autonomous_robot/install/myamr_mapping/share/myamr_mapping/package.xml
[1.088s] Invoked command in '/home/ray/autonomous_robot/build/myamr_mapping' returned '0': CMAKE_PREFIX_PATH=${CMAKE_PREFIX_PATH}:/home/ray/autonomous_tb3_ws/install/autonomous_tb3:/home/ray/turtlebot3_ws/install/turtlebot3_teleop:/home/ray/turtlebot3_ws/install/turtlebot3_example:/home/ray/turtlebot3_ws/install/my_robot_test:/home/ray/autonomous_tb3_ws/src/install/autonomous_tb3:/opt/ros/humble /usr/bin/cmake --install /home/ray/autonomous_robot/build/myamr_mapping
