[0.046s] Invoking command in '/home/ray/autonomous_robot/build/myrobot_controller': CMAKE_PREFIX_PATH=${CMAKE_PREFIX_PATH}:/home/ray/autonomous_robot/install/myamr_files:/home/ray/autonomous_tb3_ws/install/autonomous_tb3:/home/ray/turtlebot3_ws/install/turtlebot3_teleop:/home/ray/turtlebot3_ws/install/turtlebot3_example:/home/ray/turtlebot3_ws/install/my_robot_test:/home/ray/autonomous_tb3_ws/src/install/autonomous_tb3:/opt/ros/humble /usr/bin/cmake --build /home/ray/autonomous_robot/build/myrobot_controller -- -j8 -l8
[0.081s] -- Found ament_cmake: 1.3.11 (/opt/ros/humble/share/ament_cmake/cmake)
[0.251s] -- Found rclcpp: 16.0.12 (/opt/ros/humble/share/rclcpp/cmake)
[0.293s] -- Found rosidl_generator_c: 3.1.6 (/opt/ros/humble/share/rosidl_generator_c/cmake)
[0.296s] -- Found rosidl_adapter: 3.1.6 (/opt/ros/humble/share/rosidl_adapter/cmake)
[0.304s] -- Found rosidl_generator_cpp: 3.1.6 (/opt/ros/humble/share/rosidl_generator_cpp/cmake)
[0.316s] -- Using all available rosidl_typesupport_c: rosidl_typesupport_fastrtps_c;rosidl_typesupport_introspection_c
[0.331s] -- Using all available rosidl_typesupport_cpp: rosidl_typesupport_fastrtps_cpp;rosidl_typesupport_introspection_cpp
[0.367s] -- Found rmw_implementation_cmake: 6.1.2 (/opt/ros/humble/share/rmw_implementation_cmake/cmake)
[0.369s] -- Found rmw_fastrtps_cpp: 6.2.7 (/opt/ros/humble/share/rmw_fastrtps_cpp/cmake)
[0.501s] -- Using RMW implementation 'rmw_fastrtps_cpp' as default
[0.567s] -- Found rclpy: 3.3.16 (/opt/ros/humble/share/rclpy/cmake)
[0.567s] -- Found geometry_msgs: 4.9.0 (/opt/ros/humble/share/geometry_msgs/cmake)
[0.581s] -- Found sensor_msgs: 4.9.0 (/opt/ros/humble/share/sensor_msgs/cmake)
[0.601s] -- Found nav_msgs: 4.9.0 (/opt/ros/humble/share/nav_msgs/cmake)
[0.624s] -- Found tf2_ros: 0.25.13 (/opt/ros/humble/share/tf2_ros/cmake)
[1.007s] -- Configuring done
[1.012s] [31mCMake Error at CMakeLists.txt:19 (add_executable):
[1.012s]   Cannot find source file:
[1.012s] 
[1.013s]     src/simple_controller.cpp
[1.013s] 
[1.013s]   Tried extensions .c .C .c++ .cc .cpp .cxx .cu .mpp .m .M .mm .ixx .cppm .h
[1.013s]   .hh .h++ .hm .hpp .hxx .in .txx .f .F .for .f77 .f90 .f95 .f03 .hip .ispc
[1.013s] 
[1.013s] [0m
[1.015s] [31mCMake Error at CMakeLists.txt:22 (add_executable):
[1.015s]   Cannot find source file:
[1.015s] 
[1.015s]     src/noisy_controller.cpp
[1.015s] 
[1.015s]   Tried extensions .c .C .c++ .cc .cpp .cxx .cu .mpp .m .M .mm .ixx .cppm .h
[1.015s]   .hh .h++ .hm .hpp .hxx .in .txx .f .F .for .f77 .f90 .f95 .f03 .hip .ispc
[1.016s] 
[1.016s] [0m
[1.016s] [31mCMake Error at CMakeLists.txt:25 (add_executable):
[1.016s]   Cannot find source file:
[1.016s] 
[1.016s]     src/twist_relay.cpp
[1.016s] 
[1.016s]   Tried extensions .c .C .c++ .cc .cpp .cxx .cu .mpp .m .M .mm .ixx .cppm .h
[1.016s]   .hh .h++ .hm .hpp .hxx .in .txx .f .F .for .f77 .f90 .f95 .f03 .hip .ispc
[1.016s] 
[1.016s] [0m
[1.019s] [31mCMake Error at CMakeLists.txt:19 (add_executable):
[1.019s]   No SOURCES given to target: simple_controller
[1.020s] 
[1.020s] [0m
[1.020s] [31mCMake Error at CMakeLists.txt:22 (add_executable):
[1.020s]   No SOURCES given to target: noisy_controller
[1.020s] 
[1.020s] [0m
[1.020s] [31mCMake Error at CMakeLists.txt:25 (add_executable):
[1.020s]   No SOURCES given to target: twist_relay
[1.020s] 
[1.020s] [0m
[1.020s] [0mCMake Generate step failed.  Build files cannot be regenerated correctly.[0m
[1.032s] gmake: *** [Makefile:336: cmake_check_build_system] Error 1
