Built target ament_cmake_python_copy_myrobot_localization
running egg_info
writing myrobot_localization.egg-info/PKG-INFO
writing dependency_links to myrobot_localization.egg-info/dependency_links.txt
writing top-level names to myrobot_localization.egg-info/top_level.txt
reading manifest file 'myrobot_localization.egg-info/SOURCES.txt'
writing manifest file 'myrobot_localization.egg-info/SOURCES.txt'
Built target ament_cmake_python_build_myrobot_localization_egg
-- Install configuration: ""
-- Up-to-date: /home/ray/autonomous_robot/install/myrobot_localization/share/myrobot_localization/environment/pythonpath.sh
-- Installing: /home/ray/autonomous_robot/install/myrobot_localization/share/myrobot_localization/environment/pythonpath.dsv
-- Up-to-date: /home/ray/autonomous_robot/install/myrobot_localization/local/lib/python3.10/dist-packages/myrobot_localization-0.0.0-py3.10.egg-info
-- Installing: /home/ray/autonomous_robot/install/myrobot_localization/local/lib/python3.10/dist-packages/myrobot_localization-0.0.0-py3.10.egg-info/SOURCES.txt
-- Installing: /home/ray/autonomous_robot/install/myrobot_localization/local/lib/python3.10/dist-packages/myrobot_localization-0.0.0-py3.10.egg-info/PKG-INFO
-- Installing: /home/ray/autonomous_robot/install/myrobot_localization/local/lib/python3.10/dist-packages/myrobot_localization-0.0.0-py3.10.egg-info/dependency_links.txt
-- Installing: /home/ray/autonomous_robot/install/myrobot_localization/local/lib/python3.10/dist-packages/myrobot_localization-0.0.0-py3.10.egg-info/top_level.txt
-- Up-to-date: /home/ray/autonomous_robot/install/myrobot_localization/local/lib/python3.10/dist-packages/myrobot_localization
-- Up-to-date: /home/ray/autonomous_robot/install/myrobot_localization/local/lib/python3.10/dist-packages/myrobot_localization/imu_republisher.py
-- Up-to-date: /home/ray/autonomous_robot/install/myrobot_localization/local/lib/python3.10/dist-packages/myrobot_localization/odometry_motion_model.py
-- Up-to-date: /home/ray/autonomous_robot/install/myrobot_localization/local/lib/python3.10/dist-packages/myrobot_localization/__init__.py
-- Up-to-date: /home/ray/autonomous_robot/install/myrobot_localization/local/lib/python3.10/dist-packages/myrobot_localization/kalman_filter.py
Listing '/home/ray/autonomous_robot/install/myrobot_localization/local/lib/python3.10/dist-packages/myrobot_localization'...
-- Installing: /home/ray/autonomous_robot/install/myrobot_localization/share/myrobot_localization/launch
-- Installing: /home/ray/autonomous_robot/install/myrobot_localization/share/myrobot_localization/launch/local_localization.launch.py
-- Installing: /home/ray/autonomous_robot/install/myrobot_localization/share/myrobot_localization/launch/global_localization.launch.py
-- Installing: /home/ray/autonomous_robot/install/myrobot_localization/share/myrobot_localization/config
-- Installing: /home/ray/autonomous_robot/install/myrobot_localization/share/myrobot_localization/config/amcl.yaml
-- Installing: /home/ray/autonomous_robot/install/myrobot_localization/share/myrobot_localization/config/odometry_motion_model.rviz
-- Installing: /home/ray/autonomous_robot/install/myrobot_localization/share/myrobot_localization/config/ekf.yaml
-- Installing: /home/ray/autonomous_robot/install/myrobot_localization/share/myrobot_localization/rviz
-- Installing: /home/ray/autonomous_robot/install/myrobot_localization/share/myrobot_localization/rviz/global_localization.rviz
-- Installing: /home/ray/autonomous_robot/install/myrobot_localization/lib/myrobot_localization/kalman_filter.py
-- Installing: /home/ray/autonomous_robot/install/myrobot_localization/lib/myrobot_localization/imu_republisher.py
-- Installing: /home/ray/autonomous_robot/install/myrobot_localization/lib/myrobot_localization/odometry_motion_model.py
-- Installing: /home/ray/autonomous_robot/install/myrobot_localization/share/ament_index/resource_index/package_run_dependencies/myrobot_localization
-- Installing: /home/ray/autonomous_robot/install/myrobot_localization/share/ament_index/resource_index/parent_prefix_path/myrobot_localization
-- Installing: /home/ray/autonomous_robot/install/myrobot_localization/share/myrobot_localization/environment/ament_prefix_path.sh
-- Installing: /home/ray/autonomous_robot/install/myrobot_localization/share/myrobot_localization/environment/ament_prefix_path.dsv
-- Installing: /home/ray/autonomous_robot/install/myrobot_localization/share/myrobot_localization/environment/path.sh
-- Installing: /home/ray/autonomous_robot/install/myrobot_localization/share/myrobot_localization/environment/path.dsv
-- Installing: /home/ray/autonomous_robot/install/myrobot_localization/share/myrobot_localization/local_setup.bash
-- Installing: /home/ray/autonomous_robot/install/myrobot_localization/share/myrobot_localization/local_setup.sh
-- Installing: /home/ray/autonomous_robot/install/myrobot_localization/share/myrobot_localization/local_setup.zsh
-- Installing: /home/ray/autonomous_robot/install/myrobot_localization/share/myrobot_localization/local_setup.dsv
-- Installing: /home/ray/autonomous_robot/install/myrobot_localization/share/myrobot_localization/package.dsv
-- Installing: /home/ray/autonomous_robot/install/myrobot_localization/share/ament_index/resource_index/packages/myrobot_localization
-- Installing: /home/ray/autonomous_robot/install/myrobot_localization/share/myrobot_localization/cmake/myrobot_localizationConfig.cmake
-- Installing: /home/ray/autonomous_robot/install/myrobot_localization/share/myrobot_localization/cmake/myrobot_localizationConfig-version.cmake
-- Installing: /home/ray/autonomous_robot/install/myrobot_localization/share/myrobot_localization/package.xml
