[0.111s] DEBUG:colcon:Command line arguments: ['/usr/bin/colcon', 'list', '-p', '--base-paths', '/home/ray/autonomous_robot']
[0.111s] DEBUG:colcon:Parsed command line arguments: Namespace(log_base=None, log_level=None, verb_name='list', build_base='build', ignore_user_meta=False, metas=['./colcon.meta'], base_paths=['/home/ray/autonomous_robot'], packages_ignore=None, packages_ignore_regex=None, paths=None, packages_up_to=None, packages_up_to_regex=None, packages_above=None, packages_above_and_dependencies=None, packages_above_depth=None, packages_select_by_dep=None, packages_skip_by_dep=None, packages_skip_up_to=None, packages_select_build_failed=False, packages_skip_build_finished=False, packages_select_test_failures=False, packages_skip_test_passed=False, packages_select=None, packages_skip=None, packages_select_regex=None, packages_skip_regex=None, packages_start=None, packages_end=None, allow_overriding=[], topological_order=False, names_only=False, paths_only=True, topological_graph=False, topological_graph_dot=False, topological_graph_density=False, topological_graph_legend=False, topological_graph_dot_cluster=False, topological_graph_dot_include_skipped=False, verb_parser=<colcon_defaults.argument_parser.defaults.DefaultArgumentsDecorator object at 0x7f73543571c0>, verb_extension=<colcon_package_information.verb.list.ListVerb object at 0x7f73543569b0>, main=<bound method ListVerb.main of <colcon_package_information.verb.list.ListVerb object at 0x7f73543569b0>>)
[0.284s] Level 1:colcon.colcon_core.package_discovery:discover_packages(colcon_meta) check parameters
[0.284s] Level 1:colcon.colcon_core.package_discovery:discover_packages(recursive) check parameters
[0.285s] Level 1:colcon.colcon_core.package_discovery:discover_packages(ignore) check parameters
[0.285s] Level 1:colcon.colcon_core.package_discovery:discover_packages(path) check parameters
[0.285s] Level 1:colcon.colcon_core.package_discovery:discover_packages(recursive) discover
[0.285s] INFO:colcon.colcon_core.package_discovery:Crawling recursively for packages in '/home/ray/autonomous_robot'
[0.285s] Level 1:colcon.colcon_core.package_identification:_identify(/home/ray/autonomous_robot) by extensions ['ignore', 'ignore_ament_install']
[0.285s] Level 1:colcon.colcon_core.package_identification:_identify(/home/ray/autonomous_robot) by extension 'ignore'
[0.285s] Level 1:colcon.colcon_core.package_identification:_identify(/home/ray/autonomous_robot) by extension 'ignore_ament_install'
[0.285s] Level 1:colcon.colcon_core.package_identification:_identify(/home/ray/autonomous_robot) by extensions ['colcon_pkg']
[0.285s] Level 1:colcon.colcon_core.package_identification:_identify(/home/ray/autonomous_robot) by extension 'colcon_pkg'
[0.285s] Level 1:colcon.colcon_core.package_identification:_identify(/home/ray/autonomous_robot) by extensions ['colcon_meta']
[0.285s] Level 1:colcon.colcon_core.package_identification:_identify(/home/ray/autonomous_robot) by extension 'colcon_meta'
[0.285s] Level 1:colcon.colcon_core.package_identification:_identify(/home/ray/autonomous_robot) by extensions ['ros']
[0.285s] Level 1:colcon.colcon_core.package_identification:_identify(/home/ray/autonomous_robot) by extension 'ros'
[0.296s] Level 1:colcon.colcon_core.package_identification:_identify(/home/ray/autonomous_robot) by extensions ['cmake', 'python']
[0.296s] Level 1:colcon.colcon_core.package_identification:_identify(/home/ray/autonomous_robot) by extension 'cmake'
[0.296s] Level 1:colcon.colcon_core.package_identification:_identify(/home/ray/autonomous_robot) by extension 'python'
[0.296s] Level 1:colcon.colcon_core.package_identification:_identify(/home/ray/autonomous_robot) by extensions ['python_setup_py']
[0.296s] Level 1:colcon.colcon_core.package_identification:_identify(/home/ray/autonomous_robot) by extension 'python_setup_py'
[0.296s] Level 1:colcon.colcon_core.package_identification:_identify(/home/ray/autonomous_robot/build) by extensions ['ignore', 'ignore_ament_install']
[0.296s] Level 1:colcon.colcon_core.package_identification:_identify(/home/ray/autonomous_robot/build) by extension 'ignore'
[0.297s] Level 1:colcon.colcon_core.package_identification:_identify(/home/ray/autonomous_robot/build) ignored
[0.297s] Level 1:colcon.colcon_core.package_identification:_identify(/home/ray/autonomous_robot/install) by extensions ['ignore', 'ignore_ament_install']
[0.297s] Level 1:colcon.colcon_core.package_identification:_identify(/home/ray/autonomous_robot/install) by extension 'ignore'
[0.297s] Level 1:colcon.colcon_core.package_identification:_identify(/home/ray/autonomous_robot/install) ignored
[0.297s] Level 1:colcon.colcon_core.package_identification:_identify(/home/ray/autonomous_robot/log) by extensions ['ignore', 'ignore_ament_install']
[0.297s] Level 1:colcon.colcon_core.package_identification:_identify(/home/ray/autonomous_robot/log) by extension 'ignore'
[0.297s] Level 1:colcon.colcon_core.package_identification:_identify(/home/ray/autonomous_robot/log) ignored
[0.297s] Level 1:colcon.colcon_core.package_identification:_identify(/home/ray/autonomous_robot/src) by extensions ['ignore', 'ignore_ament_install']
[0.297s] Level 1:colcon.colcon_core.package_identification:_identify(/home/ray/autonomous_robot/src) by extension 'ignore'
[0.297s] Level 1:colcon.colcon_core.package_identification:_identify(/home/ray/autonomous_robot/src) by extension 'ignore_ament_install'
[0.297s] Level 1:colcon.colcon_core.package_identification:_identify(/home/ray/autonomous_robot/src) by extensions ['colcon_pkg']
[0.297s] Level 1:colcon.colcon_core.package_identification:_identify(/home/ray/autonomous_robot/src) by extension 'colcon_pkg'
[0.298s] Level 1:colcon.colcon_core.package_identification:_identify(/home/ray/autonomous_robot/src) by extensions ['colcon_meta']
[0.298s] Level 1:colcon.colcon_core.package_identification:_identify(/home/ray/autonomous_robot/src) by extension 'colcon_meta'
[0.298s] Level 1:colcon.colcon_core.package_identification:_identify(/home/ray/autonomous_robot/src) by extensions ['ros']
[0.298s] Level 1:colcon.colcon_core.package_identification:_identify(/home/ray/autonomous_robot/src) by extension 'ros'
[0.298s] Level 1:colcon.colcon_core.package_identification:_identify(/home/ray/autonomous_robot/src) by extensions ['cmake', 'python']
[0.298s] Level 1:colcon.colcon_core.package_identification:_identify(/home/ray/autonomous_robot/src) by extension 'cmake'
[0.298s] Level 1:colcon.colcon_core.package_identification:_identify(/home/ray/autonomous_robot/src) by extension 'python'
[0.298s] Level 1:colcon.colcon_core.package_identification:_identify(/home/ray/autonomous_robot/src) by extensions ['python_setup_py']
[0.298s] Level 1:colcon.colcon_core.package_identification:_identify(/home/ray/autonomous_robot/src) by extension 'python_setup_py'
[0.298s] Level 1:colcon.colcon_core.package_identification:_identify(/home/ray/autonomous_robot/src/myamr_files) by extensions ['ignore', 'ignore_ament_install']
[0.298s] Level 1:colcon.colcon_core.package_identification:_identify(/home/ray/autonomous_robot/src/myamr_files) by extension 'ignore'
[0.298s] Level 1:colcon.colcon_core.package_identification:_identify(/home/ray/autonomous_robot/src/myamr_files) by extension 'ignore_ament_install'
[0.298s] Level 1:colcon.colcon_core.package_identification:_identify(/home/ray/autonomous_robot/src/myamr_files) by extensions ['colcon_pkg']
[0.298s] Level 1:colcon.colcon_core.package_identification:_identify(/home/ray/autonomous_robot/src/myamr_files) by extension 'colcon_pkg'
[0.298s] Level 1:colcon.colcon_core.package_identification:_identify(/home/ray/autonomous_robot/src/myamr_files) by extensions ['colcon_meta']
[0.298s] Level 1:colcon.colcon_core.package_identification:_identify(/home/ray/autonomous_robot/src/myamr_files) by extension 'colcon_meta'
[0.298s] Level 1:colcon.colcon_core.package_identification:_identify(/home/ray/autonomous_robot/src/myamr_files) by extensions ['ros']
[0.298s] Level 1:colcon.colcon_core.package_identification:_identify(/home/ray/autonomous_robot/src/myamr_files) by extension 'ros'
[0.300s] DEBUG:colcon.colcon_core.package_identification:Package '/home/ray/autonomous_robot/src/myamr_files' with type 'ros.ament_python' and name 'myamr_files'
[0.300s] Level 1:colcon.colcon_core.package_identification:_identify(/home/ray/autonomous_robot/src/myrobot_description) by extensions ['ignore', 'ignore_ament_install']
[0.301s] Level 1:colcon.colcon_core.package_identification:_identify(/home/ray/autonomous_robot/src/myrobot_description) by extension 'ignore'
[0.301s] Level 1:colcon.colcon_core.package_identification:_identify(/home/ray/autonomous_robot/src/myrobot_description) by extension 'ignore_ament_install'
[0.301s] Level 1:colcon.colcon_core.package_identification:_identify(/home/ray/autonomous_robot/src/myrobot_description) by extensions ['colcon_pkg']
[0.301s] Level 1:colcon.colcon_core.package_identification:_identify(/home/ray/autonomous_robot/src/myrobot_description) by extension 'colcon_pkg'
[0.301s] Level 1:colcon.colcon_core.package_identification:_identify(/home/ray/autonomous_robot/src/myrobot_description) by extensions ['colcon_meta']
[0.301s] Level 1:colcon.colcon_core.package_identification:_identify(/home/ray/autonomous_robot/src/myrobot_description) by extension 'colcon_meta'
[0.301s] Level 1:colcon.colcon_core.package_identification:_identify(/home/ray/autonomous_robot/src/myrobot_description) by extensions ['ros']
[0.301s] Level 1:colcon.colcon_core.package_identification:_identify(/home/ray/autonomous_robot/src/myrobot_description) by extension 'ros'
[0.301s] DEBUG:colcon.colcon_core.package_identification:Package '/home/ray/autonomous_robot/src/myrobot_description' with type 'ros.ament_cmake' and name 'myrobot_description'
[0.301s] Level 1:colcon.colcon_core.package_discovery:discover_packages(recursive) using defaults
