[0.107s] DEBUG:colcon:Command line arguments: ['/usr/bin/colcon', 'build']
[0.107s] DEBUG:colcon:Parsed command line arguments: Namespace(log_base=None, log_level=None, verb_name='build', build_base='build', install_base='install', merge_install=False, symlink_install=False, test_result_base=None, continue_on_error=False, executor='parallel', parallel_workers=8, event_handlers=None, ignore_user_meta=False, metas=['./colcon.meta'], base_paths=['.'], packages_ignore=None, packages_ignore_regex=None, paths=None, packages_up_to=None, packages_up_to_regex=None, packages_above=None, packages_above_and_dependencies=None, packages_above_depth=None, packages_select_by_dep=None, packages_skip_by_dep=None, packages_skip_up_to=None, packages_select_build_failed=False, packages_skip_build_finished=False, packages_select_test_failures=False, packages_skip_test_passed=False, packages_select=None, packages_skip=None, packages_select_regex=None, packages_skip_regex=None, packages_start=None, packages_end=None, allow_overriding=[], cmake_args=None, cmake_target=None, cmake_target_skip_unavailable=False, cmake_clean_cache=False, cmake_clean_first=False, cmake_force_configure=False, ament_cmake_args=None, catkin_cmake_args=None, catkin_skip_building_tests=False, verb_parser=<colcon_defaults.argument_parser.defaults.DefaultArgumentsDecorator object at 0x7fe52f60f3a0>, verb_extension=<colcon_core.verb.build.BuildVerb object at 0x7fe52f79c790>, main=<bound method BuildVerb.main of <colcon_core.verb.build.BuildVerb object at 0x7fe52f79c790>>)
[0.268s] Level 1:colcon.colcon_core.package_discovery:discover_packages(colcon_meta) check parameters
[0.269s] Level 1:colcon.colcon_core.package_discovery:discover_packages(recursive) check parameters
[0.269s] Level 1:colcon.colcon_core.package_discovery:discover_packages(ignore) check parameters
[0.269s] Level 1:colcon.colcon_core.package_discovery:discover_packages(path) check parameters
[0.269s] Level 1:colcon.colcon_core.package_discovery:discover_packages(colcon_meta) discover
[0.269s] Level 1:colcon.colcon_core.package_discovery:discover_packages(recursive) discover
[0.269s] INFO:colcon.colcon_core.package_discovery:Crawling recursively for packages in '/home/ray/autonomous_robot'
[0.269s] Level 1:colcon.colcon_core.package_identification:_identify(.) by extensions ['ignore', 'ignore_ament_install']
[0.269s] Level 1:colcon.colcon_core.package_identification:_identify(.) by extension 'ignore'
[0.269s] Level 1:colcon.colcon_core.package_identification:_identify(.) by extension 'ignore_ament_install'
[0.269s] Level 1:colcon.colcon_core.package_identification:_identify(.) by extensions ['colcon_pkg']
[0.269s] Level 1:colcon.colcon_core.package_identification:_identify(.) by extension 'colcon_pkg'
[0.269s] Level 1:colcon.colcon_core.package_identification:_identify(.) by extensions ['colcon_meta']
[0.269s] Level 1:colcon.colcon_core.package_identification:_identify(.) by extension 'colcon_meta'
[0.269s] Level 1:colcon.colcon_core.package_identification:_identify(.) by extensions ['ros']
[0.269s] Level 1:colcon.colcon_core.package_identification:_identify(.) by extension 'ros'
[0.280s] Level 1:colcon.colcon_core.package_identification:_identify(.) by extensions ['cmake', 'python']
[0.280s] Level 1:colcon.colcon_core.package_identification:_identify(.) by extension 'cmake'
[0.280s] Level 1:colcon.colcon_core.package_identification:_identify(.) by extension 'python'
[0.280s] Level 1:colcon.colcon_core.package_identification:_identify(.) by extensions ['python_setup_py']
[0.280s] Level 1:colcon.colcon_core.package_identification:_identify(.) by extension 'python_setup_py'
[0.280s] Level 1:colcon.colcon_core.package_identification:_identify(build) by extensions ['ignore', 'ignore_ament_install']
[0.280s] Level 1:colcon.colcon_core.package_identification:_identify(build) by extension 'ignore'
[0.280s] Level 1:colcon.colcon_core.package_identification:_identify(build) ignored
[0.280s] Level 1:colcon.colcon_core.package_identification:_identify(install) by extensions ['ignore', 'ignore_ament_install']
[0.281s] Level 1:colcon.colcon_core.package_identification:_identify(install) by extension 'ignore'
[0.281s] Level 1:colcon.colcon_core.package_identification:_identify(install) ignored
[0.281s] Level 1:colcon.colcon_core.package_identification:_identify(log) by extensions ['ignore', 'ignore_ament_install']
[0.281s] Level 1:colcon.colcon_core.package_identification:_identify(log) by extension 'ignore'
[0.281s] Level 1:colcon.colcon_core.package_identification:_identify(log) ignored
[0.281s] Level 1:colcon.colcon_core.package_identification:_identify(src) by extensions ['ignore', 'ignore_ament_install']
[0.281s] Level 1:colcon.colcon_core.package_identification:_identify(src) by extension 'ignore'
[0.281s] Level 1:colcon.colcon_core.package_identification:_identify(src) by extension 'ignore_ament_install'
[0.281s] Level 1:colcon.colcon_core.package_identification:_identify(src) by extensions ['colcon_pkg']
[0.281s] Level 1:colcon.colcon_core.package_identification:_identify(src) by extension 'colcon_pkg'
[0.281s] Level 1:colcon.colcon_core.package_identification:_identify(src) by extensions ['colcon_meta']
[0.281s] Level 1:colcon.colcon_core.package_identification:_identify(src) by extension 'colcon_meta'
[0.281s] Level 1:colcon.colcon_core.package_identification:_identify(src) by extensions ['ros']
[0.281s] Level 1:colcon.colcon_core.package_identification:_identify(src) by extension 'ros'
[0.281s] Level 1:colcon.colcon_core.package_identification:_identify(src) by extensions ['cmake', 'python']
[0.281s] Level 1:colcon.colcon_core.package_identification:_identify(src) by extension 'cmake'
[0.281s] Level 1:colcon.colcon_core.package_identification:_identify(src) by extension 'python'
[0.281s] Level 1:colcon.colcon_core.package_identification:_identify(src) by extensions ['python_setup_py']
[0.281s] Level 1:colcon.colcon_core.package_identification:_identify(src) by extension 'python_setup_py'
[0.281s] Level 1:colcon.colcon_core.package_identification:_identify(src/build) by extensions ['ignore', 'ignore_ament_install']
[0.282s] Level 1:colcon.colcon_core.package_identification:_identify(src/build) by extension 'ignore'
[0.282s] Level 1:colcon.colcon_core.package_identification:_identify(src/build) ignored
[0.282s] Level 1:colcon.colcon_core.package_identification:_identify(src/install) by extensions ['ignore', 'ignore_ament_install']
[0.282s] Level 1:colcon.colcon_core.package_identification:_identify(src/install) by extension 'ignore'
[0.282s] Level 1:colcon.colcon_core.package_identification:_identify(src/install) ignored
[0.282s] Level 1:colcon.colcon_core.package_identification:_identify(src/log) by extensions ['ignore', 'ignore_ament_install']
[0.282s] Level 1:colcon.colcon_core.package_identification:_identify(src/log) by extension 'ignore'
[0.282s] Level 1:colcon.colcon_core.package_identification:_identify(src/log) ignored
[0.282s] Level 1:colcon.colcon_core.package_identification:_identify(src/myrobot_bringup) by extensions ['ignore', 'ignore_ament_install']
[0.282s] Level 1:colcon.colcon_core.package_identification:_identify(src/myrobot_bringup) by extension 'ignore'
[0.282s] Level 1:colcon.colcon_core.package_identification:_identify(src/myrobot_bringup) by extension 'ignore_ament_install'
[0.282s] Level 1:colcon.colcon_core.package_identification:_identify(src/myrobot_bringup) by extensions ['colcon_pkg']
[0.282s] Level 1:colcon.colcon_core.package_identification:_identify(src/myrobot_bringup) by extension 'colcon_pkg'
[0.282s] Level 1:colcon.colcon_core.package_identification:_identify(src/myrobot_bringup) by extensions ['colcon_meta']
[0.282s] Level 1:colcon.colcon_core.package_identification:_identify(src/myrobot_bringup) by extension 'colcon_meta'
[0.282s] Level 1:colcon.colcon_core.package_identification:_identify(src/myrobot_bringup) by extensions ['ros']
[0.282s] Level 1:colcon.colcon_core.package_identification:_identify(src/myrobot_bringup) by extension 'ros'
[0.285s] DEBUG:colcon.colcon_core.package_identification:Package 'src/myrobot_bringup' with type 'ros.ament_cmake' and name 'myrobot_bringup'
[0.285s] Level 1:colcon.colcon_core.package_identification:_identify(src/myrobot_controller) by extensions ['ignore', 'ignore_ament_install']
[0.285s] Level 1:colcon.colcon_core.package_identification:_identify(src/myrobot_controller) by extension 'ignore'
[0.285s] Level 1:colcon.colcon_core.package_identification:_identify(src/myrobot_controller) by extension 'ignore_ament_install'
[0.285s] Level 1:colcon.colcon_core.package_identification:_identify(src/myrobot_controller) by extensions ['colcon_pkg']
[0.285s] Level 1:colcon.colcon_core.package_identification:_identify(src/myrobot_controller) by extension 'colcon_pkg'
[0.285s] Level 1:colcon.colcon_core.package_identification:_identify(src/myrobot_controller) by extensions ['colcon_meta']
[0.285s] Level 1:colcon.colcon_core.package_identification:_identify(src/myrobot_controller) by extension 'colcon_meta'
[0.285s] Level 1:colcon.colcon_core.package_identification:_identify(src/myrobot_controller) by extensions ['ros']
[0.285s] Level 1:colcon.colcon_core.package_identification:_identify(src/myrobot_controller) by extension 'ros'
[0.287s] DEBUG:colcon.colcon_core.package_identification:Package 'src/myrobot_controller' with type 'ros.ament_cmake' and name 'myrobot_controller'
[0.287s] Level 1:colcon.colcon_core.package_identification:_identify(src/myrobot_description) by extensions ['ignore', 'ignore_ament_install']
[0.287s] Level 1:colcon.colcon_core.package_identification:_identify(src/myrobot_description) by extension 'ignore'
[0.287s] Level 1:colcon.colcon_core.package_identification:_identify(src/myrobot_description) by extension 'ignore_ament_install'
[0.287s] Level 1:colcon.colcon_core.package_identification:_identify(src/myrobot_description) by extensions ['colcon_pkg']
[0.287s] Level 1:colcon.colcon_core.package_identification:_identify(src/myrobot_description) by extension 'colcon_pkg'
[0.287s] Level 1:colcon.colcon_core.package_identification:_identify(src/myrobot_description) by extensions ['colcon_meta']
[0.287s] Level 1:colcon.colcon_core.package_identification:_identify(src/myrobot_description) by extension 'colcon_meta'
[0.287s] Level 1:colcon.colcon_core.package_identification:_identify(src/myrobot_description) by extensions ['ros']
[0.287s] Level 1:colcon.colcon_core.package_identification:_identify(src/myrobot_description) by extension 'ros'
[0.289s] DEBUG:colcon.colcon_core.package_identification:Package 'src/myrobot_description' with type 'ros.ament_cmake' and name 'myrobot_description'
[0.290s] Level 1:colcon.colcon_core.package_identification:_identify(src/myrobot_localization) by extensions ['ignore', 'ignore_ament_install']
[0.290s] Level 1:colcon.colcon_core.package_identification:_identify(src/myrobot_localization) by extension 'ignore'
[0.290s] Level 1:colcon.colcon_core.package_identification:_identify(src/myrobot_localization) by extension 'ignore_ament_install'
[0.290s] Level 1:colcon.colcon_core.package_identification:_identify(src/myrobot_localization) by extensions ['colcon_pkg']
[0.290s] Level 1:colcon.colcon_core.package_identification:_identify(src/myrobot_localization) by extension 'colcon_pkg'
[0.290s] Level 1:colcon.colcon_core.package_identification:_identify(src/myrobot_localization) by extensions ['colcon_meta']
[0.290s] Level 1:colcon.colcon_core.package_identification:_identify(src/myrobot_localization) by extension 'colcon_meta'
[0.290s] Level 1:colcon.colcon_core.package_identification:_identify(src/myrobot_localization) by extensions ['ros']
[0.290s] Level 1:colcon.colcon_core.package_identification:_identify(src/myrobot_localization) by extension 'ros'
[0.291s] DEBUG:colcon.colcon_core.package_identification:Package 'src/myrobot_localization' with type 'ros.ament_cmake' and name 'bumperbot_localization'
[0.291s] Level 1:colcon.colcon_core.package_identification:_identify(src/myrobot_mapping) by extensions ['ignore', 'ignore_ament_install']
[0.291s] Level 1:colcon.colcon_core.package_identification:_identify(src/myrobot_mapping) by extension 'ignore'
[0.291s] Level 1:colcon.colcon_core.package_identification:_identify(src/myrobot_mapping) by extension 'ignore_ament_install'
[0.291s] Level 1:colcon.colcon_core.package_identification:_identify(src/myrobot_mapping) by extensions ['colcon_pkg']
[0.291s] Level 1:colcon.colcon_core.package_identification:_identify(src/myrobot_mapping) by extension 'colcon_pkg'
[0.291s] Level 1:colcon.colcon_core.package_identification:_identify(src/myrobot_mapping) by extensions ['colcon_meta']
[0.291s] Level 1:colcon.colcon_core.package_identification:_identify(src/myrobot_mapping) by extension 'colcon_meta'
[0.291s] Level 1:colcon.colcon_core.package_identification:_identify(src/myrobot_mapping) by extensions ['ros']
[0.291s] Level 1:colcon.colcon_core.package_identification:_identify(src/myrobot_mapping) by extension 'ros'
[0.292s] DEBUG:colcon.colcon_core.package_identification:Package 'src/myrobot_mapping' with type 'ros.ament_cmake' and name 'myrobot_mapping'
[0.292s] Level 1:colcon.colcon_core.package_identification:_identify(src/myrobot_utils) by extensions ['ignore', 'ignore_ament_install']
[0.293s] Level 1:colcon.colcon_core.package_identification:_identify(src/myrobot_utils) by extension 'ignore'
[0.293s] Level 1:colcon.colcon_core.package_identification:_identify(src/myrobot_utils) by extension 'ignore_ament_install'
[0.293s] Level 1:colcon.colcon_core.package_identification:_identify(src/myrobot_utils) by extensions ['colcon_pkg']
[0.293s] Level 1:colcon.colcon_core.package_identification:_identify(src/myrobot_utils) by extension 'colcon_pkg'
[0.293s] Level 1:colcon.colcon_core.package_identification:_identify(src/myrobot_utils) by extensions ['colcon_meta']
[0.293s] Level 1:colcon.colcon_core.package_identification:_identify(src/myrobot_utils) by extension 'colcon_meta'
[0.293s] Level 1:colcon.colcon_core.package_identification:_identify(src/myrobot_utils) by extensions ['ros']
[0.293s] Level 1:colcon.colcon_core.package_identification:_identify(src/myrobot_utils) by extension 'ros'
[0.294s] DEBUG:colcon.colcon_core.package_identification:Package 'src/myrobot_utils' with type 'ros.ament_cmake' and name 'myrobot_utils'
[0.294s] Level 1:colcon.colcon_core.package_discovery:discover_packages(recursive) using defaults
[0.294s] Level 1:colcon.colcon_core.package_discovery:discover_packages(ignore) discover
[0.294s] Level 1:colcon.colcon_core.package_discovery:discover_packages(ignore) using defaults
[0.294s] Level 1:colcon.colcon_core.package_discovery:discover_packages(path) discover
[0.294s] Level 1:colcon.colcon_core.package_discovery:discover_packages(path) using defaults
[0.324s] Level 1:colcon.colcon_core.package_discovery:discover_packages(prefix_path) check parameters
[0.325s] Level 1:colcon.colcon_core.package_discovery:discover_packages(prefix_path) discover
[0.327s] DEBUG:colcon.colcon_installed_package_information.package_discovery:Found 5 installed packages in /home/ray/autonomous_robot/install
[0.327s] DEBUG:colcon.colcon_installed_package_information.package_discovery:Found 12 installed packages in /home/ray/turtlebot3_ws/install
[0.328s] DEBUG:colcon.colcon_installed_package_information.package_discovery:Found 1 installed packages in /home/ray/autonomous_tb3_ws/install
[0.328s] DEBUG:colcon.colcon_installed_package_information.package_discovery:Found 1 installed packages in /home/ray/autonomous_tb3_ws/src/install
[0.330s] DEBUG:colcon.colcon_installed_package_information.package_discovery:Found 411 installed packages in /opt/ros/humble
[0.332s] Level 1:colcon.colcon_core.package_discovery:discover_packages(prefix_path) using defaults
[0.380s] Level 5:colcon.colcon_core.verb:set package 'bumperbot_localization' build argument 'cmake_args' from command line to 'None'
[0.381s] Level 5:colcon.colcon_core.verb:set package 'bumperbot_localization' build argument 'cmake_target' from command line to 'None'
[0.381s] Level 5:colcon.colcon_core.verb:set package 'bumperbot_localization' build argument 'cmake_target_skip_unavailable' from command line to 'False'
[0.381s] Level 5:colcon.colcon_core.verb:set package 'bumperbot_localization' build argument 'cmake_clean_cache' from command line to 'False'
[0.381s] Level 5:colcon.colcon_core.verb:set package 'bumperbot_localization' build argument 'cmake_clean_first' from command line to 'False'
[0.381s] Level 5:colcon.colcon_core.verb:set package 'bumperbot_localization' build argument 'cmake_force_configure' from command line to 'False'
[0.381s] Level 5:colcon.colcon_core.verb:set package 'bumperbot_localization' build argument 'ament_cmake_args' from command line to 'None'
[0.381s] Level 5:colcon.colcon_core.verb:set package 'bumperbot_localization' build argument 'catkin_cmake_args' from command line to 'None'
[0.381s] Level 5:colcon.colcon_core.verb:set package 'bumperbot_localization' build argument 'catkin_skip_building_tests' from command line to 'False'
[0.381s] DEBUG:colcon.colcon_core.verb:Building package 'bumperbot_localization' with the following arguments: {'ament_cmake_args': None, 'build_base': '/home/ray/autonomous_robot/build/bumperbot_localization', 'catkin_cmake_args': None, 'catkin_skip_building_tests': False, 'cmake_args': None, 'cmake_clean_cache': False, 'cmake_clean_first': False, 'cmake_force_configure': False, 'cmake_target': None, 'cmake_target_skip_unavailable': False, 'install_base': '/home/ray/autonomous_robot/install/bumperbot_localization', 'merge_install': False, 'path': '/home/ray/autonomous_robot/src/myrobot_localization', 'symlink_install': False, 'test_result_base': None}
[0.381s] Level 5:colcon.colcon_core.verb:set package 'myrobot_controller' build argument 'cmake_args' from command line to 'None'
[0.381s] Level 5:colcon.colcon_core.verb:set package 'myrobot_controller' build argument 'cmake_target' from command line to 'None'
[0.381s] Level 5:colcon.colcon_core.verb:set package 'myrobot_controller' build argument 'cmake_target_skip_unavailable' from command line to 'False'
[0.381s] Level 5:colcon.colcon_core.verb:set package 'myrobot_controller' build argument 'cmake_clean_cache' from command line to 'False'
[0.381s] Level 5:colcon.colcon_core.verb:set package 'myrobot_controller' build argument 'cmake_clean_first' from command line to 'False'
[0.381s] Level 5:colcon.colcon_core.verb:set package 'myrobot_controller' build argument 'cmake_force_configure' from command line to 'False'
[0.381s] Level 5:colcon.colcon_core.verb:set package 'myrobot_controller' build argument 'ament_cmake_args' from command line to 'None'
[0.381s] Level 5:colcon.colcon_core.verb:set package 'myrobot_controller' build argument 'catkin_cmake_args' from command line to 'None'
[0.381s] Level 5:colcon.colcon_core.verb:set package 'myrobot_controller' build argument 'catkin_skip_building_tests' from command line to 'False'
[0.381s] DEBUG:colcon.colcon_core.verb:Building package 'myrobot_controller' with the following arguments: {'ament_cmake_args': None, 'build_base': '/home/ray/autonomous_robot/build/myrobot_controller', 'catkin_cmake_args': None, 'catkin_skip_building_tests': False, 'cmake_args': None, 'cmake_clean_cache': False, 'cmake_clean_first': False, 'cmake_force_configure': False, 'cmake_target': None, 'cmake_target_skip_unavailable': False, 'install_base': '/home/ray/autonomous_robot/install/myrobot_controller', 'merge_install': False, 'path': '/home/ray/autonomous_robot/src/myrobot_controller', 'symlink_install': False, 'test_result_base': None}
[0.382s] Level 5:colcon.colcon_core.verb:set package 'myrobot_description' build argument 'cmake_args' from command line to 'None'
[0.382s] Level 5:colcon.colcon_core.verb:set package 'myrobot_description' build argument 'cmake_target' from command line to 'None'
[0.382s] Level 5:colcon.colcon_core.verb:set package 'myrobot_description' build argument 'cmake_target_skip_unavailable' from command line to 'False'
[0.382s] Level 5:colcon.colcon_core.verb:set package 'myrobot_description' build argument 'cmake_clean_cache' from command line to 'False'
[0.382s] Level 5:colcon.colcon_core.verb:set package 'myrobot_description' build argument 'cmake_clean_first' from command line to 'False'
[0.382s] Level 5:colcon.colcon_core.verb:set package 'myrobot_description' build argument 'cmake_force_configure' from command line to 'False'
[0.382s] Level 5:colcon.colcon_core.verb:set package 'myrobot_description' build argument 'ament_cmake_args' from command line to 'None'
[0.382s] Level 5:colcon.colcon_core.verb:set package 'myrobot_description' build argument 'catkin_cmake_args' from command line to 'None'
[0.382s] Level 5:colcon.colcon_core.verb:set package 'myrobot_description' build argument 'catkin_skip_building_tests' from command line to 'False'
[0.382s] DEBUG:colcon.colcon_core.verb:Building package 'myrobot_description' with the following arguments: {'ament_cmake_args': None, 'build_base': '/home/ray/autonomous_robot/build/myrobot_description', 'catkin_cmake_args': None, 'catkin_skip_building_tests': False, 'cmake_args': None, 'cmake_clean_cache': False, 'cmake_clean_first': False, 'cmake_force_configure': False, 'cmake_target': None, 'cmake_target_skip_unavailable': False, 'install_base': '/home/ray/autonomous_robot/install/myrobot_description', 'merge_install': False, 'path': '/home/ray/autonomous_robot/src/myrobot_description', 'symlink_install': False, 'test_result_base': None}
[0.382s] Level 5:colcon.colcon_core.verb:set package 'myrobot_mapping' build argument 'cmake_args' from command line to 'None'
[0.382s] Level 5:colcon.colcon_core.verb:set package 'myrobot_mapping' build argument 'cmake_target' from command line to 'None'
[0.382s] Level 5:colcon.colcon_core.verb:set package 'myrobot_mapping' build argument 'cmake_target_skip_unavailable' from command line to 'False'
[0.382s] Level 5:colcon.colcon_core.verb:set package 'myrobot_mapping' build argument 'cmake_clean_cache' from command line to 'False'
[0.382s] Level 5:colcon.colcon_core.verb:set package 'myrobot_mapping' build argument 'cmake_clean_first' from command line to 'False'
[0.382s] Level 5:colcon.colcon_core.verb:set package 'myrobot_mapping' build argument 'cmake_force_configure' from command line to 'False'
[0.382s] Level 5:colcon.colcon_core.verb:set package 'myrobot_mapping' build argument 'ament_cmake_args' from command line to 'None'
[0.382s] Level 5:colcon.colcon_core.verb:set package 'myrobot_mapping' build argument 'catkin_cmake_args' from command line to 'None'
[0.382s] Level 5:colcon.colcon_core.verb:set package 'myrobot_mapping' build argument 'catkin_skip_building_tests' from command line to 'False'
[0.382s] DEBUG:colcon.colcon_core.verb:Building package 'myrobot_mapping' with the following arguments: {'ament_cmake_args': None, 'build_base': '/home/ray/autonomous_robot/build/myrobot_mapping', 'catkin_cmake_args': None, 'catkin_skip_building_tests': False, 'cmake_args': None, 'cmake_clean_cache': False, 'cmake_clean_first': False, 'cmake_force_configure': False, 'cmake_target': None, 'cmake_target_skip_unavailable': False, 'install_base': '/home/ray/autonomous_robot/install/myrobot_mapping', 'merge_install': False, 'path': '/home/ray/autonomous_robot/src/myrobot_mapping', 'symlink_install': False, 'test_result_base': None}
[0.383s] Level 5:colcon.colcon_core.verb:set package 'myrobot_utils' build argument 'cmake_args' from command line to 'None'
[0.383s] Level 5:colcon.colcon_core.verb:set package 'myrobot_utils' build argument 'cmake_target' from command line to 'None'
[0.383s] Level 5:colcon.colcon_core.verb:set package 'myrobot_utils' build argument 'cmake_target_skip_unavailable' from command line to 'False'
[0.383s] Level 5:colcon.colcon_core.verb:set package 'myrobot_utils' build argument 'cmake_clean_cache' from command line to 'False'
[0.383s] Level 5:colcon.colcon_core.verb:set package 'myrobot_utils' build argument 'cmake_clean_first' from command line to 'False'
[0.383s] Level 5:colcon.colcon_core.verb:set package 'myrobot_utils' build argument 'cmake_force_configure' from command line to 'False'
[0.383s] Level 5:colcon.colcon_core.verb:set package 'myrobot_utils' build argument 'ament_cmake_args' from command line to 'None'
[0.383s] Level 5:colcon.colcon_core.verb:set package 'myrobot_utils' build argument 'catkin_cmake_args' from command line to 'None'
[0.383s] Level 5:colcon.colcon_core.verb:set package 'myrobot_utils' build argument 'catkin_skip_building_tests' from command line to 'False'
[0.383s] DEBUG:colcon.colcon_core.verb:Building package 'myrobot_utils' with the following arguments: {'ament_cmake_args': None, 'build_base': '/home/ray/autonomous_robot/build/myrobot_utils', 'catkin_cmake_args': None, 'catkin_skip_building_tests': False, 'cmake_args': None, 'cmake_clean_cache': False, 'cmake_clean_first': False, 'cmake_force_configure': False, 'cmake_target': None, 'cmake_target_skip_unavailable': False, 'install_base': '/home/ray/autonomous_robot/install/myrobot_utils', 'merge_install': False, 'path': '/home/ray/autonomous_robot/src/myrobot_utils', 'symlink_install': False, 'test_result_base': None}
[0.383s] Level 5:colcon.colcon_core.verb:set package 'myrobot_bringup' build argument 'cmake_args' from command line to 'None'
[0.383s] Level 5:colcon.colcon_core.verb:set package 'myrobot_bringup' build argument 'cmake_target' from command line to 'None'
[0.383s] Level 5:colcon.colcon_core.verb:set package 'myrobot_bringup' build argument 'cmake_target_skip_unavailable' from command line to 'False'
[0.383s] Level 5:colcon.colcon_core.verb:set package 'myrobot_bringup' build argument 'cmake_clean_cache' from command line to 'False'
[0.383s] Level 5:colcon.colcon_core.verb:set package 'myrobot_bringup' build argument 'cmake_clean_first' from command line to 'False'
[0.383s] Level 5:colcon.colcon_core.verb:set package 'myrobot_bringup' build argument 'cmake_force_configure' from command line to 'False'
[0.383s] Level 5:colcon.colcon_core.verb:set package 'myrobot_bringup' build argument 'ament_cmake_args' from command line to 'None'
[0.383s] Level 5:colcon.colcon_core.verb:set package 'myrobot_bringup' build argument 'catkin_cmake_args' from command line to 'None'
[0.383s] Level 5:colcon.colcon_core.verb:set package 'myrobot_bringup' build argument 'catkin_skip_building_tests' from command line to 'False'
[0.383s] DEBUG:colcon.colcon_core.verb:Building package 'myrobot_bringup' with the following arguments: {'ament_cmake_args': None, 'build_base': '/home/ray/autonomous_robot/build/myrobot_bringup', 'catkin_cmake_args': None, 'catkin_skip_building_tests': False, 'cmake_args': None, 'cmake_clean_cache': False, 'cmake_clean_first': False, 'cmake_force_configure': False, 'cmake_target': None, 'cmake_target_skip_unavailable': False, 'install_base': '/home/ray/autonomous_robot/install/myrobot_bringup', 'merge_install': False, 'path': '/home/ray/autonomous_robot/src/myrobot_bringup', 'symlink_install': False, 'test_result_base': None}
[0.383s] INFO:colcon.colcon_core.executor:Executing jobs using 'parallel' executor
[0.385s] DEBUG:colcon.colcon_parallel_executor.executor.parallel:run_until_complete
[0.385s] INFO:colcon.colcon_ros.task.ament_cmake.build:Building ROS package in '/home/ray/autonomous_robot/src/myrobot_controller' with build type 'ament_cmake'
[0.385s] INFO:colcon.colcon_cmake.task.cmake.build:Building CMake package in '/home/ray/autonomous_robot/src/myrobot_controller'
[0.387s] INFO:colcon.colcon_core.plugin_system:Skipping extension 'colcon_core.shell.bat': Not used on non-Windows systems
[0.387s] INFO:colcon.colcon_core.shell:Skip shell extension 'powershell' for command environment: Not usable outside of PowerShell
[0.387s] DEBUG:colcon.colcon_core.shell:Skip shell extension 'dsv' for command environment
[0.393s] INFO:colcon.colcon_ros.task.ament_cmake.build:Building ROS package in '/home/ray/autonomous_robot/src/myrobot_description' with build type 'ament_cmake'
[0.393s] INFO:colcon.colcon_cmake.task.cmake.build:Building CMake package in '/home/ray/autonomous_robot/src/myrobot_description'
[0.393s] INFO:colcon.colcon_core.shell:Skip shell extension 'powershell' for command environment: Not usable outside of PowerShell
[0.393s] DEBUG:colcon.colcon_core.shell:Skip shell extension 'dsv' for command environment
[0.400s] INFO:colcon.colcon_ros.task.ament_cmake.build:Building ROS package in '/home/ray/autonomous_robot/src/myrobot_mapping' with build type 'ament_cmake'
[0.400s] INFO:colcon.colcon_cmake.task.cmake.build:Building CMake package in '/home/ray/autonomous_robot/src/myrobot_mapping'
[0.400s] INFO:colcon.colcon_core.shell:Skip shell extension 'powershell' for command environment: Not usable outside of PowerShell
[0.400s] DEBUG:colcon.colcon_core.shell:Skip shell extension 'dsv' for command environment
[0.405s] INFO:colcon.colcon_ros.task.ament_cmake.build:Building ROS package in '/home/ray/autonomous_robot/src/myrobot_localization' with build type 'ament_cmake'
[0.406s] INFO:colcon.colcon_cmake.task.cmake.build:Building CMake package in '/home/ray/autonomous_robot/src/myrobot_localization'
[0.406s] INFO:colcon.colcon_core.shell:Skip shell extension 'powershell' for command environment: Not usable outside of PowerShell
[0.406s] DEBUG:colcon.colcon_core.shell:Skip shell extension 'dsv' for command environment
[0.414s] INFO:colcon.colcon_ros.task.ament_cmake.build:Building ROS package in '/home/ray/autonomous_robot/src/myrobot_utils' with build type 'ament_cmake'
[0.414s] INFO:colcon.colcon_cmake.task.cmake.build:Building CMake package in '/home/ray/autonomous_robot/src/myrobot_utils'
[0.415s] INFO:colcon.colcon_core.shell:Skip shell extension 'powershell' for command environment: Not usable outside of PowerShell
[0.415s] DEBUG:colcon.colcon_core.shell:Skip shell extension 'dsv' for command environment
[0.429s] DEBUG:colcon.colcon_core.event_handler.log_command:Invoking command in '/home/ray/autonomous_robot/build/myrobot_controller': CMAKE_PREFIX_PATH=${CMAKE_PREFIX_PATH}:/home/ray/autonomous_robot/install/myamr_files:/home/ray/autonomous_tb3_ws/install/autonomous_tb3:/home/ray/turtlebot3_ws/install/turtlebot3_teleop:/home/ray/turtlebot3_ws/install/turtlebot3_example:/home/ray/turtlebot3_ws/install/my_robot_test:/home/ray/autonomous_tb3_ws/src/install/autonomous_tb3:/opt/ros/humble /usr/bin/cmake --build /home/ray/autonomous_robot/build/myrobot_controller -- -j8 -l8
[0.435s] DEBUG:colcon.colcon_core.event_handler.log_command:Invoking command in '/home/ray/autonomous_robot/build/myrobot_description': CMAKE_PREFIX_PATH=${CMAKE_PREFIX_PATH}:/home/ray/autonomous_robot/install/myamr_files:/home/ray/autonomous_tb3_ws/install/autonomous_tb3:/home/ray/turtlebot3_ws/install/turtlebot3_teleop:/home/ray/turtlebot3_ws/install/turtlebot3_example:/home/ray/turtlebot3_ws/install/my_robot_test:/home/ray/autonomous_tb3_ws/src/install/autonomous_tb3:/opt/ros/humble /usr/bin/cmake --build /home/ray/autonomous_robot/build/myrobot_description -- -j8 -l8
[0.439s] DEBUG:colcon.colcon_core.event_handler.log_command:Invoking command in '/home/ray/autonomous_robot/build/myrobot_mapping': CMAKE_PREFIX_PATH=${CMAKE_PREFIX_PATH}:/home/ray/autonomous_robot/install/myamr_files:/home/ray/autonomous_tb3_ws/install/autonomous_tb3:/home/ray/turtlebot3_ws/install/turtlebot3_teleop:/home/ray/turtlebot3_ws/install/turtlebot3_example:/home/ray/turtlebot3_ws/install/my_robot_test:/home/ray/autonomous_tb3_ws/src/install/autonomous_tb3:/opt/ros/humble /usr/bin/cmake /home/ray/autonomous_robot/src/myrobot_mapping -DCMAKE_INSTALL_PREFIX=/home/ray/autonomous_robot/install/myrobot_mapping
[0.444s] DEBUG:colcon.colcon_core.event_handler.log_command:Invoking command in '/home/ray/autonomous_robot/build/bumperbot_localization': CMAKE_PREFIX_PATH=${CMAKE_PREFIX_PATH}:/home/ray/autonomous_robot/install/myamr_files:/home/ray/autonomous_tb3_ws/install/autonomous_tb3:/home/ray/turtlebot3_ws/install/turtlebot3_teleop:/home/ray/turtlebot3_ws/install/turtlebot3_example:/home/ray/turtlebot3_ws/install/my_robot_test:/home/ray/autonomous_tb3_ws/src/install/autonomous_tb3:/opt/ros/humble /usr/bin/cmake /home/ray/autonomous_robot/src/myrobot_localization -DCMAKE_INSTALL_PREFIX=/home/ray/autonomous_robot/install/bumperbot_localization
[0.450s] DEBUG:colcon.colcon_core.event_handler.log_command:Invoking command in '/home/ray/autonomous_robot/build/myrobot_utils': CMAKE_PREFIX_PATH=${CMAKE_PREFIX_PATH}:/home/ray/autonomous_robot/install/myamr_files:/home/ray/autonomous_tb3_ws/install/autonomous_tb3:/home/ray/turtlebot3_ws/install/turtlebot3_teleop:/home/ray/turtlebot3_ws/install/turtlebot3_example:/home/ray/turtlebot3_ws/install/my_robot_test:/home/ray/autonomous_tb3_ws/src/install/autonomous_tb3:/opt/ros/humble /usr/bin/cmake /home/ray/autonomous_robot/src/myrobot_utils -DCMAKE_INSTALL_PREFIX=/home/ray/autonomous_robot/install/myrobot_utils
[0.487s] DEBUG:colcon.colcon_core.event_handler.log_command:Invoked command in '/home/ray/autonomous_robot/build/myrobot_description' returned '0': CMAKE_PREFIX_PATH=${CMAKE_PREFIX_PATH}:/home/ray/autonomous_robot/install/myamr_files:/home/ray/autonomous_tb3_ws/install/autonomous_tb3:/home/ray/turtlebot3_ws/install/turtlebot3_teleop:/home/ray/turtlebot3_ws/install/turtlebot3_example:/home/ray/turtlebot3_ws/install/my_robot_test:/home/ray/autonomous_tb3_ws/src/install/autonomous_tb3:/opt/ros/humble /usr/bin/cmake --build /home/ray/autonomous_robot/build/myrobot_description -- -j8 -l8
[0.503s] DEBUG:colcon.colcon_core.event_handler.log_command:Invoking command in '/home/ray/autonomous_robot/build/myrobot_description': CMAKE_PREFIX_PATH=${CMAKE_PREFIX_PATH}:/home/ray/autonomous_robot/install/myamr_files:/home/ray/autonomous_tb3_ws/install/autonomous_tb3:/home/ray/turtlebot3_ws/install/turtlebot3_teleop:/home/ray/turtlebot3_ws/install/turtlebot3_example:/home/ray/turtlebot3_ws/install/my_robot_test:/home/ray/autonomous_tb3_ws/src/install/autonomous_tb3:/opt/ros/humble /usr/bin/cmake --install /home/ray/autonomous_robot/build/myrobot_description
[0.548s] Level 1:colcon.colcon_core.environment:create_environment_scripts_only(myrobot_description)
[0.565s] Level 1:colcon.colcon_core.environment:checking '/home/ray/autonomous_robot/install/myrobot_description' for CMake module files
[0.567s] Level 1:colcon.colcon_core.environment:checking '/home/ray/autonomous_robot/install/myrobot_description' for CMake config files
[0.605s] DEBUG:colcon.colcon_core.event_handler.log_command:Invoked command in '/home/ray/autonomous_robot/build/myrobot_description' returned '0': CMAKE_PREFIX_PATH=${CMAKE_PREFIX_PATH}:/home/ray/autonomous_robot/install/myamr_files:/home/ray/autonomous_tb3_ws/install/autonomous_tb3:/home/ray/turtlebot3_ws/install/turtlebot3_teleop:/home/ray/turtlebot3_ws/install/turtlebot3_example:/home/ray/turtlebot3_ws/install/my_robot_test:/home/ray/autonomous_tb3_ws/src/install/autonomous_tb3:/opt/ros/humble /usr/bin/cmake --install /home/ray/autonomous_robot/build/myrobot_description
[0.608s] Level 1:colcon.colcon_core.shell:create_environment_hook('myrobot_description', 'cmake_prefix_path')
[0.608s] INFO:colcon.colcon_core.shell:Creating environment hook '/home/ray/autonomous_robot/install/myrobot_description/share/myrobot_description/hook/cmake_prefix_path.ps1'
[0.609s] INFO:colcon.colcon_core.shell:Creating environment descriptor '/home/ray/autonomous_robot/install/myrobot_description/share/myrobot_description/hook/cmake_prefix_path.dsv'
[0.610s] INFO:colcon.colcon_core.shell:Creating environment hook '/home/ray/autonomous_robot/install/myrobot_description/share/myrobot_description/hook/cmake_prefix_path.sh'
[0.610s] Level 1:colcon.colcon_core.environment:checking '/home/ray/autonomous_robot/install/myrobot_description/bin'
[0.610s] Level 1:colcon.colcon_core.environment:checking '/home/ray/autonomous_robot/install/myrobot_description/lib/pkgconfig/myrobot_description.pc'
[0.611s] Level 1:colcon.colcon_core.environment:checking '/home/ray/autonomous_robot/install/myrobot_description/lib/python3.10/site-packages'
[0.611s] Level 1:colcon.colcon_core.environment:checking '/home/ray/autonomous_robot/install/myrobot_description/bin'
[0.611s] INFO:colcon.colcon_core.shell:Creating package script '/home/ray/autonomous_robot/install/myrobot_description/share/myrobot_description/package.ps1'
[0.612s] INFO:colcon.colcon_core.shell:Creating package descriptor '/home/ray/autonomous_robot/install/myrobot_description/share/myrobot_description/package.dsv'
[0.612s] INFO:colcon.colcon_core.shell:Creating package script '/home/ray/autonomous_robot/install/myrobot_description/share/myrobot_description/package.sh'
[0.613s] INFO:colcon.colcon_core.shell:Creating package script '/home/ray/autonomous_robot/install/myrobot_description/share/myrobot_description/package.bash'
[0.614s] INFO:colcon.colcon_core.shell:Creating package script '/home/ray/autonomous_robot/install/myrobot_description/share/myrobot_description/package.zsh'
[0.614s] Level 1:colcon.colcon_core.environment:create_file_with_runtime_dependencies(/home/ray/autonomous_robot/install/myrobot_description/share/colcon-core/packages/myrobot_description)
[0.615s] Level 1:colcon.colcon_core.environment:create_environment_scripts_only(myrobot_description)
[0.615s] Level 1:colcon.colcon_core.environment:checking '/home/ray/autonomous_robot/install/myrobot_description' for CMake module files
[0.616s] Level 1:colcon.colcon_core.environment:checking '/home/ray/autonomous_robot/install/myrobot_description' for CMake config files
[0.620s] Level 1:colcon.colcon_core.shell:create_environment_hook('myrobot_description', 'cmake_prefix_path')
[0.620s] INFO:colcon.colcon_core.shell:Creating environment hook '/home/ray/autonomous_robot/install/myrobot_description/share/myrobot_description/hook/cmake_prefix_path.ps1'
[0.621s] INFO:colcon.colcon_core.shell:Creating environment descriptor '/home/ray/autonomous_robot/install/myrobot_description/share/myrobot_description/hook/cmake_prefix_path.dsv'
[0.621s] INFO:colcon.colcon_core.shell:Creating environment hook '/home/ray/autonomous_robot/install/myrobot_description/share/myrobot_description/hook/cmake_prefix_path.sh'
[0.621s] Level 1:colcon.colcon_core.environment:checking '/home/ray/autonomous_robot/install/myrobot_description/bin'
[0.621s] Level 1:colcon.colcon_core.environment:checking '/home/ray/autonomous_robot/install/myrobot_description/lib/pkgconfig/myrobot_description.pc'
[0.622s] Level 1:colcon.colcon_core.environment:checking '/home/ray/autonomous_robot/install/myrobot_description/lib/python3.10/site-packages'
[0.622s] Level 1:colcon.colcon_core.environment:checking '/home/ray/autonomous_robot/install/myrobot_description/bin'
[0.622s] INFO:colcon.colcon_core.shell:Creating package script '/home/ray/autonomous_robot/install/myrobot_description/share/myrobot_description/package.ps1'
[0.623s] INFO:colcon.colcon_core.shell:Creating package descriptor '/home/ray/autonomous_robot/install/myrobot_description/share/myrobot_description/package.dsv'
[0.623s] INFO:colcon.colcon_core.shell:Creating package script '/home/ray/autonomous_robot/install/myrobot_description/share/myrobot_description/package.sh'
[0.623s] INFO:colcon.colcon_core.shell:Creating package script '/home/ray/autonomous_robot/install/myrobot_description/share/myrobot_description/package.bash'
[0.624s] INFO:colcon.colcon_core.shell:Creating package script '/home/ray/autonomous_robot/install/myrobot_description/share/myrobot_description/package.zsh'
[0.624s] Level 1:colcon.colcon_core.environment:create_file_with_runtime_dependencies(/home/ray/autonomous_robot/install/myrobot_description/share/colcon-core/packages/myrobot_description)
[1.200s] DEBUG:colcon.colcon_core.event_handler.log_command:Invoked command in '/home/ray/autonomous_robot/build/bumperbot_localization' returned '1': CMAKE_PREFIX_PATH=${CMAKE_PREFIX_PATH}:/home/ray/autonomous_robot/install/myamr_files:/home/ray/autonomous_tb3_ws/install/autonomous_tb3:/home/ray/turtlebot3_ws/install/turtlebot3_teleop:/home/ray/turtlebot3_ws/install/turtlebot3_example:/home/ray/turtlebot3_ws/install/my_robot_test:/home/ray/autonomous_tb3_ws/src/install/autonomous_tb3:/opt/ros/humble /usr/bin/cmake /home/ray/autonomous_robot/src/myrobot_localization -DCMAKE_INSTALL_PREFIX=/home/ray/autonomous_robot/install/bumperbot_localization
[1.220s] Level 1:colcon.colcon_core.environment:create_environment_scripts_only(bumperbot_localization)
[1.221s] Level 1:colcon.colcon_core.environment:checking '/home/ray/autonomous_robot/install/bumperbot_localization' for CMake module files
[1.223s] Level 1:colcon.colcon_core.environment:checking '/home/ray/autonomous_robot/install/bumperbot_localization' for CMake config files
[1.223s] Level 1:colcon.colcon_core.environment:checking '/home/ray/autonomous_robot/install/bumperbot_localization/bin'
[1.224s] Level 1:colcon.colcon_core.environment:checking '/home/ray/autonomous_robot/install/bumperbot_localization/lib/pkgconfig/bumperbot_localization.pc'
[1.224s] Level 1:colcon.colcon_core.environment:checking '/home/ray/autonomous_robot/install/bumperbot_localization/lib/python3.10/site-packages'
[1.224s] Level 1:colcon.colcon_core.environment:checking '/home/ray/autonomous_robot/install/bumperbot_localization/bin'
[1.225s] INFO:colcon.colcon_core.shell:Creating package script '/home/ray/autonomous_robot/install/bumperbot_localization/share/bumperbot_localization/package.ps1'
[1.225s] INFO:colcon.colcon_core.shell:Creating package descriptor '/home/ray/autonomous_robot/install/bumperbot_localization/share/bumperbot_localization/package.dsv'
[1.226s] INFO:colcon.colcon_core.shell:Creating package script '/home/ray/autonomous_robot/install/bumperbot_localization/share/bumperbot_localization/package.sh'
[1.227s] INFO:colcon.colcon_core.shell:Creating package script '/home/ray/autonomous_robot/install/bumperbot_localization/share/bumperbot_localization/package.bash'
[1.228s] INFO:colcon.colcon_core.shell:Creating package script '/home/ray/autonomous_robot/install/bumperbot_localization/share/bumperbot_localization/package.zsh'
[1.228s] Level 1:colcon.colcon_core.environment:create_file_with_runtime_dependencies(/home/ray/autonomous_robot/install/bumperbot_localization/share/colcon-core/packages/bumperbot_localization)
[1.328s] DEBUG:colcon.colcon_parallel_executor.executor.parallel:closing loop
[1.328s] DEBUG:colcon.colcon_parallel_executor.executor.parallel:loop closed
[1.328s] DEBUG:colcon.colcon_parallel_executor.executor.parallel:run_until_complete finished with '1'
[1.328s] DEBUG:colcon.colcon_core.event_reactor:joining thread
[1.339s] INFO:colcon.colcon_core.plugin_system:Skipping extension 'colcon_notification.desktop_notification.terminal_notifier': Not used on non-Darwin systems
[1.339s] INFO:colcon.colcon_core.plugin_system:Skipping extension 'colcon_notification.desktop_notification.win32': Not used on non-Windows systems
[1.339s] INFO:colcon.colcon_notification.desktop_notification:Sending desktop notification using 'notify2'
[1.362s] DEBUG:colcon.colcon_core.event_reactor:joined thread
[1.362s] INFO:colcon.colcon_core.shell:Creating prefix script '/home/ray/autonomous_robot/install/local_setup.ps1'
[1.364s] INFO:colcon.colcon_core.shell:Creating prefix util module '/home/ray/autonomous_robot/install/_local_setup_util_ps1.py'
[1.367s] INFO:colcon.colcon_core.shell:Creating prefix chain script '/home/ray/autonomous_robot/install/setup.ps1'
[1.369s] INFO:colcon.colcon_core.shell:Creating prefix script '/home/ray/autonomous_robot/install/local_setup.sh'
[1.370s] INFO:colcon.colcon_core.shell:Creating prefix util module '/home/ray/autonomous_robot/install/_local_setup_util_sh.py'
[1.371s] INFO:colcon.colcon_core.shell:Creating prefix chain script '/home/ray/autonomous_robot/install/setup.sh'
[1.373s] INFO:colcon.colcon_core.shell:Creating prefix script '/home/ray/autonomous_robot/install/local_setup.bash'
[1.374s] INFO:colcon.colcon_core.shell:Creating prefix chain script '/home/ray/autonomous_robot/install/setup.bash'
[1.376s] INFO:colcon.colcon_core.shell:Creating prefix script '/home/ray/autonomous_robot/install/local_setup.zsh'
[1.377s] INFO:colcon.colcon_core.shell:Creating prefix chain script '/home/ray/autonomous_robot/install/setup.zsh'
