[0.023s] Invoking command in '/home/ray/autonomous_robot/build/myamr_mapping': CMAKE_PREFIX_PATH=${CMAKE_PREFIX_PATH}:/home/ray/autonomous_tb3_ws/install/autonomous_tb3:/home/ray/turtlebot3_ws/install/turtlebot3_teleop:/home/ray/turtlebot3_ws/install/turtlebot3_example:/home/ray/turtlebot3_ws/install/my_robot_test:/home/ray/autonomous_tb3_ws/src/install/autonomous_tb3:/opt/ros/humble /usr/bin/cmake --build /home/ray/autonomous_robot/build/myamr_mapping -- -j8 -l8
[0.075s] [100%] Built target mapping_with_known_poses
[0.078s] [100%] Built target ament_cmake_python_copy_myamr_mapping
[0.261s] running egg_info
[0.262s] writing myamr_mapping.egg-info/PKG-INFO
[0.262s] writing dependency_links to myamr_mapping.egg-info/dependency_links.txt
[0.262s] writing top-level names to myamr_mapping.egg-info/top_level.txt
[0.265s] reading manifest file 'myamr_mapping.egg-info/SOURCES.txt'
[0.266s] writing manifest file 'myamr_mapping.egg-info/SOURCES.txt'
[0.320s] [100%] Built target ament_cmake_python_build_myamr_mapping_egg
[0.349s] Invoked command in '/home/ray/autonomous_robot/build/myamr_mapping' returned '0': CMAKE_PREFIX_PATH=${CMAKE_PREFIX_PATH}:/home/ray/autonomous_tb3_ws/install/autonomous_tb3:/home/ray/turtlebot3_ws/install/turtlebot3_teleop:/home/ray/turtlebot3_ws/install/turtlebot3_example:/home/ray/turtlebot3_ws/install/my_robot_test:/home/ray/autonomous_tb3_ws/src/install/autonomous_tb3:/opt/ros/humble /usr/bin/cmake --build /home/ray/autonomous_robot/build/myamr_mapping -- -j8 -l8
[0.351s] Invoking command in '/home/ray/autonomous_robot/build/myamr_mapping': CMAKE_PREFIX_PATH=${CMAKE_PREFIX_PATH}:/home/ray/autonomous_tb3_ws/install/autonomous_tb3:/home/ray/turtlebot3_ws/install/turtlebot3_teleop:/home/ray/turtlebot3_ws/install/turtlebot3_example:/home/ray/turtlebot3_ws/install/my_robot_test:/home/ray/autonomous_tb3_ws/src/install/autonomous_tb3:/opt/ros/humble /usr/bin/cmake --install /home/ray/autonomous_robot/build/myamr_mapping
[0.356s] -- Install configuration: ""
[0.356s] -- Up-to-date: /home/ray/autonomous_robot/install/myamr_mapping/share/myamr_mapping/environment/pythonpath.sh
[0.356s] -- Up-to-date: /home/ray/autonomous_robot/install/myamr_mapping/share/myamr_mapping/environment/pythonpath.dsv
[0.356s] -- Up-to-date: /home/ray/autonomous_robot/install/myamr_mapping/local/lib/python3.10/dist-packages/myamr_mapping-0.0.0-py3.10.egg-info
[0.356s] -- Installing: /home/ray/autonomous_robot/install/myamr_mapping/local/lib/python3.10/dist-packages/myamr_mapping-0.0.0-py3.10.egg-info/SOURCES.txt
[0.356s] -- Installing: /home/ray/autonomous_robot/install/myamr_mapping/local/lib/python3.10/dist-packages/myamr_mapping-0.0.0-py3.10.egg-info/PKG-INFO
[0.357s] -- Installing: /home/ray/autonomous_robot/install/myamr_mapping/local/lib/python3.10/dist-packages/myamr_mapping-0.0.0-py3.10.egg-info/dependency_links.txt
[0.357s] -- Installing: /home/ray/autonomous_robot/install/myamr_mapping/local/lib/python3.10/dist-packages/myamr_mapping-0.0.0-py3.10.egg-info/top_level.txt
[0.357s] -- Up-to-date: /home/ray/autonomous_robot/install/myamr_mapping/local/lib/python3.10/dist-packages/myamr_mapping
[0.357s] -- Up-to-date: /home/ray/autonomous_robot/install/myamr_mapping/local/lib/python3.10/dist-packages/myamr_mapping/mapping_with_known_poses.py
[0.357s] -- Up-to-date: /home/ray/autonomous_robot/install/myamr_mapping/local/lib/python3.10/dist-packages/myamr_mapping/__init__.py
[0.414s] Listing '/home/ray/autonomous_robot/install/myamr_mapping/local/lib/python3.10/dist-packages/myamr_mapping'...
[0.420s] -- Up-to-date: /home/ray/autonomous_robot/install/myamr_mapping/include/include
[0.420s] -- Up-to-date: /home/ray/autonomous_robot/install/myamr_mapping/include/include/myamr_mapping
[0.420s] -- Up-to-date: /home/ray/autonomous_robot/install/myamr_mapping/include/include/myamr_mapping/mapping_with_known_poses.hpp
[0.420s] -- Up-to-date: /home/ray/autonomous_robot/install/myamr_mapping/lib/myamr_mapping/mapping_with_known_poses
[0.420s] -- Up-to-date: /home/ray/autonomous_robot/install/myamr_mapping/share/myamr_mapping/config
[0.420s] -- Up-to-date: /home/ray/autonomous_robot/install/myamr_mapping/share/myamr_mapping/config/slam_toolbox.yaml
[0.420s] -- Up-to-date: /home/ray/autonomous_robot/install/myamr_mapping/share/myamr_mapping/launch
[0.420s] -- Up-to-date: /home/ray/autonomous_robot/install/myamr_mapping/share/myamr_mapping/launch/slam.launch.py
[0.420s] -- Up-to-date: /home/ray/autonomous_robot/install/myamr_mapping/share/myamr_mapping/maps
[0.420s] -- Up-to-date: /home/ray/autonomous_robot/install/myamr_mapping/share/myamr_mapping/maps/small_house
[0.420s] -- Up-to-date: /home/ray/autonomous_robot/install/myamr_mapping/share/myamr_mapping/maps/small_house/map.pgm
[0.420s] -- Up-to-date: /home/ray/autonomous_robot/install/myamr_mapping/share/myamr_mapping/maps/small_house/map.yaml
[0.420s] -- Up-to-date: /home/ray/autonomous_robot/install/myamr_mapping/share/myamr_mapping/maps/small_warehouse
[0.420s] -- Up-to-date: /home/ray/autonomous_robot/install/myamr_mapping/share/myamr_mapping/maps/small_warehouse/map.pgm
[0.420s] -- Up-to-date: /home/ray/autonomous_robot/install/myamr_mapping/share/myamr_mapping/maps/small_warehouse/map.yaml
[0.420s] -- Up-to-date: /home/ray/autonomous_robot/install/myamr_mapping/share/myamr_mapping/rviz
[0.420s] -- Up-to-date: /home/ray/autonomous_robot/install/myamr_mapping/share/myamr_mapping/rviz/slam.rviz
[0.421s] -- Up-to-date: /home/ray/autonomous_robot/install/myamr_mapping/lib/myamr_mapping/mapping_with_known_poses.py
[0.421s] -- Up-to-date: /home/ray/autonomous_robot/install/myamr_mapping/share/ament_index/resource_index/package_run_dependencies/myamr_mapping
[0.421s] -- Up-to-date: /home/ray/autonomous_robot/install/myamr_mapping/share/ament_index/resource_index/parent_prefix_path/myamr_mapping
[0.421s] -- Up-to-date: /home/ray/autonomous_robot/install/myamr_mapping/share/myamr_mapping/environment/ament_prefix_path.sh
[0.421s] -- Up-to-date: /home/ray/autonomous_robot/install/myamr_mapping/share/myamr_mapping/environment/ament_prefix_path.dsv
[0.421s] -- Up-to-date: /home/ray/autonomous_robot/install/myamr_mapping/share/myamr_mapping/environment/path.sh
[0.421s] -- Up-to-date: /home/ray/autonomous_robot/install/myamr_mapping/share/myamr_mapping/environment/path.dsv
[0.421s] -- Up-to-date: /home/ray/autonomous_robot/install/myamr_mapping/share/myamr_mapping/local_setup.bash
[0.421s] -- Up-to-date: /home/ray/autonomous_robot/install/myamr_mapping/share/myamr_mapping/local_setup.sh
[0.421s] -- Up-to-date: /home/ray/autonomous_robot/install/myamr_mapping/share/myamr_mapping/local_setup.zsh
[0.421s] -- Up-to-date: /home/ray/autonomous_robot/install/myamr_mapping/share/myamr_mapping/local_setup.dsv
[0.421s] -- Installing: /home/ray/autonomous_robot/install/myamr_mapping/share/myamr_mapping/package.dsv
[0.421s] -- Up-to-date: /home/ray/autonomous_robot/install/myamr_mapping/share/ament_index/resource_index/packages/myamr_mapping
[0.421s] -- Up-to-date: /home/ray/autonomous_robot/install/myamr_mapping/share/myamr_mapping/cmake/myamr_mappingConfig.cmake
[0.421s] -- Up-to-date: /home/ray/autonomous_robot/install/myamr_mapping/share/myamr_mapping/cmake/myamr_mappingConfig-version.cmake
[0.421s] -- Up-to-date: /home/ray/autonomous_robot/install/myamr_mapping/share/myamr_mapping/package.xml
[0.449s] Invoked command in '/home/ray/autonomous_robot/build/myamr_mapping' returned '0': CMAKE_PREFIX_PATH=${CMAKE_PREFIX_PATH}:/home/ray/autonomous_tb3_ws/install/autonomous_tb3:/home/ray/turtlebot3_ws/install/turtlebot3_teleop:/home/ray/turtlebot3_ws/install/turtlebot3_example:/home/ray/turtlebot3_ws/install/my_robot_test:/home/ray/autonomous_tb3_ws/src/install/autonomous_tb3:/opt/ros/humble /usr/bin/cmake --install /home/ray/autonomous_robot/build/myamr_mapping
