[0.064s] DEBUG:colcon:Command line arguments: ['/usr/bin/colcon', 'build']
[0.064s] DEBUG:colcon:Parsed command line arguments: Namespace(log_base=None, log_level=None, verb_name='build', build_base='build', install_base='install', merge_install=False, symlink_install=False, test_result_base=None, continue_on_error=False, executor='parallel', parallel_workers=8, event_handlers=None, ignore_user_meta=False, metas=['./colcon.meta'], base_paths=['.'], packages_ignore=None, packages_ignore_regex=None, paths=None, packages_up_to=None, packages_up_to_regex=None, packages_above=None, packages_above_and_dependencies=None, packages_above_depth=None, packages_select_by_dep=None, packages_skip_by_dep=None, packages_skip_up_to=None, packages_select_build_failed=False, packages_skip_build_finished=False, packages_select_test_failures=False, packages_skip_test_passed=False, packages_select=None, packages_skip=None, packages_select_regex=None, packages_skip_regex=None, packages_start=None, packages_end=None, allow_overriding=[], cmake_args=None, cmake_target=None, cmake_target_skip_unavailable=False, cmake_clean_cache=False, cmake_clean_first=False, cmake_force_configure=False, ament_cmake_args=None, catkin_cmake_args=None, catkin_skip_building_tests=False, verb_parser=<colcon_defaults.argument_parser.defaults.DefaultArgumentsDecorator object at 0x717895602ce0>, verb_extension=<colcon_core.verb.build.BuildVerb object at 0x71789579c100>, main=<bound method BuildVerb.main of <colcon_core.verb.build.BuildVerb object at 0x71789579c100>>)
[0.220s] Level 1:colcon.colcon_core.package_discovery:discover_packages(colcon_meta) check parameters
[0.220s] Level 1:colcon.colcon_core.package_discovery:discover_packages(recursive) check parameters
[0.220s] Level 1:colcon.colcon_core.package_discovery:discover_packages(ignore) check parameters
[0.220s] Level 1:colcon.colcon_core.package_discovery:discover_packages(path) check parameters
[0.220s] Level 1:colcon.colcon_core.package_discovery:discover_packages(colcon_meta) discover
[0.220s] Level 1:colcon.colcon_core.package_discovery:discover_packages(recursive) discover
[0.220s] INFO:colcon.colcon_core.package_discovery:Crawling recursively for packages in '/home/ray/autonomous_robot'
[0.220s] Level 1:colcon.colcon_core.package_identification:_identify(.) by extensions ['ignore', 'ignore_ament_install']
[0.220s] Level 1:colcon.colcon_core.package_identification:_identify(.) by extension 'ignore'
[0.220s] Level 1:colcon.colcon_core.package_identification:_identify(.) by extension 'ignore_ament_install'
[0.220s] Level 1:colcon.colcon_core.package_identification:_identify(.) by extensions ['colcon_pkg']
[0.220s] Level 1:colcon.colcon_core.package_identification:_identify(.) by extension 'colcon_pkg'
[0.220s] Level 1:colcon.colcon_core.package_identification:_identify(.) by extensions ['colcon_meta']
[0.220s] Level 1:colcon.colcon_core.package_identification:_identify(.) by extension 'colcon_meta'
[0.220s] Level 1:colcon.colcon_core.package_identification:_identify(.) by extensions ['ros']
[0.220s] Level 1:colcon.colcon_core.package_identification:_identify(.) by extension 'ros'
[0.227s] Level 1:colcon.colcon_core.package_identification:_identify(.) by extensions ['cmake', 'python']
[0.227s] Level 1:colcon.colcon_core.package_identification:_identify(.) by extension 'cmake'
[0.227s] Level 1:colcon.colcon_core.package_identification:_identify(.) by extension 'python'
[0.227s] Level 1:colcon.colcon_core.package_identification:_identify(.) by extensions ['python_setup_py']
[0.227s] Level 1:colcon.colcon_core.package_identification:_identify(.) by extension 'python_setup_py'
[0.227s] Level 1:colcon.colcon_core.package_identification:_identify(amr_testing) by extensions ['ignore', 'ignore_ament_install']
[0.227s] Level 1:colcon.colcon_core.package_identification:_identify(amr_testing) by extension 'ignore'
[0.227s] Level 1:colcon.colcon_core.package_identification:_identify(amr_testing) by extension 'ignore_ament_install'
[0.227s] Level 1:colcon.colcon_core.package_identification:_identify(amr_testing) by extensions ['colcon_pkg']
[0.227s] Level 1:colcon.colcon_core.package_identification:_identify(amr_testing) by extension 'colcon_pkg'
[0.227s] Level 1:colcon.colcon_core.package_identification:_identify(amr_testing) by extensions ['colcon_meta']
[0.227s] Level 1:colcon.colcon_core.package_identification:_identify(amr_testing) by extension 'colcon_meta'
[0.227s] Level 1:colcon.colcon_core.package_identification:_identify(amr_testing) by extensions ['ros']
[0.227s] Level 1:colcon.colcon_core.package_identification:_identify(amr_testing) by extension 'ros'
[0.227s] Level 1:colcon.colcon_core.package_identification:_identify(amr_testing) by extensions ['cmake', 'python']
[0.227s] Level 1:colcon.colcon_core.package_identification:_identify(amr_testing) by extension 'cmake'
[0.227s] Level 1:colcon.colcon_core.package_identification:_identify(amr_testing) by extension 'python'
[0.227s] Level 1:colcon.colcon_core.package_identification:_identify(amr_testing) by extensions ['python_setup_py']
[0.227s] Level 1:colcon.colcon_core.package_identification:_identify(amr_testing) by extension 'python_setup_py'
[0.227s] Level 1:colcon.colcon_core.package_identification:_identify(amr_testing/build) by extensions ['ignore', 'ignore_ament_install']
[0.227s] Level 1:colcon.colcon_core.package_identification:_identify(amr_testing/build) by extension 'ignore'
[0.227s] Level 1:colcon.colcon_core.package_identification:_identify(amr_testing/build) ignored
[0.228s] Level 1:colcon.colcon_core.package_identification:_identify(amr_testing/install) by extensions ['ignore', 'ignore_ament_install']
[0.228s] Level 1:colcon.colcon_core.package_identification:_identify(amr_testing/install) by extension 'ignore'
[0.228s] Level 1:colcon.colcon_core.package_identification:_identify(amr_testing/install) ignored
[0.228s] Level 1:colcon.colcon_core.package_identification:_identify(amr_testing/log) by extensions ['ignore', 'ignore_ament_install']
[0.228s] Level 1:colcon.colcon_core.package_identification:_identify(amr_testing/log) by extension 'ignore'
[0.228s] Level 1:colcon.colcon_core.package_identification:_identify(amr_testing/log) ignored
[0.228s] Level 1:colcon.colcon_core.package_identification:_identify(amr_testing/src) by extensions ['ignore', 'ignore_ament_install']
[0.228s] Level 1:colcon.colcon_core.package_identification:_identify(amr_testing/src) by extension 'ignore'
[0.228s] Level 1:colcon.colcon_core.package_identification:_identify(amr_testing/src) by extension 'ignore_ament_install'
[0.228s] Level 1:colcon.colcon_core.package_identification:_identify(amr_testing/src) by extensions ['colcon_pkg']
[0.228s] Level 1:colcon.colcon_core.package_identification:_identify(amr_testing/src) by extension 'colcon_pkg'
[0.228s] Level 1:colcon.colcon_core.package_identification:_identify(amr_testing/src) by extensions ['colcon_meta']
[0.228s] Level 1:colcon.colcon_core.package_identification:_identify(amr_testing/src) by extension 'colcon_meta'
[0.228s] Level 1:colcon.colcon_core.package_identification:_identify(amr_testing/src) by extensions ['ros']
[0.228s] Level 1:colcon.colcon_core.package_identification:_identify(amr_testing/src) by extension 'ros'
[0.228s] Level 1:colcon.colcon_core.package_identification:_identify(amr_testing/src) by extensions ['cmake', 'python']
[0.228s] Level 1:colcon.colcon_core.package_identification:_identify(amr_testing/src) by extension 'cmake'
[0.228s] Level 1:colcon.colcon_core.package_identification:_identify(amr_testing/src) by extension 'python'
[0.228s] Level 1:colcon.colcon_core.package_identification:_identify(amr_testing/src) by extensions ['python_setup_py']
[0.228s] Level 1:colcon.colcon_core.package_identification:_identify(amr_testing/src) by extension 'python_setup_py'
[0.228s] Level 1:colcon.colcon_core.package_identification:_identify(build) by extensions ['ignore', 'ignore_ament_install']
[0.228s] Level 1:colcon.colcon_core.package_identification:_identify(build) by extension 'ignore'
[0.228s] Level 1:colcon.colcon_core.package_identification:_identify(build) ignored
[0.228s] Level 1:colcon.colcon_core.package_identification:_identify(install) by extensions ['ignore', 'ignore_ament_install']
[0.228s] Level 1:colcon.colcon_core.package_identification:_identify(install) by extension 'ignore'
[0.228s] Level 1:colcon.colcon_core.package_identification:_identify(install) ignored
[0.228s] Level 1:colcon.colcon_core.package_identification:_identify(log) by extensions ['ignore', 'ignore_ament_install']
[0.228s] Level 1:colcon.colcon_core.package_identification:_identify(log) by extension 'ignore'
[0.229s] Level 1:colcon.colcon_core.package_identification:_identify(log) ignored
[0.229s] Level 1:colcon.colcon_core.package_identification:_identify(myamr_bringup) by extensions ['ignore', 'ignore_ament_install']
[0.229s] Level 1:colcon.colcon_core.package_identification:_identify(myamr_bringup) by extension 'ignore'
[0.229s] Level 1:colcon.colcon_core.package_identification:_identify(myamr_bringup) by extension 'ignore_ament_install'
[0.229s] Level 1:colcon.colcon_core.package_identification:_identify(myamr_bringup) by extensions ['colcon_pkg']
[0.229s] Level 1:colcon.colcon_core.package_identification:_identify(myamr_bringup) by extension 'colcon_pkg'
[0.229s] Level 1:colcon.colcon_core.package_identification:_identify(myamr_bringup) by extensions ['colcon_meta']
[0.229s] Level 1:colcon.colcon_core.package_identification:_identify(myamr_bringup) by extension 'colcon_meta'
[0.229s] Level 1:colcon.colcon_core.package_identification:_identify(myamr_bringup) by extensions ['ros']
[0.229s] Level 1:colcon.colcon_core.package_identification:_identify(myamr_bringup) by extension 'ros'
[0.232s] DEBUG:colcon.colcon_core.package_identification:Package 'myamr_bringup' with type 'ros.ament_cmake' and name 'myamr_bringup'
[0.232s] Level 1:colcon.colcon_core.package_identification:_identify(myamr_controller) by extensions ['ignore', 'ignore_ament_install']
[0.232s] Level 1:colcon.colcon_core.package_identification:_identify(myamr_controller) by extension 'ignore'
[0.232s] Level 1:colcon.colcon_core.package_identification:_identify(myamr_controller) by extension 'ignore_ament_install'
[0.232s] Level 1:colcon.colcon_core.package_identification:_identify(myamr_controller) by extensions ['colcon_pkg']
[0.232s] Level 1:colcon.colcon_core.package_identification:_identify(myamr_controller) by extension 'colcon_pkg'
[0.232s] Level 1:colcon.colcon_core.package_identification:_identify(myamr_controller) by extensions ['colcon_meta']
[0.232s] Level 1:colcon.colcon_core.package_identification:_identify(myamr_controller) by extension 'colcon_meta'
[0.232s] Level 1:colcon.colcon_core.package_identification:_identify(myamr_controller) by extensions ['ros']
[0.232s] Level 1:colcon.colcon_core.package_identification:_identify(myamr_controller) by extension 'ros'
[0.233s] DEBUG:colcon.colcon_core.package_identification:Package 'myamr_controller' with type 'ros.ament_cmake' and name 'myamr_controller'
[0.233s] Level 1:colcon.colcon_core.package_identification:_identify(myamr_description) by extensions ['ignore', 'ignore_ament_install']
[0.233s] Level 1:colcon.colcon_core.package_identification:_identify(myamr_description) by extension 'ignore'
[0.233s] Level 1:colcon.colcon_core.package_identification:_identify(myamr_description) by extension 'ignore_ament_install'
[0.233s] Level 1:colcon.colcon_core.package_identification:_identify(myamr_description) by extensions ['colcon_pkg']
[0.233s] Level 1:colcon.colcon_core.package_identification:_identify(myamr_description) by extension 'colcon_pkg'
[0.233s] Level 1:colcon.colcon_core.package_identification:_identify(myamr_description) by extensions ['colcon_meta']
[0.233s] Level 1:colcon.colcon_core.package_identification:_identify(myamr_description) by extension 'colcon_meta'
[0.234s] Level 1:colcon.colcon_core.package_identification:_identify(myamr_description) by extensions ['ros']
[0.234s] Level 1:colcon.colcon_core.package_identification:_identify(myamr_description) by extension 'ros'
[0.235s] DEBUG:colcon.colcon_core.package_identification:Package 'myamr_description' with type 'ros.ament_cmake' and name 'myamr_description'
[0.235s] Level 1:colcon.colcon_core.package_identification:_identify(myamr_localization) by extensions ['ignore', 'ignore_ament_install']
[0.235s] Level 1:colcon.colcon_core.package_identification:_identify(myamr_localization) by extension 'ignore'
[0.235s] Level 1:colcon.colcon_core.package_identification:_identify(myamr_localization) by extension 'ignore_ament_install'
[0.235s] Level 1:colcon.colcon_core.package_identification:_identify(myamr_localization) by extensions ['colcon_pkg']
[0.235s] Level 1:colcon.colcon_core.package_identification:_identify(myamr_localization) by extension 'colcon_pkg'
[0.235s] Level 1:colcon.colcon_core.package_identification:_identify(myamr_localization) by extensions ['colcon_meta']
[0.235s] Level 1:colcon.colcon_core.package_identification:_identify(myamr_localization) by extension 'colcon_meta'
[0.236s] Level 1:colcon.colcon_core.package_identification:_identify(myamr_localization) by extensions ['ros']
[0.236s] Level 1:colcon.colcon_core.package_identification:_identify(myamr_localization) by extension 'ros'
[0.236s] DEBUG:colcon.colcon_core.package_identification:Package 'myamr_localization' with type 'ros.ament_cmake' and name 'myamr_localization'
[0.237s] Level 1:colcon.colcon_core.package_identification:_identify(myamr_mapping) by extensions ['ignore', 'ignore_ament_install']
[0.237s] Level 1:colcon.colcon_core.package_identification:_identify(myamr_mapping) by extension 'ignore'
[0.237s] Level 1:colcon.colcon_core.package_identification:_identify(myamr_mapping) by extension 'ignore_ament_install'
[0.237s] Level 1:colcon.colcon_core.package_identification:_identify(myamr_mapping) by extensions ['colcon_pkg']
[0.237s] Level 1:colcon.colcon_core.package_identification:_identify(myamr_mapping) by extension 'colcon_pkg'
[0.237s] Level 1:colcon.colcon_core.package_identification:_identify(myamr_mapping) by extensions ['colcon_meta']
[0.237s] Level 1:colcon.colcon_core.package_identification:_identify(myamr_mapping) by extension 'colcon_meta'
[0.237s] Level 1:colcon.colcon_core.package_identification:_identify(myamr_mapping) by extensions ['ros']
[0.237s] Level 1:colcon.colcon_core.package_identification:_identify(myamr_mapping) by extension 'ros'
[0.238s] DEBUG:colcon.colcon_core.package_identification:Package 'myamr_mapping' with type 'ros.ament_cmake' and name 'myamr_mapping'
[0.238s] Level 1:colcon.colcon_core.package_discovery:discover_packages(recursive) using defaults
[0.238s] Level 1:colcon.colcon_core.package_discovery:discover_packages(ignore) discover
[0.238s] Level 1:colcon.colcon_core.package_discovery:discover_packages(ignore) using defaults
[0.238s] Level 1:colcon.colcon_core.package_discovery:discover_packages(path) discover
[0.238s] Level 1:colcon.colcon_core.package_discovery:discover_packages(path) using defaults
[0.258s] Level 1:colcon.colcon_core.package_discovery:discover_packages(prefix_path) check parameters
[0.258s] Level 1:colcon.colcon_core.package_discovery:discover_packages(prefix_path) discover
[0.259s] DEBUG:colcon.colcon_installed_package_information.package_discovery:Found 12 installed packages in /home/ray/turtlebot3_ws/install
[0.260s] DEBUG:colcon.colcon_installed_package_information.package_discovery:Found 1 installed packages in /home/ray/autonomous_tb3_ws/install
[0.260s] DEBUG:colcon.colcon_installed_package_information.package_discovery:Found 1 installed packages in /home/ray/autonomous_tb3_ws/src/install
[0.261s] DEBUG:colcon.colcon_installed_package_information.package_discovery:Found 411 installed packages in /opt/ros/humble
[0.262s] Level 1:colcon.colcon_core.package_discovery:discover_packages(prefix_path) using defaults
[0.292s] Level 5:colcon.colcon_core.verb:set package 'myamr_controller' build argument 'cmake_args' from command line to 'None'
[0.292s] Level 5:colcon.colcon_core.verb:set package 'myamr_controller' build argument 'cmake_target' from command line to 'None'
[0.292s] Level 5:colcon.colcon_core.verb:set package 'myamr_controller' build argument 'cmake_target_skip_unavailable' from command line to 'False'
[0.292s] Level 5:colcon.colcon_core.verb:set package 'myamr_controller' build argument 'cmake_clean_cache' from command line to 'False'
[0.292s] Level 5:colcon.colcon_core.verb:set package 'myamr_controller' build argument 'cmake_clean_first' from command line to 'False'
[0.292s] Level 5:colcon.colcon_core.verb:set package 'myamr_controller' build argument 'cmake_force_configure' from command line to 'False'
[0.292s] Level 5:colcon.colcon_core.verb:set package 'myamr_controller' build argument 'ament_cmake_args' from command line to 'None'
[0.292s] Level 5:colcon.colcon_core.verb:set package 'myamr_controller' build argument 'catkin_cmake_args' from command line to 'None'
[0.292s] Level 5:colcon.colcon_core.verb:set package 'myamr_controller' build argument 'catkin_skip_building_tests' from command line to 'False'
[0.292s] DEBUG:colcon.colcon_core.verb:Building package 'myamr_controller' with the following arguments: {'ament_cmake_args': None, 'build_base': '/home/ray/autonomous_robot/build/myamr_controller', 'catkin_cmake_args': None, 'catkin_skip_building_tests': False, 'cmake_args': None, 'cmake_clean_cache': False, 'cmake_clean_first': False, 'cmake_force_configure': False, 'cmake_target': None, 'cmake_target_skip_unavailable': False, 'install_base': '/home/ray/autonomous_robot/install/myamr_controller', 'merge_install': False, 'path': '/home/ray/autonomous_robot/myamr_controller', 'symlink_install': False, 'test_result_base': None}
[0.293s] Level 5:colcon.colcon_core.verb:set package 'myamr_description' build argument 'cmake_args' from command line to 'None'
[0.293s] Level 5:colcon.colcon_core.verb:set package 'myamr_description' build argument 'cmake_target' from command line to 'None'
[0.293s] Level 5:colcon.colcon_core.verb:set package 'myamr_description' build argument 'cmake_target_skip_unavailable' from command line to 'False'
[0.293s] Level 5:colcon.colcon_core.verb:set package 'myamr_description' build argument 'cmake_clean_cache' from command line to 'False'
[0.293s] Level 5:colcon.colcon_core.verb:set package 'myamr_description' build argument 'cmake_clean_first' from command line to 'False'
[0.293s] Level 5:colcon.colcon_core.verb:set package 'myamr_description' build argument 'cmake_force_configure' from command line to 'False'
[0.293s] Level 5:colcon.colcon_core.verb:set package 'myamr_description' build argument 'ament_cmake_args' from command line to 'None'
[0.293s] Level 5:colcon.colcon_core.verb:set package 'myamr_description' build argument 'catkin_cmake_args' from command line to 'None'
[0.293s] Level 5:colcon.colcon_core.verb:set package 'myamr_description' build argument 'catkin_skip_building_tests' from command line to 'False'
[0.293s] DEBUG:colcon.colcon_core.verb:Building package 'myamr_description' with the following arguments: {'ament_cmake_args': None, 'build_base': '/home/ray/autonomous_robot/build/myamr_description', 'catkin_cmake_args': None, 'catkin_skip_building_tests': False, 'cmake_args': None, 'cmake_clean_cache': False, 'cmake_clean_first': False, 'cmake_force_configure': False, 'cmake_target': None, 'cmake_target_skip_unavailable': False, 'install_base': '/home/ray/autonomous_robot/install/myamr_description', 'merge_install': False, 'path': '/home/ray/autonomous_robot/myamr_description', 'symlink_install': False, 'test_result_base': None}
[0.293s] Level 5:colcon.colcon_core.verb:set package 'myamr_localization' build argument 'cmake_args' from command line to 'None'
[0.293s] Level 5:colcon.colcon_core.verb:set package 'myamr_localization' build argument 'cmake_target' from command line to 'None'
[0.293s] Level 5:colcon.colcon_core.verb:set package 'myamr_localization' build argument 'cmake_target_skip_unavailable' from command line to 'False'
[0.293s] Level 5:colcon.colcon_core.verb:set package 'myamr_localization' build argument 'cmake_clean_cache' from command line to 'False'
[0.293s] Level 5:colcon.colcon_core.verb:set package 'myamr_localization' build argument 'cmake_clean_first' from command line to 'False'
[0.293s] Level 5:colcon.colcon_core.verb:set package 'myamr_localization' build argument 'cmake_force_configure' from command line to 'False'
[0.293s] Level 5:colcon.colcon_core.verb:set package 'myamr_localization' build argument 'ament_cmake_args' from command line to 'None'
[0.293s] Level 5:colcon.colcon_core.verb:set package 'myamr_localization' build argument 'catkin_cmake_args' from command line to 'None'
[0.293s] Level 5:colcon.colcon_core.verb:set package 'myamr_localization' build argument 'catkin_skip_building_tests' from command line to 'False'
[0.293s] DEBUG:colcon.colcon_core.verb:Building package 'myamr_localization' with the following arguments: {'ament_cmake_args': None, 'build_base': '/home/ray/autonomous_robot/build/myamr_localization', 'catkin_cmake_args': None, 'catkin_skip_building_tests': False, 'cmake_args': None, 'cmake_clean_cache': False, 'cmake_clean_first': False, 'cmake_force_configure': False, 'cmake_target': None, 'cmake_target_skip_unavailable': False, 'install_base': '/home/ray/autonomous_robot/install/myamr_localization', 'merge_install': False, 'path': '/home/ray/autonomous_robot/myamr_localization', 'symlink_install': False, 'test_result_base': None}
[0.293s] Level 5:colcon.colcon_core.verb:set package 'myamr_mapping' build argument 'cmake_args' from command line to 'None'
[0.293s] Level 5:colcon.colcon_core.verb:set package 'myamr_mapping' build argument 'cmake_target' from command line to 'None'
[0.293s] Level 5:colcon.colcon_core.verb:set package 'myamr_mapping' build argument 'cmake_target_skip_unavailable' from command line to 'False'
[0.293s] Level 5:colcon.colcon_core.verb:set package 'myamr_mapping' build argument 'cmake_clean_cache' from command line to 'False'
[0.293s] Level 5:colcon.colcon_core.verb:set package 'myamr_mapping' build argument 'cmake_clean_first' from command line to 'False'
[0.293s] Level 5:colcon.colcon_core.verb:set package 'myamr_mapping' build argument 'cmake_force_configure' from command line to 'False'
[0.293s] Level 5:colcon.colcon_core.verb:set package 'myamr_mapping' build argument 'ament_cmake_args' from command line to 'None'
[0.293s] Level 5:colcon.colcon_core.verb:set package 'myamr_mapping' build argument 'catkin_cmake_args' from command line to 'None'
[0.293s] Level 5:colcon.colcon_core.verb:set package 'myamr_mapping' build argument 'catkin_skip_building_tests' from command line to 'False'
[0.293s] DEBUG:colcon.colcon_core.verb:Building package 'myamr_mapping' with the following arguments: {'ament_cmake_args': None, 'build_base': '/home/ray/autonomous_robot/build/myamr_mapping', 'catkin_cmake_args': None, 'catkin_skip_building_tests': False, 'cmake_args': None, 'cmake_clean_cache': False, 'cmake_clean_first': False, 'cmake_force_configure': False, 'cmake_target': None, 'cmake_target_skip_unavailable': False, 'install_base': '/home/ray/autonomous_robot/install/myamr_mapping', 'merge_install': False, 'path': '/home/ray/autonomous_robot/myamr_mapping', 'symlink_install': False, 'test_result_base': None}
[0.294s] Level 5:colcon.colcon_core.verb:set package 'myamr_bringup' build argument 'cmake_args' from command line to 'None'
[0.294s] Level 5:colcon.colcon_core.verb:set package 'myamr_bringup' build argument 'cmake_target' from command line to 'None'
[0.294s] Level 5:colcon.colcon_core.verb:set package 'myamr_bringup' build argument 'cmake_target_skip_unavailable' from command line to 'False'
[0.294s] Level 5:colcon.colcon_core.verb:set package 'myamr_bringup' build argument 'cmake_clean_cache' from command line to 'False'
[0.294s] Level 5:colcon.colcon_core.verb:set package 'myamr_bringup' build argument 'cmake_clean_first' from command line to 'False'
[0.294s] Level 5:colcon.colcon_core.verb:set package 'myamr_bringup' build argument 'cmake_force_configure' from command line to 'False'
[0.294s] Level 5:colcon.colcon_core.verb:set package 'myamr_bringup' build argument 'ament_cmake_args' from command line to 'None'
[0.294s] Level 5:colcon.colcon_core.verb:set package 'myamr_bringup' build argument 'catkin_cmake_args' from command line to 'None'
[0.294s] Level 5:colcon.colcon_core.verb:set package 'myamr_bringup' build argument 'catkin_skip_building_tests' from command line to 'False'
[0.294s] DEBUG:colcon.colcon_core.verb:Building package 'myamr_bringup' with the following arguments: {'ament_cmake_args': None, 'build_base': '/home/ray/autonomous_robot/build/myamr_bringup', 'catkin_cmake_args': None, 'catkin_skip_building_tests': False, 'cmake_args': None, 'cmake_clean_cache': False, 'cmake_clean_first': False, 'cmake_force_configure': False, 'cmake_target': None, 'cmake_target_skip_unavailable': False, 'install_base': '/home/ray/autonomous_robot/install/myamr_bringup', 'merge_install': False, 'path': '/home/ray/autonomous_robot/myamr_bringup', 'symlink_install': False, 'test_result_base': None}
[0.294s] INFO:colcon.colcon_core.executor:Executing jobs using 'parallel' executor
[0.295s] DEBUG:colcon.colcon_parallel_executor.executor.parallel:run_until_complete
[0.295s] INFO:colcon.colcon_ros.task.ament_cmake.build:Building ROS package in '/home/ray/autonomous_robot/myamr_controller' with build type 'ament_cmake'
[0.295s] INFO:colcon.colcon_cmake.task.cmake.build:Building CMake package in '/home/ray/autonomous_robot/myamr_controller'
[0.296s] INFO:colcon.colcon_core.plugin_system:Skipping extension 'colcon_core.shell.bat': Not used on non-Windows systems
[0.296s] INFO:colcon.colcon_core.shell:Skip shell extension 'powershell' for command environment: Not usable outside of PowerShell
[0.296s] DEBUG:colcon.colcon_core.shell:Skip shell extension 'dsv' for command environment
[0.300s] INFO:colcon.colcon_ros.task.ament_cmake.build:Building ROS package in '/home/ray/autonomous_robot/myamr_description' with build type 'ament_cmake'
[0.300s] INFO:colcon.colcon_cmake.task.cmake.build:Building CMake package in '/home/ray/autonomous_robot/myamr_description'
[0.300s] INFO:colcon.colcon_core.shell:Skip shell extension 'powershell' for command environment: Not usable outside of PowerShell
[0.300s] DEBUG:colcon.colcon_core.shell:Skip shell extension 'dsv' for command environment
[0.303s] INFO:colcon.colcon_ros.task.ament_cmake.build:Building ROS package in '/home/ray/autonomous_robot/myamr_localization' with build type 'ament_cmake'
[0.303s] INFO:colcon.colcon_cmake.task.cmake.build:Building CMake package in '/home/ray/autonomous_robot/myamr_localization'
[0.304s] INFO:colcon.colcon_core.shell:Skip shell extension 'powershell' for command environment: Not usable outside of PowerShell
[0.304s] DEBUG:colcon.colcon_core.shell:Skip shell extension 'dsv' for command environment
[0.307s] INFO:colcon.colcon_ros.task.ament_cmake.build:Building ROS package in '/home/ray/autonomous_robot/myamr_mapping' with build type 'ament_cmake'
[0.307s] INFO:colcon.colcon_cmake.task.cmake.build:Building CMake package in '/home/ray/autonomous_robot/myamr_mapping'
[0.308s] INFO:colcon.colcon_core.shell:Skip shell extension 'powershell' for command environment: Not usable outside of PowerShell
[0.308s] DEBUG:colcon.colcon_core.shell:Skip shell extension 'dsv' for command environment
[0.314s] DEBUG:colcon.colcon_core.event_handler.log_command:Invoking command in '/home/ray/autonomous_robot/build/myamr_controller': CMAKE_PREFIX_PATH=${CMAKE_PREFIX_PATH}:/home/ray/autonomous_tb3_ws/install/autonomous_tb3:/home/ray/turtlebot3_ws/install/turtlebot3_teleop:/home/ray/turtlebot3_ws/install/turtlebot3_example:/home/ray/turtlebot3_ws/install/my_robot_test:/home/ray/autonomous_tb3_ws/src/install/autonomous_tb3:/opt/ros/humble /usr/bin/cmake --build /home/ray/autonomous_robot/build/myamr_controller -- -j8 -l8
[0.319s] DEBUG:colcon.colcon_core.event_handler.log_command:Invoking command in '/home/ray/autonomous_robot/build/myamr_description': CMAKE_PREFIX_PATH=${CMAKE_PREFIX_PATH}:/home/ray/autonomous_tb3_ws/install/autonomous_tb3:/home/ray/turtlebot3_ws/install/turtlebot3_teleop:/home/ray/turtlebot3_ws/install/turtlebot3_example:/home/ray/turtlebot3_ws/install/my_robot_test:/home/ray/autonomous_tb3_ws/src/install/autonomous_tb3:/opt/ros/humble /usr/bin/cmake --build /home/ray/autonomous_robot/build/myamr_description -- -j8 -l8
[0.321s] DEBUG:colcon.colcon_core.event_handler.log_command:Invoking command in '/home/ray/autonomous_robot/build/myamr_localization': CMAKE_PREFIX_PATH=${CMAKE_PREFIX_PATH}:/home/ray/autonomous_tb3_ws/install/autonomous_tb3:/home/ray/turtlebot3_ws/install/turtlebot3_teleop:/home/ray/turtlebot3_ws/install/turtlebot3_example:/home/ray/turtlebot3_ws/install/my_robot_test:/home/ray/autonomous_tb3_ws/src/install/autonomous_tb3:/opt/ros/humble /usr/bin/cmake --build /home/ray/autonomous_robot/build/myamr_localization -- -j8 -l8
[0.327s] DEBUG:colcon.colcon_core.event_handler.log_command:Invoking command in '/home/ray/autonomous_robot/build/myamr_mapping': CMAKE_PREFIX_PATH=${CMAKE_PREFIX_PATH}:/home/ray/autonomous_tb3_ws/install/autonomous_tb3:/home/ray/turtlebot3_ws/install/turtlebot3_teleop:/home/ray/turtlebot3_ws/install/turtlebot3_example:/home/ray/turtlebot3_ws/install/my_robot_test:/home/ray/autonomous_tb3_ws/src/install/autonomous_tb3:/opt/ros/humble /usr/bin/cmake --build /home/ray/autonomous_robot/build/myamr_mapping -- -j8 -l8
[0.670s] DEBUG:colcon.colcon_core.event_handler.log_command:Invoked command in '/home/ray/autonomous_robot/build/myamr_description' returned '0': CMAKE_PREFIX_PATH=${CMAKE_PREFIX_PATH}:/home/ray/autonomous_tb3_ws/install/autonomous_tb3:/home/ray/turtlebot3_ws/install/turtlebot3_teleop:/home/ray/turtlebot3_ws/install/turtlebot3_example:/home/ray/turtlebot3_ws/install/my_robot_test:/home/ray/autonomous_tb3_ws/src/install/autonomous_tb3:/opt/ros/humble /usr/bin/cmake --build /home/ray/autonomous_robot/build/myamr_description -- -j8 -l8
[0.680s] DEBUG:colcon.colcon_core.event_handler.log_command:Invoking command in '/home/ray/autonomous_robot/build/myamr_description': CMAKE_PREFIX_PATH=${CMAKE_PREFIX_PATH}:/home/ray/autonomous_tb3_ws/install/autonomous_tb3:/home/ray/turtlebot3_ws/install/turtlebot3_teleop:/home/ray/turtlebot3_ws/install/turtlebot3_example:/home/ray/turtlebot3_ws/install/my_robot_test:/home/ray/autonomous_tb3_ws/src/install/autonomous_tb3:/opt/ros/humble /usr/bin/cmake --install /home/ray/autonomous_robot/build/myamr_description
[0.708s] Level 1:colcon.colcon_core.environment:create_environment_scripts_only(myamr_description)
[0.736s] DEBUG:colcon.colcon_core.event_handler.log_command:Invoked command in '/home/ray/autonomous_robot/build/myamr_description' returned '0': CMAKE_PREFIX_PATH=${CMAKE_PREFIX_PATH}:/home/ray/autonomous_tb3_ws/install/autonomous_tb3:/home/ray/turtlebot3_ws/install/turtlebot3_teleop:/home/ray/turtlebot3_ws/install/turtlebot3_example:/home/ray/turtlebot3_ws/install/my_robot_test:/home/ray/autonomous_tb3_ws/src/install/autonomous_tb3:/opt/ros/humble /usr/bin/cmake --install /home/ray/autonomous_robot/build/myamr_description
[0.737s] Level 1:colcon.colcon_core.environment:checking '/home/ray/autonomous_robot/install/myamr_description' for CMake module files
[0.737s] Level 1:colcon.colcon_core.environment:checking '/home/ray/autonomous_robot/install/myamr_description' for CMake config files
[0.741s] Level 1:colcon.colcon_core.shell:create_environment_hook('myamr_description', 'cmake_prefix_path')
[0.741s] INFO:colcon.colcon_core.shell:Creating environment hook '/home/ray/autonomous_robot/install/myamr_description/share/myamr_description/hook/cmake_prefix_path.ps1'
[0.741s] INFO:colcon.colcon_core.shell:Creating environment descriptor '/home/ray/autonomous_robot/install/myamr_description/share/myamr_description/hook/cmake_prefix_path.dsv'
[0.742s] INFO:colcon.colcon_core.shell:Creating environment hook '/home/ray/autonomous_robot/install/myamr_description/share/myamr_description/hook/cmake_prefix_path.sh'
[0.742s] Level 1:colcon.colcon_core.environment:checking '/home/ray/autonomous_robot/install/myamr_description/bin'
[0.743s] Level 1:colcon.colcon_core.environment:checking '/home/ray/autonomous_robot/install/myamr_description/lib/pkgconfig/myamr_description.pc'
[0.743s] Level 1:colcon.colcon_core.environment:checking '/home/ray/autonomous_robot/install/myamr_description/lib/python3.10/site-packages'
[0.743s] Level 1:colcon.colcon_core.environment:checking '/home/ray/autonomous_robot/install/myamr_description/bin'
[0.743s] INFO:colcon.colcon_core.shell:Creating package script '/home/ray/autonomous_robot/install/myamr_description/share/myamr_description/package.ps1'
[0.744s] INFO:colcon.colcon_core.shell:Creating package descriptor '/home/ray/autonomous_robot/install/myamr_description/share/myamr_description/package.dsv'
[0.744s] INFO:colcon.colcon_core.shell:Creating package script '/home/ray/autonomous_robot/install/myamr_description/share/myamr_description/package.sh'
[0.744s] INFO:colcon.colcon_core.shell:Creating package script '/home/ray/autonomous_robot/install/myamr_description/share/myamr_description/package.bash'
[0.745s] INFO:colcon.colcon_core.shell:Creating package script '/home/ray/autonomous_robot/install/myamr_description/share/myamr_description/package.zsh'
[0.746s] Level 1:colcon.colcon_core.environment:create_file_with_runtime_dependencies(/home/ray/autonomous_robot/install/myamr_description/share/colcon-core/packages/myamr_description)
[0.746s] Level 1:colcon.colcon_core.environment:create_environment_scripts_only(myamr_description)
[0.746s] Level 1:colcon.colcon_core.environment:checking '/home/ray/autonomous_robot/install/myamr_description' for CMake module files
[0.746s] Level 1:colcon.colcon_core.environment:checking '/home/ray/autonomous_robot/install/myamr_description' for CMake config files
[0.750s] Level 1:colcon.colcon_core.shell:create_environment_hook('myamr_description', 'cmake_prefix_path')
[0.751s] INFO:colcon.colcon_core.shell:Creating environment hook '/home/ray/autonomous_robot/install/myamr_description/share/myamr_description/hook/cmake_prefix_path.ps1'
[0.751s] INFO:colcon.colcon_core.shell:Creating environment descriptor '/home/ray/autonomous_robot/install/myamr_description/share/myamr_description/hook/cmake_prefix_path.dsv'
[0.751s] INFO:colcon.colcon_core.shell:Creating environment hook '/home/ray/autonomous_robot/install/myamr_description/share/myamr_description/hook/cmake_prefix_path.sh'
[0.752s] Level 1:colcon.colcon_core.environment:checking '/home/ray/autonomous_robot/install/myamr_description/bin'
[0.752s] Level 1:colcon.colcon_core.environment:checking '/home/ray/autonomous_robot/install/myamr_description/lib/pkgconfig/myamr_description.pc'
[0.752s] Level 1:colcon.colcon_core.environment:checking '/home/ray/autonomous_robot/install/myamr_description/lib/python3.10/site-packages'
[0.752s] Level 1:colcon.colcon_core.environment:checking '/home/ray/autonomous_robot/install/myamr_description/bin'
[0.752s] INFO:colcon.colcon_core.shell:Creating package script '/home/ray/autonomous_robot/install/myamr_description/share/myamr_description/package.ps1'
[0.753s] INFO:colcon.colcon_core.shell:Creating package descriptor '/home/ray/autonomous_robot/install/myamr_description/share/myamr_description/package.dsv'
[0.753s] INFO:colcon.colcon_core.shell:Creating package script '/home/ray/autonomous_robot/install/myamr_description/share/myamr_description/package.sh'
[0.754s] INFO:colcon.colcon_core.shell:Creating package script '/home/ray/autonomous_robot/install/myamr_description/share/myamr_description/package.bash'
[0.754s] INFO:colcon.colcon_core.shell:Creating package script '/home/ray/autonomous_robot/install/myamr_description/share/myamr_description/package.zsh'
[0.754s] Level 1:colcon.colcon_core.environment:create_file_with_runtime_dependencies(/home/ray/autonomous_robot/install/myamr_description/share/colcon-core/packages/myamr_description)
[1.279s] DEBUG:colcon.colcon_core.event_handler.log_command:Invoked command in '/home/ray/autonomous_robot/build/myamr_controller' returned '0': CMAKE_PREFIX_PATH=${CMAKE_PREFIX_PATH}:/home/ray/autonomous_tb3_ws/install/autonomous_tb3:/home/ray/turtlebot3_ws/install/turtlebot3_teleop:/home/ray/turtlebot3_ws/install/turtlebot3_example:/home/ray/turtlebot3_ws/install/my_robot_test:/home/ray/autonomous_tb3_ws/src/install/autonomous_tb3:/opt/ros/humble /usr/bin/cmake --build /home/ray/autonomous_robot/build/myamr_controller -- -j8 -l8
[1.280s] DEBUG:colcon.colcon_core.event_handler.log_command:Invoking command in '/home/ray/autonomous_robot/build/myamr_controller': CMAKE_PREFIX_PATH=${CMAKE_PREFIX_PATH}:/home/ray/autonomous_tb3_ws/install/autonomous_tb3:/home/ray/turtlebot3_ws/install/turtlebot3_teleop:/home/ray/turtlebot3_ws/install/turtlebot3_example:/home/ray/turtlebot3_ws/install/my_robot_test:/home/ray/autonomous_tb3_ws/src/install/autonomous_tb3:/opt/ros/humble /usr/bin/cmake --install /home/ray/autonomous_robot/build/myamr_controller
[1.283s] DEBUG:colcon.colcon_core.event_handler.log_command:Invoked command in '/home/ray/autonomous_robot/build/myamr_localization' returned '0': CMAKE_PREFIX_PATH=${CMAKE_PREFIX_PATH}:/home/ray/autonomous_tb3_ws/install/autonomous_tb3:/home/ray/turtlebot3_ws/install/turtlebot3_teleop:/home/ray/turtlebot3_ws/install/turtlebot3_example:/home/ray/turtlebot3_ws/install/my_robot_test:/home/ray/autonomous_tb3_ws/src/install/autonomous_tb3:/opt/ros/humble /usr/bin/cmake --build /home/ray/autonomous_robot/build/myamr_localization -- -j8 -l8
[1.285s] DEBUG:colcon.colcon_core.event_handler.log_command:Invoking command in '/home/ray/autonomous_robot/build/myamr_localization': CMAKE_PREFIX_PATH=${CMAKE_PREFIX_PATH}:/home/ray/autonomous_tb3_ws/install/autonomous_tb3:/home/ray/turtlebot3_ws/install/turtlebot3_teleop:/home/ray/turtlebot3_ws/install/turtlebot3_example:/home/ray/turtlebot3_ws/install/my_robot_test:/home/ray/autonomous_tb3_ws/src/install/autonomous_tb3:/opt/ros/humble /usr/bin/cmake --install /home/ray/autonomous_robot/build/myamr_localization
[1.294s] DEBUG:colcon.colcon_core.event_handler.log_command:Invoked command in '/home/ray/autonomous_robot/build/myamr_mapping' returned '0': CMAKE_PREFIX_PATH=${CMAKE_PREFIX_PATH}:/home/ray/autonomous_tb3_ws/install/autonomous_tb3:/home/ray/turtlebot3_ws/install/turtlebot3_teleop:/home/ray/turtlebot3_ws/install/turtlebot3_example:/home/ray/turtlebot3_ws/install/my_robot_test:/home/ray/autonomous_tb3_ws/src/install/autonomous_tb3:/opt/ros/humble /usr/bin/cmake --build /home/ray/autonomous_robot/build/myamr_mapping -- -j8 -l8
[1.296s] DEBUG:colcon.colcon_core.event_handler.log_command:Invoking command in '/home/ray/autonomous_robot/build/myamr_mapping': CMAKE_PREFIX_PATH=${CMAKE_PREFIX_PATH}:/home/ray/autonomous_tb3_ws/install/autonomous_tb3:/home/ray/turtlebot3_ws/install/turtlebot3_teleop:/home/ray/turtlebot3_ws/install/turtlebot3_example:/home/ray/turtlebot3_ws/install/my_robot_test:/home/ray/autonomous_tb3_ws/src/install/autonomous_tb3:/opt/ros/humble /usr/bin/cmake --install /home/ray/autonomous_robot/build/myamr_mapping
[1.344s] Level 1:colcon.colcon_core.environment:create_environment_scripts_only(myamr_localization)
[1.345s] Level 1:colcon.colcon_core.environment:checking '/home/ray/autonomous_robot/install/myamr_localization' for CMake module files
[1.347s] DEBUG:colcon.colcon_core.event_handler.log_command:Invoked command in '/home/ray/autonomous_robot/build/myamr_localization' returned '0': CMAKE_PREFIX_PATH=${CMAKE_PREFIX_PATH}:/home/ray/autonomous_tb3_ws/install/autonomous_tb3:/home/ray/turtlebot3_ws/install/turtlebot3_teleop:/home/ray/turtlebot3_ws/install/turtlebot3_example:/home/ray/turtlebot3_ws/install/my_robot_test:/home/ray/autonomous_tb3_ws/src/install/autonomous_tb3:/opt/ros/humble /usr/bin/cmake --install /home/ray/autonomous_robot/build/myamr_localization
[1.348s] Level 1:colcon.colcon_core.environment:checking '/home/ray/autonomous_robot/install/myamr_localization' for CMake config files
[1.349s] Level 1:colcon.colcon_core.shell:create_environment_hook('myamr_localization', 'cmake_prefix_path')
[1.349s] INFO:colcon.colcon_core.shell:Creating environment hook '/home/ray/autonomous_robot/install/myamr_localization/share/myamr_localization/hook/cmake_prefix_path.ps1'
[1.350s] INFO:colcon.colcon_core.shell:Creating environment descriptor '/home/ray/autonomous_robot/install/myamr_localization/share/myamr_localization/hook/cmake_prefix_path.dsv'
[1.352s] INFO:colcon.colcon_core.shell:Creating environment hook '/home/ray/autonomous_robot/install/myamr_localization/share/myamr_localization/hook/cmake_prefix_path.sh'
[1.353s] Level 1:colcon.colcon_core.environment:checking '/home/ray/autonomous_robot/install/myamr_localization/lib'
[1.353s] Level 1:colcon.colcon_core.environment:checking '/home/ray/autonomous_robot/install/myamr_localization/bin'
[1.353s] Level 1:colcon.colcon_core.shell:create_environment_hook('myamr_localization', 'path')
[1.354s] INFO:colcon.colcon_core.shell:Creating environment hook '/home/ray/autonomous_robot/install/myamr_localization/share/myamr_localization/hook/path.ps1'
[1.354s] INFO:colcon.colcon_core.shell:Creating environment descriptor '/home/ray/autonomous_robot/install/myamr_localization/share/myamr_localization/hook/path.dsv'
[1.354s] INFO:colcon.colcon_core.shell:Creating environment hook '/home/ray/autonomous_robot/install/myamr_localization/share/myamr_localization/hook/path.sh'
[1.355s] Level 1:colcon.colcon_core.environment:checking '/home/ray/autonomous_robot/install/myamr_localization/lib/pkgconfig/myamr_localization.pc'
[1.355s] Level 1:colcon.colcon_core.environment:checking '/home/ray/autonomous_robot/install/myamr_localization/lib/python3.10/site-packages'
[1.355s] Level 1:colcon.colcon_core.environment:checking '/home/ray/autonomous_robot/install/myamr_localization/bin'
[1.355s] Level 1:colcon.colcon_core.shell:create_environment_hook('myamr_localization', 'pythonscriptspath')
[1.355s] INFO:colcon.colcon_core.shell:Creating environment hook '/home/ray/autonomous_robot/install/myamr_localization/share/myamr_localization/hook/pythonscriptspath.ps1'
[1.356s] INFO:colcon.colcon_core.shell:Creating environment descriptor '/home/ray/autonomous_robot/install/myamr_localization/share/myamr_localization/hook/pythonscriptspath.dsv'
[1.356s] INFO:colcon.colcon_core.shell:Creating environment hook '/home/ray/autonomous_robot/install/myamr_localization/share/myamr_localization/hook/pythonscriptspath.sh'
[1.357s] INFO:colcon.colcon_core.shell:Creating package script '/home/ray/autonomous_robot/install/myamr_localization/share/myamr_localization/package.ps1'
[1.357s] INFO:colcon.colcon_core.shell:Creating package descriptor '/home/ray/autonomous_robot/install/myamr_localization/share/myamr_localization/package.dsv'
[1.358s] INFO:colcon.colcon_core.shell:Creating package script '/home/ray/autonomous_robot/install/myamr_localization/share/myamr_localization/package.sh'
[1.358s] INFO:colcon.colcon_core.shell:Creating package script '/home/ray/autonomous_robot/install/myamr_localization/share/myamr_localization/package.bash'
[1.358s] INFO:colcon.colcon_core.shell:Creating package script '/home/ray/autonomous_robot/install/myamr_localization/share/myamr_localization/package.zsh'
[1.359s] Level 1:colcon.colcon_core.environment:create_file_with_runtime_dependencies(/home/ray/autonomous_robot/install/myamr_localization/share/colcon-core/packages/myamr_localization)
[1.359s] Level 1:colcon.colcon_core.environment:create_environment_scripts_only(myamr_localization)
[1.360s] Level 1:colcon.colcon_core.environment:checking '/home/ray/autonomous_robot/install/myamr_localization' for CMake module files
[1.360s] Level 1:colcon.colcon_core.environment:checking '/home/ray/autonomous_robot/install/myamr_localization' for CMake config files
[1.360s] Level 1:colcon.colcon_core.shell:create_environment_hook('myamr_localization', 'cmake_prefix_path')
[1.360s] INFO:colcon.colcon_core.shell:Creating environment hook '/home/ray/autonomous_robot/install/myamr_localization/share/myamr_localization/hook/cmake_prefix_path.ps1'
[1.361s] INFO:colcon.colcon_core.shell:Creating environment descriptor '/home/ray/autonomous_robot/install/myamr_localization/share/myamr_localization/hook/cmake_prefix_path.dsv'
[1.361s] INFO:colcon.colcon_core.shell:Creating environment hook '/home/ray/autonomous_robot/install/myamr_localization/share/myamr_localization/hook/cmake_prefix_path.sh'
[1.362s] Level 1:colcon.colcon_core.environment:checking '/home/ray/autonomous_robot/install/myamr_localization/lib'
[1.362s] Level 1:colcon.colcon_core.environment:checking '/home/ray/autonomous_robot/install/myamr_localization/bin'
[1.362s] Level 1:colcon.colcon_core.shell:create_environment_hook('myamr_localization', 'path')
[1.362s] INFO:colcon.colcon_core.shell:Creating environment hook '/home/ray/autonomous_robot/install/myamr_localization/share/myamr_localization/hook/path.ps1'
[1.362s] INFO:colcon.colcon_core.shell:Creating environment descriptor '/home/ray/autonomous_robot/install/myamr_localization/share/myamr_localization/hook/path.dsv'
[1.363s] INFO:colcon.colcon_core.shell:Creating environment hook '/home/ray/autonomous_robot/install/myamr_localization/share/myamr_localization/hook/path.sh'
[1.363s] Level 1:colcon.colcon_core.environment:checking '/home/ray/autonomous_robot/install/myamr_localization/lib/pkgconfig/myamr_localization.pc'
[1.363s] Level 1:colcon.colcon_core.environment:checking '/home/ray/autonomous_robot/install/myamr_localization/lib/python3.10/site-packages'
[1.363s] Level 1:colcon.colcon_core.environment:checking '/home/ray/autonomous_robot/install/myamr_localization/bin'
[1.364s] Level 1:colcon.colcon_core.shell:create_environment_hook('myamr_localization', 'pythonscriptspath')
[1.364s] INFO:colcon.colcon_core.shell:Creating environment hook '/home/ray/autonomous_robot/install/myamr_localization/share/myamr_localization/hook/pythonscriptspath.ps1'
[1.364s] INFO:colcon.colcon_core.shell:Creating environment descriptor '/home/ray/autonomous_robot/install/myamr_localization/share/myamr_localization/hook/pythonscriptspath.dsv'
[1.364s] INFO:colcon.colcon_core.shell:Creating environment hook '/home/ray/autonomous_robot/install/myamr_localization/share/myamr_localization/hook/pythonscriptspath.sh'
[1.365s] INFO:colcon.colcon_core.shell:Creating package script '/home/ray/autonomous_robot/install/myamr_localization/share/myamr_localization/package.ps1'
[1.366s] INFO:colcon.colcon_core.shell:Creating package descriptor '/home/ray/autonomous_robot/install/myamr_localization/share/myamr_localization/package.dsv'
[1.366s] INFO:colcon.colcon_core.shell:Creating package script '/home/ray/autonomous_robot/install/myamr_localization/share/myamr_localization/package.sh'
[1.367s] INFO:colcon.colcon_core.shell:Creating package script '/home/ray/autonomous_robot/install/myamr_localization/share/myamr_localization/package.bash'
[1.367s] INFO:colcon.colcon_core.shell:Creating package script '/home/ray/autonomous_robot/install/myamr_localization/share/myamr_localization/package.zsh'
[1.367s] Level 1:colcon.colcon_core.environment:create_file_with_runtime_dependencies(/home/ray/autonomous_robot/install/myamr_localization/share/colcon-core/packages/myamr_localization)
[1.368s] Level 1:colcon.colcon_core.environment:create_environment_scripts_only(myamr_controller)
[1.368s] Level 1:colcon.colcon_core.environment:checking '/home/ray/autonomous_robot/install/myamr_controller' for CMake module files
[1.369s] Level 1:colcon.colcon_core.environment:checking '/home/ray/autonomous_robot/install/myamr_controller' for CMake config files
[1.369s] Level 1:colcon.colcon_core.shell:create_environment_hook('myamr_controller', 'cmake_prefix_path')
[1.369s] INFO:colcon.colcon_core.shell:Creating environment hook '/home/ray/autonomous_robot/install/myamr_controller/share/myamr_controller/hook/cmake_prefix_path.ps1'
[1.369s] INFO:colcon.colcon_core.shell:Creating environment descriptor '/home/ray/autonomous_robot/install/myamr_controller/share/myamr_controller/hook/cmake_prefix_path.dsv'
[1.370s] INFO:colcon.colcon_core.shell:Creating environment hook '/home/ray/autonomous_robot/install/myamr_controller/share/myamr_controller/hook/cmake_prefix_path.sh'
[1.370s] Level 1:colcon.colcon_core.environment:checking '/home/ray/autonomous_robot/install/myamr_controller/lib'
[1.370s] Level 1:colcon.colcon_core.environment:checking '/home/ray/autonomous_robot/install/myamr_controller/bin'
[1.370s] Level 1:colcon.colcon_core.environment:checking '/home/ray/autonomous_robot/install/myamr_controller/lib/pkgconfig/myamr_controller.pc'
[1.371s] Level 1:colcon.colcon_core.environment:checking '/home/ray/autonomous_robot/install/myamr_controller/lib/python3.10/site-packages'
[1.371s] Level 1:colcon.colcon_core.environment:checking '/home/ray/autonomous_robot/install/myamr_controller/bin'
[1.371s] INFO:colcon.colcon_core.shell:Creating package script '/home/ray/autonomous_robot/install/myamr_controller/share/myamr_controller/package.ps1'
[1.372s] INFO:colcon.colcon_core.shell:Creating package descriptor '/home/ray/autonomous_robot/install/myamr_controller/share/myamr_controller/package.dsv'
[1.372s] INFO:colcon.colcon_core.shell:Creating package script '/home/ray/autonomous_robot/install/myamr_controller/share/myamr_controller/package.sh'
[1.372s] INFO:colcon.colcon_core.shell:Creating package script '/home/ray/autonomous_robot/install/myamr_controller/share/myamr_controller/package.bash'
[1.373s] INFO:colcon.colcon_core.shell:Creating package script '/home/ray/autonomous_robot/install/myamr_controller/share/myamr_controller/package.zsh'
[1.373s] Level 1:colcon.colcon_core.environment:create_file_with_runtime_dependencies(/home/ray/autonomous_robot/install/myamr_controller/share/colcon-core/packages/myamr_controller)
[1.373s] Level 1:colcon.colcon_core.environment:create_environment_scripts_only(myamr_controller)
[1.374s] Level 1:colcon.colcon_core.environment:checking '/home/ray/autonomous_robot/install/myamr_controller' for CMake module files
[1.374s] Level 1:colcon.colcon_core.environment:checking '/home/ray/autonomous_robot/install/myamr_controller' for CMake config files
[1.375s] DEBUG:colcon.colcon_core.event_handler.log_command:Invoked command in '/home/ray/autonomous_robot/build/myamr_controller' returned '0': CMAKE_PREFIX_PATH=${CMAKE_PREFIX_PATH}:/home/ray/autonomous_tb3_ws/install/autonomous_tb3:/home/ray/turtlebot3_ws/install/turtlebot3_teleop:/home/ray/turtlebot3_ws/install/turtlebot3_example:/home/ray/turtlebot3_ws/install/my_robot_test:/home/ray/autonomous_tb3_ws/src/install/autonomous_tb3:/opt/ros/humble /usr/bin/cmake --install /home/ray/autonomous_robot/build/myamr_controller
[1.378s] Level 1:colcon.colcon_core.shell:create_environment_hook('myamr_controller', 'cmake_prefix_path')
[1.378s] INFO:colcon.colcon_core.shell:Creating environment hook '/home/ray/autonomous_robot/install/myamr_controller/share/myamr_controller/hook/cmake_prefix_path.ps1'
[1.378s] INFO:colcon.colcon_core.shell:Creating environment descriptor '/home/ray/autonomous_robot/install/myamr_controller/share/myamr_controller/hook/cmake_prefix_path.dsv'
[1.379s] INFO:colcon.colcon_core.shell:Creating environment hook '/home/ray/autonomous_robot/install/myamr_controller/share/myamr_controller/hook/cmake_prefix_path.sh'
[1.379s] Level 1:colcon.colcon_core.environment:checking '/home/ray/autonomous_robot/install/myamr_controller/lib'
[1.379s] Level 1:colcon.colcon_core.environment:checking '/home/ray/autonomous_robot/install/myamr_controller/bin'
[1.379s] Level 1:colcon.colcon_core.environment:checking '/home/ray/autonomous_robot/install/myamr_controller/lib/pkgconfig/myamr_controller.pc'
[1.380s] Level 1:colcon.colcon_core.environment:checking '/home/ray/autonomous_robot/install/myamr_controller/lib/python3.10/site-packages'
[1.380s] Level 1:colcon.colcon_core.environment:checking '/home/ray/autonomous_robot/install/myamr_controller/bin'
[1.380s] INFO:colcon.colcon_core.shell:Creating package script '/home/ray/autonomous_robot/install/myamr_controller/share/myamr_controller/package.ps1'
[1.380s] INFO:colcon.colcon_core.shell:Creating package descriptor '/home/ray/autonomous_robot/install/myamr_controller/share/myamr_controller/package.dsv'
[1.381s] INFO:colcon.colcon_core.shell:Creating package script '/home/ray/autonomous_robot/install/myamr_controller/share/myamr_controller/package.sh'
[1.381s] INFO:colcon.colcon_core.shell:Creating package script '/home/ray/autonomous_robot/install/myamr_controller/share/myamr_controller/package.bash'
[1.382s] INFO:colcon.colcon_core.shell:Creating package script '/home/ray/autonomous_robot/install/myamr_controller/share/myamr_controller/package.zsh'
[1.382s] Level 1:colcon.colcon_core.environment:create_file_with_runtime_dependencies(/home/ray/autonomous_robot/install/myamr_controller/share/colcon-core/packages/myamr_controller)
[1.388s] Level 1:colcon.colcon_core.environment:create_environment_scripts_only(myamr_mapping)
[1.389s] Level 1:colcon.colcon_core.environment:checking '/home/ray/autonomous_robot/install/myamr_mapping' for CMake module files
[1.389s] Level 1:colcon.colcon_core.environment:checking '/home/ray/autonomous_robot/install/myamr_mapping' for CMake config files
[1.390s] Level 1:colcon.colcon_core.shell:create_environment_hook('myamr_mapping', 'cmake_prefix_path')
[1.390s] INFO:colcon.colcon_core.shell:Creating environment hook '/home/ray/autonomous_robot/install/myamr_mapping/share/myamr_mapping/hook/cmake_prefix_path.ps1'
[1.390s] INFO:colcon.colcon_core.shell:Creating environment descriptor '/home/ray/autonomous_robot/install/myamr_mapping/share/myamr_mapping/hook/cmake_prefix_path.dsv'
[1.391s] INFO:colcon.colcon_core.shell:Creating environment hook '/home/ray/autonomous_robot/install/myamr_mapping/share/myamr_mapping/hook/cmake_prefix_path.sh'
[1.391s] Level 1:colcon.colcon_core.environment:checking '/home/ray/autonomous_robot/install/myamr_mapping/lib'
[1.391s] Level 1:colcon.colcon_core.environment:checking '/home/ray/autonomous_robot/install/myamr_mapping/bin'
[1.391s] Level 1:colcon.colcon_core.environment:checking '/home/ray/autonomous_robot/install/myamr_mapping/lib/pkgconfig/myamr_mapping.pc'
[1.392s] Level 1:colcon.colcon_core.environment:checking '/home/ray/autonomous_robot/install/myamr_mapping/lib/python3.10/site-packages'
[1.392s] Level 1:colcon.colcon_core.environment:checking '/home/ray/autonomous_robot/install/myamr_mapping/bin'
[1.395s] INFO:colcon.colcon_core.shell:Creating package script '/home/ray/autonomous_robot/install/myamr_mapping/share/myamr_mapping/package.ps1'
[1.395s] DEBUG:colcon.colcon_core.event_handler.log_command:Invoked command in '/home/ray/autonomous_robot/build/myamr_mapping' returned '0': CMAKE_PREFIX_PATH=${CMAKE_PREFIX_PATH}:/home/ray/autonomous_tb3_ws/install/autonomous_tb3:/home/ray/turtlebot3_ws/install/turtlebot3_teleop:/home/ray/turtlebot3_ws/install/turtlebot3_example:/home/ray/turtlebot3_ws/install/my_robot_test:/home/ray/autonomous_tb3_ws/src/install/autonomous_tb3:/opt/ros/humble /usr/bin/cmake --install /home/ray/autonomous_robot/build/myamr_mapping
[1.396s] INFO:colcon.colcon_core.shell:Creating package descriptor '/home/ray/autonomous_robot/install/myamr_mapping/share/myamr_mapping/package.dsv'
[1.397s] INFO:colcon.colcon_core.shell:Creating package script '/home/ray/autonomous_robot/install/myamr_mapping/share/myamr_mapping/package.sh'
[1.397s] INFO:colcon.colcon_core.shell:Creating package script '/home/ray/autonomous_robot/install/myamr_mapping/share/myamr_mapping/package.bash'
[1.398s] INFO:colcon.colcon_core.shell:Creating package script '/home/ray/autonomous_robot/install/myamr_mapping/share/myamr_mapping/package.zsh'
[1.398s] Level 1:colcon.colcon_core.environment:create_file_with_runtime_dependencies(/home/ray/autonomous_robot/install/myamr_mapping/share/colcon-core/packages/myamr_mapping)
[1.399s] Level 1:colcon.colcon_core.environment:create_environment_scripts_only(myamr_mapping)
[1.399s] Level 1:colcon.colcon_core.environment:checking '/home/ray/autonomous_robot/install/myamr_mapping' for CMake module files
[1.400s] Level 1:colcon.colcon_core.environment:checking '/home/ray/autonomous_robot/install/myamr_mapping' for CMake config files
[1.400s] Level 1:colcon.colcon_core.shell:create_environment_hook('myamr_mapping', 'cmake_prefix_path')
[1.400s] INFO:colcon.colcon_core.shell:Creating environment hook '/home/ray/autonomous_robot/install/myamr_mapping/share/myamr_mapping/hook/cmake_prefix_path.ps1'
[1.401s] INFO:colcon.colcon_core.shell:Creating environment descriptor '/home/ray/autonomous_robot/install/myamr_mapping/share/myamr_mapping/hook/cmake_prefix_path.dsv'
[1.403s] INFO:colcon.colcon_core.shell:Creating environment hook '/home/ray/autonomous_robot/install/myamr_mapping/share/myamr_mapping/hook/cmake_prefix_path.sh'
[1.404s] Level 1:colcon.colcon_core.environment:checking '/home/ray/autonomous_robot/install/myamr_mapping/lib'
[1.404s] Level 1:colcon.colcon_core.environment:checking '/home/ray/autonomous_robot/install/myamr_mapping/bin'
[1.404s] Level 1:colcon.colcon_core.environment:checking '/home/ray/autonomous_robot/install/myamr_mapping/lib/pkgconfig/myamr_mapping.pc'
[1.404s] Level 1:colcon.colcon_core.environment:checking '/home/ray/autonomous_robot/install/myamr_mapping/lib/python3.10/site-packages'
[1.405s] Level 1:colcon.colcon_core.environment:checking '/home/ray/autonomous_robot/install/myamr_mapping/bin'
[1.406s] INFO:colcon.colcon_core.shell:Creating package script '/home/ray/autonomous_robot/install/myamr_mapping/share/myamr_mapping/package.ps1'
[1.407s] INFO:colcon.colcon_core.shell:Creating package descriptor '/home/ray/autonomous_robot/install/myamr_mapping/share/myamr_mapping/package.dsv'
[1.407s] INFO:colcon.colcon_core.shell:Creating package script '/home/ray/autonomous_robot/install/myamr_mapping/share/myamr_mapping/package.sh'
[1.408s] INFO:colcon.colcon_core.shell:Creating package script '/home/ray/autonomous_robot/install/myamr_mapping/share/myamr_mapping/package.bash'
[1.408s] INFO:colcon.colcon_core.shell:Creating package script '/home/ray/autonomous_robot/install/myamr_mapping/share/myamr_mapping/package.zsh'
[1.408s] Level 1:colcon.colcon_core.environment:create_file_with_runtime_dependencies(/home/ray/autonomous_robot/install/myamr_mapping/share/colcon-core/packages/myamr_mapping)
[1.409s] INFO:colcon.colcon_ros.task.ament_cmake.build:Building ROS package in '/home/ray/autonomous_robot/myamr_bringup' with build type 'ament_cmake'
[1.409s] INFO:colcon.colcon_cmake.task.cmake.build:Building CMake package in '/home/ray/autonomous_robot/myamr_bringup'
[1.409s] INFO:colcon.colcon_core.shell:Skip shell extension 'powershell' for command environment: Not usable outside of PowerShell
[1.409s] DEBUG:colcon.colcon_core.shell:Skip shell extension 'dsv' for command environment
[1.427s] DEBUG:colcon.colcon_core.event_handler.log_command:Invoking command in '/home/ray/autonomous_robot/build/myamr_bringup': AMENT_PREFIX_PATH=/home/ray/autonomous_robot/install/myamr_mapping:/home/ray/autonomous_robot/install/myamr_localization:/home/ray/autonomous_robot/install/myamr_description:/home/ray/autonomous_robot/install/myamr_controller:${AMENT_PREFIX_PATH} CMAKE_PREFIX_PATH=/home/ray/autonomous_robot/install/myamr_mapping:/home/ray/autonomous_robot/install/myamr_localization:/home/ray/autonomous_robot/install/myamr_description:/home/ray/autonomous_robot/install/myamr_controller:/home/ray/turtlebot3_ws/install/turtlebot3:/home/ray/turtlebot3_ws/install/turtlebot3_simulations:/home/ray/turtlebot3_ws/install/turtlebot3_bringup:/home/ray/turtlebot3_ws/install/turtlebot3_node:/home/ray/turtlebot3_ws/install/turtlebot3_navigation2:/home/ray/turtlebot3_ws/install/turtlebot3_gazebo:/home/ray/turtlebot3_ws/install/turtlebot3_fake_node:/home/ray/turtlebot3_ws/install/turtlebot3_description:/home/ray/turtlebot3_ws/install/turtlebot3_cartographer:/home/ray/autonomous_tb3_ws/install/autonomous_tb3:/home/ray/turtlebot3_ws/install/turtlebot3_teleop:/home/ray/turtlebot3_ws/install/turtlebot3_example:/home/ray/turtlebot3_ws/install/my_robot_test:/home/ray/autonomous_tb3_ws/src/install/autonomous_tb3:/opt/ros/humble PATH=/home/ray/autonomous_robot/install/myamr_localization/bin:${PATH} PYTHONPATH=/home/ray/autonomous_robot/install/myamr_mapping/local/lib/python3.10/dist-packages:/home/ray/autonomous_robot/install/myamr_localization/local/lib/python3.10/dist-packages:/home/ray/autonomous_robot/install/myamr_controller/local/lib/python3.10/dist-packages:${PYTHONPATH} /usr/bin/cmake --build /home/ray/autonomous_robot/build/myamr_bringup -- -j8 -l8
[1.644s] DEBUG:colcon.colcon_core.event_handler.log_command:Invoked command in '/home/ray/autonomous_robot/build/myamr_bringup' returned '0': AMENT_PREFIX_PATH=/home/ray/autonomous_robot/install/myamr_mapping:/home/ray/autonomous_robot/install/myamr_localization:/home/ray/autonomous_robot/install/myamr_description:/home/ray/autonomous_robot/install/myamr_controller:${AMENT_PREFIX_PATH} CMAKE_PREFIX_PATH=/home/ray/autonomous_robot/install/myamr_mapping:/home/ray/autonomous_robot/install/myamr_localization:/home/ray/autonomous_robot/install/myamr_description:/home/ray/autonomous_robot/install/myamr_controller:/home/ray/turtlebot3_ws/install/turtlebot3:/home/ray/turtlebot3_ws/install/turtlebot3_simulations:/home/ray/turtlebot3_ws/install/turtlebot3_bringup:/home/ray/turtlebot3_ws/install/turtlebot3_node:/home/ray/turtlebot3_ws/install/turtlebot3_navigation2:/home/ray/turtlebot3_ws/install/turtlebot3_gazebo:/home/ray/turtlebot3_ws/install/turtlebot3_fake_node:/home/ray/turtlebot3_ws/install/turtlebot3_description:/home/ray/turtlebot3_ws/install/turtlebot3_cartographer:/home/ray/autonomous_tb3_ws/install/autonomous_tb3:/home/ray/turtlebot3_ws/install/turtlebot3_teleop:/home/ray/turtlebot3_ws/install/turtlebot3_example:/home/ray/turtlebot3_ws/install/my_robot_test:/home/ray/autonomous_tb3_ws/src/install/autonomous_tb3:/opt/ros/humble PATH=/home/ray/autonomous_robot/install/myamr_localization/bin:${PATH} PYTHONPATH=/home/ray/autonomous_robot/install/myamr_mapping/local/lib/python3.10/dist-packages:/home/ray/autonomous_robot/install/myamr_localization/local/lib/python3.10/dist-packages:/home/ray/autonomous_robot/install/myamr_controller/local/lib/python3.10/dist-packages:${PYTHONPATH} /usr/bin/cmake --build /home/ray/autonomous_robot/build/myamr_bringup -- -j8 -l8
[1.645s] DEBUG:colcon.colcon_core.event_handler.log_command:Invoking command in '/home/ray/autonomous_robot/build/myamr_bringup': AMENT_PREFIX_PATH=/home/ray/autonomous_robot/install/myamr_mapping:/home/ray/autonomous_robot/install/myamr_localization:/home/ray/autonomous_robot/install/myamr_description:/home/ray/autonomous_robot/install/myamr_controller:${AMENT_PREFIX_PATH} CMAKE_PREFIX_PATH=/home/ray/autonomous_robot/install/myamr_mapping:/home/ray/autonomous_robot/install/myamr_localization:/home/ray/autonomous_robot/install/myamr_description:/home/ray/autonomous_robot/install/myamr_controller:/home/ray/turtlebot3_ws/install/turtlebot3:/home/ray/turtlebot3_ws/install/turtlebot3_simulations:/home/ray/turtlebot3_ws/install/turtlebot3_bringup:/home/ray/turtlebot3_ws/install/turtlebot3_node:/home/ray/turtlebot3_ws/install/turtlebot3_navigation2:/home/ray/turtlebot3_ws/install/turtlebot3_gazebo:/home/ray/turtlebot3_ws/install/turtlebot3_fake_node:/home/ray/turtlebot3_ws/install/turtlebot3_description:/home/ray/turtlebot3_ws/install/turtlebot3_cartographer:/home/ray/autonomous_tb3_ws/install/autonomous_tb3:/home/ray/turtlebot3_ws/install/turtlebot3_teleop:/home/ray/turtlebot3_ws/install/turtlebot3_example:/home/ray/turtlebot3_ws/install/my_robot_test:/home/ray/autonomous_tb3_ws/src/install/autonomous_tb3:/opt/ros/humble PATH=/home/ray/autonomous_robot/install/myamr_localization/bin:${PATH} PYTHONPATH=/home/ray/autonomous_robot/install/myamr_mapping/local/lib/python3.10/dist-packages:/home/ray/autonomous_robot/install/myamr_localization/local/lib/python3.10/dist-packages:/home/ray/autonomous_robot/install/myamr_controller/local/lib/python3.10/dist-packages:${PYTHONPATH} /usr/bin/cmake --install /home/ray/autonomous_robot/build/myamr_bringup
[1.653s] Level 1:colcon.colcon_core.environment:create_environment_scripts_only(myamr_bringup)
[1.653s] Level 1:colcon.colcon_core.environment:checking '/home/ray/autonomous_robot/install/myamr_bringup' for CMake module files
[1.654s] DEBUG:colcon.colcon_core.event_handler.log_command:Invoked command in '/home/ray/autonomous_robot/build/myamr_bringup' returned '0': AMENT_PREFIX_PATH=/home/ray/autonomous_robot/install/myamr_mapping:/home/ray/autonomous_robot/install/myamr_localization:/home/ray/autonomous_robot/install/myamr_description:/home/ray/autonomous_robot/install/myamr_controller:${AMENT_PREFIX_PATH} CMAKE_PREFIX_PATH=/home/ray/autonomous_robot/install/myamr_mapping:/home/ray/autonomous_robot/install/myamr_localization:/home/ray/autonomous_robot/install/myamr_description:/home/ray/autonomous_robot/install/myamr_controller:/home/ray/turtlebot3_ws/install/turtlebot3:/home/ray/turtlebot3_ws/install/turtlebot3_simulations:/home/ray/turtlebot3_ws/install/turtlebot3_bringup:/home/ray/turtlebot3_ws/install/turtlebot3_node:/home/ray/turtlebot3_ws/install/turtlebot3_navigation2:/home/ray/turtlebot3_ws/install/turtlebot3_gazebo:/home/ray/turtlebot3_ws/install/turtlebot3_fake_node:/home/ray/turtlebot3_ws/install/turtlebot3_description:/home/ray/turtlebot3_ws/install/turtlebot3_cartographer:/home/ray/autonomous_tb3_ws/install/autonomous_tb3:/home/ray/turtlebot3_ws/install/turtlebot3_teleop:/home/ray/turtlebot3_ws/install/turtlebot3_example:/home/ray/turtlebot3_ws/install/my_robot_test:/home/ray/autonomous_tb3_ws/src/install/autonomous_tb3:/opt/ros/humble PATH=/home/ray/autonomous_robot/install/myamr_localization/bin:${PATH} PYTHONPATH=/home/ray/autonomous_robot/install/myamr_mapping/local/lib/python3.10/dist-packages:/home/ray/autonomous_robot/install/myamr_localization/local/lib/python3.10/dist-packages:/home/ray/autonomous_robot/install/myamr_controller/local/lib/python3.10/dist-packages:${PYTHONPATH} /usr/bin/cmake --install /home/ray/autonomous_robot/build/myamr_bringup
[1.654s] Level 1:colcon.colcon_core.environment:checking '/home/ray/autonomous_robot/install/myamr_bringup' for CMake config files
[1.654s] Level 1:colcon.colcon_core.shell:create_environment_hook('myamr_bringup', 'cmake_prefix_path')
[1.655s] INFO:colcon.colcon_core.shell:Creating environment hook '/home/ray/autonomous_robot/install/myamr_bringup/share/myamr_bringup/hook/cmake_prefix_path.ps1'
[1.655s] INFO:colcon.colcon_core.shell:Creating environment descriptor '/home/ray/autonomous_robot/install/myamr_bringup/share/myamr_bringup/hook/cmake_prefix_path.dsv'
[1.655s] INFO:colcon.colcon_core.shell:Creating environment hook '/home/ray/autonomous_robot/install/myamr_bringup/share/myamr_bringup/hook/cmake_prefix_path.sh'
[1.656s] Level 1:colcon.colcon_core.environment:checking '/home/ray/autonomous_robot/install/myamr_bringup/bin'
[1.656s] Level 1:colcon.colcon_core.environment:checking '/home/ray/autonomous_robot/install/myamr_bringup/lib/pkgconfig/myamr_bringup.pc'
[1.656s] Level 1:colcon.colcon_core.environment:checking '/home/ray/autonomous_robot/install/myamr_bringup/lib/python3.10/site-packages'
[1.656s] Level 1:colcon.colcon_core.environment:checking '/home/ray/autonomous_robot/install/myamr_bringup/bin'
[1.657s] INFO:colcon.colcon_core.shell:Creating package script '/home/ray/autonomous_robot/install/myamr_bringup/share/myamr_bringup/package.ps1'
[1.657s] INFO:colcon.colcon_core.shell:Creating package descriptor '/home/ray/autonomous_robot/install/myamr_bringup/share/myamr_bringup/package.dsv'
[1.657s] INFO:colcon.colcon_core.shell:Creating package script '/home/ray/autonomous_robot/install/myamr_bringup/share/myamr_bringup/package.sh'
[1.658s] INFO:colcon.colcon_core.shell:Creating package script '/home/ray/autonomous_robot/install/myamr_bringup/share/myamr_bringup/package.bash'
[1.658s] INFO:colcon.colcon_core.shell:Creating package script '/home/ray/autonomous_robot/install/myamr_bringup/share/myamr_bringup/package.zsh'
[1.658s] Level 1:colcon.colcon_core.environment:create_file_with_runtime_dependencies(/home/ray/autonomous_robot/install/myamr_bringup/share/colcon-core/packages/myamr_bringup)
[1.659s] Level 1:colcon.colcon_core.environment:create_environment_scripts_only(myamr_bringup)
[1.659s] Level 1:colcon.colcon_core.environment:checking '/home/ray/autonomous_robot/install/myamr_bringup' for CMake module files
[1.660s] Level 1:colcon.colcon_core.environment:checking '/home/ray/autonomous_robot/install/myamr_bringup' for CMake config files
[1.660s] Level 1:colcon.colcon_core.shell:create_environment_hook('myamr_bringup', 'cmake_prefix_path')
[1.660s] INFO:colcon.colcon_core.shell:Creating environment hook '/home/ray/autonomous_robot/install/myamr_bringup/share/myamr_bringup/hook/cmake_prefix_path.ps1'
[1.661s] INFO:colcon.colcon_core.shell:Creating environment descriptor '/home/ray/autonomous_robot/install/myamr_bringup/share/myamr_bringup/hook/cmake_prefix_path.dsv'
[1.661s] INFO:colcon.colcon_core.shell:Creating environment hook '/home/ray/autonomous_robot/install/myamr_bringup/share/myamr_bringup/hook/cmake_prefix_path.sh'
[1.661s] Level 1:colcon.colcon_core.environment:checking '/home/ray/autonomous_robot/install/myamr_bringup/bin'
[1.661s] Level 1:colcon.colcon_core.environment:checking '/home/ray/autonomous_robot/install/myamr_bringup/lib/pkgconfig/myamr_bringup.pc'
[1.662s] Level 1:colcon.colcon_core.environment:checking '/home/ray/autonomous_robot/install/myamr_bringup/lib/python3.10/site-packages'
[1.662s] Level 1:colcon.colcon_core.environment:checking '/home/ray/autonomous_robot/install/myamr_bringup/bin'
[1.662s] INFO:colcon.colcon_core.shell:Creating package script '/home/ray/autonomous_robot/install/myamr_bringup/share/myamr_bringup/package.ps1'
[1.663s] INFO:colcon.colcon_core.shell:Creating package descriptor '/home/ray/autonomous_robot/install/myamr_bringup/share/myamr_bringup/package.dsv'
[1.663s] INFO:colcon.colcon_core.shell:Creating package script '/home/ray/autonomous_robot/install/myamr_bringup/share/myamr_bringup/package.sh'
[1.663s] INFO:colcon.colcon_core.shell:Creating package script '/home/ray/autonomous_robot/install/myamr_bringup/share/myamr_bringup/package.bash'
[1.664s] INFO:colcon.colcon_core.shell:Creating package script '/home/ray/autonomous_robot/install/myamr_bringup/share/myamr_bringup/package.zsh'
[1.664s] Level 1:colcon.colcon_core.environment:create_file_with_runtime_dependencies(/home/ray/autonomous_robot/install/myamr_bringup/share/colcon-core/packages/myamr_bringup)
[1.664s] DEBUG:colcon.colcon_parallel_executor.executor.parallel:closing loop
[1.664s] DEBUG:colcon.colcon_parallel_executor.executor.parallel:loop closed
[1.664s] DEBUG:colcon.colcon_parallel_executor.executor.parallel:run_until_complete finished with '0'
[1.665s] DEBUG:colcon.colcon_core.event_reactor:joining thread
[1.668s] INFO:colcon.colcon_core.plugin_system:Skipping extension 'colcon_notification.desktop_notification.terminal_notifier': Not used on non-Darwin systems
[1.668s] INFO:colcon.colcon_core.plugin_system:Skipping extension 'colcon_notification.desktop_notification.win32': Not used on non-Windows systems
[1.668s] INFO:colcon.colcon_notification.desktop_notification:Sending desktop notification using 'notify2'
[1.683s] DEBUG:colcon.colcon_core.event_reactor:joined thread
[1.683s] INFO:colcon.colcon_core.shell:Creating prefix script '/home/ray/autonomous_robot/install/local_setup.ps1'
[1.684s] INFO:colcon.colcon_core.shell:Creating prefix util module '/home/ray/autonomous_robot/install/_local_setup_util_ps1.py'
[1.685s] INFO:colcon.colcon_core.shell:Creating prefix chain script '/home/ray/autonomous_robot/install/setup.ps1'
[1.686s] INFO:colcon.colcon_core.shell:Creating prefix script '/home/ray/autonomous_robot/install/local_setup.sh'
[1.686s] INFO:colcon.colcon_core.shell:Creating prefix util module '/home/ray/autonomous_robot/install/_local_setup_util_sh.py'
[1.687s] INFO:colcon.colcon_core.shell:Creating prefix chain script '/home/ray/autonomous_robot/install/setup.sh'
[1.688s] INFO:colcon.colcon_core.shell:Creating prefix script '/home/ray/autonomous_robot/install/local_setup.bash'
[1.688s] INFO:colcon.colcon_core.shell:Creating prefix chain script '/home/ray/autonomous_robot/install/setup.bash'
[1.689s] INFO:colcon.colcon_core.shell:Creating prefix script '/home/ray/autonomous_robot/install/local_setup.zsh'
[1.690s] INFO:colcon.colcon_core.shell:Creating prefix chain script '/home/ray/autonomous_robot/install/setup.zsh'
