[0.662s] Invoking command in '/home/ray/autonomous_robot/myamr_planning': PYTHONPATH=/home/ray/autonomous_robot/build/myamr_planning/prefix_override:/usr/lib/python3/dist-packages/colcon_core/task/python/colcon_distutils_commands:/home/ray/autonomous_robot/install/myamr_planning/lib/python3.10/site-packages:${PYTHONPATH} /usr/bin/python3 -W ignore:setup.py install is deprecated -W ignore:easy_install command is deprecated setup.py egg_info --egg-base ../build/myamr_planning build --build-base /home/ray/autonomous_robot/build/myamr_planning/build install --record /home/ray/autonomous_robot/build/myamr_planning/install.log --single-version-externally-managed install_data
[0.845s] running egg_info
[0.846s] writing ../build/myamr_planning/myamr_planning.egg-info/PKG-INFO
[0.846s] writing dependency_links to ../build/myamr_planning/myamr_planning.egg-info/dependency_links.txt
[0.846s] writing entry points to ../build/myamr_planning/myamr_planning.egg-info/entry_points.txt
[0.846s] writing requirements to ../build/myamr_planning/myamr_planning.egg-info/requires.txt
[0.846s] writing top-level names to ../build/myamr_planning/myamr_planning.egg-info/top_level.txt
[0.848s] reading manifest file '../build/myamr_planning/myamr_planning.egg-info/SOURCES.txt'
[0.849s] writing manifest file '../build/myamr_planning/myamr_planning.egg-info/SOURCES.txt'
[0.849s] running build
[0.849s] running build_py
[0.849s] running install
[0.850s] running install_lib
[0.851s] running install_data
[0.851s] running install_egg_info
[0.853s] removing '/home/ray/autonomous_robot/install/myamr_planning/lib/python3.10/site-packages/myamr_planning-0.0.0-py3.10.egg-info' (and everything under it)
[0.853s] Copying ../build/myamr_planning/myamr_planning.egg-info to /home/ray/autonomous_robot/install/myamr_planning/lib/python3.10/site-packages/myamr_planning-0.0.0-py3.10.egg-info
[0.853s] running install_scripts
[0.869s] writing list of installed files to '/home/ray/autonomous_robot/build/myamr_planning/install.log'
[0.886s] Invoked command in '/home/ray/autonomous_robot/myamr_planning' returned '0': PYTHONPATH=/home/ray/autonomous_robot/build/myamr_planning/prefix_override:/usr/lib/python3/dist-packages/colcon_core/task/python/colcon_distutils_commands:/home/ray/autonomous_robot/install/myamr_planning/lib/python3.10/site-packages:${PYTHONPATH} /usr/bin/python3 -W ignore:setup.py install is deprecated -W ignore:easy_install command is deprecated setup.py egg_info --egg-base ../build/myamr_planning build --build-base /home/ray/autonomous_robot/build/myamr_planning/build install --record /home/ray/autonomous_robot/build/myamr_planning/install.log --single-version-externally-managed install_data
