[0.290s] Invoking command in '/home/ray/autonomous_robot/build/myrobot_controller': CMAKE_PREFIX_PATH=${CMAKE_PREFIX_PATH}:/home/ray/autonomous_robot/install/myamr_files:/home/ray/autonomous_tb3_ws/install/autonomous_tb3:/home/ray/turtlebot3_ws/install/turtlebot3_teleop:/home/ray/turtlebot3_ws/install/turtlebot3_example:/home/ray/turtlebot3_ws/install/my_robot_test:/home/ray/autonomous_tb3_ws/src/install/autonomous_tb3:/opt/ros/humble /usr/bin/cmake /home/ray/autonomous_robot/src/myrobot_controller -DCMAKE_INSTALL_PREFIX=/home/ray/autonomous_robot/install/myrobot_controller
[0.348s] -- The C compiler identification is GNU 11.4.0
[0.411s] -- The CXX compiler identification is GNU 11.4.0
[0.419s] -- Detecting C compiler ABI info
[0.486s] -- Detecting C compiler ABI info - done
[0.500s] -- Check for working C compiler: /usr/bin/cc - skipped
[0.500s] -- Detecting C compile features
[0.501s] -- Detecting C compile features - done
[0.505s] -- Detecting CXX compiler ABI info
[0.587s] -- Detecting CXX compiler ABI info - done
[0.595s] -- Check for working CXX compiler: /usr/bin/c++ - skipped
[0.595s] -- Detecting CXX compile features
[0.595s] -- Detecting CXX compile features - done
[0.599s] -- Found ament_cmake: 1.3.11 (/opt/ros/humble/share/ament_cmake/cmake)
[0.778s] -- Found Python3: /usr/bin/python3 (found version "3.10.12") found components: Interpreter 
[0.954s] [31mCMake Error at /opt/ros/humble/share/ament_cmake_core/cmake/core/ament_package_xml.cmake:53 (message):
[0.954s]   ament_package_xml() package name 'myrobot_controller' in '/package.xml'
[0.954s]   does not match current PROJECT_NAME 'bumperbot_controller'.  You must call
[0.955s]   project() with the same package name before.
[0.955s] Call Stack (most recent call first):
[0.955s]   /opt/ros/humble/share/ament_cmake_core/cmake/core/ament_package.cmake:63 (ament_package_xml)
[0.955s]   CMakeLists.txt:12 (ament_package)
[0.955s] 
[0.955s] [0m
[0.955s] -- Configuring incomplete, errors occurred!
[0.955s] See also "/home/ray/autonomous_robot/build/myrobot_controller/CMakeFiles/CMakeOutput.log".
[0.960s] Invoked command in '/home/ray/autonomous_robot/build/myrobot_controller' returned '1': CMAKE_PREFIX_PATH=${CMAKE_PREFIX_PATH}:/home/ray/autonomous_robot/install/myamr_files:/home/ray/autonomous_tb3_ws/install/autonomous_tb3:/home/ray/turtlebot3_ws/install/turtlebot3_teleop:/home/ray/turtlebot3_ws/install/turtlebot3_example:/home/ray/turtlebot3_ws/install/my_robot_test:/home/ray/autonomous_tb3_ws/src/install/autonomous_tb3:/opt/ros/humble /usr/bin/cmake /home/ray/autonomous_robot/src/myrobot_controller -DCMAKE_INSTALL_PREFIX=/home/ray/autonomous_robot/install/myrobot_controller
