[0.030s] Invoking command in '/home/ray/Self-Driving-and-ROS-2-Learn-by-Doing-Map-Localization/Section10_SLAM/bumperbot_ws/src/build/bumperbot_localization': CMAKE_PREFIX_PATH=${CMAKE_PREFIX_PATH}:/home/ray/autonomous_tb3_ws/install/autonomous_tb3:/home/ray/turtlebot3_ws/install/turtlebot3_teleop:/home/ray/turtlebot3_ws/install/turtlebot3_example:/home/ray/turtlebot3_ws/install/my_robot_test:/home/ray/autonomous_tb3_ws/src/install/autonomous_tb3:/opt/ros/humble /usr/bin/cmake /home/ray/Self-Driving-and-ROS-2-Learn-by-Doing-Map-Localization/Section10_SLAM/bumperbot_ws/src/bumperbot_localization -DCMAKE_INSTALL_PREFIX=/home/ray/Self-Driving-and-ROS-2-Learn-by-Doing-Map-Localization/Section10_SLAM/bumperbot_ws/src/install/bumperbot_localization
[0.393s] -- The C compiler identification is GNU 11.4.0
[0.393s] -- The CXX compiler identification is GNU 11.4.0
[0.394s] -- Detecting C compiler ABI info
[0.394s] -- Detecting C compiler ABI info - done
[0.394s] -- Check for working C compiler: /usr/bin/cc - skipped
[0.394s] -- Detecting C compile features
[0.394s] -- Detecting C compile features - done
[0.394s] -- Detecting CXX compiler ABI info
[0.394s] -- Detecting CXX compiler ABI info - done
[0.394s] -- Check for working CXX compiler: /usr/bin/c++ - skipped
[0.394s] -- Detecting CXX compile features
[0.394s] -- Detecting CXX compile features - done
[0.394s] -- Found ament_cmake: 1.3.11 (/opt/ros/humble/share/ament_cmake/cmake)
[0.572s] -- Found Python3: /usr/bin/python3 (found version "3.10.12") found components: Interpreter 
[0.731s] -- Found rclcpp: 16.0.12 (/opt/ros/humble/share/rclcpp/cmake)
[0.808s] -- Found rosidl_generator_c: 3.1.6 (/opt/ros/humble/share/rosidl_generator_c/cmake)
[0.819s] -- Found rosidl_adapter: 3.1.6 (/opt/ros/humble/share/rosidl_adapter/cmake)
[0.836s] -- Found rosidl_generator_cpp: 3.1.6 (/opt/ros/humble/share/rosidl_generator_cpp/cmake)
[0.860s] -- Using all available rosidl_typesupport_c: rosidl_typesupport_fastrtps_c;rosidl_typesupport_introspection_c
[0.893s] -- Using all available rosidl_typesupport_cpp: rosidl_typesupport_fastrtps_cpp;rosidl_typesupport_introspection_cpp
[0.980s] -- Found rmw_implementation_cmake: 6.1.2 (/opt/ros/humble/share/rmw_implementation_cmake/cmake)
[0.987s] -- Found rmw_fastrtps_cpp: 6.2.7 (/opt/ros/humble/share/rmw_fastrtps_cpp/cmake)
[1.110s] -- Found OpenSSL: /usr/lib/x86_64-linux-gnu/libcrypto.so (found version "3.0.2")  
[1.157s] -- Found FastRTPS: /opt/ros/humble/include  
[1.226s] -- Using RMW implementation 'rmw_fastrtps_cpp' as default
[1.240s] -- Looking for pthread.h
[1.337s] -- Looking for pthread.h - found
[1.337s] -- Performing Test CMAKE_HAVE_LIBC_PTHREAD
[1.423s] -- Performing Test CMAKE_HAVE_LIBC_PTHREAD - Success
[1.424s] -- Found Threads: TRUE  
[1.496s] -- Found rclpy: 3.3.16 (/opt/ros/humble/share/rclpy/cmake)
[1.500s] -- Found nav_msgs: 4.9.0 (/opt/ros/humble/share/nav_msgs/cmake)
[1.538s] -- Found sensor_msgs: 4.9.0 (/opt/ros/humble/share/sensor_msgs/cmake)
[1.558s] -- Found tf2: 0.25.13 (/opt/ros/humble/share/tf2/cmake)
[1.747s] -- Configuring done
[1.762s] -- Generating done
[1.769s] -- Build files have been written to: /home/ray/Self-Driving-and-ROS-2-Learn-by-Doing-Map-Localization/Section10_SLAM/bumperbot_ws/src/build/bumperbot_localization
[1.778s] Invoked command in '/home/ray/Self-Driving-and-ROS-2-Learn-by-Doing-Map-Localization/Section10_SLAM/bumperbot_ws/src/build/bumperbot_localization' returned '0': CMAKE_PREFIX_PATH=${CMAKE_PREFIX_PATH}:/home/ray/autonomous_tb3_ws/install/autonomous_tb3:/home/ray/turtlebot3_ws/install/turtlebot3_teleop:/home/ray/turtlebot3_ws/install/turtlebot3_example:/home/ray/turtlebot3_ws/install/my_robot_test:/home/ray/autonomous_tb3_ws/src/install/autonomous_tb3:/opt/ros/humble /usr/bin/cmake /home/ray/Self-Driving-and-ROS-2-Learn-by-Doing-Map-Localization/Section10_SLAM/bumperbot_ws/src/bumperbot_localization -DCMAKE_INSTALL_PREFIX=/home/ray/Self-Driving-and-ROS-2-Learn-by-Doing-Map-Localization/Section10_SLAM/bumperbot_ws/src/install/bumperbot_localization
[1.779s] Invoking command in '/home/ray/Self-Driving-and-ROS-2-Learn-by-Doing-Map-Localization/Section10_SLAM/bumperbot_ws/src/build/bumperbot_localization': CMAKE_PREFIX_PATH=${CMAKE_PREFIX_PATH}:/home/ray/autonomous_tb3_ws/install/autonomous_tb3:/home/ray/turtlebot3_ws/install/turtlebot3_teleop:/home/ray/turtlebot3_ws/install/turtlebot3_example:/home/ray/turtlebot3_ws/install/my_robot_test:/home/ray/autonomous_tb3_ws/src/install/autonomous_tb3:/opt/ros/humble /usr/bin/cmake --build /home/ray/Self-Driving-and-ROS-2-Learn-by-Doing-Map-Localization/Section10_SLAM/bumperbot_ws/src/build/bumperbot_localization -- -j8 -l8
[1.833s] [ 33%] [32mBuilding CXX object CMakeFiles/imu_republisher.dir/src/imu_republisher.cpp.o[0m
[1.833s] [ 33%] [32mBuilding CXX object CMakeFiles/kalman_filter.dir/src/kalman_filter.cpp.o[0m
[1.835s] [ 50%] [32mBuilding CXX object CMakeFiles/odometry_motion_model.dir/src/odometry_motion_model.cpp.o[0m
[1.841s] [ 50%] Built target ament_cmake_python_copy_bumperbot_localization
[2.355s] running egg_info
[2.355s] creating bumperbot_localization.egg-info
[2.356s] writing bumperbot_localization.egg-info/PKG-INFO
[2.356s] writing dependency_links to bumperbot_localization.egg-info/dependency_links.txt
[2.356s] writing top-level names to bumperbot_localization.egg-info/top_level.txt
[2.356s] writing manifest file 'bumperbot_localization.egg-info/SOURCES.txt'
[2.363s] reading manifest file 'bumperbot_localization.egg-info/SOURCES.txt'
[2.368s] writing manifest file 'bumperbot_localization.egg-info/SOURCES.txt'
[2.458s] [ 50%] Built target ament_cmake_python_build_bumperbot_localization_egg
[18.685s] [ 66%] [32m[1mLinking CXX executable imu_republisher[0m
[19.446s] [ 66%] Built target imu_republisher
[19.555s] [ 83%] [32m[1mLinking CXX executable odometry_motion_model[0m
[20.193s] [ 83%] Built target odometry_motion_model
[21.410s] [100%] [32m[1mLinking CXX executable kalman_filter[0m
[22.054s] [100%] Built target kalman_filter
[22.067s] Invoked command in '/home/ray/Self-Driving-and-ROS-2-Learn-by-Doing-Map-Localization/Section10_SLAM/bumperbot_ws/src/build/bumperbot_localization' returned '0': CMAKE_PREFIX_PATH=${CMAKE_PREFIX_PATH}:/home/ray/autonomous_tb3_ws/install/autonomous_tb3:/home/ray/turtlebot3_ws/install/turtlebot3_teleop:/home/ray/turtlebot3_ws/install/turtlebot3_example:/home/ray/turtlebot3_ws/install/my_robot_test:/home/ray/autonomous_tb3_ws/src/install/autonomous_tb3:/opt/ros/humble /usr/bin/cmake --build /home/ray/Self-Driving-and-ROS-2-Learn-by-Doing-Map-Localization/Section10_SLAM/bumperbot_ws/src/build/bumperbot_localization -- -j8 -l8
[22.069s] Invoking command in '/home/ray/Self-Driving-and-ROS-2-Learn-by-Doing-Map-Localization/Section10_SLAM/bumperbot_ws/src/build/bumperbot_localization': CMAKE_PREFIX_PATH=${CMAKE_PREFIX_PATH}:/home/ray/autonomous_tb3_ws/install/autonomous_tb3:/home/ray/turtlebot3_ws/install/turtlebot3_teleop:/home/ray/turtlebot3_ws/install/turtlebot3_example:/home/ray/turtlebot3_ws/install/my_robot_test:/home/ray/autonomous_tb3_ws/src/install/autonomous_tb3:/opt/ros/humble /usr/bin/cmake --install /home/ray/Self-Driving-and-ROS-2-Learn-by-Doing-Map-Localization/Section10_SLAM/bumperbot_ws/src/build/bumperbot_localization
[22.078s] -- Install configuration: ""
[22.078s] -- Installing: /home/ray/Self-Driving-and-ROS-2-Learn-by-Doing-Map-Localization/Section10_SLAM/bumperbot_ws/src/install/bumperbot_localization/share/bumperbot_localization/environment/pythonpath.sh
[22.078s] -- Installing: /home/ray/Self-Driving-and-ROS-2-Learn-by-Doing-Map-Localization/Section10_SLAM/bumperbot_ws/src/install/bumperbot_localization/share/bumperbot_localization/environment/pythonpath.dsv
[22.079s] -- Installing: /home/ray/Self-Driving-and-ROS-2-Learn-by-Doing-Map-Localization/Section10_SLAM/bumperbot_ws/src/install/bumperbot_localization/local/lib/python3.10/dist-packages/bumperbot_localization-0.0.0-py3.10.egg-info
[22.079s] -- Installing: /home/ray/Self-Driving-and-ROS-2-Learn-by-Doing-Map-Localization/Section10_SLAM/bumperbot_ws/src/install/bumperbot_localization/local/lib/python3.10/dist-packages/bumperbot_localization-0.0.0-py3.10.egg-info/SOURCES.txt
[22.079s] -- Installing: /home/ray/Self-Driving-and-ROS-2-Learn-by-Doing-Map-Localization/Section10_SLAM/bumperbot_ws/src/install/bumperbot_localization/local/lib/python3.10/dist-packages/bumperbot_localization-0.0.0-py3.10.egg-info/PKG-INFO
[22.079s] -- Installing: /home/ray/Self-Driving-and-ROS-2-Learn-by-Doing-Map-Localization/Section10_SLAM/bumperbot_ws/src/install/bumperbot_localization/local/lib/python3.10/dist-packages/bumperbot_localization-0.0.0-py3.10.egg-info/dependency_links.txt
[22.080s] -- Installing: /home/ray/Self-Driving-and-ROS-2-Learn-by-Doing-Map-Localization/Section10_SLAM/bumperbot_ws/src/install/bumperbot_localization/local/lib/python3.10/dist-packages/bumperbot_localization-0.0.0-py3.10.egg-info/top_level.txt
[22.080s] -- Installing: /home/ray/Self-Driving-and-ROS-2-Learn-by-Doing-Map-Localization/Section10_SLAM/bumperbot_ws/src/install/bumperbot_localization/local/lib/python3.10/dist-packages/bumperbot_localization
[22.080s] -- Installing: /home/ray/Self-Driving-and-ROS-2-Learn-by-Doing-Map-Localization/Section10_SLAM/bumperbot_ws/src/install/bumperbot_localization/local/lib/python3.10/dist-packages/bumperbot_localization/imu_republisher.py
[22.080s] -- Installing: /home/ray/Self-Driving-and-ROS-2-Learn-by-Doing-Map-Localization/Section10_SLAM/bumperbot_ws/src/install/bumperbot_localization/local/lib/python3.10/dist-packages/bumperbot_localization/odometry_motion_model.py
[22.081s] -- Installing: /home/ray/Self-Driving-and-ROS-2-Learn-by-Doing-Map-Localization/Section10_SLAM/bumperbot_ws/src/install/bumperbot_localization/local/lib/python3.10/dist-packages/bumperbot_localization/__init__.py
[22.081s] -- Installing: /home/ray/Self-Driving-and-ROS-2-Learn-by-Doing-Map-Localization/Section10_SLAM/bumperbot_ws/src/install/bumperbot_localization/local/lib/python3.10/dist-packages/bumperbot_localization/kalman_filter.py
[22.124s] Listing '/home/ray/Self-Driving-and-ROS-2-Learn-by-Doing-Map-Localization/Section10_SLAM/bumperbot_ws/src/install/bumperbot_localization/local/lib/python3.10/dist-packages/bumperbot_localization'...
[22.124s] Compiling '/home/ray/Self-Driving-and-ROS-2-Learn-by-Doing-Map-Localization/Section10_SLAM/bumperbot_ws/src/install/bumperbot_localization/local/lib/python3.10/dist-packages/bumperbot_localization/__init__.py'...
[22.124s] Compiling '/home/ray/Self-Driving-and-ROS-2-Learn-by-Doing-Map-Localization/Section10_SLAM/bumperbot_ws/src/install/bumperbot_localization/local/lib/python3.10/dist-packages/bumperbot_localization/imu_republisher.py'...
[22.124s] Compiling '/home/ray/Self-Driving-and-ROS-2-Learn-by-Doing-Map-Localization/Section10_SLAM/bumperbot_ws/src/install/bumperbot_localization/local/lib/python3.10/dist-packages/bumperbot_localization/kalman_filter.py'...
[22.124s] Compiling '/home/ray/Self-Driving-and-ROS-2-Learn-by-Doing-Map-Localization/Section10_SLAM/bumperbot_ws/src/install/bumperbot_localization/local/lib/python3.10/dist-packages/bumperbot_localization/odometry_motion_model.py'...
[22.129s] -- Installing: /home/ray/Self-Driving-and-ROS-2-Learn-by-Doing-Map-Localization/Section10_SLAM/bumperbot_ws/src/install/bumperbot_localization/include/include
[22.129s] -- Installing: /home/ray/Self-Driving-and-ROS-2-Learn-by-Doing-Map-Localization/Section10_SLAM/bumperbot_ws/src/install/bumperbot_localization/include/include/bumperbot_localization
[22.129s] -- Installing: /home/ray/Self-Driving-and-ROS-2-Learn-by-Doing-Map-Localization/Section10_SLAM/bumperbot_ws/src/install/bumperbot_localization/include/include/bumperbot_localization/kalman_filter.hpp
[22.129s] -- Installing: /home/ray/Self-Driving-and-ROS-2-Learn-by-Doing-Map-Localization/Section10_SLAM/bumperbot_ws/src/install/bumperbot_localization/include/include/bumperbot_localization/odometry_motion_model.hpp
[22.130s] -- Installing: /home/ray/Self-Driving-and-ROS-2-Learn-by-Doing-Map-Localization/Section10_SLAM/bumperbot_ws/src/install/bumperbot_localization/bin/odometry_motion_model
[22.134s] -- Set runtime path of "/home/ray/Self-Driving-and-ROS-2-Learn-by-Doing-Map-Localization/Section10_SLAM/bumperbot_ws/src/install/bumperbot_localization/bin/odometry_motion_model" to ""
[22.134s] -- Installing: /home/ray/Self-Driving-and-ROS-2-Learn-by-Doing-Map-Localization/Section10_SLAM/bumperbot_ws/src/install/bumperbot_localization/lib/bumperbot_localization/kalman_filter
[22.139s] -- Set runtime path of "/home/ray/Self-Driving-and-ROS-2-Learn-by-Doing-Map-Localization/Section10_SLAM/bumperbot_ws/src/install/bumperbot_localization/lib/bumperbot_localization/kalman_filter" to ""
[22.139s] -- Installing: /home/ray/Self-Driving-and-ROS-2-Learn-by-Doing-Map-Localization/Section10_SLAM/bumperbot_ws/src/install/bumperbot_localization/lib/bumperbot_localization/imu_republisher
[22.143s] -- Set runtime path of "/home/ray/Self-Driving-and-ROS-2-Learn-by-Doing-Map-Localization/Section10_SLAM/bumperbot_ws/src/install/bumperbot_localization/lib/bumperbot_localization/imu_republisher" to ""
[22.143s] -- Installing: /home/ray/Self-Driving-and-ROS-2-Learn-by-Doing-Map-Localization/Section10_SLAM/bumperbot_ws/src/install/bumperbot_localization/lib/bumperbot_localization/odometry_motion_model
[22.147s] -- Set runtime path of "/home/ray/Self-Driving-and-ROS-2-Learn-by-Doing-Map-Localization/Section10_SLAM/bumperbot_ws/src/install/bumperbot_localization/lib/bumperbot_localization/odometry_motion_model" to ""
[22.147s] -- Installing: /home/ray/Self-Driving-and-ROS-2-Learn-by-Doing-Map-Localization/Section10_SLAM/bumperbot_ws/src/install/bumperbot_localization/share/bumperbot_localization/launch
[22.147s] -- Installing: /home/ray/Self-Driving-and-ROS-2-Learn-by-Doing-Map-Localization/Section10_SLAM/bumperbot_ws/src/install/bumperbot_localization/share/bumperbot_localization/launch/local_localization.launch.py
[22.148s] -- Installing: /home/ray/Self-Driving-and-ROS-2-Learn-by-Doing-Map-Localization/Section10_SLAM/bumperbot_ws/src/install/bumperbot_localization/share/bumperbot_localization/launch/global_localization.launch.py
[22.148s] -- Installing: /home/ray/Self-Driving-and-ROS-2-Learn-by-Doing-Map-Localization/Section10_SLAM/bumperbot_ws/src/install/bumperbot_localization/share/bumperbot_localization/config
[22.148s] -- Installing: /home/ray/Self-Driving-and-ROS-2-Learn-by-Doing-Map-Localization/Section10_SLAM/bumperbot_ws/src/install/bumperbot_localization/share/bumperbot_localization/config/amcl.yaml
[22.148s] -- Installing: /home/ray/Self-Driving-and-ROS-2-Learn-by-Doing-Map-Localization/Section10_SLAM/bumperbot_ws/src/install/bumperbot_localization/share/bumperbot_localization/config/odometry_motion_model.rviz
[22.149s] -- Installing: /home/ray/Self-Driving-and-ROS-2-Learn-by-Doing-Map-Localization/Section10_SLAM/bumperbot_ws/src/install/bumperbot_localization/share/bumperbot_localization/config/ekf.yaml
[22.149s] -- Installing: /home/ray/Self-Driving-and-ROS-2-Learn-by-Doing-Map-Localization/Section10_SLAM/bumperbot_ws/src/install/bumperbot_localization/share/bumperbot_localization/rviz
[22.149s] -- Installing: /home/ray/Self-Driving-and-ROS-2-Learn-by-Doing-Map-Localization/Section10_SLAM/bumperbot_ws/src/install/bumperbot_localization/share/bumperbot_localization/rviz/global_localization.rviz
[22.149s] -- Installing: /home/ray/Self-Driving-and-ROS-2-Learn-by-Doing-Map-Localization/Section10_SLAM/bumperbot_ws/src/install/bumperbot_localization/lib/bumperbot_localization/kalman_filter.py
[22.149s] -- Installing: /home/ray/Self-Driving-and-ROS-2-Learn-by-Doing-Map-Localization/Section10_SLAM/bumperbot_ws/src/install/bumperbot_localization/lib/bumperbot_localization/imu_republisher.py
[22.150s] -- Installing: /home/ray/Self-Driving-and-ROS-2-Learn-by-Doing-Map-Localization/Section10_SLAM/bumperbot_ws/src/install/bumperbot_localization/lib/bumperbot_localization/odometry_motion_model.py
[22.150s] -- Installing: /home/ray/Self-Driving-and-ROS-2-Learn-by-Doing-Map-Localization/Section10_SLAM/bumperbot_ws/src/install/bumperbot_localization/share/ament_index/resource_index/package_run_dependencies/bumperbot_localization
[22.151s] -- Installing: /home/ray/Self-Driving-and-ROS-2-Learn-by-Doing-Map-Localization/Section10_SLAM/bumperbot_ws/src/install/bumperbot_localization/share/ament_index/resource_index/parent_prefix_path/bumperbot_localization
[22.151s] -- Installing: /home/ray/Self-Driving-and-ROS-2-Learn-by-Doing-Map-Localization/Section10_SLAM/bumperbot_ws/src/install/bumperbot_localization/share/bumperbot_localization/environment/ament_prefix_path.sh
[22.151s] -- Installing: /home/ray/Self-Driving-and-ROS-2-Learn-by-Doing-Map-Localization/Section10_SLAM/bumperbot_ws/src/install/bumperbot_localization/share/bumperbot_localization/environment/ament_prefix_path.dsv
[22.151s] -- Installing: /home/ray/Self-Driving-and-ROS-2-Learn-by-Doing-Map-Localization/Section10_SLAM/bumperbot_ws/src/install/bumperbot_localization/share/bumperbot_localization/environment/path.sh
[22.151s] -- Installing: /home/ray/Self-Driving-and-ROS-2-Learn-by-Doing-Map-Localization/Section10_SLAM/bumperbot_ws/src/install/bumperbot_localization/share/bumperbot_localization/environment/path.dsv
[22.152s] -- Installing: /home/ray/Self-Driving-and-ROS-2-Learn-by-Doing-Map-Localization/Section10_SLAM/bumperbot_ws/src/install/bumperbot_localization/share/bumperbot_localization/local_setup.bash
[22.152s] -- Installing: /home/ray/Self-Driving-and-ROS-2-Learn-by-Doing-Map-Localization/Section10_SLAM/bumperbot_ws/src/install/bumperbot_localization/share/bumperbot_localization/local_setup.sh
[22.152s] -- Installing: /home/ray/Self-Driving-and-ROS-2-Learn-by-Doing-Map-Localization/Section10_SLAM/bumperbot_ws/src/install/bumperbot_localization/share/bumperbot_localization/local_setup.zsh
[22.152s] -- Installing: /home/ray/Self-Driving-and-ROS-2-Learn-by-Doing-Map-Localization/Section10_SLAM/bumperbot_ws/src/install/bumperbot_localization/share/bumperbot_localization/local_setup.dsv
[22.153s] -- Installing: /home/ray/Self-Driving-and-ROS-2-Learn-by-Doing-Map-Localization/Section10_SLAM/bumperbot_ws/src/install/bumperbot_localization/share/bumperbot_localization/package.dsv
[22.154s] -- Installing: /home/ray/Self-Driving-and-ROS-2-Learn-by-Doing-Map-Localization/Section10_SLAM/bumperbot_ws/src/install/bumperbot_localization/share/ament_index/resource_index/packages/bumperbot_localization
[22.154s] -- Installing: /home/ray/Self-Driving-and-ROS-2-Learn-by-Doing-Map-Localization/Section10_SLAM/bumperbot_ws/src/install/bumperbot_localization/share/bumperbot_localization/cmake/bumperbot_localizationConfig.cmake
[22.154s] -- Installing: /home/ray/Self-Driving-and-ROS-2-Learn-by-Doing-Map-Localization/Section10_SLAM/bumperbot_ws/src/install/bumperbot_localization/share/bumperbot_localization/cmake/bumperbot_localizationConfig-version.cmake
[22.154s] -- Installing: /home/ray/Self-Driving-and-ROS-2-Learn-by-Doing-Map-Localization/Section10_SLAM/bumperbot_ws/src/install/bumperbot_localization/share/bumperbot_localization/package.xml
[22.157s] Invoked command in '/home/ray/Self-Driving-and-ROS-2-Learn-by-Doing-Map-Localization/Section10_SLAM/bumperbot_ws/src/build/bumperbot_localization' returned '0': CMAKE_PREFIX_PATH=${CMAKE_PREFIX_PATH}:/home/ray/autonomous_tb3_ws/install/autonomous_tb3:/home/ray/turtlebot3_ws/install/turtlebot3_teleop:/home/ray/turtlebot3_ws/install/turtlebot3_example:/home/ray/turtlebot3_ws/install/my_robot_test:/home/ray/autonomous_tb3_ws/src/install/autonomous_tb3:/opt/ros/humble /usr/bin/cmake --install /home/ray/Self-Driving-and-ROS-2-Learn-by-Doing-Map-Localization/Section10_SLAM/bumperbot_ws/src/build/bumperbot_localization
