[31mCMake Error at CMakeLists.txt:20 (add_executable):
  Cannot find source file:

    src/kalman_filter.cpp

  Tried extensions .c .C .c++ .cc .cpp .cxx .cu .mpp .m .M .mm .ixx .cppm .h
  .hh .h++ .hm .hpp .hxx .in .txx .f .F .for .f77 .f90 .f95 .f03 .hip .ispc

[0m
[31mCMake Error at CMakeLists.txt:23 (add_executable):
  Cannot find source file:

    src/imu_republisher.cpp

  Tried extensions .c .C .c++ .cc .cpp .cxx .cu .mpp .m .M .mm .ixx .cppm .h
  .hh .h++ .hm .hpp .hxx .in .txx .f .F .for .f77 .f90 .f95 .f03 .hip .ispc

[0m
[31mCMake Error at CMakeLists.txt:26 (add_executable):
  Cannot find source file:

    src/odometry_motion_model.cpp

  Tried extensions .c .C .c++ .cc .cpp .cxx .cu .mpp .m .M .mm .ixx .cppm .h
  .hh .h++ .hm .hpp .hxx .in .txx .f .F .for .f77 .f90 .f95 .f03 .hip .ispc

[0m
[31mCMake Error at CMakeLists.txt:20 (add_executable):
  No SOURCES given to target: kalman_filter

[0m
[31mCMake Error at CMakeLists.txt:23 (add_executable):
  No SOURCES given to target: imu_republisher

[0m
[31mCMake Error at CMakeLists.txt:26 (add_executable):
  No SOURCES given to target: odometry_motion_model

[0m
[0mCMake Generate step failed.  Build files cannot be regenerated correctly.[0m
