[0.032s] Invoking command in '/home/ray/autonomous_robot/build/myrobot_localization': CMAKE_PREFIX_PATH=${CMAKE_PREFIX_PATH}:/home/ray/autonomous_robot/install/myamr_files:/home/ray/autonomous_tb3_ws/install/autonomous_tb3:/home/ray/turtlebot3_ws/install/turtlebot3_teleop:/home/ray/turtlebot3_ws/install/turtlebot3_example:/home/ray/turtlebot3_ws/install/my_robot_test:/home/ray/autonomous_tb3_ws/src/install/autonomous_tb3:/opt/ros/humble /usr/bin/cmake /home/ray/autonomous_robot/src/myrobot_localization -DCMAKE_INSTALL_PREFIX=/home/ray/autonomous_robot/install/myrobot_localization
[0.052s] -- Found ament_cmake: 1.3.11 (/opt/ros/humble/share/ament_cmake/cmake)
[0.231s] -- Found rclcpp: 16.0.12 (/opt/ros/humble/share/rclcpp/cmake)
[0.274s] -- Found rosidl_generator_c: 3.1.6 (/opt/ros/humble/share/rosidl_generator_c/cmake)
[0.278s] -- Found rosidl_adapter: 3.1.6 (/opt/ros/humble/share/rosidl_adapter/cmake)
[0.287s] -- Found rosidl_generator_cpp: 3.1.6 (/opt/ros/humble/share/rosidl_generator_cpp/cmake)
[0.304s] -- Using all available rosidl_typesupport_c: rosidl_typesupport_fastrtps_c;rosidl_typesupport_introspection_c
[0.326s] -- Using all available rosidl_typesupport_cpp: rosidl_typesupport_fastrtps_cpp;rosidl_typesupport_introspection_cpp
[0.381s] -- Found rmw_implementation_cmake: 6.1.2 (/opt/ros/humble/share/rmw_implementation_cmake/cmake)
[0.384s] -- Found rmw_fastrtps_cpp: 6.2.7 (/opt/ros/humble/share/rmw_fastrtps_cpp/cmake)
[0.551s] -- Using RMW implementation 'rmw_fastrtps_cpp' as default
[0.602s] -- Found rclpy: 3.3.16 (/opt/ros/humble/share/rclpy/cmake)
[0.602s] -- Found nav_msgs: 4.9.0 (/opt/ros/humble/share/nav_msgs/cmake)
[0.630s] -- Found sensor_msgs: 4.9.0 (/opt/ros/humble/share/sensor_msgs/cmake)
[0.646s] -- Found tf2: 0.25.13 (/opt/ros/humble/share/tf2/cmake)
[0.823s] -- Configuring done
[0.827s] [31mCMake Error at CMakeLists.txt:20 (add_executable):
[0.827s]   Cannot find source file:
[0.827s] 
[0.827s]     src/kalman_filter.cpp
[0.827s] 
[0.827s]   Tried extensions .c .C .c++ .cc .cpp .cxx .cu .mpp .m .M .mm .ixx .cppm .h
[0.827s]   .hh .h++ .hm .hpp .hxx .in .txx .f .F .for .f77 .f90 .f95 .f03 .hip .ispc
[0.828s] 
[0.828s] [0m
[0.831s] [31mCMake Error at CMakeLists.txt:23 (add_executable):
[0.831s]   Cannot find source file:
[0.831s] 
[0.831s]     src/imu_republisher.cpp
[0.831s] 
[0.831s]   Tried extensions .c .C .c++ .cc .cpp .cxx .cu .mpp .m .M .mm .ixx .cppm .h
[0.832s]   .hh .h++ .hm .hpp .hxx .in .txx .f .F .for .f77 .f90 .f95 .f03 .hip .ispc
[0.832s] 
[0.832s] [0m
[0.832s] [31mCMake Error at CMakeLists.txt:26 (add_executable):
[0.832s]   Cannot find source file:
[0.832s] 
[0.832s]     src/odometry_motion_model.cpp
[0.832s] 
[0.832s]   Tried extensions .c .C .c++ .cc .cpp .cxx .cu .mpp .m .M .mm .ixx .cppm .h
[0.832s]   .hh .h++ .hm .hpp .hxx .in .txx .f .F .for .f77 .f90 .f95 .f03 .hip .ispc
[0.832s] 
[0.832s] [0m
[0.836s] [31mCMake Error at CMakeLists.txt:20 (add_executable):
[0.836s]   No SOURCES given to target: kalman_filter
[0.836s] 
[0.836s] [0m
[0.836s] [31mCMake Error at CMakeLists.txt:23 (add_executable):
[0.836s]   No SOURCES given to target: imu_republisher
[0.836s] 
[0.836s] [0m
[0.836s] [31mCMake Error at CMakeLists.txt:26 (add_executable):
[0.836s]   No SOURCES given to target: odometry_motion_model
[0.836s] 
[0.837s] [0m
[0.837s] [0mCMake Generate step failed.  Build files cannot be regenerated correctly.[0m
[0.846s] Invoked command in '/home/ray/autonomous_robot/build/myrobot_localization' returned '1': CMAKE_PREFIX_PATH=${CMAKE_PREFIX_PATH}:/home/ray/autonomous_robot/install/myamr_files:/home/ray/autonomous_tb3_ws/install/autonomous_tb3:/home/ray/turtlebot3_ws/install/turtlebot3_teleop:/home/ray/turtlebot3_ws/install/turtlebot3_example:/home/ray/turtlebot3_ws/install/my_robot_test:/home/ray/autonomous_tb3_ws/src/install/autonomous_tb3:/opt/ros/humble /usr/bin/cmake /home/ray/autonomous_robot/src/myrobot_localization -DCMAKE_INSTALL_PREFIX=/home/ray/autonomous_robot/install/myrobot_localization
