[ 25%] [32mBuilding CXX object CMakeFiles/simple_controller.dir/src/simple_controller.cpp.o[0m
[ 25%] Built target ament_cmake_python_copy_myrobot_controller
[01m[Kcc1plus:[m[K [01;31m[Kfatal error: [m[K/home/ray/autonomous_robot/src/myrobot_controller/src/simple_controller.cpp: No such file or directory
compilation terminated.
[ 50%] [32mBuilding CXX object CMakeFiles/noisy_controller.dir/src/noisy_controller.cpp.o[0m
gmake[2]: *** [CMakeFiles/simple_controller.dir/build.make:76: CMakeFiles/simple_controller.dir/src/simple_controller.cpp.o] Error 1
gmake[1]: *** [CMakeFiles/Makefile2:142: CMakeFiles/simple_controller.dir/all] Error 2
gmake[1]: *** Waiting for unfinished jobs....
[01m[Kcc1plus:[m[K [01;31m[Kfatal error: [m[K/home/ray/autonomous_robot/src/myrobot_controller/src/noisy_controller.cpp: No such file or directory
compilation terminated.
gmake[2]: *** [CMakeFiles/noisy_controller.dir/build.make:76: CMakeFiles/noisy_controller.dir/src/noisy_controller.cpp.o] Error 1
gmake[1]: *** [CMakeFiles/Makefile2:168: CMakeFiles/noisy_controller.dir/all] Error 2
running egg_info
writing myrobot_controller.egg-info/PKG-INFO
writing dependency_links to myrobot_controller.egg-info/dependency_links.txt
writing top-level names to myrobot_controller.egg-info/top_level.txt
reading manifest file 'myrobot_controller.egg-info/SOURCES.txt'
writing manifest file 'myrobot_controller.egg-info/SOURCES.txt'
[ 50%] Built target ament_cmake_python_build_myrobot_controller_egg
gmake: *** [Makefile:146: all] Error 2
