[0.305s] Invoking command in '/home/ray/autonomous_robot/build/myrobot_controller': CMAKE_PREFIX_PATH=${CMAKE_PREFIX_PATH}:/home/ray/autonomous_tb3_ws/install/autonomous_tb3:/home/ray/turtlebot3_ws/install/turtlebot3_teleop:/home/ray/turtlebot3_ws/install/turtlebot3_example:/home/ray/turtlebot3_ws/install/my_robot_test:/home/ray/autonomous_tb3_ws/src/install/autonomous_tb3:/opt/ros/humble /usr/bin/cmake --build /home/ray/autonomous_robot/build/myrobot_controller -- -j8 -l8
[0.381s] [ 25%] [32mBuilding CXX object CMakeFiles/simple_controller.dir/src/simple_controller.cpp.o[0m
[0.382s] [ 25%] Built target ament_cmake_python_copy_myrobot_controller
[0.387s] [01m[Kcc1plus:[m[K [01;31m[Kfatal error: [m[K/home/ray/autonomous_robot/src/myrobot_controller/src/simple_controller.cpp: No such file or directory
[0.387s] compilation terminated.
[0.389s] [ 50%] [32mBuilding CXX object CMakeFiles/noisy_controller.dir/src/noisy_controller.cpp.o[0m
[0.389s] gmake[2]: *** [CMakeFiles/simple_controller.dir/build.make:76: CMakeFiles/simple_controller.dir/src/simple_controller.cpp.o] Error 1
[0.389s] gmake[1]: *** [CMakeFiles/Makefile2:142: CMakeFiles/simple_controller.dir/all] Error 2
[0.389s] gmake[1]: *** Waiting for unfinished jobs....
[0.395s] [01m[Kcc1plus:[m[K [01;31m[Kfatal error: [m[K/home/ray/autonomous_robot/src/myrobot_controller/src/noisy_controller.cpp: No such file or directory
[0.395s] compilation terminated.
[0.396s] gmake[2]: *** [CMakeFiles/noisy_controller.dir/build.make:76: CMakeFiles/noisy_controller.dir/src/noisy_controller.cpp.o] Error 1
[0.397s] gmake[1]: *** [CMakeFiles/Makefile2:168: CMakeFiles/noisy_controller.dir/all] Error 2
[0.645s] running egg_info
[0.646s] writing myrobot_controller.egg-info/PKG-INFO
[0.646s] writing dependency_links to myrobot_controller.egg-info/dependency_links.txt
[0.646s] writing top-level names to myrobot_controller.egg-info/top_level.txt
[0.649s] reading manifest file 'myrobot_controller.egg-info/SOURCES.txt'
[0.649s] writing manifest file 'myrobot_controller.egg-info/SOURCES.txt'
[0.674s] [ 50%] Built target ament_cmake_python_build_myrobot_controller_egg
[0.675s] gmake: *** [Makefile:146: all] Error 2
[0.677s] Invoked command in '/home/ray/autonomous_robot/build/myrobot_controller' returned '2': CMAKE_PREFIX_PATH=${CMAKE_PREFIX_PATH}:/home/ray/autonomous_tb3_ws/install/autonomous_tb3:/home/ray/turtlebot3_ws/install/turtlebot3_teleop:/home/ray/turtlebot3_ws/install/turtlebot3_example:/home/ray/turtlebot3_ws/install/my_robot_test:/home/ray/autonomous_tb3_ws/src/install/autonomous_tb3:/opt/ros/humble /usr/bin/cmake --build /home/ray/autonomous_robot/build/myrobot_controller -- -j8 -l8
