[0.625s] Invoking command in '/home/ray/autonomous_tb3_ws/src/autonomous_tb3': PYTHONPATH=/home/ray/autonomous_tb3_ws/build/autonomous_tb3/prefix_override:/usr/lib/python3/dist-packages/colcon_core/task/python/colcon_distutils_commands:/home/ray/autonomous_tb3_ws/install/autonomous_tb3/lib/python3.10/site-packages:${PYTHONPATH} /usr/bin/python3 -W ignore:setup.py install is deprecated -W ignore:easy_install command is deprecated setup.py egg_info --egg-base ../../build/autonomous_tb3 build --build-base /home/ray/autonomous_tb3_ws/build/autonomous_tb3/build install --record /home/ray/autonomous_tb3_ws/build/autonomous_tb3/install.log --single-version-externally-managed install_data
[0.873s] running egg_info
[0.873s] writing ../../build/autonomous_tb3/autonomous_tb3.egg-info/PKG-INFO
[0.873s] writing dependency_links to ../../build/autonomous_tb3/autonomous_tb3.egg-info/dependency_links.txt
[0.873s] writing entry points to ../../build/autonomous_tb3/autonomous_tb3.egg-info/entry_points.txt
[0.873s] writing requirements to ../../build/autonomous_tb3/autonomous_tb3.egg-info/requires.txt
[0.874s] writing top-level names to ../../build/autonomous_tb3/autonomous_tb3.egg-info/top_level.txt
[0.875s] reading manifest file '../../build/autonomous_tb3/autonomous_tb3.egg-info/SOURCES.txt'
[0.876s] writing manifest file '../../build/autonomous_tb3/autonomous_tb3.egg-info/SOURCES.txt'
[0.876s] running build
[0.876s] running build_py
[0.876s] running install
[0.877s] running install_lib
[0.878s] running install_data
[0.878s] creating /home/ray/autonomous_tb3_ws/install/autonomous_tb3/share/autonomous_tb3/launch
[0.878s] copying launch/mapping.launch.py -> /home/ray/autonomous_tb3_ws/install/autonomous_tb3/share/autonomous_tb3/launch
[0.879s] creating /home/ray/autonomous_tb3_ws/install/autonomous_tb3/share/autonomous_tb3/config
[0.879s] copying config/tb3_cartographer.lua -> /home/ray/autonomous_tb3_ws/install/autonomous_tb3/share/autonomous_tb3/config
[0.879s] running install_egg_info
[0.880s] removing '/home/ray/autonomous_tb3_ws/install/autonomous_tb3/lib/python3.10/site-packages/autonomous_tb3-0.0.0-py3.10.egg-info' (and everything under it)
[0.881s] Copying ../../build/autonomous_tb3/autonomous_tb3.egg-info to /home/ray/autonomous_tb3_ws/install/autonomous_tb3/lib/python3.10/site-packages/autonomous_tb3-0.0.0-py3.10.egg-info
[0.881s] running install_scripts
[0.900s] Installing occupancy_grid_pub script to /home/ray/autonomous_tb3_ws/install/autonomous_tb3/lib/autonomous_tb3
[0.900s] writing list of installed files to '/home/ray/autonomous_tb3_ws/build/autonomous_tb3/install.log'
[0.932s] Invoked command in '/home/ray/autonomous_tb3_ws/src/autonomous_tb3' returned '0': PYTHONPATH=/home/ray/autonomous_tb3_ws/build/autonomous_tb3/prefix_override:/usr/lib/python3/dist-packages/colcon_core/task/python/colcon_distutils_commands:/home/ray/autonomous_tb3_ws/install/autonomous_tb3/lib/python3.10/site-packages:${PYTHONPATH} /usr/bin/python3 -W ignore:setup.py install is deprecated -W ignore:easy_install command is deprecated setup.py egg_info --egg-base ../../build/autonomous_tb3 build --build-base /home/ray/autonomous_tb3_ws/build/autonomous_tb3/build install --record /home/ray/autonomous_tb3_ws/build/autonomous_tb3/install.log --single-version-externally-managed install_data
