running egg_info
creating ../build/myamr_planning/myamr_planning.egg-info
writing ../build/myamr_planning/myamr_planning.egg-info/PKG-INFO
writing dependency_links to ../build/myamr_planning/myamr_planning.egg-info/dependency_links.txt
writing entry points to ../build/myamr_planning/myamr_planning.egg-info/entry_points.txt
writing requirements to ../build/myamr_planning/myamr_planning.egg-info/requires.txt
writing top-level names to ../build/myamr_planning/myamr_planning.egg-info/top_level.txt
writing manifest file '../build/myamr_planning/myamr_planning.egg-info/SOURCES.txt'
reading manifest file '../build/myamr_planning/myamr_planning.egg-info/SOURCES.txt'
writing manifest file '../build/myamr_planning/myamr_planning.egg-info/SOURCES.txt'
running build
running build_py
creating /home/ray/autonomous_robot/build/myamr_planning/build
creating /home/ray/autonomous_robot/build/myamr_planning/build/lib
creating /home/ray/autonomous_robot/build/myamr_planning/build/lib/myamr_planning
copying myamr_planning/__init__.py -> /home/ray/autonomous_robot/build/myamr_planning/build/lib/myamr_planning
running install
running install_lib
creating /home/ray/autonomous_robot/install/myamr_planning/lib/python3.10/site-packages/myamr_planning
copying /home/ray/autonomous_robot/build/myamr_planning/build/lib/myamr_planning/__init__.py -> /home/ray/autonomous_robot/install/myamr_planning/lib/python3.10/site-packages/myamr_planning
byte-compiling /home/ray/autonomous_robot/install/myamr_planning/lib/python3.10/site-packages/myamr_planning/__init__.py to __init__.cpython-310.pyc
running install_data
creating /home/ray/autonomous_robot/install/myamr_planning/share/ament_index
creating /home/ray/autonomous_robot/install/myamr_planning/share/ament_index/resource_index
creating /home/ray/autonomous_robot/install/myamr_planning/share/ament_index/resource_index/packages
copying resource/myamr_planning -> /home/ray/autonomous_robot/install/myamr_planning/share/ament_index/resource_index/packages
copying package.xml -> /home/ray/autonomous_robot/install/myamr_planning/share/myamr_planning
running install_egg_info
Copying ../build/myamr_planning/myamr_planning.egg-info to /home/ray/autonomous_robot/install/myamr_planning/lib/python3.10/site-packages/myamr_planning-0.0.0-py3.10.egg-info
running install_scripts
writing list of installed files to '/home/ray/autonomous_robot/build/myamr_planning/install.log'
