[0.305s] Invoking command in '/home/ray/autonomous_robot/build/myrobot_controller': CMAKE_PREFIX_PATH=${CMAKE_PREFIX_PATH}:/home/ray/autonomous_robot/install/myamr_files:/home/ray/autonomous_tb3_ws/install/autonomous_tb3:/home/ray/turtlebot3_ws/install/turtlebot3_teleop:/home/ray/turtlebot3_ws/install/turtlebot3_example:/home/ray/turtlebot3_ws/install/my_robot_test:/home/ray/autonomous_tb3_ws/src/install/autonomous_tb3:/opt/ros/humble /usr/bin/cmake --build /home/ray/autonomous_robot/build/myrobot_controller -- -j8 -l8
[0.353s] [35m[1mConsolidate compiler generated dependencies of target noisy_controller[0m
[0.354s] [35m[1mConsolidate compiler generated dependencies of target simple_controller[0m
[0.375s] [ 50%] Built target noisy_controller
[0.381s] [100%] Built target simple_controller
[0.382s] [100%] Built target ament_cmake_python_copy_myrobot_controller
[0.648s] running egg_info
[0.649s] writing myrobot_controller.egg-info/PKG-INFO
[0.649s] writing dependency_links to myrobot_controller.egg-info/dependency_links.txt
[0.649s] writing top-level names to myrobot_controller.egg-info/top_level.txt
[0.651s] reading manifest file 'myrobot_controller.egg-info/SOURCES.txt'
[0.652s] writing manifest file 'myrobot_controller.egg-info/SOURCES.txt'
[0.676s] [100%] Built target ament_cmake_python_build_myrobot_controller_egg
[0.687s] Invoked command in '/home/ray/autonomous_robot/build/myrobot_controller' returned '0': CMAKE_PREFIX_PATH=${CMAKE_PREFIX_PATH}:/home/ray/autonomous_robot/install/myamr_files:/home/ray/autonomous_tb3_ws/install/autonomous_tb3:/home/ray/turtlebot3_ws/install/turtlebot3_teleop:/home/ray/turtlebot3_ws/install/turtlebot3_example:/home/ray/turtlebot3_ws/install/my_robot_test:/home/ray/autonomous_tb3_ws/src/install/autonomous_tb3:/opt/ros/humble /usr/bin/cmake --build /home/ray/autonomous_robot/build/myrobot_controller -- -j8 -l8
[0.689s] Invoking command in '/home/ray/autonomous_robot/build/myrobot_controller': CMAKE_PREFIX_PATH=${CMAKE_PREFIX_PATH}:/home/ray/autonomous_robot/install/myamr_files:/home/ray/autonomous_tb3_ws/install/autonomous_tb3:/home/ray/turtlebot3_ws/install/turtlebot3_teleop:/home/ray/turtlebot3_ws/install/turtlebot3_example:/home/ray/turtlebot3_ws/install/my_robot_test:/home/ray/autonomous_tb3_ws/src/install/autonomous_tb3:/opt/ros/humble /usr/bin/cmake --install /home/ray/autonomous_robot/build/myrobot_controller
[0.697s] -- Install configuration: ""
[0.697s] -- Up-to-date: /home/ray/autonomous_robot/install/myrobot_controller/share/myrobot_controller/environment/pythonpath.sh
[0.697s] -- Up-to-date: /home/ray/autonomous_robot/install/myrobot_controller/share/myrobot_controller/environment/pythonpath.dsv
[0.697s] -- Up-to-date: /home/ray/autonomous_robot/install/myrobot_controller/local/lib/python3.10/dist-packages/myrobot_controller-0.0.0-py3.10.egg-info
[0.697s] -- Installing: /home/ray/autonomous_robot/install/myrobot_controller/local/lib/python3.10/dist-packages/myrobot_controller-0.0.0-py3.10.egg-info/SOURCES.txt
[0.697s] -- Installing: /home/ray/autonomous_robot/install/myrobot_controller/local/lib/python3.10/dist-packages/myrobot_controller-0.0.0-py3.10.egg-info/PKG-INFO
[0.697s] -- Installing: /home/ray/autonomous_robot/install/myrobot_controller/local/lib/python3.10/dist-packages/myrobot_controller-0.0.0-py3.10.egg-info/dependency_links.txt
[0.698s] -- Installing: /home/ray/autonomous_robot/install/myrobot_controller/local/lib/python3.10/dist-packages/myrobot_controller-0.0.0-py3.10.egg-info/top_level.txt
[0.698s] -- Up-to-date: /home/ray/autonomous_robot/install/myrobot_controller/local/lib/python3.10/dist-packages/myrobot_controller
[0.698s] -- Installing: /home/ray/autonomous_robot/install/myrobot_controller/local/lib/python3.10/dist-packages/myrobot_controller/simple_controller.py
[0.698s] -- Up-to-date: /home/ray/autonomous_robot/install/myrobot_controller/local/lib/python3.10/dist-packages/myrobot_controller/noisy_controller.py
[0.698s] -- Up-to-date: /home/ray/autonomous_robot/install/myrobot_controller/local/lib/python3.10/dist-packages/myrobot_controller/__init__.py
[0.739s] Listing '/home/ray/autonomous_robot/install/myrobot_controller/local/lib/python3.10/dist-packages/myrobot_controller'...
[0.739s] Compiling '/home/ray/autonomous_robot/install/myrobot_controller/local/lib/python3.10/dist-packages/myrobot_controller/simple_controller.py'...
[0.744s] -- Up-to-date: /home/ray/autonomous_robot/install/myrobot_controller/include/include
[0.744s] -- Up-to-date: /home/ray/autonomous_robot/install/myrobot_controller/include/include/bumperbot_controller
[0.744s] -- Up-to-date: /home/ray/autonomous_robot/install/myrobot_controller/include/include/bumperbot_controller/noisy_controller.hpp
[0.745s] -- Up-to-date: /home/ray/autonomous_robot/install/myrobot_controller/include/include/bumperbot_controller/simple_controller.hpp
[0.745s] -- Up-to-date: /home/ray/autonomous_robot/install/myrobot_controller/lib/myrobot_controller/simple_controller
[0.745s] -- Up-to-date: /home/ray/autonomous_robot/install/myrobot_controller/lib/myrobot_controller/noisy_controller
[0.745s] -- Up-to-date: /home/ray/autonomous_robot/install/myrobot_controller/share/myrobot_controller/launch
[0.745s] -- Up-to-date: /home/ray/autonomous_robot/install/myrobot_controller/share/myrobot_controller/launch/joystick_teleop.launch.py
[0.745s] -- Up-to-date: /home/ray/autonomous_robot/install/myrobot_controller/share/myrobot_controller/launch/controller.launch.py
[0.745s] -- Up-to-date: /home/ray/autonomous_robot/install/myrobot_controller/share/myrobot_controller/config
[0.745s] -- Up-to-date: /home/ray/autonomous_robot/install/myrobot_controller/share/myrobot_controller/config/joy_teleop.yaml
[0.745s] -- Up-to-date: /home/ray/autonomous_robot/install/myrobot_controller/share/myrobot_controller/config/joy_config.yaml
[0.746s] -- Up-to-date: /home/ray/autonomous_robot/install/myrobot_controller/share/myrobot_controller/config/bumperbot_controllers.yaml
[0.746s] -- Installing: /home/ray/autonomous_robot/install/myrobot_controller/lib/myrobot_controller/simple_controller.py
[0.746s] -- Up-to-date: /home/ray/autonomous_robot/install/myrobot_controller/lib/myrobot_controller/noisy_controller.py
[0.746s] -- Up-to-date: /home/ray/autonomous_robot/install/myrobot_controller/share/ament_index/resource_index/package_run_dependencies/myrobot_controller
[0.746s] -- Up-to-date: /home/ray/autonomous_robot/install/myrobot_controller/share/ament_index/resource_index/parent_prefix_path/myrobot_controller
[0.746s] -- Up-to-date: /home/ray/autonomous_robot/install/myrobot_controller/share/myrobot_controller/environment/ament_prefix_path.sh
[0.746s] -- Up-to-date: /home/ray/autonomous_robot/install/myrobot_controller/share/myrobot_controller/environment/ament_prefix_path.dsv
[0.746s] -- Up-to-date: /home/ray/autonomous_robot/install/myrobot_controller/share/myrobot_controller/environment/path.sh
[0.746s] -- Up-to-date: /home/ray/autonomous_robot/install/myrobot_controller/share/myrobot_controller/environment/path.dsv
[0.746s] -- Up-to-date: /home/ray/autonomous_robot/install/myrobot_controller/share/myrobot_controller/local_setup.bash
[0.746s] -- Up-to-date: /home/ray/autonomous_robot/install/myrobot_controller/share/myrobot_controller/local_setup.sh
[0.746s] -- Up-to-date: /home/ray/autonomous_robot/install/myrobot_controller/share/myrobot_controller/local_setup.zsh
[0.746s] -- Up-to-date: /home/ray/autonomous_robot/install/myrobot_controller/share/myrobot_controller/local_setup.dsv
[0.746s] -- Installing: /home/ray/autonomous_robot/install/myrobot_controller/share/myrobot_controller/package.dsv
[0.746s] -- Up-to-date: /home/ray/autonomous_robot/install/myrobot_controller/share/ament_index/resource_index/packages/myrobot_controller
[0.747s] -- Up-to-date: /home/ray/autonomous_robot/install/myrobot_controller/share/myrobot_controller/cmake/myrobot_controllerConfig.cmake
[0.747s] -- Up-to-date: /home/ray/autonomous_robot/install/myrobot_controller/share/myrobot_controller/cmake/myrobot_controllerConfig-version.cmake
[0.747s] -- Up-to-date: /home/ray/autonomous_robot/install/myrobot_controller/share/myrobot_controller/package.xml
[0.749s] Invoked command in '/home/ray/autonomous_robot/build/myrobot_controller' returned '0': CMAKE_PREFIX_PATH=${CMAKE_PREFIX_PATH}:/home/ray/autonomous_robot/install/myamr_files:/home/ray/autonomous_tb3_ws/install/autonomous_tb3:/home/ray/turtlebot3_ws/install/turtlebot3_teleop:/home/ray/turtlebot3_ws/install/turtlebot3_example:/home/ray/turtlebot3_ws/install/my_robot_test:/home/ray/autonomous_tb3_ws/src/install/autonomous_tb3:/opt/ros/humble /usr/bin/cmake --install /home/ray/autonomous_robot/build/myrobot_controller
