Built target ament_cmake_python_copy_myrobot_utils
running egg_info
writing myrobot_utils.egg-info/PKG-INFO
writing dependency_links to myrobot_utils.egg-info/dependency_links.txt
writing top-level names to myrobot_utils.egg-info/top_level.txt
reading manifest file 'myrobot_utils.egg-info/SOURCES.txt'
writing manifest file 'myrobot_utils.egg-info/SOURCES.txt'
Built target ament_cmake_python_build_myrobot_utils_egg
-- Install configuration: ""
-- Installing: /home/ray/autonomous_robot/install/myrobot_utils/share/myrobot_utils/environment/pythonpath.sh
-- Installing: /home/ray/autonomous_robot/install/myrobot_utils/share/myrobot_utils/environment/pythonpath.dsv
-- Installing: /home/ray/autonomous_robot/install/myrobot_utils/local/lib/python3.10/dist-packages/myrobot_utils-0.0.0-py3.10.egg-info
-- Installing: /home/ray/autonomous_robot/install/myrobot_utils/local/lib/python3.10/dist-packages/myrobot_utils-0.0.0-py3.10.egg-info/SOURCES.txt
-- Installing: /home/ray/autonomous_robot/install/myrobot_utils/local/lib/python3.10/dist-packages/myrobot_utils-0.0.0-py3.10.egg-info/PKG-INFO
-- Installing: /home/ray/autonomous_robot/install/myrobot_utils/local/lib/python3.10/dist-packages/myrobot_utils-0.0.0-py3.10.egg-info/dependency_links.txt
-- Installing: /home/ray/autonomous_robot/install/myrobot_utils/local/lib/python3.10/dist-packages/myrobot_utils-0.0.0-py3.10.egg-info/top_level.txt
-- Installing: /home/ray/autonomous_robot/install/myrobot_utils/local/lib/python3.10/dist-packages/myrobot_utils
-- Installing: /home/ray/autonomous_robot/install/myrobot_utils/local/lib/python3.10/dist-packages/myrobot_utils/safety_stop.py
-- Installing: /home/ray/autonomous_robot/install/myrobot_utils/local/lib/python3.10/dist-packages/myrobot_utils/__init__.py
Listing '/home/ray/autonomous_robot/install/myrobot_utils/local/lib/python3.10/dist-packages/myrobot_utils'...
Compiling '/home/ray/autonomous_robot/install/myrobot_utils/local/lib/python3.10/dist-packages/myrobot_utils/__init__.py'...
Compiling '/home/ray/autonomous_robot/install/myrobot_utils/local/lib/python3.10/dist-packages/myrobot_utils/safety_stop.py'...
-- Installing: /home/ray/autonomous_robot/install/myrobot_utils/lib/myrobot_utils/safety_stop.py
-- Installing: /home/ray/autonomous_robot/install/myrobot_utils/share/ament_index/resource_index/package_run_dependencies/myrobot_utils
-- Installing: /home/ray/autonomous_robot/install/myrobot_utils/share/ament_index/resource_index/parent_prefix_path/myrobot_utils
-- Installing: /home/ray/autonomous_robot/install/myrobot_utils/share/myrobot_utils/environment/ament_prefix_path.sh
-- Installing: /home/ray/autonomous_robot/install/myrobot_utils/share/myrobot_utils/environment/ament_prefix_path.dsv
-- Installing: /home/ray/autonomous_robot/install/myrobot_utils/share/myrobot_utils/environment/path.sh
-- Installing: /home/ray/autonomous_robot/install/myrobot_utils/share/myrobot_utils/environment/path.dsv
-- Installing: /home/ray/autonomous_robot/install/myrobot_utils/share/myrobot_utils/local_setup.bash
-- Installing: /home/ray/autonomous_robot/install/myrobot_utils/share/myrobot_utils/local_setup.sh
-- Installing: /home/ray/autonomous_robot/install/myrobot_utils/share/myrobot_utils/local_setup.zsh
-- Installing: /home/ray/autonomous_robot/install/myrobot_utils/share/myrobot_utils/local_setup.dsv
-- Installing: /home/ray/autonomous_robot/install/myrobot_utils/share/myrobot_utils/package.dsv
-- Installing: /home/ray/autonomous_robot/install/myrobot_utils/share/ament_index/resource_index/packages/myrobot_utils
-- Installing: /home/ray/autonomous_robot/install/myrobot_utils/share/myrobot_utils/cmake/myrobot_utilsConfig.cmake
-- Installing: /home/ray/autonomous_robot/install/myrobot_utils/share/myrobot_utils/cmake/myrobot_utilsConfig-version.cmake
-- Installing: /home/ray/autonomous_robot/install/myrobot_utils/share/myrobot_utils/package.xml
