[0.428s] Invoking command in '/home/ray/autonomous_tb3_ws/src/autonomous_tb3': PYTHONPATH=/home/ray/autonomous_tb3_ws/src/build/autonomous_tb3/prefix_override:/usr/lib/python3/dist-packages/colcon_core/task/python/colcon_distutils_commands:/home/ray/autonomous_tb3_ws/src/install/autonomous_tb3/lib/python3.10/site-packages:${PYTHONPATH} /usr/bin/python3 -W ignore:setup.py install is deprecated -W ignore:easy_install command is deprecated setup.py egg_info --egg-base ../build/autonomous_tb3 build --build-base /home/ray/autonomous_tb3_ws/src/build/autonomous_tb3/build install --record /home/ray/autonomous_tb3_ws/src/build/autonomous_tb3/install.log --single-version-externally-managed install_data
[0.592s] running egg_info
[0.592s] writing ../build/autonomous_tb3/autonomous_tb3.egg-info/PKG-INFO
[0.592s] writing dependency_links to ../build/autonomous_tb3/autonomous_tb3.egg-info/dependency_links.txt
[0.592s] writing entry points to ../build/autonomous_tb3/autonomous_tb3.egg-info/entry_points.txt
[0.593s] writing requirements to ../build/autonomous_tb3/autonomous_tb3.egg-info/requires.txt
[0.593s] writing top-level names to ../build/autonomous_tb3/autonomous_tb3.egg-info/top_level.txt
[0.594s] reading manifest file '../build/autonomous_tb3/autonomous_tb3.egg-info/SOURCES.txt'
[0.594s] writing manifest file '../build/autonomous_tb3/autonomous_tb3.egg-info/SOURCES.txt'
[0.594s] running build
[0.594s] running build_py
[0.594s] copying autonomous_tb3/occupancy_grid_pub.py -> /home/ray/autonomous_tb3_ws/src/build/autonomous_tb3/build/lib/autonomous_tb3
[0.595s] running install
[0.595s] running install_lib
[0.595s] copying /home/ray/autonomous_tb3_ws/src/build/autonomous_tb3/build/lib/autonomous_tb3/occupancy_grid_pub.py -> /home/ray/autonomous_tb3_ws/src/install/autonomous_tb3/lib/python3.10/site-packages/autonomous_tb3
[0.596s] byte-compiling /home/ray/autonomous_tb3_ws/src/install/autonomous_tb3/lib/python3.10/site-packages/autonomous_tb3/occupancy_grid_pub.py to occupancy_grid_pub.cpython-310.pyc
[0.596s] running install_data
[0.596s] running install_egg_info
[0.598s] removing '/home/ray/autonomous_tb3_ws/src/install/autonomous_tb3/lib/python3.10/site-packages/autonomous_tb3-0.0.0-py3.10.egg-info' (and everything under it)
[0.598s] Copying ../build/autonomous_tb3/autonomous_tb3.egg-info to /home/ray/autonomous_tb3_ws/src/install/autonomous_tb3/lib/python3.10/site-packages/autonomous_tb3-0.0.0-py3.10.egg-info
[0.598s] running install_scripts
[0.614s] Installing occupancy_grid_pub script to /home/ray/autonomous_tb3_ws/src/install/autonomous_tb3/lib/autonomous_tb3
[0.615s] writing list of installed files to '/home/ray/autonomous_tb3_ws/src/build/autonomous_tb3/install.log'
[0.635s] Invoked command in '/home/ray/autonomous_tb3_ws/src/autonomous_tb3' returned '0': PYTHONPATH=/home/ray/autonomous_tb3_ws/src/build/autonomous_tb3/prefix_override:/usr/lib/python3/dist-packages/colcon_core/task/python/colcon_distutils_commands:/home/ray/autonomous_tb3_ws/src/install/autonomous_tb3/lib/python3.10/site-packages:${PYTHONPATH} /usr/bin/python3 -W ignore:setup.py install is deprecated -W ignore:easy_install command is deprecated setup.py egg_info --egg-base ../build/autonomous_tb3 build --build-base /home/ray/autonomous_tb3_ws/src/build/autonomous_tb3/build install --record /home/ray/autonomous_tb3_ws/src/build/autonomous_tb3/install.log --single-version-externally-managed install_data
