running egg_info
creating ../build/myamr_motion/myamr_motion.egg-info
writing ../build/myamr_motion/myamr_motion.egg-info/PKG-INFO
writing dependency_links to ../build/myamr_motion/myamr_motion.egg-info/dependency_links.txt
writing entry points to ../build/myamr_motion/myamr_motion.egg-info/entry_points.txt
writing requirements to ../build/myamr_motion/myamr_motion.egg-info/requires.txt
writing top-level names to ../build/myamr_motion/myamr_motion.egg-info/top_level.txt
writing manifest file '../build/myamr_motion/myamr_motion.egg-info/SOURCES.txt'
reading manifest file '../build/myamr_motion/myamr_motion.egg-info/SOURCES.txt'
writing manifest file '../build/myamr_motion/myamr_motion.egg-info/SOURCES.txt'
running build
running build_py
creating /home/ray/autonomous_robot/build/myamr_motion/build
creating /home/ray/autonomous_robot/build/myamr_motion/build/lib
creating /home/ray/autonomous_robot/build/myamr_motion/build/lib/myamr_motion
copying myamr_motion/__init__.py -> /home/ray/autonomous_robot/build/myamr_motion/build/lib/myamr_motion
running install
running install_lib
creating /home/ray/autonomous_robot/install/myamr_motion/lib/python3.10/site-packages/myamr_motion
copying /home/ray/autonomous_robot/build/myamr_motion/build/lib/myamr_motion/__init__.py -> /home/ray/autonomous_robot/install/myamr_motion/lib/python3.10/site-packages/myamr_motion
byte-compiling /home/ray/autonomous_robot/install/myamr_motion/lib/python3.10/site-packages/myamr_motion/__init__.py to __init__.cpython-310.pyc
running install_data
creating /home/ray/autonomous_robot/install/myamr_motion/share/ament_index
creating /home/ray/autonomous_robot/install/myamr_motion/share/ament_index/resource_index
creating /home/ray/autonomous_robot/install/myamr_motion/share/ament_index/resource_index/packages
copying resource/myamr_motion -> /home/ray/autonomous_robot/install/myamr_motion/share/ament_index/resource_index/packages
copying package.xml -> /home/ray/autonomous_robot/install/myamr_motion/share/myamr_motion
running install_egg_info
Copying ../build/myamr_motion/myamr_motion.egg-info to /home/ray/autonomous_robot/install/myamr_motion/lib/python3.10/site-packages/myamr_motion-0.0.0-py3.10.egg-info
running install_scripts
writing list of installed files to '/home/ray/autonomous_robot/build/myamr_motion/install.log'
