[2.494s] Invoking command in '/home/ray/autonomous_robot/myamr_planning': PYTHONPATH=/home/ray/autonomous_robot/build/myamr_planning/prefix_override:/usr/lib/python3/dist-packages/colcon_core/task/python/colcon_distutils_commands:/home/ray/autonomous_robot/install/myamr_planning/lib/python3.10/site-packages:${PYTHONPATH} /usr/bin/python3 -W ignore:setup.py install is deprecated -W ignore:easy_install command is deprecated setup.py egg_info --egg-base ../build/myamr_planning build --build-base /home/ray/autonomous_robot/build/myamr_planning/build install --record /home/ray/autonomous_robot/build/myamr_planning/install.log --single-version-externally-managed install_data
[3.127s] running egg_info
[3.127s] writing ../build/myamr_planning/myamr_planning.egg-info/PKG-INFO
[3.128s] writing dependency_links to ../build/myamr_planning/myamr_planning.egg-info/dependency_links.txt
[3.130s] writing entry points to ../build/myamr_planning/myamr_planning.egg-info/entry_points.txt
[3.130s] writing requirements to ../build/myamr_planning/myamr_planning.egg-info/requires.txt
[3.130s] writing top-level names to ../build/myamr_planning/myamr_planning.egg-info/top_level.txt
[3.133s] reading manifest file '../build/myamr_planning/myamr_planning.egg-info/SOURCES.txt'
[3.140s] writing manifest file '../build/myamr_planning/myamr_planning.egg-info/SOURCES.txt'
[3.140s] running build
[3.140s] running build_py
[3.140s] running install
[3.141s] running install_lib
[3.146s] running install_data
[3.146s] running install_egg_info
[3.151s] removing '/home/ray/autonomous_robot/install/myamr_planning/lib/python3.10/site-packages/myamr_planning-0.0.0-py3.10.egg-info' (and everything under it)
[3.151s] Copying ../build/myamr_planning/myamr_planning.egg-info to /home/ray/autonomous_robot/install/myamr_planning/lib/python3.10/site-packages/myamr_planning-0.0.0-py3.10.egg-info
[3.153s] running install_scripts
[3.201s] Installing dijkstra_planning script to /home/ray/autonomous_robot/install/myamr_planning/lib/myamr_planning
[3.202s] writing list of installed files to '/home/ray/autonomous_robot/build/myamr_planning/install.log'
[3.279s] Invoked command in '/home/ray/autonomous_robot/myamr_planning' returned '0': PYTHONPATH=/home/ray/autonomous_robot/build/myamr_planning/prefix_override:/usr/lib/python3/dist-packages/colcon_core/task/python/colcon_distutils_commands:/home/ray/autonomous_robot/install/myamr_planning/lib/python3.10/site-packages:${PYTHONPATH} /usr/bin/python3 -W ignore:setup.py install is deprecated -W ignore:easy_install command is deprecated setup.py egg_info --egg-base ../build/myamr_planning build --build-base /home/ray/autonomous_robot/build/myamr_planning/build install --record /home/ray/autonomous_robot/build/myamr_planning/install.log --single-version-externally-managed install_data
