[100%] Built target twist_relay
[100%] Built target ament_cmake_python_copy_myamr_controller
running egg_info
writing myamr_controller.egg-info/PKG-INFO
writing dependency_links to myamr_controller.egg-info/dependency_links.txt
writing top-level names to myamr_controller.egg-info/top_level.txt
reading manifest file 'myamr_controller.egg-info/SOURCES.txt'
writing manifest file 'myamr_controller.egg-info/SOURCES.txt'
[100%] Built target ament_cmake_python_build_myamr_controller_egg
-- Install configuration: ""
-- Up-to-date: /home/ray/autonomous_robot/install/myamr_controller/share/myamr_controller/environment/pythonpath.sh
-- Up-to-date: /home/ray/autonomous_robot/install/myamr_controller/share/myamr_controller/environment/pythonpath.dsv
-- Up-to-date: /home/ray/autonomous_robot/install/myamr_controller/local/lib/python3.10/dist-packages/myamr_controller-0.0.0-py3.10.egg-info
-- Installing: /home/ray/autonomous_robot/install/myamr_controller/local/lib/python3.10/dist-packages/myamr_controller-0.0.0-py3.10.egg-info/SOURCES.txt
-- Installing: /home/ray/autonomous_robot/install/myamr_controller/local/lib/python3.10/dist-packages/myamr_controller-0.0.0-py3.10.egg-info/PKG-INFO
-- Installing: /home/ray/autonomous_robot/install/myamr_controller/local/lib/python3.10/dist-packages/myamr_controller-0.0.0-py3.10.egg-info/dependency_links.txt
-- Installing: /home/ray/autonomous_robot/install/myamr_controller/local/lib/python3.10/dist-packages/myamr_controller-0.0.0-py3.10.egg-info/top_level.txt
-- Up-to-date: /home/ray/autonomous_robot/install/myamr_controller/local/lib/python3.10/dist-packages/myamr_controller
-- Up-to-date: /home/ray/autonomous_robot/install/myamr_controller/local/lib/python3.10/dist-packages/myamr_controller/simple_controller.py
-- Up-to-date: /home/ray/autonomous_robot/install/myamr_controller/local/lib/python3.10/dist-packages/myamr_controller/twist_relay.py
-- Up-to-date: /home/ray/autonomous_robot/install/myamr_controller/local/lib/python3.10/dist-packages/myamr_controller/noisy_controller.py
-- Up-to-date: /home/ray/autonomous_robot/install/myamr_controller/local/lib/python3.10/dist-packages/myamr_controller/__init__.py
Listing '/home/ray/autonomous_robot/install/myamr_controller/local/lib/python3.10/dist-packages/myamr_controller'...
-- Up-to-date: /home/ray/autonomous_robot/install/myamr_controller/include/include
-- Up-to-date: /home/ray/autonomous_robot/install/myamr_controller/include/include/bumperbot_controller
-- Up-to-date: /home/ray/autonomous_robot/install/myamr_controller/include/include/bumperbot_controller/noisy_controller.hpp
-- Up-to-date: /home/ray/autonomous_robot/install/myamr_controller/include/include/bumperbot_controller/simple_controller.hpp
-- Up-to-date: /home/ray/autonomous_robot/install/myamr_controller/lib/myamr_controller/twist_relay
-- Up-to-date: /home/ray/autonomous_robot/install/myamr_controller/share/myamr_controller/launch
-- Up-to-date: /home/ray/autonomous_robot/install/myamr_controller/share/myamr_controller/launch/joystick_teleop.launch.py
-- Up-to-date: /home/ray/autonomous_robot/install/myamr_controller/share/myamr_controller/launch/controller.launch.py
-- Up-to-date: /home/ray/autonomous_robot/install/myamr_controller/share/myamr_controller/config
-- Up-to-date: /home/ray/autonomous_robot/install/myamr_controller/share/myamr_controller/config/joy_teleop.yaml
-- Up-to-date: /home/ray/autonomous_robot/install/myamr_controller/share/myamr_controller/config/joy_config.yaml
-- Up-to-date: /home/ray/autonomous_robot/install/myamr_controller/share/myamr_controller/config/twist_mux_joy.yaml
-- Up-to-date: /home/ray/autonomous_robot/install/myamr_controller/share/myamr_controller/config/myamr_controllers.yaml
-- Up-to-date: /home/ray/autonomous_robot/install/myamr_controller/share/myamr_controller/config/twist_mux_locks.yaml
-- Up-to-date: /home/ray/autonomous_robot/install/myamr_controller/share/myamr_controller/config/twist_mux_topics.yaml
-- Up-to-date: /home/ray/autonomous_robot/install/myamr_controller/lib/myamr_controller/twist_relay.py
-- Up-to-date: /home/ray/autonomous_robot/install/myamr_controller/lib/myamr_controller/noisy_controller.py
-- Up-to-date: /home/ray/autonomous_robot/install/myamr_controller/lib/myamr_controller/simple_controller.py
-- Up-to-date: /home/ray/autonomous_robot/install/myamr_controller/share/ament_index/resource_index/package_run_dependencies/myamr_controller
-- Up-to-date: /home/ray/autonomous_robot/install/myamr_controller/share/ament_index/resource_index/parent_prefix_path/myamr_controller
-- Up-to-date: /home/ray/autonomous_robot/install/myamr_controller/share/myamr_controller/environment/ament_prefix_path.sh
-- Up-to-date: /home/ray/autonomous_robot/install/myamr_controller/share/myamr_controller/environment/ament_prefix_path.dsv
-- Up-to-date: /home/ray/autonomous_robot/install/myamr_controller/share/myamr_controller/environment/path.sh
-- Up-to-date: /home/ray/autonomous_robot/install/myamr_controller/share/myamr_controller/environment/path.dsv
-- Up-to-date: /home/ray/autonomous_robot/install/myamr_controller/share/myamr_controller/local_setup.bash
-- Up-to-date: /home/ray/autonomous_robot/install/myamr_controller/share/myamr_controller/local_setup.sh
-- Up-to-date: /home/ray/autonomous_robot/install/myamr_controller/share/myamr_controller/local_setup.zsh
-- Up-to-date: /home/ray/autonomous_robot/install/myamr_controller/share/myamr_controller/local_setup.dsv
-- Installing: /home/ray/autonomous_robot/install/myamr_controller/share/myamr_controller/package.dsv
-- Up-to-date: /home/ray/autonomous_robot/install/myamr_controller/share/ament_index/resource_index/packages/myamr_controller
-- Up-to-date: /home/ray/autonomous_robot/install/myamr_controller/share/myamr_controller/cmake/myamr_controllerConfig.cmake
-- Up-to-date: /home/ray/autonomous_robot/install/myamr_controller/share/myamr_controller/cmake/myamr_controllerConfig-version.cmake
-- Up-to-date: /home/ray/autonomous_robot/install/myamr_controller/share/myamr_controller/package.xml
