[0.024s] Invoking command in '/home/ray/autonomous_robot/build/bumperbot_controller': CMAKE_PREFIX_PATH=${CMAKE_PREFIX_PATH}:/home/ray/autonomous_robot/install/myamr_files:/home/ray/autonomous_tb3_ws/install/autonomous_tb3:/home/ray/turtlebot3_ws/install/turtlebot3_teleop:/home/ray/turtlebot3_ws/install/turtlebot3_example:/home/ray/turtlebot3_ws/install/my_robot_test:/home/ray/autonomous_tb3_ws/src/install/autonomous_tb3:/opt/ros/humble /usr/bin/cmake /home/ray/autonomous_robot/src/myrobot_controller -DCMAKE_INSTALL_PREFIX=/home/ray/autonomous_robot/install/bumperbot_controller
[0.312s] -- The C compiler identification is GNU 11.4.0
[0.312s] -- The CXX compiler identification is GNU 11.4.0
[0.312s] -- Detecting C compiler ABI info
[0.312s] -- Detecting C compiler ABI info - done
[0.312s] -- Check for working C compiler: /usr/bin/cc - skipped
[0.312s] -- Detecting C compile features
[0.312s] -- Detecting C compile features - done
[0.312s] -- Detecting CXX compiler ABI info
[0.335s] -- Detecting CXX compiler ABI info - done
[0.345s] -- Check for working CXX compiler: /usr/bin/c++ - skipped
[0.345s] -- Detecting CXX compile features
[0.346s] -- Detecting CXX compile features - done
[0.355s] -- Found ament_cmake: 1.3.11 (/opt/ros/humble/share/ament_cmake/cmake)
[0.550s] -- Found Python3: /usr/bin/python3 (found version "3.10.12") found components: Interpreter 
[0.757s] -- Configuring done
[0.760s] -- Generating done
[0.763s] -- Build files have been written to: /home/ray/autonomous_robot/build/bumperbot_controller
[0.769s] Invoked command in '/home/ray/autonomous_robot/build/bumperbot_controller' returned '0': CMAKE_PREFIX_PATH=${CMAKE_PREFIX_PATH}:/home/ray/autonomous_robot/install/myamr_files:/home/ray/autonomous_tb3_ws/install/autonomous_tb3:/home/ray/turtlebot3_ws/install/turtlebot3_teleop:/home/ray/turtlebot3_ws/install/turtlebot3_example:/home/ray/turtlebot3_ws/install/my_robot_test:/home/ray/autonomous_tb3_ws/src/install/autonomous_tb3:/opt/ros/humble /usr/bin/cmake /home/ray/autonomous_robot/src/myrobot_controller -DCMAKE_INSTALL_PREFIX=/home/ray/autonomous_robot/install/bumperbot_controller
[0.771s] Invoking command in '/home/ray/autonomous_robot/build/bumperbot_controller': CMAKE_PREFIX_PATH=${CMAKE_PREFIX_PATH}:/home/ray/autonomous_robot/install/myamr_files:/home/ray/autonomous_tb3_ws/install/autonomous_tb3:/home/ray/turtlebot3_ws/install/turtlebot3_teleop:/home/ray/turtlebot3_ws/install/turtlebot3_example:/home/ray/turtlebot3_ws/install/my_robot_test:/home/ray/autonomous_tb3_ws/src/install/autonomous_tb3:/opt/ros/humble /usr/bin/cmake --build /home/ray/autonomous_robot/build/bumperbot_controller -- -j8 -l8
[0.806s] Invoked command in '/home/ray/autonomous_robot/build/bumperbot_controller' returned '0': CMAKE_PREFIX_PATH=${CMAKE_PREFIX_PATH}:/home/ray/autonomous_robot/install/myamr_files:/home/ray/autonomous_tb3_ws/install/autonomous_tb3:/home/ray/turtlebot3_ws/install/turtlebot3_teleop:/home/ray/turtlebot3_ws/install/turtlebot3_example:/home/ray/turtlebot3_ws/install/my_robot_test:/home/ray/autonomous_tb3_ws/src/install/autonomous_tb3:/opt/ros/humble /usr/bin/cmake --build /home/ray/autonomous_robot/build/bumperbot_controller -- -j8 -l8
[0.808s] Invoking command in '/home/ray/autonomous_robot/build/bumperbot_controller': CMAKE_PREFIX_PATH=${CMAKE_PREFIX_PATH}:/home/ray/autonomous_robot/install/myamr_files:/home/ray/autonomous_tb3_ws/install/autonomous_tb3:/home/ray/turtlebot3_ws/install/turtlebot3_teleop:/home/ray/turtlebot3_ws/install/turtlebot3_example:/home/ray/turtlebot3_ws/install/my_robot_test:/home/ray/autonomous_tb3_ws/src/install/autonomous_tb3:/opt/ros/humble /usr/bin/cmake --install /home/ray/autonomous_robot/build/bumperbot_controller
[0.815s] -- Install configuration: ""
[0.815s] -- Installing: /home/ray/autonomous_robot/install/bumperbot_controller/share/bumperbot_controller/launch
[0.816s] -- Installing: /home/ray/autonomous_robot/install/bumperbot_controller/share/bumperbot_controller/launch/controller.launch.py
[0.816s] -- Installing: /home/ray/autonomous_robot/install/bumperbot_controller/share/bumperbot_controller/config
[0.816s] -- Installing: /home/ray/autonomous_robot/install/bumperbot_controller/share/bumperbot_controller/config/myrobot_controllers.yaml
[0.816s] -- Installing: /home/ray/autonomous_robot/install/bumperbot_controller/share/ament_index/resource_index/package_run_dependencies/bumperbot_controller
[0.816s] -- Installing: /home/ray/autonomous_robot/install/bumperbot_controller/share/ament_index/resource_index/parent_prefix_path/bumperbot_controller
[0.816s] -- Installing: /home/ray/autonomous_robot/install/bumperbot_controller/share/bumperbot_controller/environment/ament_prefix_path.sh
[0.816s] -- Installing: /home/ray/autonomous_robot/install/bumperbot_controller/share/bumperbot_controller/environment/ament_prefix_path.dsv
[0.816s] -- Installing: /home/ray/autonomous_robot/install/bumperbot_controller/share/bumperbot_controller/environment/path.sh
[0.816s] -- Installing: /home/ray/autonomous_robot/install/bumperbot_controller/share/bumperbot_controller/environment/path.dsv
[0.817s] -- Installing: /home/ray/autonomous_robot/install/bumperbot_controller/share/bumperbot_controller/local_setup.bash
[0.817s] -- Installing: /home/ray/autonomous_robot/install/bumperbot_controller/share/bumperbot_controller/local_setup.sh
[0.817s] -- Installing: /home/ray/autonomous_robot/install/bumperbot_controller/share/bumperbot_controller/local_setup.zsh
[0.817s] -- Installing: /home/ray/autonomous_robot/install/bumperbot_controller/share/bumperbot_controller/local_setup.dsv
[0.817s] -- Installing: /home/ray/autonomous_robot/install/bumperbot_controller/share/bumperbot_controller/package.dsv
[0.817s] -- Installing: /home/ray/autonomous_robot/install/bumperbot_controller/share/ament_index/resource_index/packages/bumperbot_controller
[0.817s] -- Installing: /home/ray/autonomous_robot/install/bumperbot_controller/share/bumperbot_controller/cmake/bumperbot_controllerConfig.cmake
[0.817s] -- Installing: /home/ray/autonomous_robot/install/bumperbot_controller/share/bumperbot_controller/cmake/bumperbot_controllerConfig-version.cmake
[0.818s] -- Installing: /home/ray/autonomous_robot/install/bumperbot_controller/share/bumperbot_controller/package.xml
[0.820s] Invoked command in '/home/ray/autonomous_robot/build/bumperbot_controller' returned '0': CMAKE_PREFIX_PATH=${CMAKE_PREFIX_PATH}:/home/ray/autonomous_robot/install/myamr_files:/home/ray/autonomous_tb3_ws/install/autonomous_tb3:/home/ray/turtlebot3_ws/install/turtlebot3_teleop:/home/ray/turtlebot3_ws/install/turtlebot3_example:/home/ray/turtlebot3_ws/install/my_robot_test:/home/ray/autonomous_tb3_ws/src/install/autonomous_tb3:/opt/ros/humble /usr/bin/cmake --install /home/ray/autonomous_robot/build/bumperbot_controller
